CRITICAL - 2022-12-20 00:22:03 --> Too few arguments to function App\Controllers\JurnalUmum::show(), 0 passed in C:\xampp\htdocs\polubi-snack-ci\system\CodeIgniter.php on line 927 and exactly 2 expected
in APPPATH\Controllers\JurnalUmum.php on line 21.
 1 SYSTEMPATH\CodeIgniter.php(927): App\Controllers\JurnalUmum->show()
 2 SYSTEMPATH\CodeIgniter.php(482): CodeIgniter\CodeIgniter->runController(Object(App\Controllers\JurnalUmum))
 3 SYSTEMPATH\CodeIgniter.php(351): CodeIgniter\CodeIgniter->handleRequest(null, Object(Config\Cache), false)
 4 FCPATH\index.php(67): CodeIgniter\CodeIgniter->run()
 5 SYSTEMPATH\Commands\Server\rewrite.php(46): require_once('FCPATH\\index.php')
CRITICAL - 2022-12-20 00:29:35 --> Undefined variable $dataDetailReturPembelian
in APPPATH\Views\laporan\jurnal-umum\show.php on line 3.
 1 APPPATH\Views\laporan\jurnal-umum\show.php(3): CodeIgniter\Debug\Exceptions->errorHandler(2, 'Undefined variable $dataDetailReturPembelian', 'APPPATH\\Views\\laporan\\jurnal-umum\\show.php', 3)
 2 SYSTEMPATH\View\View.php(213): include('APPPATH\\Views\\laporan\\jurnal-umum\\show.php')
 3 SYSTEMPATH\View\View.php(216): CodeIgniter\View\View->CodeIgniter\View\{closure}()
 4 SYSTEMPATH\Common.php(1134): CodeIgniter\View\View->render('laporan/jurnal-umum/show', [], true)
 5 APPPATH\Controllers\JurnalUmum.php(32): view('laporan/jurnal-umum/show', [...])
 6 SYSTEMPATH\CodeIgniter.php(927): App\Controllers\JurnalUmum->show('2022', '01,Januari')
 7 SYSTEMPATH\CodeIgniter.php(482): CodeIgniter\CodeIgniter->runController(Object(App\Controllers\JurnalUmum))
 8 SYSTEMPATH\CodeIgniter.php(351): CodeIgniter\CodeIgniter->handleRequest(null, Object(Config\Cache), false)
 9 FCPATH\index.php(67): CodeIgniter\CodeIgniter->run()
10 SYSTEMPATH\Commands\Server\rewrite.php(46): require_once('FCPATH\\index.php')
CRITICAL - 2022-12-20 00:29:37 --> Undefined variable $dataDetailReturPembelian
in APPPATH\Views\laporan\jurnal-umum\show.php on line 3.
 1 APPPATH\Views\laporan\jurnal-umum\show.php(3): CodeIgniter\Debug\Exceptions->errorHandler(2, 'Undefined variable $dataDetailReturPembelian', 'APPPATH\\Views\\laporan\\jurnal-umum\\show.php', 3)
 2 SYSTEMPATH\View\View.php(213): include('APPPATH\\Views\\laporan\\jurnal-umum\\show.php')
 3 SYSTEMPATH\View\View.php(216): CodeIgniter\View\View->CodeIgniter\View\{closure}()
 4 SYSTEMPATH\Common.php(1134): CodeIgniter\View\View->render('laporan/jurnal-umum/show', [], true)
 5 APPPATH\Controllers\JurnalUmum.php(32): view('laporan/jurnal-umum/show', [...])
 6 SYSTEMPATH\CodeIgniter.php(927): App\Controllers\JurnalUmum->show('2022', '01,Januari')
 7 SYSTEMPATH\CodeIgniter.php(482): CodeIgniter\CodeIgniter->runController(Object(App\Controllers\JurnalUmum))
 8 SYSTEMPATH\CodeIgniter.php(351): CodeIgniter\CodeIgniter->handleRequest(null, Object(Config\Cache), false)
 9 FCPATH\index.php(67): CodeIgniter\CodeIgniter->run()
10 SYSTEMPATH\Commands\Server\rewrite.php(46): require_once('FCPATH\\index.php')
CRITICAL - 2022-12-20 00:30:28 --> Undefined variable $dataDetailReturPembelian
in APPPATH\Views\laporan\jurnal-umum\show.php on line 3.
 1 APPPATH\Views\laporan\jurnal-umum\show.php(3): CodeIgniter\Debug\Exceptions->errorHandler(2, 'Undefined variable $dataDetailReturPembelian', 'APPPATH\\Views\\laporan\\jurnal-umum\\show.php', 3)
 2 SYSTEMPATH\View\View.php(213): include('APPPATH\\Views\\laporan\\jurnal-umum\\show.php')
 3 SYSTEMPATH\View\View.php(216): CodeIgniter\View\View->CodeIgniter\View\{closure}()
 4 SYSTEMPATH\Common.php(1134): CodeIgniter\View\View->render('laporan/jurnal-umum/show', [], true)
 5 APPPATH\Controllers\JurnalUmum.php(32): view('laporan/jurnal-umum/show', [...])
 6 SYSTEMPATH\CodeIgniter.php(927): App\Controllers\JurnalUmum->show('2022', '01,Januari')
 7 SYSTEMPATH\CodeIgniter.php(482): CodeIgniter\CodeIgniter->runController(Object(App\Controllers\JurnalUmum))
 8 SYSTEMPATH\CodeIgniter.php(351): CodeIgniter\CodeIgniter->handleRequest(null, Object(Config\Cache), false)
 9 FCPATH\index.php(67): CodeIgniter\CodeIgniter->run()
10 SYSTEMPATH\Commands\Server\rewrite.php(46): require_once('FCPATH\\index.php')
CRITICAL - 2022-12-20 00:32:16 --> Undefined variable $dataDetailReturPembelian
in APPPATH\Views\laporan\jurnal-umum\show.php on line 3.
 1 APPPATH\Views\laporan\jurnal-umum\show.php(3): CodeIgniter\Debug\Exceptions->errorHandler(2, 'Undefined variable $dataDetailReturPembelian', 'APPPATH\\Views\\laporan\\jurnal-umum\\show.php', 3)
 2 SYSTEMPATH\View\View.php(213): include('APPPATH\\Views\\laporan\\jurnal-umum\\show.php')
 3 SYSTEMPATH\View\View.php(216): CodeIgniter\View\View->CodeIgniter\View\{closure}()
 4 SYSTEMPATH\Common.php(1134): CodeIgniter\View\View->render('laporan/jurnal-umum/show', [], true)
 5 APPPATH\Controllers\JurnalUmum.php(32): view('laporan/jurnal-umum/show', [...])
 6 SYSTEMPATH\CodeIgniter.php(927): App\Controllers\JurnalUmum->show('2022', '01,Januari')
 7 SYSTEMPATH\CodeIgniter.php(482): CodeIgniter\CodeIgniter->runController(Object(App\Controllers\JurnalUmum))
 8 SYSTEMPATH\CodeIgniter.php(351): CodeIgniter\CodeIgniter->handleRequest(null, Object(Config\Cache), false)
 9 FCPATH\index.php(67): CodeIgniter\CodeIgniter->run()
10 SYSTEMPATH\Commands\Server\rewrite.php(46): require_once('FCPATH\\index.php')
CRITICAL - 2022-12-20 00:33:14 --> Undefined variable $dataDetailReturPembelian
in APPPATH\Views\laporan\jurnal-umum\show.php on line 3.
 1 APPPATH\Views\laporan\jurnal-umum\show.php(3): CodeIgniter\Debug\Exceptions->errorHandler(2, 'Undefined variable $dataDetailReturPembelian', 'APPPATH\\Views\\laporan\\jurnal-umum\\show.php', 3)
 2 SYSTEMPATH\View\View.php(213): include('APPPATH\\Views\\laporan\\jurnal-umum\\show.php')
 3 SYSTEMPATH\View\View.php(216): CodeIgniter\View\View->CodeIgniter\View\{closure}()
 4 SYSTEMPATH\Common.php(1134): CodeIgniter\View\View->render('laporan/jurnal-umum/show', [], true)
 5 APPPATH\Controllers\JurnalUmum.php(32): view('laporan/jurnal-umum/show', [...])
 6 SYSTEMPATH\CodeIgniter.php(927): App\Controllers\JurnalUmum->show('2022', '12')
 7 SYSTEMPATH\CodeIgniter.php(482): CodeIgniter\CodeIgniter->runController(Object(App\Controllers\JurnalUmum))
 8 SYSTEMPATH\CodeIgniter.php(351): CodeIgniter\CodeIgniter->handleRequest(null, Object(Config\Cache), false)
 9 FCPATH\index.php(67): CodeIgniter\CodeIgniter->run()
10 SYSTEMPATH\Commands\Server\rewrite.php(46): require_once('FCPATH\\index.php')
CRITICAL - 2022-12-20 00:33:31 --> Undefined variable $dataDetailReturPembelian
in APPPATH\Views\laporan\jurnal-umum\show.php on line 3.
 1 APPPATH\Views\laporan\jurnal-umum\show.php(3): CodeIgniter\Debug\Exceptions->errorHandler(2, 'Undefined variable $dataDetailReturPembelian', 'APPPATH\\Views\\laporan\\jurnal-umum\\show.php', 3)
 2 SYSTEMPATH\View\View.php(213): include('APPPATH\\Views\\laporan\\jurnal-umum\\show.php')
 3 SYSTEMPATH\View\View.php(216): CodeIgniter\View\View->CodeIgniter\View\{closure}()
 4 SYSTEMPATH\Common.php(1134): CodeIgniter\View\View->render('laporan/jurnal-umum/show', [], true)
 5 APPPATH\Controllers\JurnalUmum.php(32): view('laporan/jurnal-umum/show', [...])
 6 SYSTEMPATH\CodeIgniter.php(927): App\Controllers\JurnalUmum->show('2022', '01,Januari')
 7 SYSTEMPATH\CodeIgniter.php(482): CodeIgniter\CodeIgniter->runController(Object(App\Controllers\JurnalUmum))
 8 SYSTEMPATH\CodeIgniter.php(351): CodeIgniter\CodeIgniter->handleRequest(null, Object(Config\Cache), false)
 9 FCPATH\index.php(67): CodeIgniter\CodeIgniter->run()
10 SYSTEMPATH\Commands\Server\rewrite.php(46): require_once('FCPATH\\index.php')
CRITICAL - 2022-12-20 00:34:45 --> Undefined variable $dataDetailReturPembelian
in APPPATH\Views\laporan\jurnal-umum\show.php on line 3.
 1 APPPATH\Views\laporan\jurnal-umum\show.php(3): CodeIgniter\Debug\Exceptions->errorHandler(2, 'Undefined variable $dataDetailReturPembelian', 'APPPATH\\Views\\laporan\\jurnal-umum\\show.php', 3)
 2 SYSTEMPATH\View\View.php(213): include('APPPATH\\Views\\laporan\\jurnal-umum\\show.php')
 3 SYSTEMPATH\View\View.php(216): CodeIgniter\View\View->CodeIgniter\View\{closure}()
 4 SYSTEMPATH\Common.php(1134): CodeIgniter\View\View->render('laporan/jurnal-umum/show', [], true)
 5 APPPATH\Controllers\JurnalUmum.php(32): view('laporan/jurnal-umum/show', [...])
 6 SYSTEMPATH\CodeIgniter.php(927): App\Controllers\JurnalUmum->show('2022', '01,Januari')
 7 SYSTEMPATH\CodeIgniter.php(482): CodeIgniter\CodeIgniter->runController(Object(App\Controllers\JurnalUmum))
 8 SYSTEMPATH\CodeIgniter.php(351): CodeIgniter\CodeIgniter->handleRequest(null, Object(Config\Cache), false)
 9 FCPATH\index.php(67): CodeIgniter\CodeIgniter->run()
10 SYSTEMPATH\Commands\Server\rewrite.php(46): require_once('FCPATH\\index.php')
CRITICAL - 2022-12-20 00:35:26 --> Undefined variable $dataDetailReturPembelian
in APPPATH\Views\laporan\jurnal-umum\show.php on line 3.
 1 APPPATH\Views\laporan\jurnal-umum\show.php(3): CodeIgniter\Debug\Exceptions->errorHandler(2, 'Undefined variable $dataDetailReturPembelian', 'APPPATH\\Views\\laporan\\jurnal-umum\\show.php', 3)
 2 SYSTEMPATH\View\View.php(213): include('APPPATH\\Views\\laporan\\jurnal-umum\\show.php')
 3 SYSTEMPATH\View\View.php(216): CodeIgniter\View\View->CodeIgniter\View\{closure}()
 4 SYSTEMPATH\Common.php(1134): CodeIgniter\View\View->render('laporan/jurnal-umum/show', [], true)
 5 APPPATH\Controllers\JurnalUmum.php(32): view('laporan/jurnal-umum/show', [...])
 6 SYSTEMPATH\CodeIgniter.php(927): App\Controllers\JurnalUmum->show('2022', '01,Januari')
 7 SYSTEMPATH\CodeIgniter.php(482): CodeIgniter\CodeIgniter->runController(Object(App\Controllers\JurnalUmum))
 8 SYSTEMPATH\CodeIgniter.php(351): CodeIgniter\CodeIgniter->handleRequest(null, Object(Config\Cache), false)
 9 FCPATH\index.php(67): CodeIgniter\CodeIgniter->run()
10 SYSTEMPATH\Commands\Server\rewrite.php(46): require_once('FCPATH\\index.php')
CRITICAL - 2022-12-20 00:38:43 --> Undefined variable $dataDetailReturPembelian
in APPPATH\Views\laporan\jurnal-umum\show.php on line 3.
 1 APPPATH\Views\laporan\jurnal-umum\show.php(3): CodeIgniter\Debug\Exceptions->errorHandler(2, 'Undefined variable $dataDetailReturPembelian', 'APPPATH\\Views\\laporan\\jurnal-umum\\show.php', 3)
 2 SYSTEMPATH\View\View.php(213): include('APPPATH\\Views\\laporan\\jurnal-umum\\show.php')
 3 SYSTEMPATH\View\View.php(216): CodeIgniter\View\View->CodeIgniter\View\{closure}()
 4 SYSTEMPATH\Common.php(1134): CodeIgniter\View\View->render('laporan/jurnal-umum/show', [], true)
 5 APPPATH\Controllers\JurnalUmum.php(32): view('laporan/jurnal-umum/show', [...])
 6 SYSTEMPATH\CodeIgniter.php(927): App\Controllers\JurnalUmum->show('2022', '01,Januari')
 7 SYSTEMPATH\CodeIgniter.php(482): CodeIgniter\CodeIgniter->runController(Object(App\Controllers\JurnalUmum))
 8 SYSTEMPATH\CodeIgniter.php(351): CodeIgniter\CodeIgniter->handleRequest(null, Object(Config\Cache), false)
 9 FCPATH\index.php(67): CodeIgniter\CodeIgniter->run()
10 SYSTEMPATH\Commands\Server\rewrite.php(46): require_once('FCPATH\\index.php')
CRITICAL - 2022-12-20 00:38:56 --> Undefined variable $dataDetailReturPembelian
in APPPATH\Views\laporan\jurnal-umum\show.php on line 3.
 1 APPPATH\Views\laporan\jurnal-umum\show.php(3): CodeIgniter\Debug\Exceptions->errorHandler(2, 'Undefined variable $dataDetailReturPembelian', 'APPPATH\\Views\\laporan\\jurnal-umum\\show.php', 3)
 2 SYSTEMPATH\View\View.php(213): include('APPPATH\\Views\\laporan\\jurnal-umum\\show.php')
 3 SYSTEMPATH\View\View.php(216): CodeIgniter\View\View->CodeIgniter\View\{closure}()
 4 SYSTEMPATH\Common.php(1134): CodeIgniter\View\View->render('laporan/jurnal-umum/show', [], true)
 5 APPPATH\Controllers\JurnalUmum.php(32): view('laporan/jurnal-umum/show', [...])
 6 SYSTEMPATH\CodeIgniter.php(927): App\Controllers\JurnalUmum->show('2022', '01,Januari')
 7 SYSTEMPATH\CodeIgniter.php(482): CodeIgniter\CodeIgniter->runController(Object(App\Controllers\JurnalUmum))
 8 SYSTEMPATH\CodeIgniter.php(351): CodeIgniter\CodeIgniter->handleRequest(null, Object(Config\Cache), false)
 9 FCPATH\index.php(67): CodeIgniter\CodeIgniter->run()
10 SYSTEMPATH\Commands\Server\rewrite.php(46): require_once('FCPATH\\index.php')
CRITICAL - 2022-12-20 00:40:18 --> Undefined variable $dataDetailReturPembelian
in APPPATH\Views\laporan\jurnal-umum\show.php on line 3.
 1 APPPATH\Views\laporan\jurnal-umum\show.php(3): CodeIgniter\Debug\Exceptions->errorHandler(2, 'Undefined variable $dataDetailReturPembelian', 'APPPATH\\Views\\laporan\\jurnal-umum\\show.php', 3)
 2 SYSTEMPATH\View\View.php(213): include('APPPATH\\Views\\laporan\\jurnal-umum\\show.php')
 3 SYSTEMPATH\View\View.php(216): CodeIgniter\View\View->CodeIgniter\View\{closure}()
 4 SYSTEMPATH\Common.php(1134): CodeIgniter\View\View->render('laporan/jurnal-umum/show', [], true)
 5 APPPATH\Controllers\JurnalUmum.php(32): view('laporan/jurnal-umum/show', [...])
 6 SYSTEMPATH\CodeIgniter.php(927): App\Controllers\JurnalUmum->show()
 7 SYSTEMPATH\CodeIgniter.php(482): CodeIgniter\CodeIgniter->runController(Object(App\Controllers\JurnalUmum))
 8 SYSTEMPATH\CodeIgniter.php(351): CodeIgniter\CodeIgniter->handleRequest(null, Object(Config\Cache), false)
 9 FCPATH\index.php(67): CodeIgniter\CodeIgniter->run()
10 SYSTEMPATH\Commands\Server\rewrite.php(46): require_once('FCPATH\\index.php')
CRITICAL - 2022-12-20 00:42:35 --> Undefined variable $dataDetailReturPembelian
in APPPATH\Views\laporan\jurnal-umum\show.php on line 3.
 1 APPPATH\Views\laporan\jurnal-umum\show.php(3): CodeIgniter\Debug\Exceptions->errorHandler(2, 'Undefined variable $dataDetailReturPembelian', 'APPPATH\\Views\\laporan\\jurnal-umum\\show.php', 3)
 2 SYSTEMPATH\View\View.php(213): include('APPPATH\\Views\\laporan\\jurnal-umum\\show.php')
 3 SYSTEMPATH\View\View.php(216): CodeIgniter\View\View->CodeIgniter\View\{closure}()
 4 SYSTEMPATH\Common.php(1134): CodeIgniter\View\View->render('laporan/jurnal-umum/show', [], true)
 5 APPPATH\Controllers\JurnalUmum.php(32): view('laporan/jurnal-umum/show', [...])
 6 SYSTEMPATH\CodeIgniter.php(927): App\Controllers\JurnalUmum->show('2022', '01,Januari')
 7 SYSTEMPATH\CodeIgniter.php(482): CodeIgniter\CodeIgniter->runController(Object(App\Controllers\JurnalUmum))
 8 SYSTEMPATH\CodeIgniter.php(351): CodeIgniter\CodeIgniter->handleRequest(null, Object(Config\Cache), false)
 9 FCPATH\index.php(67): CodeIgniter\CodeIgniter->run()
10 SYSTEMPATH\Commands\Server\rewrite.php(46): require_once('FCPATH\\index.php')
CRITICAL - 2022-12-20 00:43:37 --> Undefined variable $dataDetailReturPembelian
in APPPATH\Views\laporan\jurnal-umum\show.php on line 3.
 1 APPPATH\Views\laporan\jurnal-umum\show.php(3): CodeIgniter\Debug\Exceptions->errorHandler(2, 'Undefined variable $dataDetailReturPembelian', 'APPPATH\\Views\\laporan\\jurnal-umum\\show.php', 3)
 2 SYSTEMPATH\View\View.php(213): include('APPPATH\\Views\\laporan\\jurnal-umum\\show.php')
 3 SYSTEMPATH\View\View.php(216): CodeIgniter\View\View->CodeIgniter\View\{closure}()
 4 SYSTEMPATH\Common.php(1134): CodeIgniter\View\View->render('laporan/jurnal-umum/show', [], true)
 5 APPPATH\Controllers\JurnalUmum.php(32): view('laporan/jurnal-umum/show', [...])
 6 SYSTEMPATH\CodeIgniter.php(927): App\Controllers\JurnalUmum->show('2022', '01,Januari')
 7 SYSTEMPATH\CodeIgniter.php(482): CodeIgniter\CodeIgniter->runController(Object(App\Controllers\JurnalUmum))
 8 SYSTEMPATH\CodeIgniter.php(351): CodeIgniter\CodeIgniter->handleRequest(null, Object(Config\Cache), false)
 9 FCPATH\index.php(67): CodeIgniter\CodeIgniter->run()
10 SYSTEMPATH\Commands\Server\rewrite.php(46): require_once('FCPATH\\index.php')
CRITICAL - 2022-12-20 00:43:57 --> Undefined variable $dataDetailReturPembelian
in APPPATH\Views\laporan\jurnal-umum\show.php on line 3.
 1 APPPATH\Views\laporan\jurnal-umum\show.php(3): CodeIgniter\Debug\Exceptions->errorHandler(2, 'Undefined variable $dataDetailReturPembelian', 'APPPATH\\Views\\laporan\\jurnal-umum\\show.php', 3)
 2 SYSTEMPATH\View\View.php(213): include('APPPATH\\Views\\laporan\\jurnal-umum\\show.php')
 3 SYSTEMPATH\View\View.php(216): CodeIgniter\View\View->CodeIgniter\View\{closure}()
 4 SYSTEMPATH\Common.php(1134): CodeIgniter\View\View->render('laporan/jurnal-umum/show', [], true)
 5 APPPATH\Controllers\JurnalUmum.php(32): view('laporan/jurnal-umum/show', [...])
 6 SYSTEMPATH\CodeIgniter.php(927): App\Controllers\JurnalUmum->show('2022', '01,Januari')
 7 SYSTEMPATH\CodeIgniter.php(482): CodeIgniter\CodeIgniter->runController(Object(App\Controllers\JurnalUmum))
 8 SYSTEMPATH\CodeIgniter.php(351): CodeIgniter\CodeIgniter->handleRequest(null, Object(Config\Cache), false)
 9 FCPATH\index.php(67): CodeIgniter\CodeIgniter->run()
10 SYSTEMPATH\Commands\Server\rewrite.php(46): require_once('FCPATH\\index.php')
CRITICAL - 2022-12-20 00:44:15 --> Undefined variable $dataDetailReturPembelian
in APPPATH\Views\laporan\jurnal-umum\show.php on line 3.
 1 APPPATH\Views\laporan\jurnal-umum\show.php(3): CodeIgniter\Debug\Exceptions->errorHandler(2, 'Undefined variable $dataDetailReturPembelian', 'APPPATH\\Views\\laporan\\jurnal-umum\\show.php', 3)
 2 SYSTEMPATH\View\View.php(213): include('APPPATH\\Views\\laporan\\jurnal-umum\\show.php')
 3 SYSTEMPATH\View\View.php(216): CodeIgniter\View\View->CodeIgniter\View\{closure}()
 4 SYSTEMPATH\Common.php(1134): CodeIgniter\View\View->render('laporan/jurnal-umum/show', [], true)
 5 APPPATH\Controllers\JurnalUmum.php(32): view('laporan/jurnal-umum/show', [...])
 6 SYSTEMPATH\CodeIgniter.php(927): App\Controllers\JurnalUmum->show('2022', '01,Januari')
 7 SYSTEMPATH\CodeIgniter.php(482): CodeIgniter\CodeIgniter->runController(Object(App\Controllers\JurnalUmum))
 8 SYSTEMPATH\CodeIgniter.php(351): CodeIgniter\CodeIgniter->handleRequest(null, Object(Config\Cache), false)
 9 FCPATH\index.php(67): CodeIgniter\CodeIgniter->run()
10 SYSTEMPATH\Commands\Server\rewrite.php(46): require_once('FCPATH\\index.php')
CRITICAL - 2022-12-20 00:45:33 --> Undefined variable $dataDetailReturPembelian
in APPPATH\Views\laporan\jurnal-umum\show.php on line 3.
 1 APPPATH\Views\laporan\jurnal-umum\show.php(3): CodeIgniter\Debug\Exceptions->errorHandler(2, 'Undefined variable $dataDetailReturPembelian', 'APPPATH\\Views\\laporan\\jurnal-umum\\show.php', 3)
 2 SYSTEMPATH\View\View.php(213): include('APPPATH\\Views\\laporan\\jurnal-umum\\show.php')
 3 SYSTEMPATH\View\View.php(216): CodeIgniter\View\View->CodeIgniter\View\{closure}()
 4 SYSTEMPATH\Common.php(1134): CodeIgniter\View\View->render('laporan/jurnal-umum/show', [], true)
 5 APPPATH\Controllers\JurnalUmum.php(32): view('laporan/jurnal-umum/show', [...])
 6 SYSTEMPATH\CodeIgniter.php(927): App\Controllers\JurnalUmum->show('2022', '01')
 7 SYSTEMPATH\CodeIgniter.php(482): CodeIgniter\CodeIgniter->runController(Object(App\Controllers\JurnalUmum))
 8 SYSTEMPATH\CodeIgniter.php(351): CodeIgniter\CodeIgniter->handleRequest(null, Object(Config\Cache), false)
 9 FCPATH\index.php(67): CodeIgniter\CodeIgniter->run()
10 SYSTEMPATH\Commands\Server\rewrite.php(46): require_once('FCPATH\\index.php')
CRITICAL - 2022-12-20 00:47:35 --> Undefined variable $dataDetailReturPembelian
in APPPATH\Views\laporan\jurnal-umum\show.php on line 3.
 1 APPPATH\Views\laporan\jurnal-umum\show.php(3): CodeIgniter\Debug\Exceptions->errorHandler(2, 'Undefined variable $dataDetailReturPembelian', 'APPPATH\\Views\\laporan\\jurnal-umum\\show.php', 3)
 2 SYSTEMPATH\View\View.php(213): include('APPPATH\\Views\\laporan\\jurnal-umum\\show.php')
 3 SYSTEMPATH\View\View.php(216): CodeIgniter\View\View->CodeIgniter\View\{closure}()
 4 SYSTEMPATH\Common.php(1134): CodeIgniter\View\View->render('laporan/jurnal-umum/show', [], true)
 5 APPPATH\Controllers\JurnalUmum.php(33): view('laporan/jurnal-umum/show', [...])
 6 SYSTEMPATH\CodeIgniter.php(927): App\Controllers\JurnalUmum->show('2022', '01')
 7 SYSTEMPATH\CodeIgniter.php(482): CodeIgniter\CodeIgniter->runController(Object(App\Controllers\JurnalUmum))
 8 SYSTEMPATH\CodeIgniter.php(351): CodeIgniter\CodeIgniter->handleRequest(null, Object(Config\Cache), false)
 9 FCPATH\index.php(67): CodeIgniter\CodeIgniter->run()
10 SYSTEMPATH\Commands\Server\rewrite.php(46): require_once('FCPATH\\index.php')
CRITICAL - 2022-12-20 00:51:44 --> Undefined variable $dataDetailReturPembelian
in APPPATH\Views\laporan\jurnal-umum\show.php on line 3.
 1 APPPATH\Views\laporan\jurnal-umum\show.php(3): CodeIgniter\Debug\Exceptions->errorHandler(2, 'Undefined variable $dataDetailReturPembelian', 'APPPATH\\Views\\laporan\\jurnal-umum\\show.php', 3)
 2 SYSTEMPATH\View\View.php(213): include('APPPATH\\Views\\laporan\\jurnal-umum\\show.php')
 3 SYSTEMPATH\View\View.php(216): CodeIgniter\View\View->CodeIgniter\View\{closure}()
 4 SYSTEMPATH\Common.php(1134): CodeIgniter\View\View->render('laporan/jurnal-umum/show', [], true)
 5 APPPATH\Controllers\JurnalUmum.php(33): view('laporan/jurnal-umum/show', [...])
 6 SYSTEMPATH\CodeIgniter.php(927): App\Controllers\JurnalUmum->show('2022', '01')
 7 SYSTEMPATH\CodeIgniter.php(482): CodeIgniter\CodeIgniter->runController(Object(App\Controllers\JurnalUmum))
 8 SYSTEMPATH\CodeIgniter.php(351): CodeIgniter\CodeIgniter->handleRequest(null, Object(Config\Cache), false)
 9 FCPATH\index.php(67): CodeIgniter\CodeIgniter->run()
10 SYSTEMPATH\Commands\Server\rewrite.php(46): require_once('FCPATH\\index.php')
CRITICAL - 2022-12-20 00:54:21 --> Undefined variable $dataDetailReturPembelian
in APPPATH\Views\laporan\jurnal-umum\show.php on line 3.
 1 APPPATH\Views\laporan\jurnal-umum\show.php(3): CodeIgniter\Debug\Exceptions->errorHandler(2, 'Undefined variable $dataDetailReturPembelian', 'APPPATH\\Views\\laporan\\jurnal-umum\\show.php', 3)
 2 SYSTEMPATH\View\View.php(213): include('APPPATH\\Views\\laporan\\jurnal-umum\\show.php')
 3 SYSTEMPATH\View\View.php(216): CodeIgniter\View\View->CodeIgniter\View\{closure}()
 4 SYSTEMPATH\Common.php(1134): CodeIgniter\View\View->render('laporan/jurnal-umum/show', [], true)
 5 APPPATH\Controllers\JurnalUmum.php(51): view('laporan/jurnal-umum/show', [...])
 6 SYSTEMPATH\CodeIgniter.php(927): App\Controllers\JurnalUmum->adam('2022', '01')
 7 SYSTEMPATH\CodeIgniter.php(482): CodeIgniter\CodeIgniter->runController(Object(App\Controllers\JurnalUmum))
 8 SYSTEMPATH\CodeIgniter.php(351): CodeIgniter\CodeIgniter->handleRequest(null, Object(Config\Cache), false)
 9 FCPATH\index.php(67): CodeIgniter\CodeIgniter->run()
10 SYSTEMPATH\Commands\Server\rewrite.php(46): require_once('FCPATH\\index.php')
CRITICAL - 2022-12-20 00:56:03 --> Undefined variable $dataDetailReturPembelian
in APPPATH\Views\laporan\jurnal-umum\show.php on line 3.
 1 APPPATH\Views\laporan\jurnal-umum\show.php(3): CodeIgniter\Debug\Exceptions->errorHandler(2, 'Undefined variable $dataDetailReturPembelian', 'APPPATH\\Views\\laporan\\jurnal-umum\\show.php', 3)
 2 SYSTEMPATH\View\View.php(213): include('APPPATH\\Views\\laporan\\jurnal-umum\\show.php')
 3 SYSTEMPATH\View\View.php(216): CodeIgniter\View\View->CodeIgniter\View\{closure}()
 4 SYSTEMPATH\Common.php(1134): CodeIgniter\View\View->render('laporan/jurnal-umum/show', [], true)
 5 APPPATH\Controllers\JurnalUmum.php(33): view('laporan/jurnal-umum/show', [...])
 6 SYSTEMPATH\CodeIgniter.php(927): App\Controllers\JurnalUmum->show('2022', '01')
 7 SYSTEMPATH\CodeIgniter.php(482): CodeIgniter\CodeIgniter->runController(Object(App\Controllers\JurnalUmum))
 8 SYSTEMPATH\CodeIgniter.php(351): CodeIgniter\CodeIgniter->handleRequest(null, Object(Config\Cache), false)
 9 FCPATH\index.php(67): CodeIgniter\CodeIgniter->run()
10 SYSTEMPATH\Commands\Server\rewrite.php(46): require_once('FCPATH\\index.php')
CRITICAL - 2022-12-20 01:26:42 --> Undefined variable $dataDetailReturPembelian
in APPPATH\Views\laporan\jurnal-umum\show.php on line 3.
 1 APPPATH\Views\laporan\jurnal-umum\show.php(3): CodeIgniter\Debug\Exceptions->errorHandler(2, 'Undefined variable $dataDetailReturPembelian', 'APPPATH\\Views\\laporan\\jurnal-umum\\show.php', 3)
 2 SYSTEMPATH\View\View.php(213): include('APPPATH\\Views\\laporan\\jurnal-umum\\show.php')
 3 SYSTEMPATH\View\View.php(216): CodeIgniter\View\View->CodeIgniter\View\{closure}()
 4 SYSTEMPATH\Common.php(1134): CodeIgniter\View\View->render('laporan/jurnal-umum/show', [], true)
 5 APPPATH\Controllers\JurnalUmum.php(33): view('laporan/jurnal-umum/show', [...])
 6 SYSTEMPATH\CodeIgniter.php(927): App\Controllers\JurnalUmum->show('2022', '01')
 7 SYSTEMPATH\CodeIgniter.php(482): CodeIgniter\CodeIgniter->runController(Object(App\Controllers\JurnalUmum))
 8 SYSTEMPATH\CodeIgniter.php(351): CodeIgniter\CodeIgniter->handleRequest(null, Object(Config\Cache), false)
 9 FCPATH\index.php(67): CodeIgniter\CodeIgniter->run()
10 SYSTEMPATH\Commands\Server\rewrite.php(46): require_once('FCPATH\\index.php')
CRITICAL - 2022-12-20 01:29:06 --> Undefined variable $dataDetailReturPembelian
in APPPATH\Views\laporan\jurnal-umum\show.php on line 3.
 1 APPPATH\Views\laporan\jurnal-umum\show.php(3): CodeIgniter\Debug\Exceptions->errorHandler(2, 'Undefined variable $dataDetailReturPembelian', 'APPPATH\\Views\\laporan\\jurnal-umum\\show.php', 3)
 2 SYSTEMPATH\View\View.php(213): include('APPPATH\\Views\\laporan\\jurnal-umum\\show.php')
 3 SYSTEMPATH\View\View.php(216): CodeIgniter\View\View->CodeIgniter\View\{closure}()
 4 SYSTEMPATH\Common.php(1134): CodeIgniter\View\View->render('laporan/jurnal-umum/show', [], true)
 5 APPPATH\Controllers\JurnalUmum.php(33): view('laporan/jurnal-umum/show', [...])
 6 SYSTEMPATH\CodeIgniter.php(927): App\Controllers\JurnalUmum->show('2022', '01')
 7 SYSTEMPATH\CodeIgniter.php(482): CodeIgniter\CodeIgniter->runController(Object(App\Controllers\JurnalUmum))
 8 SYSTEMPATH\CodeIgniter.php(351): CodeIgniter\CodeIgniter->handleRequest(null, Object(Config\Cache), false)
 9 FCPATH\index.php(67): CodeIgniter\CodeIgniter->run()
10 SYSTEMPATH\Commands\Server\rewrite.php(46): require_once('FCPATH\\index.php')
CRITICAL - 2022-12-20 01:29:40 --> Undefined variable $dataDetailReturPembelian
in APPPATH\Views\laporan\jurnal-umum\show.php on line 3.
 1 APPPATH\Views\laporan\jurnal-umum\show.php(3): CodeIgniter\Debug\Exceptions->errorHandler(2, 'Undefined variable $dataDetailReturPembelian', 'APPPATH\\Views\\laporan\\jurnal-umum\\show.php', 3)
 2 SYSTEMPATH\View\View.php(213): include('APPPATH\\Views\\laporan\\jurnal-umum\\show.php')
 3 SYSTEMPATH\View\View.php(216): CodeIgniter\View\View->CodeIgniter\View\{closure}()
 4 SYSTEMPATH\Common.php(1134): CodeIgniter\View\View->render('laporan/jurnal-umum/show', [], true)
 5 APPPATH\Controllers\JurnalUmum.php(33): view('laporan/jurnal-umum/show', [...])
 6 SYSTEMPATH\CodeIgniter.php(927): App\Controllers\JurnalUmum->show('2022', '01')
 7 SYSTEMPATH\CodeIgniter.php(482): CodeIgniter\CodeIgniter->runController(Object(App\Controllers\JurnalUmum))
 8 SYSTEMPATH\CodeIgniter.php(351): CodeIgniter\CodeIgniter->handleRequest(null, Object(Config\Cache), false)
 9 FCPATH\index.php(67): CodeIgniter\CodeIgniter->run()
10 SYSTEMPATH\Commands\Server\rewrite.php(46): require_once('FCPATH\\index.php')
CRITICAL - 2022-12-20 02:03:12 --> Undefined variable $totalReturPembelian
in APPPATH\Views\laporan\jurnal-umum\show.php on line 16.
 1 APPPATH\Views\laporan\jurnal-umum\show.php(16): CodeIgniter\Debug\Exceptions->errorHandler(2, 'Undefined variable $totalReturPembelian', 'APPPATH\\Views\\laporan\\jurnal-umum\\show.php', 16)
 2 SYSTEMPATH\View\View.php(213): include('APPPATH\\Views\\laporan\\jurnal-umum\\show.php')
 3 SYSTEMPATH\View\View.php(216): CodeIgniter\View\View->CodeIgniter\View\{closure}()
 4 SYSTEMPATH\Common.php(1134): CodeIgniter\View\View->render('laporan/jurnal-umum/show', [], true)
 5 APPPATH\Controllers\JurnalUmum.php(33): view('laporan/jurnal-umum/show', [...])
 6 SYSTEMPATH\CodeIgniter.php(927): App\Controllers\JurnalUmum->show('2022', '01')
 7 SYSTEMPATH\CodeIgniter.php(482): CodeIgniter\CodeIgniter->runController(Object(App\Controllers\JurnalUmum))
 8 SYSTEMPATH\CodeIgniter.php(351): CodeIgniter\CodeIgniter->handleRequest(null, Object(Config\Cache), false)
 9 FCPATH\index.php(67): CodeIgniter\CodeIgniter->run()
10 SYSTEMPATH\Commands\Server\rewrite.php(46): require_once('FCPATH\\index.php')
CRITICAL - 2022-12-20 02:08:06 --> Call to a member function getResult() on string
in APPPATH\Views\laporan\jurnal-umum\show.php on line 3.
 1 SYSTEMPATH\View\View.php(213): include()
 2 SYSTEMPATH\View\View.php(216): CodeIgniter\View\View->CodeIgniter\View\{closure}()
 3 SYSTEMPATH\Common.php(1134): CodeIgniter\View\View->render('laporan/jurnal-umum/show', [], true)
 4 APPPATH\Controllers\JurnalUmum.php(33): view('laporan/jurnal-umum/show', [...])
 5 SYSTEMPATH\CodeIgniter.php(927): App\Controllers\JurnalUmum->show('2022', '01')
 6 SYSTEMPATH\CodeIgniter.php(482): CodeIgniter\CodeIgniter->runController(Object(App\Controllers\JurnalUmum))
 7 SYSTEMPATH\CodeIgniter.php(351): CodeIgniter\CodeIgniter->handleRequest(null, Object(Config\Cache), false)
 8 FCPATH\index.php(67): CodeIgniter\CodeIgniter->run()
 9 SYSTEMPATH\Commands\Server\rewrite.php(46): require_once('FCPATH\\index.php')
CRITICAL - 2022-12-20 02:12:46 --> Undefined variable $noTransaksiReturPembelian
in APPPATH\Models\JurnalUmumModel.php on line 37.
 1 APPPATH\Models\JurnalUmumModel.php(37): CodeIgniter\Debug\Exceptions->errorHandler(2, 'Undefined variable $noTransaksiReturPembelian', 'APPPATH\\Models\\JurnalUmumModel.php', 37)
 2 APPPATH\Controllers\JurnalUmum.php(24): App\Models\JurnalUmumModel->showJurnalUmum('2022', '01')
 3 SYSTEMPATH\CodeIgniter.php(927): App\Controllers\JurnalUmum->show('2022', '01')
 4 SYSTEMPATH\CodeIgniter.php(482): CodeIgniter\CodeIgniter->runController(Object(App\Controllers\JurnalUmum))
 5 SYSTEMPATH\CodeIgniter.php(351): CodeIgniter\CodeIgniter->handleRequest(null, Object(Config\Cache), false)
 6 FCPATH\index.php(67): CodeIgniter\CodeIgniter->run()
 7 SYSTEMPATH\Commands\Server\rewrite.php(46): require_once('FCPATH\\index.php')
CRITICAL - 2022-12-20 02:17:08 --> Undefined property: stdClass::$nama_akun
in APPPATH\Views\laporan\jurnal-umum\show.php on line 4.
 1 APPPATH\Views\laporan\jurnal-umum\show.php(4): CodeIgniter\Debug\Exceptions->errorHandler(2, 'Undefined property: stdClass::$nama_akun', 'APPPATH\\Views\\laporan\\jurnal-umum\\show.php', 4)
 2 SYSTEMPATH\View\View.php(213): include('APPPATH\\Views\\laporan\\jurnal-umum\\show.php')
 3 SYSTEMPATH\View\View.php(216): CodeIgniter\View\View->CodeIgniter\View\{closure}()
 4 SYSTEMPATH\Common.php(1134): CodeIgniter\View\View->render('laporan/jurnal-umum/show', [], true)
 5 APPPATH\Controllers\JurnalUmum.php(32): view('laporan/jurnal-umum/show', [...])
 6 SYSTEMPATH\CodeIgniter.php(927): App\Controllers\JurnalUmum->show('2022', '01')
 7 SYSTEMPATH\CodeIgniter.php(482): CodeIgniter\CodeIgniter->runController(Object(App\Controllers\JurnalUmum))
 8 SYSTEMPATH\CodeIgniter.php(351): CodeIgniter\CodeIgniter->handleRequest(null, Object(Config\Cache), false)
 9 FCPATH\index.php(67): CodeIgniter\CodeIgniter->run()
10 SYSTEMPATH\Commands\Server\rewrite.php(46): require_once('FCPATH\\index.php')
CRITICAL - 2022-12-20 02:17:12 --> Undefined property: stdClass::$nama_akun
in APPPATH\Views\laporan\jurnal-umum\show.php on line 4.
 1 APPPATH\Views\laporan\jurnal-umum\show.php(4): CodeIgniter\Debug\Exceptions->errorHandler(2, 'Undefined property: stdClass::$nama_akun', 'APPPATH\\Views\\laporan\\jurnal-umum\\show.php', 4)
 2 SYSTEMPATH\View\View.php(213): include('APPPATH\\Views\\laporan\\jurnal-umum\\show.php')
 3 SYSTEMPATH\View\View.php(216): CodeIgniter\View\View->CodeIgniter\View\{closure}()
 4 SYSTEMPATH\Common.php(1134): CodeIgniter\View\View->render('laporan/jurnal-umum/show', [], true)
 5 APPPATH\Controllers\JurnalUmum.php(32): view('laporan/jurnal-umum/show', [...])
 6 SYSTEMPATH\CodeIgniter.php(927): App\Controllers\JurnalUmum->show('2022', '01')
 7 SYSTEMPATH\CodeIgniter.php(482): CodeIgniter\CodeIgniter->runController(Object(App\Controllers\JurnalUmum))
 8 SYSTEMPATH\CodeIgniter.php(351): CodeIgniter\CodeIgniter->handleRequest(null, Object(Config\Cache), false)
 9 FCPATH\index.php(67): CodeIgniter\CodeIgniter->run()
10 SYSTEMPATH\Commands\Server\rewrite.php(46): require_once('FCPATH\\index.php')
CRITICAL - 2022-12-20 02:18:53 --> Call to undefined method CodeIgniter\Database\MySQLi\Result::get()
in APPPATH\Models\JurnalUmumModel.php on line 21.
 1 APPPATH\Controllers\JurnalUmum.php(24): App\Models\JurnalUmumModel->showJurnalUmum('2022', '01')
 2 SYSTEMPATH\CodeIgniter.php(927): App\Controllers\JurnalUmum->show('2022', '01')
 3 SYSTEMPATH\CodeIgniter.php(482): CodeIgniter\CodeIgniter->runController(Object(App\Controllers\JurnalUmum))
 4 SYSTEMPATH\CodeIgniter.php(351): CodeIgniter\CodeIgniter->handleRequest(null, Object(Config\Cache), false)
 5 FCPATH\index.php(67): CodeIgniter\CodeIgniter->run()
 6 SYSTEMPATH\Commands\Server\rewrite.php(46): require_once('FCPATH\\index.php')
