ERROR - 2023-01-06 10:36:40 --> mysqli_sql_exception: MySQL server has gone away in C:\xampp\htdocs\polubi-snack-ci\system\Database\MySQLi\Connection.php:292
Stack trace:
#0 C:\xampp\htdocs\polubi-snack-ci\system\Database\MySQLi\Connection.php(292): mysqli->query('SELECT *\nFROM `...', 0)
#1 C:\xampp\htdocs\polubi-snack-ci\system\Database\BaseConnection.php(666): CodeIgniter\Database\MySQLi\Connection->execute('SELECT *\nFROM `...')
#2 C:\xampp\htdocs\polubi-snack-ci\system\Database\BaseConnection.php(593): CodeIgniter\Database\BaseConnection->simpleQuery('SELECT *\nFROM `...')
#3 C:\xampp\htdocs\polubi-snack-ci\system\Database\BaseBuilder.php(1585): CodeIgniter\Database\BaseConnection->query('SELECT *\nFROM `...', Array, false)
#4 C:\xampp\htdocs\polubi-snack-ci\app\Models\PenggunaModel.php(17): CodeIgniter\Database\BaseBuilder->get()
#5 C:\xampp\htdocs\polubi-snack-ci\app\Controllers\Login.php(61): App\Models\PenggunaModel->login('adam@gmail.com')
#6 C:\xampp\htdocs\polubi-snack-ci\system\CodeIgniter.php(927): App\Controllers\Login->login()
#7 C:\xampp\htdocs\polubi-snack-ci\system\CodeIgniter.php(482): CodeIgniter\CodeIgniter->runController(Object(App\Controllers\Login))
#8 C:\xampp\htdocs\polubi-snack-ci\system\CodeIgniter.php(351): CodeIgniter\CodeIgniter->handleRequest(NULL, Object(Config\Cache), false)
#9 C:\xampp\htdocs\polubi-snack-ci\public\index.php(67): CodeIgniter\CodeIgniter->run()
#10 C:\xampp\htdocs\polubi-snack-ci\system\Commands\Server\rewrite.php(46): require_once('C:\\xampp\\htdocs...')
#11 {main}
CRITICAL - 2023-01-06 10:36:40 --> MySQL server has gone away
in SYSTEMPATH\Database\MySQLi\Connection.php on line 292.
 1 SYSTEMPATH\Database\MySQLi\Connection.php(292): mysqli->query('SELECT *
FROM `pengguna`
JOIN `perusahaan` ON `perusahaan`.`id_perusahaan` = `pengguna`.`id_perusahaan`
JOIN `tipe_pengguna` ON `tipe_pengguna`.`id_tipe_pengguna` = `pengguna`.`id_tipe_pengguna`
WHERE `pengguna`.`email_pengguna` = \'adam@gmail.com\'', 0)
 2 SYSTEMPATH\Database\BaseConnection.php(666): CodeIgniter\Database\MySQLi\Connection->execute('SELECT *
FROM `pengguna`
JOIN `perusahaan` ON `perusahaan`.`id_perusahaan` = `pengguna`.`id_perusahaan`
JOIN `tipe_pengguna` ON `tipe_pengguna`.`id_tipe_pengguna` = `pengguna`.`id_tipe_pengguna`
WHERE `pengguna`.`email_pengguna` = \'adam@gmail.com\'')
 3 SYSTEMPATH\Database\BaseConnection.php(593): CodeIgniter\Database\BaseConnection->simpleQuery('SELECT *
FROM `pengguna`
JOIN `perusahaan` ON `perusahaan`.`id_perusahaan` = `pengguna`.`id_perusahaan`
JOIN `tipe_pengguna` ON `tipe_pengguna`.`id_tipe_pengguna` = `pengguna`.`id_tipe_pengguna`
WHERE `pengguna`.`email_pengguna` = \'adam@gmail.com\'')
 4 SYSTEMPATH\Database\BaseBuilder.php(1585): CodeIgniter\Database\BaseConnection->query('SELECT *
FROM `pengguna`
JOIN `perusahaan` ON `perusahaan`.`id_perusahaan` = `pengguna`.`id_perusahaan`
JOIN `tipe_pengguna` ON `tipe_pengguna`.`id_tipe_pengguna` = `pengguna`.`id_tipe_pengguna`
WHERE `pengguna`.`email_pengguna` = :pengguna.email_pengguna:', [...], false)
 5 APPPATH\Models\PenggunaModel.php(17): CodeIgniter\Database\BaseBuilder->get()
 6 APPPATH\Controllers\Login.php(61): App\Models\PenggunaModel->login('adam@gmail.com')
 7 SYSTEMPATH\CodeIgniter.php(927): App\Controllers\Login->login()
 8 SYSTEMPATH\CodeIgniter.php(482): CodeIgniter\CodeIgniter->runController(Object(App\Controllers\Login))
 9 SYSTEMPATH\CodeIgniter.php(351): CodeIgniter\CodeIgniter->handleRequest(null, Object(Config\Cache), false)
10 FCPATH\index.php(67): CodeIgniter\CodeIgniter->run()
11 SYSTEMPATH\Commands\Server\rewrite.php(46): require_once('FCPATH\\index.php')
ERROR - 2023-01-06 10:37:10 --> mysqli_sql_exception: You have an error in your SQL syntax; check the manual that corresponds to your MariaDB server version for the right syntax to use near '.`no_transaksi_pembelian`)
JOIN `persediaan_bahan` ON `persediaan_bahan`.`id_...' at line 4 in C:\xampp\htdocs\polubi-snack-ci\system\Database\MySQLi\Connection.php:292
Stack trace:
#0 C:\xampp\htdocs\polubi-snack-ci\system\Database\MySQLi\Connection.php(292): mysqli->query('SELECT *\nFROM `...', 0)
#1 C:\xampp\htdocs\polubi-snack-ci\system\Database\BaseConnection.php(666): CodeIgniter\Database\MySQLi\Connection->execute('SELECT *\nFROM `...')
#2 C:\xampp\htdocs\polubi-snack-ci\system\Database\BaseConnection.php(593): CodeIgniter\Database\BaseConnection->simpleQuery('SELECT *\nFROM `...')
#3 C:\xampp\htdocs\polubi-snack-ci\system\Database\BaseBuilder.php(1585): CodeIgniter\Database\BaseConnection->query('SELECT *\nFROM `...', Array, false)
#4 C:\xampp\htdocs\polubi-snack-ci\app\Models\PembelianModel.php(164): CodeIgniter\Database\BaseBuilder->get()
#5 C:\xampp\htdocs\polubi-snack-ci\app\Controllers\Pembelian.php(87): App\Models\PembelianModel->printInvoice('TRS202301040001')
#6 C:\xampp\htdocs\polubi-snack-ci\system\CodeIgniter.php(927): App\Controllers\Pembelian->printInvoice('TRS202301040001')
#7 C:\xampp\htdocs\polubi-snack-ci\system\CodeIgniter.php(482): CodeIgniter\CodeIgniter->runController(Object(App\Controllers\Pembelian))
#8 C:\xampp\htdocs\polubi-snack-ci\system\CodeIgniter.php(351): CodeIgniter\CodeIgniter->handleRequest(NULL, Object(Config\Cache), false)
#9 C:\xampp\htdocs\polubi-snack-ci\public\index.php(67): CodeIgniter\CodeIgniter->run()
#10 C:\xampp\htdocs\polubi-snack-ci\system\Commands\Server\rewrite.php(46): require_once('C:\\xampp\\htdocs...')
#11 {main}
CRITICAL - 2023-01-06 10:37:10 --> You have an error in your SQL syntax; check the manual that corresponds to your MariaDB server version for the right syntax to use near '.`no_transaksi_pembelian`)
JOIN `persediaan_bahan` ON `persediaan_bahan`.`id_...' at line 4
in SYSTEMPATH\Database\MySQLi\Connection.php on line 292.
 1 SYSTEMPATH\Database\MySQLi\Connection.php(292): mysqli->query('SELECT *
FROM `pembelian`
JOIN `supplier` ON `supplier`.`id_supplier` = `pembelian`.`id_supplier`
JOIN `detail_pembelian` USING (`detail_pembelian`.`no_transaksi_pembelian`)
JOIN `persediaan_bahan` ON `persediaan_bahan`.`id_bahan` = `detail_pembelian`.`id_bahan`
WHERE `pembelian`.`no_transaksi_pembelian` = \'TRS202301040001\'', 0)
 2 SYSTEMPATH\Database\BaseConnection.php(666): CodeIgniter\Database\MySQLi\Connection->execute('SELECT *
FROM `pembelian`
JOIN `supplier` ON `supplier`.`id_supplier` = `pembelian`.`id_supplier`
JOIN `detail_pembelian` USING (`detail_pembelian`.`no_transaksi_pembelian`)
JOIN `persediaan_bahan` ON `persediaan_bahan`.`id_bahan` = `detail_pembelian`.`id_bahan`
WHERE `pembelian`.`no_transaksi_pembelian` = \'TRS202301040001\'')
 3 SYSTEMPATH\Database\BaseConnection.php(593): CodeIgniter\Database\BaseConnection->simpleQuery('SELECT *
FROM `pembelian`
JOIN `supplier` ON `supplier`.`id_supplier` = `pembelian`.`id_supplier`
JOIN `detail_pembelian` USING (`detail_pembelian`.`no_transaksi_pembelian`)
JOIN `persediaan_bahan` ON `persediaan_bahan`.`id_bahan` = `detail_pembelian`.`id_bahan`
WHERE `pembelian`.`no_transaksi_pembelian` = \'TRS202301040001\'')
 4 SYSTEMPATH\Database\BaseBuilder.php(1585): CodeIgniter\Database\BaseConnection->query('SELECT *
FROM `pembelian`
JOIN `supplier` ON `supplier`.`id_supplier` = `pembelian`.`id_supplier`
JOIN `detail_pembelian` USING (`detail_pembelian`.`no_transaksi_pembelian`)
JOIN `persediaan_bahan` ON `persediaan_bahan`.`id_bahan` = `detail_pembelian`.`id_bahan`
WHERE `pembelian`.`no_transaksi_pembelian` = :pembelian.no_transaksi_pembelian:', [...], false)
 5 APPPATH\Models\PembelianModel.php(164): CodeIgniter\Database\BaseBuilder->get()
 6 APPPATH\Controllers\Pembelian.php(87): App\Models\PembelianModel->printInvoice('TRS202301040001')
 7 SYSTEMPATH\CodeIgniter.php(927): App\Controllers\Pembelian->printInvoice('TRS202301040001')
 8 SYSTEMPATH\CodeIgniter.php(482): CodeIgniter\CodeIgniter->runController(Object(App\Controllers\Pembelian))
 9 SYSTEMPATH\CodeIgniter.php(351): CodeIgniter\CodeIgniter->handleRequest(null, Object(Config\Cache), false)
10 FCPATH\index.php(67): CodeIgniter\CodeIgniter->run()
11 SYSTEMPATH\Commands\Server\rewrite.php(46): require_once('FCPATH\\index.php')
CRITICAL - 2023-01-06 10:39:22 --> Undefined property: mysqli::$subtotal_pembelian
in APPPATH\Views\transaksi\pembelian\invoice.php on line 72.
 1 APPPATH\Views\transaksi\pembelian\invoice.php(72): CodeIgniter\Debug\Exceptions->errorHandler(2, 'Undefined property: mysqli::$subtotal_pembelian', 'APPPATH\\Views\\transaksi\\pembelian\\invoice.php', 72)
 2 SYSTEMPATH\View\View.php(213): include('APPPATH\\Views\\transaksi\\pembelian\\invoice.php')
 3 SYSTEMPATH\View\View.php(216): CodeIgniter\View\View->CodeIgniter\View\{closure}()
 4 SYSTEMPATH\Common.php(1134): CodeIgniter\View\View->render('transaksi/pembelian/invoice', [], true)
 5 APPPATH\Controllers\Pembelian.php(90): view('transaksi/pembelian/invoice', [...])
 6 SYSTEMPATH\CodeIgniter.php(927): App\Controllers\Pembelian->printInvoice('TRS202301040001')
 7 SYSTEMPATH\CodeIgniter.php(482): CodeIgniter\CodeIgniter->runController(Object(App\Controllers\Pembelian))
 8 SYSTEMPATH\CodeIgniter.php(351): CodeIgniter\CodeIgniter->handleRequest(null, Object(Config\Cache), false)
 9 FCPATH\index.php(67): CodeIgniter\CodeIgniter->run()
10 SYSTEMPATH\Commands\Server\rewrite.php(46): require_once('FCPATH\\index.php')
ERROR - 2023-01-06 10:40:59 --> mysqli_sql_exception: You have an error in your SQL syntax; check the manual that corresponds to your MariaDB server version for the right syntax to use near ''TRS202301040001'' at line 1 in C:\xampp\htdocs\polubi-snack-ci\system\Database\MySQLi\Connection.php:292
Stack trace:
#0 C:\xampp\htdocs\polubi-snack-ci\system\Database\MySQLi\Connection.php(292): mysqli->query('SELECT * FROM d...', 0)
#1 C:\xampp\htdocs\polubi-snack-ci\system\Database\BaseConnection.php(666): CodeIgniter\Database\MySQLi\Connection->execute('SELECT * FROM d...')
#2 C:\xampp\htdocs\polubi-snack-ci\system\Database\BaseConnection.php(593): CodeIgniter\Database\BaseConnection->simpleQuery('SELECT * FROM d...')
#3 C:\xampp\htdocs\polubi-snack-ci\app\Models\PembelianModel.php(158): CodeIgniter\Database\BaseConnection->query('SELECT * FROM d...', Array)
#4 C:\xampp\htdocs\polubi-snack-ci\app\Controllers\Pembelian.php(87): App\Models\PembelianModel->printInvoice('TRS202301040001')
#5 C:\xampp\htdocs\polubi-snack-ci\system\CodeIgniter.php(927): App\Controllers\Pembelian->printInvoice('TRS202301040001')
#6 C:\xampp\htdocs\polubi-snack-ci\system\CodeIgniter.php(482): CodeIgniter\CodeIgniter->runController(Object(App\Controllers\Pembelian))
#7 C:\xampp\htdocs\polubi-snack-ci\system\CodeIgniter.php(351): CodeIgniter\CodeIgniter->handleRequest(NULL, Object(Config\Cache), false)
#8 C:\xampp\htdocs\polubi-snack-ci\public\index.php(67): CodeIgniter\CodeIgniter->run()
#9 C:\xampp\htdocs\polubi-snack-ci\system\Commands\Server\rewrite.php(46): require_once('C:\\xampp\\htdocs...')
#10 {main}
CRITICAL - 2023-01-06 10:40:59 --> You have an error in your SQL syntax; check the manual that corresponds to your MariaDB server version for the right syntax to use near ''TRS202301040001'' at line 1
in SYSTEMPATH\Database\MySQLi\Connection.php on line 292.
 1 SYSTEMPATH\Database\MySQLi\Connection.php(292): mysqli->query('SELECT * FROM detail_pembelian WHERE no_transaksi_pembelian \'TRS202301040001\'', 0)
 2 SYSTEMPATH\Database\BaseConnection.php(666): CodeIgniter\Database\MySQLi\Connection->execute('SELECT * FROM detail_pembelian WHERE no_transaksi_pembelian \'TRS202301040001\'')
 3 SYSTEMPATH\Database\BaseConnection.php(593): CodeIgniter\Database\BaseConnection->simpleQuery('SELECT * FROM detail_pembelian WHERE no_transaksi_pembelian \'TRS202301040001\'')
 4 APPPATH\Models\PembelianModel.php(158): CodeIgniter\Database\BaseConnection->query('SELECT * FROM detail_pembelian WHERE no_transaksi_pembelian ?', [...])
 5 APPPATH\Controllers\Pembelian.php(87): App\Models\PembelianModel->printInvoice('TRS202301040001')
 6 SYSTEMPATH\CodeIgniter.php(927): App\Controllers\Pembelian->printInvoice('TRS202301040001')
 7 SYSTEMPATH\CodeIgniter.php(482): CodeIgniter\CodeIgniter->runController(Object(App\Controllers\Pembelian))
 8 SYSTEMPATH\CodeIgniter.php(351): CodeIgniter\CodeIgniter->handleRequest(null, Object(Config\Cache), false)
 9 FCPATH\index.php(67): CodeIgniter\CodeIgniter->run()
10 SYSTEMPATH\Commands\Server\rewrite.php(46): require_once('FCPATH\\index.php')
CRITICAL - 2023-01-06 10:41:32 --> Undefined variable $total
in APPPATH\Views\transaksi\pembelian\invoice.php on line 72.
 1 APPPATH\Views\transaksi\pembelian\invoice.php(72): CodeIgniter\Debug\Exceptions->errorHandler(2, 'Undefined variable $total', 'APPPATH\\Views\\transaksi\\pembelian\\invoice.php', 72)
 2 SYSTEMPATH\View\View.php(213): include('APPPATH\\Views\\transaksi\\pembelian\\invoice.php')
 3 SYSTEMPATH\View\View.php(216): CodeIgniter\View\View->CodeIgniter\View\{closure}()
 4 SYSTEMPATH\Common.php(1134): CodeIgniter\View\View->render('transaksi/pembelian/invoice', [], true)
 5 APPPATH\Controllers\Pembelian.php(90): view('transaksi/pembelian/invoice', [...])
 6 SYSTEMPATH\CodeIgniter.php(927): App\Controllers\Pembelian->printInvoice('TRS202301040001')
 7 SYSTEMPATH\CodeIgniter.php(482): CodeIgniter\CodeIgniter->runController(Object(App\Controllers\Pembelian))
 8 SYSTEMPATH\CodeIgniter.php(351): CodeIgniter\CodeIgniter->handleRequest(null, Object(Config\Cache), false)
 9 FCPATH\index.php(67): CodeIgniter\CodeIgniter->run()
10 SYSTEMPATH\Commands\Server\rewrite.php(46): require_once('FCPATH\\index.php')
CRITICAL - 2023-01-06 10:42:34 --> Undefined variable $total
in APPPATH\Views\transaksi\pembelian\invoice.php on line 72.
 1 APPPATH\Views\transaksi\pembelian\invoice.php(72): CodeIgniter\Debug\Exceptions->errorHandler(2, 'Undefined variable $total', 'APPPATH\\Views\\transaksi\\pembelian\\invoice.php', 72)
 2 SYSTEMPATH\View\View.php(213): include('APPPATH\\Views\\transaksi\\pembelian\\invoice.php')
 3 SYSTEMPATH\View\View.php(216): CodeIgniter\View\View->CodeIgniter\View\{closure}()
 4 SYSTEMPATH\Common.php(1134): CodeIgniter\View\View->render('transaksi/pembelian/invoice', [], true)
 5 APPPATH\Controllers\Pembelian.php(90): view('transaksi/pembelian/invoice', [...])
 6 SYSTEMPATH\CodeIgniter.php(927): App\Controllers\Pembelian->printInvoice('TRS202301040001')
 7 SYSTEMPATH\CodeIgniter.php(482): CodeIgniter\CodeIgniter->runController(Object(App\Controllers\Pembelian))
 8 SYSTEMPATH\CodeIgniter.php(351): CodeIgniter\CodeIgniter->handleRequest(null, Object(Config\Cache), false)
 9 FCPATH\index.php(67): CodeIgniter\CodeIgniter->run()
10 SYSTEMPATH\Commands\Server\rewrite.php(46): require_once('FCPATH\\index.php')
CRITICAL - 2023-01-06 10:43:09 --> Undefined property: stdClass::$nama_bahan
in APPPATH\Views\transaksi\pembelian\invoice.php on line 76.
 1 APPPATH\Views\transaksi\pembelian\invoice.php(76): CodeIgniter\Debug\Exceptions->errorHandler(2, 'Undefined property: stdClass::$nama_bahan', 'APPPATH\\Views\\transaksi\\pembelian\\invoice.php', 76)
 2 SYSTEMPATH\View\View.php(213): include('APPPATH\\Views\\transaksi\\pembelian\\invoice.php')
 3 SYSTEMPATH\View\View.php(216): CodeIgniter\View\View->CodeIgniter\View\{closure}()
 4 SYSTEMPATH\Common.php(1134): CodeIgniter\View\View->render('transaksi/pembelian/invoice', [], true)
 5 APPPATH\Controllers\Pembelian.php(90): view('transaksi/pembelian/invoice', [...])
 6 SYSTEMPATH\CodeIgniter.php(927): App\Controllers\Pembelian->printInvoice('TRS202301040001')
 7 SYSTEMPATH\CodeIgniter.php(482): CodeIgniter\CodeIgniter->runController(Object(App\Controllers\Pembelian))
 8 SYSTEMPATH\CodeIgniter.php(351): CodeIgniter\CodeIgniter->handleRequest(null, Object(Config\Cache), false)
 9 FCPATH\index.php(67): CodeIgniter\CodeIgniter->run()
10 SYSTEMPATH\Commands\Server\rewrite.php(46): require_once('FCPATH\\index.php')
ERROR - 2023-01-06 10:50:30 --> mysqli_sql_exception: Cannot add or update a child row: a foreign key constraint fails (`polubi_snack_ci`.`retur_pembelian`, CONSTRAINT `retur_pembelian_ibfk_2` FOREIGN KEY (`no_transaksi_pembelian`) REFERENCES `pembelian` (`no_transaksi_pembelian`)) in C:\xampp\htdocs\polubi-snack-ci\system\Database\MySQLi\Connection.php:292
Stack trace:
#0 C:\xampp\htdocs\polubi-snack-ci\system\Database\MySQLi\Connection.php(292): mysqli->query('INSERT INTO `re...', 0)
#1 C:\xampp\htdocs\polubi-snack-ci\system\Database\BaseConnection.php(666): CodeIgniter\Database\MySQLi\Connection->execute('INSERT INTO `re...')
#2 C:\xampp\htdocs\polubi-snack-ci\system\Database\BaseConnection.php(593): CodeIgniter\Database\BaseConnection->simpleQuery('INSERT INTO `re...')
#3 C:\xampp\htdocs\polubi-snack-ci\system\Database\BaseBuilder.php(1916): CodeIgniter\Database\BaseConnection->query('INSERT INTO `re...', Array, false)
#4 C:\xampp\htdocs\polubi-snack-ci\app\Models\ReturPembelianModel.php(88): CodeIgniter\Database\BaseBuilder->insert(Array)
#5 C:\xampp\htdocs\polubi-snack-ci\app\Controllers\ReturPembelian.php(99): App\Models\ReturPembelianModel->storeReturPembelian()
#6 C:\xampp\htdocs\polubi-snack-ci\system\CodeIgniter.php(927): App\Controllers\ReturPembelian->store()
#7 C:\xampp\htdocs\polubi-snack-ci\system\CodeIgniter.php(482): CodeIgniter\CodeIgniter->runController(Object(App\Controllers\ReturPembelian))
#8 C:\xampp\htdocs\polubi-snack-ci\system\CodeIgniter.php(351): CodeIgniter\CodeIgniter->handleRequest(NULL, Object(Config\Cache), false)
#9 C:\xampp\htdocs\polubi-snack-ci\public\index.php(67): CodeIgniter\CodeIgniter->run()
#10 C:\xampp\htdocs\polubi-snack-ci\system\Commands\Server\rewrite.php(46): require_once('C:\\xampp\\htdocs...')
#11 {main}
CRITICAL - 2023-01-06 10:50:30 --> Cannot add or update a child row: a foreign key constraint fails (`polubi_snack_ci`.`retur_pembelian`, CONSTRAINT `retur_pembelian_ibfk_2` FOREIGN KEY (`no_transaksi_pembelian`) REFERENCES `pembelian` (`no_transaksi_pembelian`))
in SYSTEMPATH\Database\MySQLi\Connection.php on line 292.
 1 SYSTEMPATH\Database\MySQLi\Connection.php(292): mysqli->query('INSERT INTO `retur_pembelian` (`no_transaksi_retur_pembelian`, `no_transaksi_pembelian`, `id_supplier`, `total_retur_pembelian`, `tanggal_retur_pembelian`, `status_aktif`) VALUES (\'TRS202301060001\', \'TRS202301040001\', \'3\', 0, \'2023-01-06\', 1)', 0)
 2 SYSTEMPATH\Database\BaseConnection.php(666): CodeIgniter\Database\MySQLi\Connection->execute('INSERT INTO `retur_pembelian` (`no_transaksi_retur_pembelian`, `no_transaksi_pembelian`, `id_supplier`, `total_retur_pembelian`, `tanggal_retur_pembelian`, `status_aktif`) VALUES (\'TRS202301060001\', \'TRS202301040001\', \'3\', 0, \'2023-01-06\', 1)')
 3 SYSTEMPATH\Database\BaseConnection.php(593): CodeIgniter\Database\BaseConnection->simpleQuery('INSERT INTO `retur_pembelian` (`no_transaksi_retur_pembelian`, `no_transaksi_pembelian`, `id_supplier`, `total_retur_pembelian`, `tanggal_retur_pembelian`, `status_aktif`) VALUES (\'TRS202301060001\', \'TRS202301040001\', \'3\', 0, \'2023-01-06\', 1)')
 4 SYSTEMPATH\Database\BaseBuilder.php(1916): CodeIgniter\Database\BaseConnection->query('INSERT INTO `retur_pembelian` (`no_transaksi_retur_pembelian`, `no_transaksi_pembelian`, `id_supplier`, `total_retur_pembelian`, `tanggal_retur_pembelian`, `status_aktif`) VALUES (:no_transaksi_retur_pembelian:, :no_transaksi_pembelian:, :id_supplier:, :total_retur_pembelian:, :tanggal_retur_pembelian:, :status_aktif:)', [...], false)
 5 APPPATH\Models\ReturPembelianModel.php(88): CodeIgniter\Database\BaseBuilder->insert([...])
 6 APPPATH\Controllers\ReturPembelian.php(99): App\Models\ReturPembelianModel->storeReturPembelian()
 7 SYSTEMPATH\CodeIgniter.php(927): App\Controllers\ReturPembelian->store()
 8 SYSTEMPATH\CodeIgniter.php(482): CodeIgniter\CodeIgniter->runController(Object(App\Controllers\ReturPembelian))
 9 SYSTEMPATH\CodeIgniter.php(351): CodeIgniter\CodeIgniter->handleRequest(null, Object(Config\Cache), false)
10 FCPATH\index.php(67): CodeIgniter\CodeIgniter->run()
11 SYSTEMPATH\Commands\Server\rewrite.php(46): require_once('FCPATH\\index.php')
CRITICAL - 2023-01-06 10:51:19 --> Call to a member function getReturListBahan() on null
in APPPATH\Controllers\DetailReturPembelian.php on line 24.
 1 SYSTEMPATH\CodeIgniter.php(927): App\Controllers\DetailReturPembelian->create()
 2 SYSTEMPATH\CodeIgniter.php(482): CodeIgniter\CodeIgniter->runController(Object(App\Controllers\DetailReturPembelian))
 3 SYSTEMPATH\CodeIgniter.php(351): CodeIgniter\CodeIgniter->handleRequest(null, Object(Config\Cache), false)
 4 FCPATH\index.php(67): CodeIgniter\CodeIgniter->run()
 5 SYSTEMPATH\Commands\Server\rewrite.php(46): require_once('FCPATH\\index.php')
CRITICAL - 2023-01-06 10:58:54 --> Call to a member function storeDetailReturPembelian() on null
in APPPATH\Controllers\DetailReturPembelian.php on line 41.
 1 SYSTEMPATH\CodeIgniter.php(927): App\Controllers\DetailReturPembelian->store()
 2 SYSTEMPATH\CodeIgniter.php(482): CodeIgniter\CodeIgniter->runController(Object(App\Controllers\DetailReturPembelian))
 3 SYSTEMPATH\CodeIgniter.php(351): CodeIgniter\CodeIgniter->handleRequest(null, Object(Config\Cache), false)
 4 FCPATH\index.php(67): CodeIgniter\CodeIgniter->run()
 5 SYSTEMPATH\Commands\Server\rewrite.php(46): require_once('FCPATH\\index.php')
CRITICAL - 2023-01-06 10:58:59 --> Call to a member function storeDetailReturPembelian() on null
in APPPATH\Controllers\DetailReturPembelian.php on line 41.
 1 SYSTEMPATH\CodeIgniter.php(927): App\Controllers\DetailReturPembelian->store()
 2 SYSTEMPATH\CodeIgniter.php(482): CodeIgniter\CodeIgniter->runController(Object(App\Controllers\DetailReturPembelian))
 3 SYSTEMPATH\CodeIgniter.php(351): CodeIgniter\CodeIgniter->handleRequest(null, Object(Config\Cache), false)
 4 FCPATH\index.php(67): CodeIgniter\CodeIgniter->run()
 5 SYSTEMPATH\Commands\Server\rewrite.php(46): require_once('FCPATH\\index.php')
CRITICAL - 2023-01-06 10:59:06 --> Call to a member function storeDetailReturPembelian() on null
in APPPATH\Controllers\DetailReturPembelian.php on line 41.
 1 SYSTEMPATH\CodeIgniter.php(927): App\Controllers\DetailReturPembelian->store()
 2 SYSTEMPATH\CodeIgniter.php(482): CodeIgniter\CodeIgniter->runController(Object(App\Controllers\DetailReturPembelian))
 3 SYSTEMPATH\CodeIgniter.php(351): CodeIgniter\CodeIgniter->handleRequest(null, Object(Config\Cache), false)
 4 FCPATH\index.php(67): CodeIgniter\CodeIgniter->run()
 5 SYSTEMPATH\Commands\Server\rewrite.php(46): require_once('FCPATH\\index.php')
CRITICAL - 2023-01-06 11:00:21 --> Call to a member function storeDetailReturPembelian() on null
in APPPATH\Controllers\DetailReturPembelian.php on line 41.
 1 SYSTEMPATH\CodeIgniter.php(927): App\Controllers\DetailReturPembelian->store()
 2 SYSTEMPATH\CodeIgniter.php(482): CodeIgniter\CodeIgniter->runController(Object(App\Controllers\DetailReturPembelian))
 3 SYSTEMPATH\CodeIgniter.php(351): CodeIgniter\CodeIgniter->handleRequest(null, Object(Config\Cache), false)
 4 FCPATH\index.php(67): CodeIgniter\CodeIgniter->run()
 5 SYSTEMPATH\Commands\Server\rewrite.php(46): require_once('FCPATH\\index.php')
CRITICAL - 2023-01-06 11:00:32 --> Call to a member function storeDetailReturPembelian() on null
in APPPATH\Controllers\DetailReturPembelian.php on line 41.
 1 SYSTEMPATH\CodeIgniter.php(927): App\Controllers\DetailReturPembelian->store()
 2 SYSTEMPATH\CodeIgniter.php(482): CodeIgniter\CodeIgniter->runController(Object(App\Controllers\DetailReturPembelian))
 3 SYSTEMPATH\CodeIgniter.php(351): CodeIgniter\CodeIgniter->handleRequest(null, Object(Config\Cache), false)
 4 FCPATH\index.php(67): CodeIgniter\CodeIgniter->run()
 5 SYSTEMPATH\Commands\Server\rewrite.php(46): require_once('FCPATH\\index.php')
