ERROR - 2022-12-16 16:12:17 --> mysqli_sql_exception: Cannot add or update a child row: a foreign key constraint fails (`polubi_snack_2`.`supplier`, CONSTRAINT `supplier_ibfk_1` FOREIGN KEY (`id_perusahaan`) REFERENCES `perusahaan` (`id_perusahaan`)) in C:\xampp\htdocs\polubi-snack\system\Database\MySQLi\Connection.php:292
Stack trace:
#0 C:\xampp\htdocs\polubi-snack\system\Database\MySQLi\Connection.php(292): mysqli->query('INSERT INTO `su...', 0)
#1 C:\xampp\htdocs\polubi-snack\system\Database\BaseConnection.php(666): CodeIgniter\Database\MySQLi\Connection->execute('INSERT INTO `su...')
#2 C:\xampp\htdocs\polubi-snack\system\Database\BaseConnection.php(593): CodeIgniter\Database\BaseConnection->simpleQuery('INSERT INTO `su...')
#3 C:\xampp\htdocs\polubi-snack\system\Database\BaseBuilder.php(1916): CodeIgniter\Database\BaseConnection->query('INSERT INTO `su...', Array, false)
#4 C:\xampp\htdocs\polubi-snack\app\Models\SupplierModel.php(26): CodeIgniter\Database\BaseBuilder->insert(Array)
#5 C:\xampp\htdocs\polubi-snack\app\Controllers\Supplier.php(64): App\Models\SupplierModel->storeSupplier()
#6 C:\xampp\htdocs\polubi-snack\system\CodeIgniter.php(927): App\Controllers\Supplier->store()
#7 C:\xampp\htdocs\polubi-snack\system\CodeIgniter.php(482): CodeIgniter\CodeIgniter->runController(Object(App\Controllers\Supplier))
#8 C:\xampp\htdocs\polubi-snack\system\CodeIgniter.php(351): CodeIgniter\CodeIgniter->handleRequest(NULL, Object(Config\Cache), false)
#9 C:\xampp\htdocs\polubi-snack\public\index.php(67): CodeIgniter\CodeIgniter->run()
#10 C:\xampp\htdocs\polubi-snack\system\Commands\Server\rewrite.php(46): require_once('C:\\xampp\\htdocs...')
#11 {main}
CRITICAL - 2022-12-16 16:12:17 --> Cannot add or update a child row: a foreign key constraint fails (`polubi_snack_2`.`supplier`, CONSTRAINT `supplier_ibfk_1` FOREIGN KEY (`id_perusahaan`) REFERENCES `perusahaan` (`id_perusahaan`))
in SYSTEMPATH\Database\MySQLi\Connection.php on line 292.
 1 SYSTEMPATH\Database\MySQLi\Connection.php(292): mysqli->query('INSERT INTO `supplier` (`id_perusahaan`, `nama_supplier`, `telepon_supplier`, `alamat_supplier`, `status_aktif`) VALUES (1, \'CV. Supplier Satu\', \'081122334455\', \'Jl. Supplier Satu No. 10                                                           \', 1)', 0)
 2 SYSTEMPATH\Database\BaseConnection.php(666): CodeIgniter\Database\MySQLi\Connection->execute('INSERT INTO `supplier` (`id_perusahaan`, `nama_supplier`, `telepon_supplier`, `alamat_supplier`, `status_aktif`) VALUES (1, \'CV. Supplier Satu\', \'081122334455\', \'Jl. Supplier Satu No. 10                                                           \', 1)')
 3 SYSTEMPATH\Database\BaseConnection.php(593): CodeIgniter\Database\BaseConnection->simpleQuery('INSERT INTO `supplier` (`id_perusahaan`, `nama_supplier`, `telepon_supplier`, `alamat_supplier`, `status_aktif`) VALUES (1, \'CV. Supplier Satu\', \'081122334455\', \'Jl. Supplier Satu No. 10                                                           \', 1)')
 4 SYSTEMPATH\Database\BaseBuilder.php(1916): CodeIgniter\Database\BaseConnection->query('INSERT INTO `supplier` (`id_perusahaan`, `nama_supplier`, `telepon_supplier`, `alamat_supplier`, `status_aktif`) VALUES (:id_perusahaan:, :nama_supplier:, :telepon_supplier:, :alamat_supplier:, :status_aktif:)', [...], false)
 5 APPPATH\Models\SupplierModel.php(26): CodeIgniter\Database\BaseBuilder->insert([...])
 6 APPPATH\Controllers\Supplier.php(64): App\Models\SupplierModel->storeSupplier()
 7 SYSTEMPATH\CodeIgniter.php(927): App\Controllers\Supplier->store()
 8 SYSTEMPATH\CodeIgniter.php(482): CodeIgniter\CodeIgniter->runController(Object(App\Controllers\Supplier))
 9 SYSTEMPATH\CodeIgniter.php(351): CodeIgniter\CodeIgniter->handleRequest(null, Object(Config\Cache), false)
10 FCPATH\index.php(67): CodeIgniter\CodeIgniter->run()
11 SYSTEMPATH\Commands\Server\rewrite.php(46): require_once('FCPATH\\index.php')
ERROR - 2022-12-16 16:34:07 --> mysqli_sql_exception: Cannot add or update a child row: a foreign key constraint fails (`polubi_snack_2`.`pembelian`, CONSTRAINT `pembelian_ibfk_1` FOREIGN KEY (`no_transaksi_pembelian`) REFERENCES `transaksi` (`no_transaksi`)) in C:\xampp\htdocs\polubi-snack\system\Database\MySQLi\Connection.php:292
Stack trace:
#0 C:\xampp\htdocs\polubi-snack\system\Database\MySQLi\Connection.php(292): mysqli->query('INSERT INTO `pe...', 0)
#1 C:\xampp\htdocs\polubi-snack\system\Database\BaseConnection.php(666): CodeIgniter\Database\MySQLi\Connection->execute('INSERT INTO `pe...')
#2 C:\xampp\htdocs\polubi-snack\system\Database\BaseConnection.php(593): CodeIgniter\Database\BaseConnection->simpleQuery('INSERT INTO `pe...')
#3 C:\xampp\htdocs\polubi-snack\system\Database\BaseBuilder.php(1916): CodeIgniter\Database\BaseConnection->query('INSERT INTO `pe...', Array, false)
#4 C:\xampp\htdocs\polubi-snack\app\Models\PembelianModel.php(66): CodeIgniter\Database\BaseBuilder->insert(Array)
#5 C:\xampp\htdocs\polubi-snack\app\Controllers\Pembelian.php(58): App\Models\PembelianModel->storePembelian()
#6 C:\xampp\htdocs\polubi-snack\system\CodeIgniter.php(927): App\Controllers\Pembelian->store()
#7 C:\xampp\htdocs\polubi-snack\system\CodeIgniter.php(482): CodeIgniter\CodeIgniter->runController(Object(App\Controllers\Pembelian))
#8 C:\xampp\htdocs\polubi-snack\system\CodeIgniter.php(351): CodeIgniter\CodeIgniter->handleRequest(NULL, Object(Config\Cache), false)
#9 C:\xampp\htdocs\polubi-snack\public\index.php(67): CodeIgniter\CodeIgniter->run()
#10 C:\xampp\htdocs\polubi-snack\system\Commands\Server\rewrite.php(46): require_once('C:\\xampp\\htdocs...')
#11 {main}
CRITICAL - 2022-12-16 16:34:07 --> Cannot add or update a child row: a foreign key constraint fails (`polubi_snack_2`.`pembelian`, CONSTRAINT `pembelian_ibfk_1` FOREIGN KEY (`no_transaksi_pembelian`) REFERENCES `transaksi` (`no_transaksi`))
in SYSTEMPATH\Database\MySQLi\Connection.php on line 292.
 1 SYSTEMPATH\Database\MySQLi\Connection.php(292): mysqli->query('INSERT INTO `pembelian` (`no_transaksi_pembelian`, `id_supplier`, `total_pembelian`, `tanggal_pembelian`, `tipe_pembayaran`, `status_aktif`) VALUES (\'1612220001\', \'2\', 0, \'2022-12-16\', \'Tunai\', 1)', 0)
 2 SYSTEMPATH\Database\BaseConnection.php(666): CodeIgniter\Database\MySQLi\Connection->execute('INSERT INTO `pembelian` (`no_transaksi_pembelian`, `id_supplier`, `total_pembelian`, `tanggal_pembelian`, `tipe_pembayaran`, `status_aktif`) VALUES (\'1612220001\', \'2\', 0, \'2022-12-16\', \'Tunai\', 1)')
 3 SYSTEMPATH\Database\BaseConnection.php(593): CodeIgniter\Database\BaseConnection->simpleQuery('INSERT INTO `pembelian` (`no_transaksi_pembelian`, `id_supplier`, `total_pembelian`, `tanggal_pembelian`, `tipe_pembayaran`, `status_aktif`) VALUES (\'1612220001\', \'2\', 0, \'2022-12-16\', \'Tunai\', 1)')
 4 SYSTEMPATH\Database\BaseBuilder.php(1916): CodeIgniter\Database\BaseConnection->query('INSERT INTO `pembelian` (`no_transaksi_pembelian`, `id_supplier`, `total_pembelian`, `tanggal_pembelian`, `tipe_pembayaran`, `status_aktif`) VALUES (:no_transaksi_pembelian:, :id_supplier:, :total_pembelian:, :tanggal_pembelian:, :tipe_pembayaran:, :status_aktif:)', [...], false)
 5 APPPATH\Models\PembelianModel.php(66): CodeIgniter\Database\BaseBuilder->insert([...])
 6 APPPATH\Controllers\Pembelian.php(58): App\Models\PembelianModel->storePembelian()
 7 SYSTEMPATH\CodeIgniter.php(927): App\Controllers\Pembelian->store()
 8 SYSTEMPATH\CodeIgniter.php(482): CodeIgniter\CodeIgniter->runController(Object(App\Controllers\Pembelian))
 9 SYSTEMPATH\CodeIgniter.php(351): CodeIgniter\CodeIgniter->handleRequest(null, Object(Config\Cache), false)
10 FCPATH\index.php(67): CodeIgniter\CodeIgniter->run()
11 SYSTEMPATH\Commands\Server\rewrite.php(46): require_once('FCPATH\\index.php')
ERROR - 2022-12-16 16:52:15 --> mysqli_sql_exception: Cannot add or update a child row: a foreign key constraint fails (`polubi_snack_2`.`jurnal`, CONSTRAINT `jurnal_ibfk_2` FOREIGN KEY (`kode_akun`) REFERENCES `bagan_akun` (`kode_akun`)) in C:\xampp\htdocs\polubi-snack\system\Database\MySQLi\Connection.php:292
Stack trace:
#0 C:\xampp\htdocs\polubi-snack\system\Database\MySQLi\Connection.php(292): mysqli->query('INSERT INTO `ju...', 0)
#1 C:\xampp\htdocs\polubi-snack\system\Database\BaseConnection.php(666): CodeIgniter\Database\MySQLi\Connection->execute('INSERT INTO `ju...')
#2 C:\xampp\htdocs\polubi-snack\system\Database\BaseConnection.php(593): CodeIgniter\Database\BaseConnection->simpleQuery('INSERT INTO `ju...')
#3 C:\xampp\htdocs\polubi-snack\system\Database\BaseBuilder.php(1778): CodeIgniter\Database\BaseConnection->query('INSERT INTO `ju...', NULL, false)
#4 C:\xampp\htdocs\polubi-snack\app\Models\PembelianModel.php(92): CodeIgniter\Database\BaseBuilder->insertBatch(Array)
#5 C:\xampp\htdocs\polubi-snack\app\Controllers\Pembelian.php(58): App\Models\PembelianModel->storePembelian()
#6 C:\xampp\htdocs\polubi-snack\system\CodeIgniter.php(927): App\Controllers\Pembelian->store()
#7 C:\xampp\htdocs\polubi-snack\system\CodeIgniter.php(482): CodeIgniter\CodeIgniter->runController(Object(App\Controllers\Pembelian))
#8 C:\xampp\htdocs\polubi-snack\system\CodeIgniter.php(351): CodeIgniter\CodeIgniter->handleRequest(NULL, Object(Config\Cache), false)
#9 C:\xampp\htdocs\polubi-snack\public\index.php(67): CodeIgniter\CodeIgniter->run()
#10 C:\xampp\htdocs\polubi-snack\system\Commands\Server\rewrite.php(46): require_once('C:\\xampp\\htdocs...')
#11 {main}
CRITICAL - 2022-12-16 16:52:15 --> Cannot add or update a child row: a foreign key constraint fails (`polubi_snack_2`.`jurnal`, CONSTRAINT `jurnal_ibfk_2` FOREIGN KEY (`kode_akun`) REFERENCES `bagan_akun` (`kode_akun`))
in SYSTEMPATH\Database\MySQLi\Connection.php on line 292.
 1 SYSTEMPATH\Database\MySQLi\Connection.php(292): mysqli->query('INSERT INTO `jurnal` (`debit_kredit`, `deskripsi_jurnal`, `kode_akun`, `no_transaksi`, `nominal_jurnal`, `status_aktif`, `tanggal_jurnal`) VALUES (\'Debit\',\'Pembelian Bahan\',15000,\'TRS1612220001\',0,1,\'2022-12-16\'), (\'Kredit\',\'Pembelian Bahan\',10000,\'TRS1612220001\',0,1,\'2022-12-16\')', 0)
 2 SYSTEMPATH\Database\BaseConnection.php(666): CodeIgniter\Database\MySQLi\Connection->execute('INSERT INTO `jurnal` (`debit_kredit`, `deskripsi_jurnal`, `kode_akun`, `no_transaksi`, `nominal_jurnal`, `status_aktif`, `tanggal_jurnal`) VALUES (\'Debit\',\'Pembelian Bahan\',15000,\'TRS1612220001\',0,1,\'2022-12-16\'), (\'Kredit\',\'Pembelian Bahan\',10000,\'TRS1612220001\',0,1,\'2022-12-16\')')
 3 SYSTEMPATH\Database\BaseConnection.php(593): CodeIgniter\Database\BaseConnection->simpleQuery('INSERT INTO `jurnal` (`debit_kredit`, `deskripsi_jurnal`, `kode_akun`, `no_transaksi`, `nominal_jurnal`, `status_aktif`, `tanggal_jurnal`) VALUES (\'Debit\',\'Pembelian Bahan\',15000,\'TRS1612220001\',0,1,\'2022-12-16\'), (\'Kredit\',\'Pembelian Bahan\',10000,\'TRS1612220001\',0,1,\'2022-12-16\')')
 4 SYSTEMPATH\Database\BaseBuilder.php(1778): CodeIgniter\Database\BaseConnection->query('INSERT INTO `jurnal` (`debit_kredit`, `deskripsi_jurnal`, `kode_akun`, `no_transaksi`, `nominal_jurnal`, `status_aktif`, `tanggal_jurnal`) VALUES (\'Debit\',\'Pembelian Bahan\',15000,\'TRS1612220001\',0,1,\'2022-12-16\'), (\'Kredit\',\'Pembelian Bahan\',10000,\'TRS1612220001\',0,1,\'2022-12-16\')', null, false)
 5 APPPATH\Models\PembelianModel.php(92): CodeIgniter\Database\BaseBuilder->insertBatch([...])
 6 APPPATH\Controllers\Pembelian.php(58): App\Models\PembelianModel->storePembelian()
 7 SYSTEMPATH\CodeIgniter.php(927): App\Controllers\Pembelian->store()
 8 SYSTEMPATH\CodeIgniter.php(482): CodeIgniter\CodeIgniter->runController(Object(App\Controllers\Pembelian))
 9 SYSTEMPATH\CodeIgniter.php(351): CodeIgniter\CodeIgniter->handleRequest(null, Object(Config\Cache), false)
10 FCPATH\index.php(67): CodeIgniter\CodeIgniter->run()
11 SYSTEMPATH\Commands\Server\rewrite.php(46): require_once('FCPATH\\index.php')
ERROR - 2022-12-16 17:46:57 --> mysqli_sql_exception: Cannot add or update a child row: a foreign key constraint fails (`polubi_snack_2`.`jurnal`, CONSTRAINT `jurnal_ibfk_2` FOREIGN KEY (`kode_akun`) REFERENCES `bagan_akun` (`kode_akun`)) in C:\xampp\htdocs\polubi-snack\system\Database\MySQLi\Connection.php:292
Stack trace:
#0 C:\xampp\htdocs\polubi-snack\system\Database\MySQLi\Connection.php(292): mysqli->query('INSERT INTO `ju...', 0)
#1 C:\xampp\htdocs\polubi-snack\system\Database\BaseConnection.php(666): CodeIgniter\Database\MySQLi\Connection->execute('INSERT INTO `ju...')
#2 C:\xampp\htdocs\polubi-snack\system\Database\BaseConnection.php(593): CodeIgniter\Database\BaseConnection->simpleQuery('INSERT INTO `ju...')
#3 C:\xampp\htdocs\polubi-snack\system\Database\BaseBuilder.php(1778): CodeIgniter\Database\BaseConnection->query('INSERT INTO `ju...', NULL, false)
#4 C:\xampp\htdocs\polubi-snack\app\Models\PembelianModel.php(92): CodeIgniter\Database\BaseBuilder->insertBatch(Array)
#5 C:\xampp\htdocs\polubi-snack\app\Controllers\Pembelian.php(58): App\Models\PembelianModel->storePembelian()
#6 C:\xampp\htdocs\polubi-snack\system\CodeIgniter.php(927): App\Controllers\Pembelian->store()
#7 C:\xampp\htdocs\polubi-snack\system\CodeIgniter.php(482): CodeIgniter\CodeIgniter->runController(Object(App\Controllers\Pembelian))
#8 C:\xampp\htdocs\polubi-snack\system\CodeIgniter.php(351): CodeIgniter\CodeIgniter->handleRequest(NULL, Object(Config\Cache), false)
#9 C:\xampp\htdocs\polubi-snack\public\index.php(67): CodeIgniter\CodeIgniter->run()
#10 C:\xampp\htdocs\polubi-snack\system\Commands\Server\rewrite.php(46): require_once('C:\\xampp\\htdocs...')
#11 {main}
CRITICAL - 2022-12-16 17:46:57 --> Cannot add or update a child row: a foreign key constraint fails (`polubi_snack_2`.`jurnal`, CONSTRAINT `jurnal_ibfk_2` FOREIGN KEY (`kode_akun`) REFERENCES `bagan_akun` (`kode_akun`))
in SYSTEMPATH\Database\MySQLi\Connection.php on line 292.
 1 SYSTEMPATH\Database\MySQLi\Connection.php(292): mysqli->query('INSERT INTO `jurnal` (`debit_kredit`, `deskripsi_jurnal`, `kode_akun`, `no_transaksi`, `nominal_jurnal`, `status_aktif`, `tanggal_jurnal`) VALUES (\'Debit\',\'Pembelian Bahan\',15000,\'TRS1612220001\',0,1,\'2022-12-16\'), (\'Kredit\',\'Pembelian Bahan\',10000,\'TRS1612220001\',0,1,\'2022-12-16\')', 0)
 2 SYSTEMPATH\Database\BaseConnection.php(666): CodeIgniter\Database\MySQLi\Connection->execute('INSERT INTO `jurnal` (`debit_kredit`, `deskripsi_jurnal`, `kode_akun`, `no_transaksi`, `nominal_jurnal`, `status_aktif`, `tanggal_jurnal`) VALUES (\'Debit\',\'Pembelian Bahan\',15000,\'TRS1612220001\',0,1,\'2022-12-16\'), (\'Kredit\',\'Pembelian Bahan\',10000,\'TRS1612220001\',0,1,\'2022-12-16\')')
 3 SYSTEMPATH\Database\BaseConnection.php(593): CodeIgniter\Database\BaseConnection->simpleQuery('INSERT INTO `jurnal` (`debit_kredit`, `deskripsi_jurnal`, `kode_akun`, `no_transaksi`, `nominal_jurnal`, `status_aktif`, `tanggal_jurnal`) VALUES (\'Debit\',\'Pembelian Bahan\',15000,\'TRS1612220001\',0,1,\'2022-12-16\'), (\'Kredit\',\'Pembelian Bahan\',10000,\'TRS1612220001\',0,1,\'2022-12-16\')')
 4 SYSTEMPATH\Database\BaseBuilder.php(1778): CodeIgniter\Database\BaseConnection->query('INSERT INTO `jurnal` (`debit_kredit`, `deskripsi_jurnal`, `kode_akun`, `no_transaksi`, `nominal_jurnal`, `status_aktif`, `tanggal_jurnal`) VALUES (\'Debit\',\'Pembelian Bahan\',15000,\'TRS1612220001\',0,1,\'2022-12-16\'), (\'Kredit\',\'Pembelian Bahan\',10000,\'TRS1612220001\',0,1,\'2022-12-16\')', null, false)
 5 APPPATH\Models\PembelianModel.php(92): CodeIgniter\Database\BaseBuilder->insertBatch([...])
 6 APPPATH\Controllers\Pembelian.php(58): App\Models\PembelianModel->storePembelian()
 7 SYSTEMPATH\CodeIgniter.php(927): App\Controllers\Pembelian->store()
 8 SYSTEMPATH\CodeIgniter.php(482): CodeIgniter\CodeIgniter->runController(Object(App\Controllers\Pembelian))
 9 SYSTEMPATH\CodeIgniter.php(351): CodeIgniter\CodeIgniter->handleRequest(null, Object(Config\Cache), false)
10 FCPATH\index.php(67): CodeIgniter\CodeIgniter->run()
11 SYSTEMPATH\Commands\Server\rewrite.php(46): require_once('FCPATH\\index.php')
ERROR - 2022-12-16 17:48:53 --> mysqli_sql_exception: Unknown column 'detail_pembelian.id__bahan' in 'on clause' in C:\xampp\htdocs\polubi-snack\system\Database\MySQLi\Connection.php:292
Stack trace:
#0 C:\xampp\htdocs\polubi-snack\system\Database\MySQLi\Connection.php(292): mysqli->query('SELECT *\nFROM `...', 0)
#1 C:\xampp\htdocs\polubi-snack\system\Database\BaseConnection.php(666): CodeIgniter\Database\MySQLi\Connection->execute('SELECT *\nFROM `...')
#2 C:\xampp\htdocs\polubi-snack\system\Database\BaseConnection.php(593): CodeIgniter\Database\BaseConnection->simpleQuery('SELECT *\nFROM `...')
#3 C:\xampp\htdocs\polubi-snack\system\Database\BaseBuilder.php(1585): CodeIgniter\Database\BaseConnection->query('SELECT *\nFROM `...', Array, false)
#4 C:\xampp\htdocs\polubi-snack\app\Models\DetailPembelianModel.php(52): CodeIgniter\Database\BaseBuilder->get()
#5 C:\xampp\htdocs\polubi-snack\app\Controllers\DetailPembelian.php(40): App\Models\DetailPembelianModel->itemDetailPembelian()
#6 C:\xampp\htdocs\polubi-snack\system\CodeIgniter.php(927): App\Controllers\DetailPembelian->item()
#7 C:\xampp\htdocs\polubi-snack\system\CodeIgniter.php(482): CodeIgniter\CodeIgniter->runController(Object(App\Controllers\DetailPembelian))
#8 C:\xampp\htdocs\polubi-snack\system\CodeIgniter.php(351): CodeIgniter\CodeIgniter->handleRequest(NULL, Object(Config\Cache), false)
#9 C:\xampp\htdocs\polubi-snack\public\index.php(67): CodeIgniter\CodeIgniter->run()
#10 C:\xampp\htdocs\polubi-snack\system\Commands\Server\rewrite.php(46): require_once('C:\\xampp\\htdocs...')
#11 {main}
CRITICAL - 2022-12-16 17:48:53 --> Unknown column 'detail_pembelian.id__bahan' in 'on clause'
in SYSTEMPATH\Database\MySQLi\Connection.php on line 292.
 1 SYSTEMPATH\Database\MySQLi\Connection.php(292): mysqli->query('SELECT *
FROM `detail_pembelian`
JOIN `persediaan_bahan` ON `persediaan_bahan`.`id_bahan` = `detail_pembelian`.`id__bahan`
WHERE `detail_pembelian`.`no_transaksi_pembelian` = \'TRS1612220001\'
AND `detail_pembelian`.`status_aktif` = 1', 0)
 2 SYSTEMPATH\Database\BaseConnection.php(666): CodeIgniter\Database\MySQLi\Connection->execute('SELECT *
FROM `detail_pembelian`
JOIN `persediaan_bahan` ON `persediaan_bahan`.`id_bahan` = `detail_pembelian`.`id__bahan`
WHERE `detail_pembelian`.`no_transaksi_pembelian` = \'TRS1612220001\'
AND `detail_pembelian`.`status_aktif` = 1')
 3 SYSTEMPATH\Database\BaseConnection.php(593): CodeIgniter\Database\BaseConnection->simpleQuery('SELECT *
FROM `detail_pembelian`
JOIN `persediaan_bahan` ON `persediaan_bahan`.`id_bahan` = `detail_pembelian`.`id__bahan`
WHERE `detail_pembelian`.`no_transaksi_pembelian` = \'TRS1612220001\'
AND `detail_pembelian`.`status_aktif` = 1')
 4 SYSTEMPATH\Database\BaseBuilder.php(1585): CodeIgniter\Database\BaseConnection->query('SELECT *
FROM `detail_pembelian`
JOIN `persediaan_bahan` ON `persediaan_bahan`.`id_bahan` = `detail_pembelian`.`id__bahan`
WHERE `detail_pembelian`.`no_transaksi_pembelian` = :detail_pembelian.no_transaksi_pembelian:
AND `detail_pembelian`.`status_aktif` = :detail_pembelian.status_aktif:', [...], false)
 5 APPPATH\Models\DetailPembelianModel.php(52): CodeIgniter\Database\BaseBuilder->get()
 6 APPPATH\Controllers\DetailPembelian.php(40): App\Models\DetailPembelianModel->itemDetailPembelian()
 7 SYSTEMPATH\CodeIgniter.php(927): App\Controllers\DetailPembelian->item()
 8 SYSTEMPATH\CodeIgniter.php(482): CodeIgniter\CodeIgniter->runController(Object(App\Controllers\DetailPembelian))
 9 SYSTEMPATH\CodeIgniter.php(351): CodeIgniter\CodeIgniter->handleRequest(null, Object(Config\Cache), false)
10 FCPATH\index.php(67): CodeIgniter\CodeIgniter->run()
11 SYSTEMPATH\Commands\Server\rewrite.php(46): require_once('FCPATH\\index.php')
ERROR - 2022-12-16 17:48:56 --> mysqli_sql_exception: Unknown column 'detail_pembelian.id__bahan' in 'on clause' in C:\xampp\htdocs\polubi-snack\system\Database\MySQLi\Connection.php:292
Stack trace:
#0 C:\xampp\htdocs\polubi-snack\system\Database\MySQLi\Connection.php(292): mysqli->query('SELECT *\nFROM `...', 0)
#1 C:\xampp\htdocs\polubi-snack\system\Database\BaseConnection.php(666): CodeIgniter\Database\MySQLi\Connection->execute('SELECT *\nFROM `...')
#2 C:\xampp\htdocs\polubi-snack\system\Database\BaseConnection.php(593): CodeIgniter\Database\BaseConnection->simpleQuery('SELECT *\nFROM `...')
#3 C:\xampp\htdocs\polubi-snack\system\Database\BaseBuilder.php(1585): CodeIgniter\Database\BaseConnection->query('SELECT *\nFROM `...', Array, false)
#4 C:\xampp\htdocs\polubi-snack\app\Models\DetailPembelianModel.php(52): CodeIgniter\Database\BaseBuilder->get()
#5 C:\xampp\htdocs\polubi-snack\app\Controllers\DetailPembelian.php(40): App\Models\DetailPembelianModel->itemDetailPembelian()
#6 C:\xampp\htdocs\polubi-snack\system\CodeIgniter.php(927): App\Controllers\DetailPembelian->item()
#7 C:\xampp\htdocs\polubi-snack\system\CodeIgniter.php(482): CodeIgniter\CodeIgniter->runController(Object(App\Controllers\DetailPembelian))
#8 C:\xampp\htdocs\polubi-snack\system\CodeIgniter.php(351): CodeIgniter\CodeIgniter->handleRequest(NULL, Object(Config\Cache), false)
#9 C:\xampp\htdocs\polubi-snack\public\index.php(67): CodeIgniter\CodeIgniter->run()
#10 C:\xampp\htdocs\polubi-snack\system\Commands\Server\rewrite.php(46): require_once('C:\\xampp\\htdocs...')
#11 {main}
CRITICAL - 2022-12-16 17:48:56 --> Unknown column 'detail_pembelian.id__bahan' in 'on clause'
in SYSTEMPATH\Database\MySQLi\Connection.php on line 292.
 1 SYSTEMPATH\Database\MySQLi\Connection.php(292): mysqli->query('SELECT *
FROM `detail_pembelian`
JOIN `persediaan_bahan` ON `persediaan_bahan`.`id_bahan` = `detail_pembelian`.`id__bahan`
WHERE `detail_pembelian`.`no_transaksi_pembelian` = \'TRS1612220001\'
AND `detail_pembelian`.`status_aktif` = 1', 0)
 2 SYSTEMPATH\Database\BaseConnection.php(666): CodeIgniter\Database\MySQLi\Connection->execute('SELECT *
FROM `detail_pembelian`
JOIN `persediaan_bahan` ON `persediaan_bahan`.`id_bahan` = `detail_pembelian`.`id__bahan`
WHERE `detail_pembelian`.`no_transaksi_pembelian` = \'TRS1612220001\'
AND `detail_pembelian`.`status_aktif` = 1')
 3 SYSTEMPATH\Database\BaseConnection.php(593): CodeIgniter\Database\BaseConnection->simpleQuery('SELECT *
FROM `detail_pembelian`
JOIN `persediaan_bahan` ON `persediaan_bahan`.`id_bahan` = `detail_pembelian`.`id__bahan`
WHERE `detail_pembelian`.`no_transaksi_pembelian` = \'TRS1612220001\'
AND `detail_pembelian`.`status_aktif` = 1')
 4 SYSTEMPATH\Database\BaseBuilder.php(1585): CodeIgniter\Database\BaseConnection->query('SELECT *
FROM `detail_pembelian`
JOIN `persediaan_bahan` ON `persediaan_bahan`.`id_bahan` = `detail_pembelian`.`id__bahan`
WHERE `detail_pembelian`.`no_transaksi_pembelian` = :detail_pembelian.no_transaksi_pembelian:
AND `detail_pembelian`.`status_aktif` = :detail_pembelian.status_aktif:', [...], false)
 5 APPPATH\Models\DetailPembelianModel.php(52): CodeIgniter\Database\BaseBuilder->get()
 6 APPPATH\Controllers\DetailPembelian.php(40): App\Models\DetailPembelianModel->itemDetailPembelian()
 7 SYSTEMPATH\CodeIgniter.php(927): App\Controllers\DetailPembelian->item()
 8 SYSTEMPATH\CodeIgniter.php(482): CodeIgniter\CodeIgniter->runController(Object(App\Controllers\DetailPembelian))
 9 SYSTEMPATH\CodeIgniter.php(351): CodeIgniter\CodeIgniter->handleRequest(null, Object(Config\Cache), false)
10 FCPATH\index.php(67): CodeIgniter\CodeIgniter->run()
11 SYSTEMPATH\Commands\Server\rewrite.php(46): require_once('FCPATH\\index.php')
ERROR - 2022-12-16 17:52:28 --> mysqli_sql_exception: Unknown column 'detail_pembelian.id__bahan' in 'on clause' in C:\xampp\htdocs\polubi-snack\system\Database\MySQLi\Connection.php:292
Stack trace:
#0 C:\xampp\htdocs\polubi-snack\system\Database\MySQLi\Connection.php(292): mysqli->query('SELECT *\nFROM `...', 0)
#1 C:\xampp\htdocs\polubi-snack\system\Database\BaseConnection.php(666): CodeIgniter\Database\MySQLi\Connection->execute('SELECT *\nFROM `...')
#2 C:\xampp\htdocs\polubi-snack\system\Database\BaseConnection.php(593): CodeIgniter\Database\BaseConnection->simpleQuery('SELECT *\nFROM `...')
#3 C:\xampp\htdocs\polubi-snack\system\Database\BaseBuilder.php(1585): CodeIgniter\Database\BaseConnection->query('SELECT *\nFROM `...', Array, false)
#4 C:\xampp\htdocs\polubi-snack\app\Models\DetailPembelianModel.php(52): CodeIgniter\Database\BaseBuilder->get()
#5 C:\xampp\htdocs\polubi-snack\app\Controllers\DetailPembelian.php(40): App\Models\DetailPembelianModel->itemDetailPembelian()
#6 C:\xampp\htdocs\polubi-snack\system\CodeIgniter.php(927): App\Controllers\DetailPembelian->item()
#7 C:\xampp\htdocs\polubi-snack\system\CodeIgniter.php(482): CodeIgniter\CodeIgniter->runController(Object(App\Controllers\DetailPembelian))
#8 C:\xampp\htdocs\polubi-snack\system\CodeIgniter.php(351): CodeIgniter\CodeIgniter->handleRequest(NULL, Object(Config\Cache), false)
#9 C:\xampp\htdocs\polubi-snack\public\index.php(67): CodeIgniter\CodeIgniter->run()
#10 C:\xampp\htdocs\polubi-snack\system\Commands\Server\rewrite.php(46): require_once('C:\\xampp\\htdocs...')
#11 {main}
CRITICAL - 2022-12-16 17:52:28 --> Unknown column 'detail_pembelian.id__bahan' in 'on clause'
in SYSTEMPATH\Database\MySQLi\Connection.php on line 292.
 1 SYSTEMPATH\Database\MySQLi\Connection.php(292): mysqli->query('SELECT *
FROM `detail_pembelian`
JOIN `persediaan_bahan` ON `persediaan_bahan`.`id_bahan` = `detail_pembelian`.`id__bahan`
WHERE `detail_pembelian`.`no_transaksi_pembelian` = \'TRS1612220001\'
AND `detail_pembelian`.`status_aktif` = 1', 0)
 2 SYSTEMPATH\Database\BaseConnection.php(666): CodeIgniter\Database\MySQLi\Connection->execute('SELECT *
FROM `detail_pembelian`
JOIN `persediaan_bahan` ON `persediaan_bahan`.`id_bahan` = `detail_pembelian`.`id__bahan`
WHERE `detail_pembelian`.`no_transaksi_pembelian` = \'TRS1612220001\'
AND `detail_pembelian`.`status_aktif` = 1')
 3 SYSTEMPATH\Database\BaseConnection.php(593): CodeIgniter\Database\BaseConnection->simpleQuery('SELECT *
FROM `detail_pembelian`
JOIN `persediaan_bahan` ON `persediaan_bahan`.`id_bahan` = `detail_pembelian`.`id__bahan`
WHERE `detail_pembelian`.`no_transaksi_pembelian` = \'TRS1612220001\'
AND `detail_pembelian`.`status_aktif` = 1')
 4 SYSTEMPATH\Database\BaseBuilder.php(1585): CodeIgniter\Database\BaseConnection->query('SELECT *
FROM `detail_pembelian`
JOIN `persediaan_bahan` ON `persediaan_bahan`.`id_bahan` = `detail_pembelian`.`id__bahan`
WHERE `detail_pembelian`.`no_transaksi_pembelian` = :detail_pembelian.no_transaksi_pembelian:
AND `detail_pembelian`.`status_aktif` = :detail_pembelian.status_aktif:', [...], false)
 5 APPPATH\Models\DetailPembelianModel.php(52): CodeIgniter\Database\BaseBuilder->get()
 6 APPPATH\Controllers\DetailPembelian.php(40): App\Models\DetailPembelianModel->itemDetailPembelian()
 7 SYSTEMPATH\CodeIgniter.php(927): App\Controllers\DetailPembelian->item()
 8 SYSTEMPATH\CodeIgniter.php(482): CodeIgniter\CodeIgniter->runController(Object(App\Controllers\DetailPembelian))
 9 SYSTEMPATH\CodeIgniter.php(351): CodeIgniter\CodeIgniter->handleRequest(null, Object(Config\Cache), false)
10 FCPATH\index.php(67): CodeIgniter\CodeIgniter->run()
11 SYSTEMPATH\Commands\Server\rewrite.php(46): require_once('FCPATH\\index.php')
CRITICAL - 2022-12-16 17:53:08 --> Undefined array key "jumlah_total_pembelian"
in APPPATH\Models\DetailPembelianModel.php on line 82.
 1 APPPATH\Models\DetailPembelianModel.php(82): CodeIgniter\Debug\Exceptions->errorHandler(2, 'Undefined array key "jumlah_total_pembelian"', 'APPPATH\\Models\\DetailPembelianModel.php', 82)
 2 APPPATH\Controllers\DetailPembelian.php(64): App\Models\DetailPembelianModel->saveDetailPembelian()
 3 SYSTEMPATH\CodeIgniter.php(927): App\Controllers\DetailPembelian->save()
 4 SYSTEMPATH\CodeIgniter.php(482): CodeIgniter\CodeIgniter->runController(Object(App\Controllers\DetailPembelian))
 5 SYSTEMPATH\CodeIgniter.php(351): CodeIgniter\CodeIgniter->handleRequest(null, Object(Config\Cache), false)
 6 FCPATH\index.php(67): CodeIgniter\CodeIgniter->run()
 7 SYSTEMPATH\Commands\Server\rewrite.php(46): require_once('FCPATH\\index.php')
ERROR - 2022-12-16 17:54:34 --> mysqli_sql_exception: Unknown column 'detail_pembelian.id__bahan' in 'on clause' in C:\xampp\htdocs\polubi-snack\system\Database\MySQLi\Connection.php:292
Stack trace:
#0 C:\xampp\htdocs\polubi-snack\system\Database\MySQLi\Connection.php(292): mysqli->query('SELECT *\nFROM `...', 0)
#1 C:\xampp\htdocs\polubi-snack\system\Database\BaseConnection.php(666): CodeIgniter\Database\MySQLi\Connection->execute('SELECT *\nFROM `...')
#2 C:\xampp\htdocs\polubi-snack\system\Database\BaseConnection.php(593): CodeIgniter\Database\BaseConnection->simpleQuery('SELECT *\nFROM `...')
#3 C:\xampp\htdocs\polubi-snack\system\Database\BaseBuilder.php(1585): CodeIgniter\Database\BaseConnection->query('SELECT *\nFROM `...', Array, false)
#4 C:\xampp\htdocs\polubi-snack\app\Models\DetailPembelianModel.php(52): CodeIgniter\Database\BaseBuilder->get()
#5 C:\xampp\htdocs\polubi-snack\app\Controllers\DetailPembelian.php(40): App\Models\DetailPembelianModel->itemDetailPembelian()
#6 C:\xampp\htdocs\polubi-snack\system\CodeIgniter.php(927): App\Controllers\DetailPembelian->item()
#7 C:\xampp\htdocs\polubi-snack\system\CodeIgniter.php(482): CodeIgniter\CodeIgniter->runController(Object(App\Controllers\DetailPembelian))
#8 C:\xampp\htdocs\polubi-snack\system\CodeIgniter.php(351): CodeIgniter\CodeIgniter->handleRequest(NULL, Object(Config\Cache), false)
#9 C:\xampp\htdocs\polubi-snack\public\index.php(67): CodeIgniter\CodeIgniter->run()
#10 C:\xampp\htdocs\polubi-snack\system\Commands\Server\rewrite.php(46): require_once('C:\\xampp\\htdocs...')
#11 {main}
CRITICAL - 2022-12-16 17:54:34 --> Unknown column 'detail_pembelian.id__bahan' in 'on clause'
in SYSTEMPATH\Database\MySQLi\Connection.php on line 292.
 1 SYSTEMPATH\Database\MySQLi\Connection.php(292): mysqli->query('SELECT *
FROM `detail_pembelian`
JOIN `persediaan_bahan` ON `persediaan_bahan`.`id_bahan` = `detail_pembelian`.`id__bahan`
WHERE `detail_pembelian`.`no_transaksi_pembelian` = \'TRS1612220001\'
AND `detail_pembelian`.`status_aktif` = 1', 0)
 2 SYSTEMPATH\Database\BaseConnection.php(666): CodeIgniter\Database\MySQLi\Connection->execute('SELECT *
FROM `detail_pembelian`
JOIN `persediaan_bahan` ON `persediaan_bahan`.`id_bahan` = `detail_pembelian`.`id__bahan`
WHERE `detail_pembelian`.`no_transaksi_pembelian` = \'TRS1612220001\'
AND `detail_pembelian`.`status_aktif` = 1')
 3 SYSTEMPATH\Database\BaseConnection.php(593): CodeIgniter\Database\BaseConnection->simpleQuery('SELECT *
FROM `detail_pembelian`
JOIN `persediaan_bahan` ON `persediaan_bahan`.`id_bahan` = `detail_pembelian`.`id__bahan`
WHERE `detail_pembelian`.`no_transaksi_pembelian` = \'TRS1612220001\'
AND `detail_pembelian`.`status_aktif` = 1')
 4 SYSTEMPATH\Database\BaseBuilder.php(1585): CodeIgniter\Database\BaseConnection->query('SELECT *
FROM `detail_pembelian`
JOIN `persediaan_bahan` ON `persediaan_bahan`.`id_bahan` = `detail_pembelian`.`id__bahan`
WHERE `detail_pembelian`.`no_transaksi_pembelian` = :detail_pembelian.no_transaksi_pembelian:
AND `detail_pembelian`.`status_aktif` = :detail_pembelian.status_aktif:', [...], false)
 5 APPPATH\Models\DetailPembelianModel.php(52): CodeIgniter\Database\BaseBuilder->get()
 6 APPPATH\Controllers\DetailPembelian.php(40): App\Models\DetailPembelianModel->itemDetailPembelian()
 7 SYSTEMPATH\CodeIgniter.php(927): App\Controllers\DetailPembelian->item()
 8 SYSTEMPATH\CodeIgniter.php(482): CodeIgniter\CodeIgniter->runController(Object(App\Controllers\DetailPembelian))
 9 SYSTEMPATH\CodeIgniter.php(351): CodeIgniter\CodeIgniter->handleRequest(null, Object(Config\Cache), false)
10 FCPATH\index.php(67): CodeIgniter\CodeIgniter->run()
11 SYSTEMPATH\Commands\Server\rewrite.php(46): require_once('FCPATH\\index.php')
ERROR - 2022-12-16 18:28:44 --> mysqli_sql_exception: Cannot add or update a child row: a foreign key constraint fails (`polubi_snack_2`.`jurnal`, CONSTRAINT `jurnal_ibfk_1` FOREIGN KEY (`no_transaksi`) REFERENCES `transaksi` (`no_transaksi`)) in C:\xampp\htdocs\polubi-snack\system\Database\MySQLi\Connection.php:292
Stack trace:
#0 C:\xampp\htdocs\polubi-snack\system\Database\MySQLi\Connection.php(292): mysqli->query('INSERT INTO `ju...', 0)
#1 C:\xampp\htdocs\polubi-snack\system\Database\BaseConnection.php(666): CodeIgniter\Database\MySQLi\Connection->execute('INSERT INTO `ju...')
#2 C:\xampp\htdocs\polubi-snack\system\Database\BaseConnection.php(593): CodeIgniter\Database\BaseConnection->simpleQuery('INSERT INTO `ju...')
#3 C:\xampp\htdocs\polubi-snack\system\Database\BaseBuilder.php(1778): CodeIgniter\Database\BaseConnection->query('INSERT INTO `ju...', NULL, false)
#4 C:\xampp\htdocs\polubi-snack\app\Models\PembayaranUtangPembelianModel.php(84): CodeIgniter\Database\BaseBuilder->insertBatch(Array)
#5 C:\xampp\htdocs\polubi-snack\app\Controllers\PembayaranUtangPembelian.php(56): App\Models\PembayaranUtangPembelianModel->storePembayaranUtangPembelian('2')
#6 C:\xampp\htdocs\polubi-snack\system\CodeIgniter.php(927): App\Controllers\PembayaranUtangPembelian->store('2')
#7 C:\xampp\htdocs\polubi-snack\system\CodeIgniter.php(482): CodeIgniter\CodeIgniter->runController(Object(App\Controllers\PembayaranUtangPembelian))
#8 C:\xampp\htdocs\polubi-snack\system\CodeIgniter.php(351): CodeIgniter\CodeIgniter->handleRequest(NULL, Object(Config\Cache), false)
#9 C:\xampp\htdocs\polubi-snack\public\index.php(67): CodeIgniter\CodeIgniter->run()
#10 C:\xampp\htdocs\polubi-snack\system\Commands\Server\rewrite.php(46): require_once('C:\\xampp\\htdocs...')
#11 {main}
CRITICAL - 2022-12-16 18:28:44 --> Cannot add or update a child row: a foreign key constraint fails (`polubi_snack_2`.`jurnal`, CONSTRAINT `jurnal_ibfk_1` FOREIGN KEY (`no_transaksi`) REFERENCES `transaksi` (`no_transaksi`))
in SYSTEMPATH\Database\MySQLi\Connection.php on line 292.
 1 SYSTEMPATH\Database\MySQLi\Connection.php(292): mysqli->query('INSERT INTO `jurnal` (`debit_kredit`, `deskripsi_jurnal`, `kode_akun`, `no_transaksi`, `nominal_jurnal`, `status_aktif`, `tanggal_jurnal`) VALUES (\'Debit\',\'Pembayaran Utang\',20000,\'TRS1612220003\',\'50000\',1,\'2022-12-16\'), (\'Kredit\',\'Pembayaran Utang\',10000,\'TRS1612220003\',\'50000\',1,\'2022-12-16\')', 0)
 2 SYSTEMPATH\Database\BaseConnection.php(666): CodeIgniter\Database\MySQLi\Connection->execute('INSERT INTO `jurnal` (`debit_kredit`, `deskripsi_jurnal`, `kode_akun`, `no_transaksi`, `nominal_jurnal`, `status_aktif`, `tanggal_jurnal`) VALUES (\'Debit\',\'Pembayaran Utang\',20000,\'TRS1612220003\',\'50000\',1,\'2022-12-16\'), (\'Kredit\',\'Pembayaran Utang\',10000,\'TRS1612220003\',\'50000\',1,\'2022-12-16\')')
 3 SYSTEMPATH\Database\BaseConnection.php(593): CodeIgniter\Database\BaseConnection->simpleQuery('INSERT INTO `jurnal` (`debit_kredit`, `deskripsi_jurnal`, `kode_akun`, `no_transaksi`, `nominal_jurnal`, `status_aktif`, `tanggal_jurnal`) VALUES (\'Debit\',\'Pembayaran Utang\',20000,\'TRS1612220003\',\'50000\',1,\'2022-12-16\'), (\'Kredit\',\'Pembayaran Utang\',10000,\'TRS1612220003\',\'50000\',1,\'2022-12-16\')')
 4 SYSTEMPATH\Database\BaseBuilder.php(1778): CodeIgniter\Database\BaseConnection->query('INSERT INTO `jurnal` (`debit_kredit`, `deskripsi_jurnal`, `kode_akun`, `no_transaksi`, `nominal_jurnal`, `status_aktif`, `tanggal_jurnal`) VALUES (\'Debit\',\'Pembayaran Utang\',20000,\'TRS1612220003\',\'50000\',1,\'2022-12-16\'), (\'Kredit\',\'Pembayaran Utang\',10000,\'TRS1612220003\',\'50000\',1,\'2022-12-16\')', null, false)
 5 APPPATH\Models\PembayaranUtangPembelianModel.php(84): CodeIgniter\Database\BaseBuilder->insertBatch([...])
 6 APPPATH\Controllers\PembayaranUtangPembelian.php(56): App\Models\PembayaranUtangPembelianModel->storePembayaranUtangPembelian('2')
 7 SYSTEMPATH\CodeIgniter.php(927): App\Controllers\PembayaranUtangPembelian->store('2')
 8 SYSTEMPATH\CodeIgniter.php(482): CodeIgniter\CodeIgniter->runController(Object(App\Controllers\PembayaranUtangPembelian))
 9 SYSTEMPATH\CodeIgniter.php(351): CodeIgniter\CodeIgniter->handleRequest(null, Object(Config\Cache), false)
10 FCPATH\index.php(67): CodeIgniter\CodeIgniter->run()
11 SYSTEMPATH\Commands\Server\rewrite.php(46): require_once('FCPATH\\index.php')
ERROR - 2022-12-16 18:29:50 --> mysqli_sql_exception: Cannot add or update a child row: a foreign key constraint fails (`polubi_snack_2`.`jurnal`, CONSTRAINT `jurnal_ibfk_2` FOREIGN KEY (`kode_akun`) REFERENCES `bagan_akun` (`kode_akun`)) in C:\xampp\htdocs\polubi-snack\system\Database\MySQLi\Connection.php:292
Stack trace:
#0 C:\xampp\htdocs\polubi-snack\system\Database\MySQLi\Connection.php(292): mysqli->query('INSERT INTO `ju...', 0)
#1 C:\xampp\htdocs\polubi-snack\system\Database\BaseConnection.php(666): CodeIgniter\Database\MySQLi\Connection->execute('INSERT INTO `ju...')
#2 C:\xampp\htdocs\polubi-snack\system\Database\BaseConnection.php(593): CodeIgniter\Database\BaseConnection->simpleQuery('INSERT INTO `ju...')
#3 C:\xampp\htdocs\polubi-snack\system\Database\BaseBuilder.php(1778): CodeIgniter\Database\BaseConnection->query('INSERT INTO `ju...', NULL, false)
#4 C:\xampp\htdocs\polubi-snack\app\Models\PembayaranUtangPembelianModel.php(85): CodeIgniter\Database\BaseBuilder->insertBatch(Array)
#5 C:\xampp\htdocs\polubi-snack\app\Controllers\PembayaranUtangPembelian.php(56): App\Models\PembayaranUtangPembelianModel->storePembayaranUtangPembelian('2')
#6 C:\xampp\htdocs\polubi-snack\system\CodeIgniter.php(927): App\Controllers\PembayaranUtangPembelian->store('2')
#7 C:\xampp\htdocs\polubi-snack\system\CodeIgniter.php(482): CodeIgniter\CodeIgniter->runController(Object(App\Controllers\PembayaranUtangPembelian))
#8 C:\xampp\htdocs\polubi-snack\system\CodeIgniter.php(351): CodeIgniter\CodeIgniter->handleRequest(NULL, Object(Config\Cache), false)
#9 C:\xampp\htdocs\polubi-snack\public\index.php(67): CodeIgniter\CodeIgniter->run()
#10 C:\xampp\htdocs\polubi-snack\system\Commands\Server\rewrite.php(46): require_once('C:\\xampp\\htdocs...')
#11 {main}
CRITICAL - 2022-12-16 18:29:50 --> Cannot add or update a child row: a foreign key constraint fails (`polubi_snack_2`.`jurnal`, CONSTRAINT `jurnal_ibfk_2` FOREIGN KEY (`kode_akun`) REFERENCES `bagan_akun` (`kode_akun`))
in SYSTEMPATH\Database\MySQLi\Connection.php on line 292.
 1 SYSTEMPATH\Database\MySQLi\Connection.php(292): mysqli->query('INSERT INTO `jurnal` (`debit_kredit`, `deskripsi_jurnal`, `kode_akun`, `no_transaksi`, `nominal_jurnal`, `status_aktif`, `tanggal_jurnal`) VALUES (\'Debit\',\'Pembayaran Utang\',20000,\'TRS1612220003\',\'50000\',1,\'2022-12-16\'), (\'Kredit\',\'Pembayaran Utang\',10000,\'TRS1612220003\',\'50000\',1,\'2022-12-16\')', 0)
 2 SYSTEMPATH\Database\BaseConnection.php(666): CodeIgniter\Database\MySQLi\Connection->execute('INSERT INTO `jurnal` (`debit_kredit`, `deskripsi_jurnal`, `kode_akun`, `no_transaksi`, `nominal_jurnal`, `status_aktif`, `tanggal_jurnal`) VALUES (\'Debit\',\'Pembayaran Utang\',20000,\'TRS1612220003\',\'50000\',1,\'2022-12-16\'), (\'Kredit\',\'Pembayaran Utang\',10000,\'TRS1612220003\',\'50000\',1,\'2022-12-16\')')
 3 SYSTEMPATH\Database\BaseConnection.php(593): CodeIgniter\Database\BaseConnection->simpleQuery('INSERT INTO `jurnal` (`debit_kredit`, `deskripsi_jurnal`, `kode_akun`, `no_transaksi`, `nominal_jurnal`, `status_aktif`, `tanggal_jurnal`) VALUES (\'Debit\',\'Pembayaran Utang\',20000,\'TRS1612220003\',\'50000\',1,\'2022-12-16\'), (\'Kredit\',\'Pembayaran Utang\',10000,\'TRS1612220003\',\'50000\',1,\'2022-12-16\')')
 4 SYSTEMPATH\Database\BaseBuilder.php(1778): CodeIgniter\Database\BaseConnection->query('INSERT INTO `jurnal` (`debit_kredit`, `deskripsi_jurnal`, `kode_akun`, `no_transaksi`, `nominal_jurnal`, `status_aktif`, `tanggal_jurnal`) VALUES (\'Debit\',\'Pembayaran Utang\',20000,\'TRS1612220003\',\'50000\',1,\'2022-12-16\'), (\'Kredit\',\'Pembayaran Utang\',10000,\'TRS1612220003\',\'50000\',1,\'2022-12-16\')', null, false)
 5 APPPATH\Models\PembayaranUtangPembelianModel.php(85): CodeIgniter\Database\BaseBuilder->insertBatch([...])
 6 APPPATH\Controllers\PembayaranUtangPembelian.php(56): App\Models\PembayaranUtangPembelianModel->storePembayaranUtangPembelian('2')
 7 SYSTEMPATH\CodeIgniter.php(927): App\Controllers\PembayaranUtangPembelian->store('2')
 8 SYSTEMPATH\CodeIgniter.php(482): CodeIgniter\CodeIgniter->runController(Object(App\Controllers\PembayaranUtangPembelian))
 9 SYSTEMPATH\CodeIgniter.php(351): CodeIgniter\CodeIgniter->handleRequest(null, Object(Config\Cache), false)
10 FCPATH\index.php(67): CodeIgniter\CodeIgniter->run()
11 SYSTEMPATH\Commands\Server\rewrite.php(46): require_once('FCPATH\\index.php')
