CRITICAL - 2023-01-22 21:09:22 --> Undefined variable $data
in APPPATH\Views\master-data\bill-of-material\index.php on line 46.
 1 APPPATH\Views\master-data\bill-of-material\index.php(46): CodeIgniter\Debug\Exceptions->errorHandler(2, 'Undefined variable $data', 'APPPATH\\Views\\master-data\\bill-of-material\\index.php', 46)
 2 SYSTEMPATH\View\View.php(213): include('APPPATH\\Views\\master-data\\bill-of-material\\index.php')
 3 SYSTEMPATH\View\View.php(216): CodeIgniter\View\View->CodeIgniter\View\{closure}()
 4 SYSTEMPATH\Common.php(1134): CodeIgniter\View\View->render('master-data/bill-of-material/index', [], true)
 5 APPPATH\Controllers\BillOfMaterial.php(29): view('master-data/bill-of-material/index', [...])
 6 SYSTEMPATH\CodeIgniter.php(927): App\Controllers\BillOfMaterial->index()
 7 SYSTEMPATH\CodeIgniter.php(482): CodeIgniter\CodeIgniter->runController(Object(App\Controllers\BillOfMaterial))
 8 SYSTEMPATH\CodeIgniter.php(351): CodeIgniter\CodeIgniter->handleRequest(null, Object(Config\Cache), false)
 9 FCPATH\index.php(67): CodeIgniter\CodeIgniter->run()
10 SYSTEMPATH\Commands\Server\rewrite.php(46): require_once('FCPATH\\index.php')
ERROR - 2023-01-22 23:58:53 --> mysqli_sql_exception: Unknown column 'bil_of_material.status_aktif' in 'where clause' in C:\xampp\htdocs\polubi-snack-ci\system\Database\MySQLi\Connection.php:292
Stack trace:
#0 C:\xampp\htdocs\polubi-snack-ci\system\Database\MySQLi\Connection.php(292): mysqli->query('SELECT *\nFROM `...', 0)
#1 C:\xampp\htdocs\polubi-snack-ci\system\Database\BaseConnection.php(666): CodeIgniter\Database\MySQLi\Connection->execute('SELECT *\nFROM `...')
#2 C:\xampp\htdocs\polubi-snack-ci\system\Database\BaseConnection.php(593): CodeIgniter\Database\BaseConnection->simpleQuery('SELECT *\nFROM `...')
#3 C:\xampp\htdocs\polubi-snack-ci\system\Database\BaseBuilder.php(1585): CodeIgniter\Database\BaseConnection->query('SELECT *\nFROM `...', Array, false)
#4 C:\xampp\htdocs\polubi-snack-ci\app\Models\BillOfMaterialModel.php(23): CodeIgniter\Database\BaseBuilder->get()
#5 C:\xampp\htdocs\polubi-snack-ci\app\Controllers\BillOfMaterial.php(24): App\Models\BillOfMaterialModel->indexBillOfMaterial()
#6 C:\xampp\htdocs\polubi-snack-ci\system\CodeIgniter.php(927): App\Controllers\BillOfMaterial->index()
#7 C:\xampp\htdocs\polubi-snack-ci\system\CodeIgniter.php(482): CodeIgniter\CodeIgniter->runController(Object(App\Controllers\BillOfMaterial))
#8 C:\xampp\htdocs\polubi-snack-ci\system\CodeIgniter.php(351): CodeIgniter\CodeIgniter->handleRequest(NULL, Object(Config\Cache), false)
#9 C:\xampp\htdocs\polubi-snack-ci\public\index.php(67): CodeIgniter\CodeIgniter->run()
#10 C:\xampp\htdocs\polubi-snack-ci\system\Commands\Server\rewrite.php(46): require_once('C:\\xampp\\htdocs...')
#11 {main}
CRITICAL - 2023-01-22 23:58:53 --> Unknown column 'bil_of_material.status_aktif' in 'where clause'
in SYSTEMPATH\Database\MySQLi\Connection.php on line 292.
 1 SYSTEMPATH\Database\MySQLi\Connection.php(292): mysqli->query('SELECT *
FROM `bill_of_material`
JOIN `produk` ON `produk`.`id_produk` = `bill_of_material`.`id_produk`
WHERE `bil_of_material`.`status_aktif` = 1
AND `id_perusahaan` = \'1\'', 0)
 2 SYSTEMPATH\Database\BaseConnection.php(666): CodeIgniter\Database\MySQLi\Connection->execute('SELECT *
FROM `bill_of_material`
JOIN `produk` ON `produk`.`id_produk` = `bill_of_material`.`id_produk`
WHERE `bil_of_material`.`status_aktif` = 1
AND `id_perusahaan` = \'1\'')
 3 SYSTEMPATH\Database\BaseConnection.php(593): CodeIgniter\Database\BaseConnection->simpleQuery('SELECT *
FROM `bill_of_material`
JOIN `produk` ON `produk`.`id_produk` = `bill_of_material`.`id_produk`
WHERE `bil_of_material`.`status_aktif` = 1
AND `id_perusahaan` = \'1\'')
 4 SYSTEMPATH\Database\BaseBuilder.php(1585): CodeIgniter\Database\BaseConnection->query('SELECT *
FROM `bill_of_material`
JOIN `produk` ON `produk`.`id_produk` = `bill_of_material`.`id_produk`
WHERE `bil_of_material`.`status_aktif` = :bil_of_material.status_aktif:
AND `id_perusahaan` = :id_perusahaan:', [...], false)
 5 APPPATH\Models\BillOfMaterialModel.php(23): CodeIgniter\Database\BaseBuilder->get()
 6 APPPATH\Controllers\BillOfMaterial.php(24): App\Models\BillOfMaterialModel->indexBillOfMaterial()
 7 SYSTEMPATH\CodeIgniter.php(927): App\Controllers\BillOfMaterial->index()
 8 SYSTEMPATH\CodeIgniter.php(482): CodeIgniter\CodeIgniter->runController(Object(App\Controllers\BillOfMaterial))
 9 SYSTEMPATH\CodeIgniter.php(351): CodeIgniter\CodeIgniter->handleRequest(null, Object(Config\Cache), false)
10 FCPATH\index.php(67): CodeIgniter\CodeIgniter->run()
11 SYSTEMPATH\Commands\Server\rewrite.php(46): require_once('FCPATH\\index.php')
ERROR - 2023-01-22 23:59:27 --> mysqli_sql_exception: Unknown column 'bill.of_material.id_perusahaan' in 'where clause' in C:\xampp\htdocs\polubi-snack-ci\system\Database\MySQLi\Connection.php:292
Stack trace:
#0 C:\xampp\htdocs\polubi-snack-ci\system\Database\MySQLi\Connection.php(292): mysqli->query('SELECT *\nFROM `...', 0)
#1 C:\xampp\htdocs\polubi-snack-ci\system\Database\BaseConnection.php(666): CodeIgniter\Database\MySQLi\Connection->execute('SELECT *\nFROM `...')
#2 C:\xampp\htdocs\polubi-snack-ci\system\Database\BaseConnection.php(593): CodeIgniter\Database\BaseConnection->simpleQuery('SELECT *\nFROM `...')
#3 C:\xampp\htdocs\polubi-snack-ci\system\Database\BaseBuilder.php(1585): CodeIgniter\Database\BaseConnection->query('SELECT *\nFROM `...', Array, false)
#4 C:\xampp\htdocs\polubi-snack-ci\app\Models\BillOfMaterialModel.php(24): CodeIgniter\Database\BaseBuilder->get()
#5 C:\xampp\htdocs\polubi-snack-ci\app\Controllers\BillOfMaterial.php(24): App\Models\BillOfMaterialModel->indexBillOfMaterial()
#6 C:\xampp\htdocs\polubi-snack-ci\system\CodeIgniter.php(927): App\Controllers\BillOfMaterial->index()
#7 C:\xampp\htdocs\polubi-snack-ci\system\CodeIgniter.php(482): CodeIgniter\CodeIgniter->runController(Object(App\Controllers\BillOfMaterial))
#8 C:\xampp\htdocs\polubi-snack-ci\system\CodeIgniter.php(351): CodeIgniter\CodeIgniter->handleRequest(NULL, Object(Config\Cache), false)
#9 C:\xampp\htdocs\polubi-snack-ci\public\index.php(67): CodeIgniter\CodeIgniter->run()
#10 C:\xampp\htdocs\polubi-snack-ci\system\Commands\Server\rewrite.php(46): require_once('C:\\xampp\\htdocs...')
#11 {main}
CRITICAL - 2023-01-22 23:59:27 --> Unknown column 'bill.of_material.id_perusahaan' in 'where clause'
in SYSTEMPATH\Database\MySQLi\Connection.php on line 292.
 1 SYSTEMPATH\Database\MySQLi\Connection.php(292): mysqli->query('SELECT *
FROM `bill_of_material`
JOIN `produk` ON `produk`.`id_produk` = `bill_of_material`.`id_produk`
WHERE `bill_of_material`.`status_aktif` = 1
AND `bill`.`of_material`.`id_perusahaan` = \'1\'', 0)
 2 SYSTEMPATH\Database\BaseConnection.php(666): CodeIgniter\Database\MySQLi\Connection->execute('SELECT *
FROM `bill_of_material`
JOIN `produk` ON `produk`.`id_produk` = `bill_of_material`.`id_produk`
WHERE `bill_of_material`.`status_aktif` = 1
AND `bill`.`of_material`.`id_perusahaan` = \'1\'')
 3 SYSTEMPATH\Database\BaseConnection.php(593): CodeIgniter\Database\BaseConnection->simpleQuery('SELECT *
FROM `bill_of_material`
JOIN `produk` ON `produk`.`id_produk` = `bill_of_material`.`id_produk`
WHERE `bill_of_material`.`status_aktif` = 1
AND `bill`.`of_material`.`id_perusahaan` = \'1\'')
 4 SYSTEMPATH\Database\BaseBuilder.php(1585): CodeIgniter\Database\BaseConnection->query('SELECT *
FROM `bill_of_material`
JOIN `produk` ON `produk`.`id_produk` = `bill_of_material`.`id_produk`
WHERE `bill_of_material`.`status_aktif` = :bill_of_material.status_aktif:
AND `bill`.`of_material`.`id_perusahaan` = :bill.of_material.id_perusahaan:', [...], false)
 5 APPPATH\Models\BillOfMaterialModel.php(24): CodeIgniter\Database\BaseBuilder->get()
 6 APPPATH\Controllers\BillOfMaterial.php(24): App\Models\BillOfMaterialModel->indexBillOfMaterial()
 7 SYSTEMPATH\CodeIgniter.php(927): App\Controllers\BillOfMaterial->index()
 8 SYSTEMPATH\CodeIgniter.php(482): CodeIgniter\CodeIgniter->runController(Object(App\Controllers\BillOfMaterial))
 9 SYSTEMPATH\CodeIgniter.php(351): CodeIgniter\CodeIgniter->handleRequest(null, Object(Config\Cache), false)
10 FCPATH\index.php(67): CodeIgniter\CodeIgniter->run()
11 SYSTEMPATH\Commands\Server\rewrite.php(46): require_once('FCPATH\\index.php')
CRITICAL - 2023-01-22 23:59:37 --> Undefined property: stdClass::$kode_bill_of_material
in APPPATH\Views\master-data\bill-of-material\index.php on line 55.
 1 APPPATH\Views\master-data\bill-of-material\index.php(55): CodeIgniter\Debug\Exceptions->errorHandler(2, 'Undefined property: stdClass::$kode_bill_of_material', 'APPPATH\\Views\\master-data\\bill-of-material\\index.php', 55)
 2 SYSTEMPATH\View\View.php(213): include('APPPATH\\Views\\master-data\\bill-of-material\\index.php')
 3 SYSTEMPATH\View\View.php(216): CodeIgniter\View\View->CodeIgniter\View\{closure}()
 4 SYSTEMPATH\Common.php(1134): CodeIgniter\View\View->render('master-data/bill-of-material/index', [], true)
 5 APPPATH\Controllers\BillOfMaterial.php(29): view('master-data/bill-of-material/index', [...])
 6 SYSTEMPATH\CodeIgniter.php(927): App\Controllers\BillOfMaterial->index()
 7 SYSTEMPATH\CodeIgniter.php(482): CodeIgniter\CodeIgniter->runController(Object(App\Controllers\BillOfMaterial))
 8 SYSTEMPATH\CodeIgniter.php(351): CodeIgniter\CodeIgniter->handleRequest(null, Object(Config\Cache), false)
 9 FCPATH\index.php(67): CodeIgniter\CodeIgniter->run()
10 SYSTEMPATH\Commands\Server\rewrite.php(46): require_once('FCPATH\\index.php')
