CRITICAL - 2022-12-25 00:15:21 --> Undefined variable $messsage
in APPPATH\Views\auth\login\login.php on line 19.
 1 APPPATH\Views\auth\login\login.php(19): CodeIgniter\Debug\Exceptions->errorHandler(2, 'Undefined variable $messsage', 'APPPATH\\Views\\auth\\login\\login.php', 19)
 2 SYSTEMPATH\View\View.php(213): include('APPPATH\\Views\\auth\\login\\login.php')
 3 SYSTEMPATH\View\View.php(216): CodeIgniter\View\View->CodeIgniter\View\{closure}()
 4 SYSTEMPATH\Common.php(1134): CodeIgniter\View\View->render('auth/login/login', [], true)
 5 APPPATH\Controllers\Login.php(28): view('auth/login/login', [...])
 6 SYSTEMPATH\CodeIgniter.php(927): App\Controllers\Login->index()
 7 SYSTEMPATH\CodeIgniter.php(482): CodeIgniter\CodeIgniter->runController(Object(App\Controllers\Login))
 8 SYSTEMPATH\CodeIgniter.php(351): CodeIgniter\CodeIgniter->handleRequest(null, Object(Config\Cache), false)
 9 FCPATH\index.php(67): CodeIgniter\CodeIgniter->run()
10 SYSTEMPATH\Commands\Server\rewrite.php(46): require_once('FCPATH\\index.php')
CRITICAL - 2022-12-25 00:15:52 --> Undefined variable $message
in APPPATH\Views\auth\login\login.php on line 19.
 1 APPPATH\Views\auth\login\login.php(19): CodeIgniter\Debug\Exceptions->errorHandler(2, 'Undefined variable $message', 'APPPATH\\Views\\auth\\login\\login.php', 19)
 2 SYSTEMPATH\View\View.php(213): include('APPPATH\\Views\\auth\\login\\login.php')
 3 SYSTEMPATH\View\View.php(216): CodeIgniter\View\View->CodeIgniter\View\{closure}()
 4 SYSTEMPATH\Common.php(1134): CodeIgniter\View\View->render('auth/login/login', [], true)
 5 APPPATH\Controllers\Login.php(28): view('auth/login/login', [...])
 6 SYSTEMPATH\CodeIgniter.php(927): App\Controllers\Login->index()
 7 SYSTEMPATH\CodeIgniter.php(482): CodeIgniter\CodeIgniter->runController(Object(App\Controllers\Login))
 8 SYSTEMPATH\CodeIgniter.php(351): CodeIgniter\CodeIgniter->handleRequest(null, Object(Config\Cache), false)
 9 FCPATH\index.php(67): CodeIgniter\CodeIgniter->run()
10 SYSTEMPATH\Commands\Server\rewrite.php(46): require_once('FCPATH\\index.php')
CRITICAL - 2022-12-25 00:16:38 --> Undefined variable $message
in APPPATH\Views\auth\login\login.php on line 19.
 1 APPPATH\Views\auth\login\login.php(19): CodeIgniter\Debug\Exceptions->errorHandler(2, 'Undefined variable $message', 'APPPATH\\Views\\auth\\login\\login.php', 19)
 2 SYSTEMPATH\View\View.php(213): include('APPPATH\\Views\\auth\\login\\login.php')
 3 SYSTEMPATH\View\View.php(216): CodeIgniter\View\View->CodeIgniter\View\{closure}()
 4 SYSTEMPATH\Common.php(1134): CodeIgniter\View\View->render('auth/login/login', [], true)
 5 APPPATH\Controllers\Login.php(28): view('auth/login/login', [...])
 6 SYSTEMPATH\CodeIgniter.php(927): App\Controllers\Login->index()
 7 SYSTEMPATH\CodeIgniter.php(482): CodeIgniter\CodeIgniter->runController(Object(App\Controllers\Login))
 8 SYSTEMPATH\CodeIgniter.php(351): CodeIgniter\CodeIgniter->handleRequest(null, Object(Config\Cache), false)
 9 FCPATH\index.php(67): CodeIgniter\CodeIgniter->run()
10 SYSTEMPATH\Commands\Server\rewrite.php(46): require_once('FCPATH\\index.php')
CRITICAL - 2022-12-25 00:17:56 --> Undefined variable $message
in APPPATH\Views\auth\login\login.php on line 19.
 1 APPPATH\Views\auth\login\login.php(19): CodeIgniter\Debug\Exceptions->errorHandler(2, 'Undefined variable $message', 'APPPATH\\Views\\auth\\login\\login.php', 19)
 2 SYSTEMPATH\View\View.php(213): include('APPPATH\\Views\\auth\\login\\login.php')
 3 SYSTEMPATH\View\View.php(216): CodeIgniter\View\View->CodeIgniter\View\{closure}()
 4 SYSTEMPATH\Common.php(1134): CodeIgniter\View\View->render('auth/login/login', [], true)
 5 APPPATH\Controllers\Login.php(26): view('auth/login/login', [...])
 6 SYSTEMPATH\CodeIgniter.php(927): App\Controllers\Login->index()
 7 SYSTEMPATH\CodeIgniter.php(482): CodeIgniter\CodeIgniter->runController(Object(App\Controllers\Login))
 8 SYSTEMPATH\CodeIgniter.php(351): CodeIgniter\CodeIgniter->handleRequest(null, Object(Config\Cache), false)
 9 FCPATH\index.php(67): CodeIgniter\CodeIgniter->run()
10 SYSTEMPATH\Commands\Server\rewrite.php(46): require_once('FCPATH\\index.php')
CRITICAL - 2022-12-25 00:22:56 --> hash(): Argument #1 ($algo) must be a valid hashing algorithm
in APPPATH\Controllers\Login.php on line 12.
 1 APPPATH\Controllers\Login.php(12): hash('hash_algos', 'abc123')
 2 SYSTEMPATH\CodeIgniter.php(927): App\Controllers\Login->index()
 3 SYSTEMPATH\CodeIgniter.php(482): CodeIgniter\CodeIgniter->runController(Object(App\Controllers\Login))
 4 SYSTEMPATH\CodeIgniter.php(351): CodeIgniter\CodeIgniter->handleRequest(null, Object(Config\Cache), false)
 5 FCPATH\index.php(67): CodeIgniter\CodeIgniter->run()
 6 SYSTEMPATH\Commands\Server\rewrite.php(46): require_once('FCPATH\\index.php')
CRITICAL - 2022-12-25 00:25:55 --> Undefined variable $messageValidation
in APPPATH\Views\auth\login\login.php on line 33.
 1 APPPATH\Views\auth\login\login.php(33): CodeIgniter\Debug\Exceptions->errorHandler(2, 'Undefined variable $messageValidation', 'APPPATH\\Views\\auth\\login\\login.php', 33)
 2 SYSTEMPATH\View\View.php(213): include('APPPATH\\Views\\auth\\login\\login.php')
 3 SYSTEMPATH\View\View.php(216): CodeIgniter\View\View->CodeIgniter\View\{closure}()
 4 SYSTEMPATH\Common.php(1134): CodeIgniter\View\View->render('auth/login/login', [], true)
 5 APPPATH\Controllers\Login.php(27): view('auth/login/login', [...])
 6 APPPATH\Controllers\Login.php(59): App\Controllers\Login->index('Email yang anda masukkan tidak terdaftar')
 7 SYSTEMPATH\CodeIgniter.php(927): App\Controllers\Login->login()
 8 SYSTEMPATH\CodeIgniter.php(482): CodeIgniter\CodeIgniter->runController(Object(App\Controllers\Login))
 9 SYSTEMPATH\CodeIgniter.php(351): CodeIgniter\CodeIgniter->handleRequest(null, Object(Config\Cache), false)
10 FCPATH\index.php(67): CodeIgniter\CodeIgniter->run()
11 SYSTEMPATH\Commands\Server\rewrite.php(46): require_once('FCPATH\\index.php')
CRITICAL - 2022-12-25 00:36:32 --> CodeIgniter\HTTP\RedirectResponse::to(): Argument #2 ($code) must be of type ?int, string given, called in C:\xampp\htdocs\polubi-snack-ci\app\Controllers\Login.php on line 55
in SYSTEMPATH\HTTP\RedirectResponse.php on line 32.
 1 APPPATH\Controllers\Login.php(55): CodeIgniter\HTTP\RedirectResponse->to('Login/index', 'Email yang anda isi tidak terdaftar')
 2 SYSTEMPATH\CodeIgniter.php(927): App\Controllers\Login->login()
 3 SYSTEMPATH\CodeIgniter.php(482): CodeIgniter\CodeIgniter->runController(Object(App\Controllers\Login))
 4 SYSTEMPATH\CodeIgniter.php(351): CodeIgniter\CodeIgniter->handleRequest(null, Object(Config\Cache), false)
 5 FCPATH\index.php(67): CodeIgniter\CodeIgniter->run()
 6 SYSTEMPATH\Commands\Server\rewrite.php(46): require_once('FCPATH\\index.php')
CRITICAL - 2022-12-25 00:38:41 --> Undefined variable $messageValidation
in APPPATH\Views\auth\login\login.php on line 31.
 1 APPPATH\Views\auth\login\login.php(31): CodeIgniter\Debug\Exceptions->errorHandler(2, 'Undefined variable $messageValidation', 'APPPATH\\Views\\auth\\login\\login.php', 31)
 2 SYSTEMPATH\View\View.php(213): include('APPPATH\\Views\\auth\\login\\login.php')
 3 SYSTEMPATH\View\View.php(216): CodeIgniter\View\View->CodeIgniter\View\{closure}()
 4 SYSTEMPATH\Common.php(1134): CodeIgniter\View\View->render('auth/login/login', [], true)
 5 APPPATH\Controllers\Login.php(27): view('auth/login/login', [...])
 6 APPPATH\Controllers\Login.php(59): App\Controllers\Login->index('Email yang anda masukkan tidak terdaftar')
 7 SYSTEMPATH\CodeIgniter.php(927): App\Controllers\Login->login()
 8 SYSTEMPATH\CodeIgniter.php(482): CodeIgniter\CodeIgniter->runController(Object(App\Controllers\Login))
 9 SYSTEMPATH\CodeIgniter.php(351): CodeIgniter\CodeIgniter->handleRequest(null, Object(Config\Cache), false)
10 FCPATH\index.php(67): CodeIgniter\CodeIgniter->run()
11 SYSTEMPATH\Commands\Server\rewrite.php(46): require_once('FCPATH\\index.php')
CRITICAL - 2022-12-25 00:39:27 --> Undefined variable $messageValidation
in APPPATH\Views\auth\login\login.php on line 33.
 1 APPPATH\Views\auth\login\login.php(33): CodeIgniter\Debug\Exceptions->errorHandler(2, 'Undefined variable $messageValidation', 'APPPATH\\Views\\auth\\login\\login.php', 33)
 2 SYSTEMPATH\View\View.php(213): include('APPPATH\\Views\\auth\\login\\login.php')
 3 SYSTEMPATH\View\View.php(216): CodeIgniter\View\View->CodeIgniter\View\{closure}()
 4 SYSTEMPATH\Common.php(1134): CodeIgniter\View\View->render('auth/login/login', [], true)
 5 APPPATH\Controllers\Login.php(27): view('auth/login/login', [...])
 6 APPPATH\Controllers\Login.php(59): App\Controllers\Login->index('Email yang anda masukkan tidak terdaftar')
 7 SYSTEMPATH\CodeIgniter.php(927): App\Controllers\Login->login()
 8 SYSTEMPATH\CodeIgniter.php(482): CodeIgniter\CodeIgniter->runController(Object(App\Controllers\Login))
 9 SYSTEMPATH\CodeIgniter.php(351): CodeIgniter\CodeIgniter->handleRequest(null, Object(Config\Cache), false)
10 FCPATH\index.php(67): CodeIgniter\CodeIgniter->run()
11 SYSTEMPATH\Commands\Server\rewrite.php(46): require_once('FCPATH\\index.php')
CRITICAL - 2022-12-25 00:41:02 --> Undefined variable $messageValidation
in APPPATH\Views\auth\login\login.php on line 33.
 1 APPPATH\Views\auth\login\login.php(33): CodeIgniter\Debug\Exceptions->errorHandler(2, 'Undefined variable $messageValidation', 'APPPATH\\Views\\auth\\login\\login.php', 33)
 2 SYSTEMPATH\View\View.php(213): include('APPPATH\\Views\\auth\\login\\login.php')
 3 SYSTEMPATH\View\View.php(216): CodeIgniter\View\View->CodeIgniter\View\{closure}()
 4 SYSTEMPATH\Common.php(1134): CodeIgniter\View\View->render('auth/login/login', [], true)
 5 APPPATH\Controllers\Login.php(28): view('auth/login/login', [...])
 6 APPPATH\Controllers\Login.php(60): App\Controllers\Login->index('Email yang anda masukkan tidak terdaftar')
 7 SYSTEMPATH\CodeIgniter.php(927): App\Controllers\Login->login()
 8 SYSTEMPATH\CodeIgniter.php(482): CodeIgniter\CodeIgniter->runController(Object(App\Controllers\Login))
 9 SYSTEMPATH\CodeIgniter.php(351): CodeIgniter\CodeIgniter->handleRequest(null, Object(Config\Cache), false)
10 FCPATH\index.php(67): CodeIgniter\CodeIgniter->run()
11 SYSTEMPATH\Commands\Server\rewrite.php(46): require_once('FCPATH\\index.php')
CRITICAL - 2022-12-25 00:41:39 --> Undefined variable $messageValidation
in APPPATH\Views\auth\login\login.php on line 33.
 1 APPPATH\Views\auth\login\login.php(33): CodeIgniter\Debug\Exceptions->errorHandler(2, 'Undefined variable $messageValidation', 'APPPATH\\Views\\auth\\login\\login.php', 33)
 2 SYSTEMPATH\View\View.php(213): include('APPPATH\\Views\\auth\\login\\login.php')
 3 SYSTEMPATH\View\View.php(216): CodeIgniter\View\View->CodeIgniter\View\{closure}()
 4 SYSTEMPATH\Common.php(1134): CodeIgniter\View\View->render('auth/login/login', [], true)
 5 APPPATH\Controllers\Login.php(28): view('auth/login/login', [...])
 6 SYSTEMPATH\CodeIgniter.php(927): App\Controllers\Login->index()
 7 SYSTEMPATH\CodeIgniter.php(482): CodeIgniter\CodeIgniter->runController(Object(App\Controllers\Login))
 8 SYSTEMPATH\CodeIgniter.php(351): CodeIgniter\CodeIgniter->handleRequest(null, Object(Config\Cache), false)
 9 FCPATH\index.php(67): CodeIgniter\CodeIgniter->run()
10 SYSTEMPATH\Commands\Server\rewrite.php(46): require_once('FCPATH\\index.php')
CRITICAL - 2022-12-25 00:56:22 --> Attempt to read property "id_perusahaan" on array
in APPPATH\Controllers\Login.php on line 69.
 1 APPPATH\Controllers\Login.php(69): CodeIgniter\Debug\Exceptions->errorHandler(2, 'Attempt to read property "id_perusahaan" on array', 'APPPATH\\Controllers\\Login.php', 69)
 2 SYSTEMPATH\CodeIgniter.php(927): App\Controllers\Login->login()
 3 SYSTEMPATH\CodeIgniter.php(482): CodeIgniter\CodeIgniter->runController(Object(App\Controllers\Login))
 4 SYSTEMPATH\CodeIgniter.php(351): CodeIgniter\CodeIgniter->handleRequest(null, Object(Config\Cache), false)
 5 FCPATH\index.php(67): CodeIgniter\CodeIgniter->run()
 6 SYSTEMPATH\Commands\Server\rewrite.php(46): require_once('FCPATH\\index.php')
CRITICAL - 2022-12-25 00:59:46 --> Attempt to read property "id_perusahaan" on array
in APPPATH\Controllers\Login.php on line 71.
 1 APPPATH\Controllers\Login.php(71): CodeIgniter\Debug\Exceptions->errorHandler(2, 'Attempt to read property "id_perusahaan" on array', 'APPPATH\\Controllers\\Login.php', 71)
 2 SYSTEMPATH\CodeIgniter.php(927): App\Controllers\Login->login()
 3 SYSTEMPATH\CodeIgniter.php(482): CodeIgniter\CodeIgniter->runController(Object(App\Controllers\Login))
 4 SYSTEMPATH\CodeIgniter.php(351): CodeIgniter\CodeIgniter->handleRequest(null, Object(Config\Cache), false)
 5 FCPATH\index.php(67): CodeIgniter\CodeIgniter->run()
 6 SYSTEMPATH\Commands\Server\rewrite.php(46): require_once('FCPATH\\index.php')
CRITICAL - 2022-12-25 01:00:44 --> Undefined property: stdClass::$nama_perusahaan
in APPPATH\Controllers\Login.php on line 72.
 1 APPPATH\Controllers\Login.php(72): CodeIgniter\Debug\Exceptions->errorHandler(2, 'Undefined property: stdClass::$nama_perusahaan', 'APPPATH\\Controllers\\Login.php', 72)
 2 SYSTEMPATH\CodeIgniter.php(927): App\Controllers\Login->login()
 3 SYSTEMPATH\CodeIgniter.php(482): CodeIgniter\CodeIgniter->runController(Object(App\Controllers\Login))
 4 SYSTEMPATH\CodeIgniter.php(351): CodeIgniter\CodeIgniter->handleRequest(null, Object(Config\Cache), false)
 5 FCPATH\index.php(67): CodeIgniter\CodeIgniter->run()
 6 SYSTEMPATH\Commands\Server\rewrite.php(46): require_once('FCPATH\\index.php')
CRITICAL - 2022-12-25 01:03:00 --> Undefined property: stdClass::$nama_perusahaan
in APPPATH\Controllers\Login.php on line 72.
 1 APPPATH\Controllers\Login.php(72): CodeIgniter\Debug\Exceptions->errorHandler(2, 'Undefined property: stdClass::$nama_perusahaan', 'APPPATH\\Controllers\\Login.php', 72)
 2 SYSTEMPATH\CodeIgniter.php(927): App\Controllers\Login->login()
 3 SYSTEMPATH\CodeIgniter.php(482): CodeIgniter\CodeIgniter->runController(Object(App\Controllers\Login))
 4 SYSTEMPATH\CodeIgniter.php(351): CodeIgniter\CodeIgniter->handleRequest(null, Object(Config\Cache), false)
 5 FCPATH\index.php(67): CodeIgniter\CodeIgniter->run()
 6 SYSTEMPATH\Commands\Server\rewrite.php(46): require_once('FCPATH\\index.php')
CRITICAL - 2022-12-25 01:11:51 --> Undefined property: mysqli::$id_perusahaan
in APPPATH\Controllers\Login.php on line 67.
 1 APPPATH\Controllers\Login.php(67): CodeIgniter\Debug\Exceptions->errorHandler(2, 'Undefined property: mysqli::$id_perusahaan', 'APPPATH\\Controllers\\Login.php', 67)
 2 SYSTEMPATH\CodeIgniter.php(927): App\Controllers\Login->login()
 3 SYSTEMPATH\CodeIgniter.php(482): CodeIgniter\CodeIgniter->runController(Object(App\Controllers\Login))
 4 SYSTEMPATH\CodeIgniter.php(351): CodeIgniter\CodeIgniter->handleRequest(null, Object(Config\Cache), false)
 5 FCPATH\index.php(67): CodeIgniter\CodeIgniter->run()
 6 SYSTEMPATH\Commands\Server\rewrite.php(46): require_once('FCPATH\\index.php')
CRITICAL - 2022-12-25 01:13:18 --> Undefined property: mysqli::$id_perusahaan
in APPPATH\Controllers\Login.php on line 67.
 1 APPPATH\Controllers\Login.php(67): CodeIgniter\Debug\Exceptions->errorHandler(2, 'Undefined property: mysqli::$id_perusahaan', 'APPPATH\\Controllers\\Login.php', 67)
 2 SYSTEMPATH\CodeIgniter.php(927): App\Controllers\Login->login()
 3 SYSTEMPATH\CodeIgniter.php(482): CodeIgniter\CodeIgniter->runController(Object(App\Controllers\Login))
 4 SYSTEMPATH\CodeIgniter.php(351): CodeIgniter\CodeIgniter->handleRequest(null, Object(Config\Cache), false)
 5 FCPATH\index.php(67): CodeIgniter\CodeIgniter->run()
 6 SYSTEMPATH\Commands\Server\rewrite.php(46): require_once('FCPATH\\index.php')
CRITICAL - 2022-12-25 01:15:54 --> Undefined property: stdClass::$nama_perusahaan
in APPPATH\Controllers\Login.php on line 68.
 1 APPPATH\Controllers\Login.php(68): CodeIgniter\Debug\Exceptions->errorHandler(2, 'Undefined property: stdClass::$nama_perusahaan', 'APPPATH\\Controllers\\Login.php', 68)
 2 SYSTEMPATH\CodeIgniter.php(927): App\Controllers\Login->login()
 3 SYSTEMPATH\CodeIgniter.php(482): CodeIgniter\CodeIgniter->runController(Object(App\Controllers\Login))
 4 SYSTEMPATH\CodeIgniter.php(351): CodeIgniter\CodeIgniter->handleRequest(null, Object(Config\Cache), false)
 5 FCPATH\index.php(67): CodeIgniter\CodeIgniter->run()
 6 SYSTEMPATH\Commands\Server\rewrite.php(46): require_once('FCPATH\\index.php')
CRITICAL - 2022-12-25 02:53:54 --> Undefined constant "CodeIgniter\Debug\VENDORPATH"
in SYSTEMPATH\Debug\Exceptions.php on line 177.
 1 SYSTEMPATH\Debug\Exceptions.php(157): CodeIgniter\Debug\Exceptions->isFakerDeprecationError(8192, 'password_verify(): Passing null to parameter #2 ($hash) of type string is deprecated', 'APPPATH\\Controllers\\Login.php', 74)
 2 [internal function]: CodeIgniter\Debug\Exceptions->errorHandler(8192, 'password_verify(): Passing null to parameter #2 ($hash) of type string is deprecated', 'APPPATH\\Controllers\\Login.php', 74)
 3 APPPATH\Controllers\Login.php(74): password_verify('dsfsf', null)
 4 SYSTEMPATH\CodeIgniter.php(927): App\Controllers\Login->login()
 5 SYSTEMPATH\CodeIgniter.php(482): CodeIgniter\CodeIgniter->runController(Object(App\Controllers\Login))
 6 SYSTEMPATH\CodeIgniter.php(351): CodeIgniter\CodeIgniter->handleRequest(null, Object(Config\Cache), false)
 7 FCPATH\index.php(67): CodeIgniter\CodeIgniter->run()
 8 SYSTEMPATH\Commands\Server\rewrite.php(46): require_once('FCPATH\\index.php')
CRITICAL - 2022-12-25 02:54:13 --> Undefined constant "CodeIgniter\Debug\VENDORPATH"
in SYSTEMPATH\Debug\Exceptions.php on line 177.
 1 SYSTEMPATH\Debug\Exceptions.php(157): CodeIgniter\Debug\Exceptions->isFakerDeprecationError(8192, 'password_verify(): Passing null to parameter #2 ($hash) of type string is deprecated', 'APPPATH\\Controllers\\Login.php', 74)
 2 [internal function]: CodeIgniter\Debug\Exceptions->errorHandler(8192, 'password_verify(): Passing null to parameter #2 ($hash) of type string is deprecated', 'APPPATH\\Controllers\\Login.php', 74)
 3 APPPATH\Controllers\Login.php(74): password_verify('fsfsfs', null)
 4 SYSTEMPATH\CodeIgniter.php(927): App\Controllers\Login->login()
 5 SYSTEMPATH\CodeIgniter.php(482): CodeIgniter\CodeIgniter->runController(Object(App\Controllers\Login))
 6 SYSTEMPATH\CodeIgniter.php(351): CodeIgniter\CodeIgniter->handleRequest(null, Object(Config\Cache), false)
 7 FCPATH\index.php(67): CodeIgniter\CodeIgniter->run()
 8 SYSTEMPATH\Commands\Server\rewrite.php(46): require_once('FCPATH\\index.php')
CRITICAL - 2022-12-25 02:55:07 --> Undefined constant "CodeIgniter\Debug\VENDORPATH"
in SYSTEMPATH\Debug\Exceptions.php on line 177.
 1 SYSTEMPATH\Debug\Exceptions.php(157): CodeIgniter\Debug\Exceptions->isFakerDeprecationError(8192, 'password_verify(): Passing null to parameter #2 ($hash) of type string is deprecated', 'APPPATH\\Controllers\\Login.php', 74)
 2 [internal function]: CodeIgniter\Debug\Exceptions->errorHandler(8192, 'password_verify(): Passing null to parameter #2 ($hash) of type string is deprecated', 'APPPATH\\Controllers\\Login.php', 74)
 3 APPPATH\Controllers\Login.php(74): password_verify('fdsfsffds34', null)
 4 SYSTEMPATH\CodeIgniter.php(927): App\Controllers\Login->login()
 5 SYSTEMPATH\CodeIgniter.php(482): CodeIgniter\CodeIgniter->runController(Object(App\Controllers\Login))
 6 SYSTEMPATH\CodeIgniter.php(351): CodeIgniter\CodeIgniter->handleRequest(null, Object(Config\Cache), false)
 7 FCPATH\index.php(67): CodeIgniter\CodeIgniter->run()
 8 SYSTEMPATH\Commands\Server\rewrite.php(46): require_once('FCPATH\\index.php')
CRITICAL - 2022-12-25 02:56:39 --> Undefined constant "CodeIgniter\Debug\VENDORPATH"
in SYSTEMPATH\Debug\Exceptions.php on line 177.
 1 SYSTEMPATH\Debug\Exceptions.php(157): CodeIgniter\Debug\Exceptions->isFakerDeprecationError(8192, 'password_verify(): Passing null to parameter #2 ($hash) of type string is deprecated', 'APPPATH\\Controllers\\Login.php', 74)
 2 [internal function]: CodeIgniter\Debug\Exceptions->errorHandler(8192, 'password_verify(): Passing null to parameter #2 ($hash) of type string is deprecated', 'APPPATH\\Controllers\\Login.php', 74)
 3 APPPATH\Controllers\Login.php(74): password_verify('fdsf', null)
 4 SYSTEMPATH\CodeIgniter.php(927): App\Controllers\Login->login()
 5 SYSTEMPATH\CodeIgniter.php(482): CodeIgniter\CodeIgniter->runController(Object(App\Controllers\Login))
 6 SYSTEMPATH\CodeIgniter.php(351): CodeIgniter\CodeIgniter->handleRequest(null, Object(Config\Cache), false)
 7 FCPATH\index.php(67): CodeIgniter\CodeIgniter->run()
 8 SYSTEMPATH\Commands\Server\rewrite.php(46): require_once('FCPATH\\index.php')
CRITICAL - 2022-12-25 02:58:45 --> password_verify(): Passing null to parameter #2 ($hash) of type string is deprecated
in APPPATH\Controllers\Login.php on line 74.
 1 [internal function]: CodeIgniter\Debug\Exceptions->errorHandler(8192, 'password_verify(): Passing null to parameter #2 ($hash) of type string is deprecated', 'APPPATH\\Controllers\\Login.php', 74)
 2 APPPATH\Controllers\Login.php(74): password_verify('daddfsf', null)
 3 SYSTEMPATH\CodeIgniter.php(927): App\Controllers\Login->login()
 4 SYSTEMPATH\CodeIgniter.php(482): CodeIgniter\CodeIgniter->runController(Object(App\Controllers\Login))
 5 SYSTEMPATH\CodeIgniter.php(351): CodeIgniter\CodeIgniter->handleRequest(null, Object(Config\Cache), false)
 6 FCPATH\index.php(67): CodeIgniter\CodeIgniter->run()
 7 SYSTEMPATH\Commands\Server\rewrite.php(46): require_once('FCPATH\\index.php')
CRITICAL - 2022-12-25 03:00:14 --> password_verify(): Passing null to parameter #2 ($hash) of type string is deprecated
in APPPATH\Controllers\Login.php on line 74.
 1 [internal function]: CodeIgniter\Debug\Exceptions->errorHandler(8192, 'password_verify(): Passing null to parameter #2 ($hash) of type string is deprecated', 'APPPATH\\Controllers\\Login.php', 74)
 2 APPPATH\Controllers\Login.php(74): password_verify('fdsf', null)
 3 SYSTEMPATH\CodeIgniter.php(927): App\Controllers\Login->login()
 4 SYSTEMPATH\CodeIgniter.php(482): CodeIgniter\CodeIgniter->runController(Object(App\Controllers\Login))
 5 SYSTEMPATH\CodeIgniter.php(351): CodeIgniter\CodeIgniter->handleRequest(null, Object(Config\Cache), false)
 6 FCPATH\index.php(67): CodeIgniter\CodeIgniter->run()
 7 SYSTEMPATH\Commands\Server\rewrite.php(46): require_once('FCPATH\\index.php')
CRITICAL - 2022-12-25 03:03:05 --> password_verify(): Passing null to parameter #2 ($hash) of type string is deprecated
in APPPATH\Controllers\Login.php on line 74.
 1 [internal function]: CodeIgniter\Debug\Exceptions->errorHandler(8192, 'password_verify(): Passing null to parameter #2 ($hash) of type string is deprecated', 'APPPATH\\Controllers\\Login.php', 74)
 2 APPPATH\Controllers\Login.php(74): password_verify('ssdssft54y4', null)
 3 SYSTEMPATH\CodeIgniter.php(927): App\Controllers\Login->login()
 4 SYSTEMPATH\CodeIgniter.php(482): CodeIgniter\CodeIgniter->runController(Object(App\Controllers\Login))
 5 SYSTEMPATH\CodeIgniter.php(351): CodeIgniter\CodeIgniter->handleRequest(null, Object(Config\Cache), false)
 6 FCPATH\index.php(67): CodeIgniter\CodeIgniter->run()
 7 SYSTEMPATH\Commands\Server\rewrite.php(46): require_once('FCPATH\\index.php')
ERROR - 2022-12-25 23:22:49 --> mysqli_sql_exception: Unknown column 'utang_pembelian.no_transaksi_utang_pembelian' in 'on clause' in C:\xampp\htdocs\polubi-snack-ci\system\Database\MySQLi\Connection.php:292
Stack trace:
#0 C:\xampp\htdocs\polubi-snack-ci\system\Database\MySQLi\Connection.php(292): mysqli->query('SELECT *\nFROM `...', 0)
#1 C:\xampp\htdocs\polubi-snack-ci\system\Database\BaseConnection.php(666): CodeIgniter\Database\MySQLi\Connection->execute('SELECT *\nFROM `...')
#2 C:\xampp\htdocs\polubi-snack-ci\system\Database\BaseConnection.php(593): CodeIgniter\Database\BaseConnection->simpleQuery('SELECT *\nFROM `...')
#3 C:\xampp\htdocs\polubi-snack-ci\system\Database\BaseBuilder.php(1585): CodeIgniter\Database\BaseConnection->query('SELECT *\nFROM `...', Array, false)
#4 C:\xampp\htdocs\polubi-snack-ci\app\Models\UtangPembelianModel.php(20): CodeIgniter\Database\BaseBuilder->get()
#5 C:\xampp\htdocs\polubi-snack-ci\app\Controllers\UtangPembelian.php(13): App\Models\UtangPembelianModel->indexUtangPembelian()
#6 C:\xampp\htdocs\polubi-snack-ci\system\CodeIgniter.php(927): App\Controllers\UtangPembelian->index()
#7 C:\xampp\htdocs\polubi-snack-ci\system\CodeIgniter.php(482): CodeIgniter\CodeIgniter->runController(Object(App\Controllers\UtangPembelian))
#8 C:\xampp\htdocs\polubi-snack-ci\system\CodeIgniter.php(351): CodeIgniter\CodeIgniter->handleRequest(NULL, Object(Config\Cache), false)
#9 C:\xampp\htdocs\polubi-snack-ci\public\index.php(67): CodeIgniter\CodeIgniter->run()
#10 C:\xampp\htdocs\polubi-snack-ci\system\Commands\Server\rewrite.php(46): require_once('C:\\xampp\\htdocs...')
#11 {main}
CRITICAL - 2022-12-25 23:22:49 --> Unknown column 'utang_pembelian.no_transaksi_utang_pembelian' in 'on clause'
in SYSTEMPATH\Database\MySQLi\Connection.php on line 292.
 1 SYSTEMPATH\Database\MySQLi\Connection.php(292): mysqli->query('SELECT *
FROM `utang_pembelian`
JOIN `supplier` ON `supplier`.`id_supplier` = `utang_pembelian`.`id_supplier`
JOIN `pembelian` ON `pembelian`.`no_transaksi_pembelian` = `utang_pembelian`.`no_transaksi_utang_pembelian`
JOIN `transaksi` ON `transaksi`.`no_transaksi` = `pembelian`.`no_transaksi_pembelian`
WHERE `utang_pembelian`.`status_aktif` = 1
AND `transaksi`.`id_perusahaan` = \'1\'
ORDER BY `utang_pembelian`.`id_utang_pembelian` DESC', 0)
 2 SYSTEMPATH\Database\BaseConnection.php(666): CodeIgniter\Database\MySQLi\Connection->execute('SELECT *
FROM `utang_pembelian`
JOIN `supplier` ON `supplier`.`id_supplier` = `utang_pembelian`.`id_supplier`
JOIN `pembelian` ON `pembelian`.`no_transaksi_pembelian` = `utang_pembelian`.`no_transaksi_utang_pembelian`
JOIN `transaksi` ON `transaksi`.`no_transaksi` = `pembelian`.`no_transaksi_pembelian`
WHERE `utang_pembelian`.`status_aktif` = 1
AND `transaksi`.`id_perusahaan` = \'1\'
ORDER BY `utang_pembelian`.`id_utang_pembelian` DESC')
 3 SYSTEMPATH\Database\BaseConnection.php(593): CodeIgniter\Database\BaseConnection->simpleQuery('SELECT *
FROM `utang_pembelian`
JOIN `supplier` ON `supplier`.`id_supplier` = `utang_pembelian`.`id_supplier`
JOIN `pembelian` ON `pembelian`.`no_transaksi_pembelian` = `utang_pembelian`.`no_transaksi_utang_pembelian`
JOIN `transaksi` ON `transaksi`.`no_transaksi` = `pembelian`.`no_transaksi_pembelian`
WHERE `utang_pembelian`.`status_aktif` = 1
AND `transaksi`.`id_perusahaan` = \'1\'
ORDER BY `utang_pembelian`.`id_utang_pembelian` DESC')
 4 SYSTEMPATH\Database\BaseBuilder.php(1585): CodeIgniter\Database\BaseConnection->query('SELECT *
FROM `utang_pembelian`
JOIN `supplier` ON `supplier`.`id_supplier` = `utang_pembelian`.`id_supplier`
JOIN `pembelian` ON `pembelian`.`no_transaksi_pembelian` = `utang_pembelian`.`no_transaksi_utang_pembelian`
JOIN `transaksi` ON `transaksi`.`no_transaksi` = `pembelian`.`no_transaksi_pembelian`
WHERE `utang_pembelian`.`status_aktif` = :utang_pembelian.status_aktif:
AND `transaksi`.`id_perusahaan` = :transaksi.id_perusahaan:
ORDER BY `utang_pembelian`.`id_utang_pembelian` DESC', [...], false)
 5 APPPATH\Models\UtangPembelianModel.php(20): CodeIgniter\Database\BaseBuilder->get()
 6 APPPATH\Controllers\UtangPembelian.php(13): App\Models\UtangPembelianModel->indexUtangPembelian()
 7 SYSTEMPATH\CodeIgniter.php(927): App\Controllers\UtangPembelian->index()
 8 SYSTEMPATH\CodeIgniter.php(482): CodeIgniter\CodeIgniter->runController(Object(App\Controllers\UtangPembelian))
 9 SYSTEMPATH\CodeIgniter.php(351): CodeIgniter\CodeIgniter->handleRequest(null, Object(Config\Cache), false)
10 FCPATH\index.php(67): CodeIgniter\CodeIgniter->run()
11 SYSTEMPATH\Commands\Server\rewrite.php(46): require_once('FCPATH\\index.php')
ERROR - 2022-12-25 23:39:38 --> mysqli_sql_exception: Duplicate entry 'TRS2512220002' for key 'PRIMARY' in C:\xampp\htdocs\polubi-snack-ci\system\Database\MySQLi\Connection.php:292
Stack trace:
#0 C:\xampp\htdocs\polubi-snack-ci\system\Database\MySQLi\Connection.php(292): mysqli->query('INSERT INTO `tr...', 0)
#1 C:\xampp\htdocs\polubi-snack-ci\system\Database\BaseConnection.php(666): CodeIgniter\Database\MySQLi\Connection->execute('INSERT INTO `tr...')
#2 C:\xampp\htdocs\polubi-snack-ci\system\Database\BaseConnection.php(593): CodeIgniter\Database\BaseConnection->simpleQuery('INSERT INTO `tr...')
#3 C:\xampp\htdocs\polubi-snack-ci\system\Database\BaseBuilder.php(1916): CodeIgniter\Database\BaseConnection->query('INSERT INTO `tr...', Array, false)
#4 C:\xampp\htdocs\polubi-snack-ci\app\Models\PembayaranUtangPembelianModel.php(86): CodeIgniter\Database\BaseBuilder->insert(Array)
#5 C:\xampp\htdocs\polubi-snack-ci\app\Controllers\PembayaranUtangPembelian.php(56): App\Models\PembayaranUtangPembelianModel->storePembayaranUtangPembelian('4')
#6 C:\xampp\htdocs\polubi-snack-ci\system\CodeIgniter.php(927): App\Controllers\PembayaranUtangPembelian->store('4')
#7 C:\xampp\htdocs\polubi-snack-ci\system\CodeIgniter.php(482): CodeIgniter\CodeIgniter->runController(Object(App\Controllers\PembayaranUtangPembelian))
#8 C:\xampp\htdocs\polubi-snack-ci\system\CodeIgniter.php(351): CodeIgniter\CodeIgniter->handleRequest(NULL, Object(Config\Cache), false)
#9 C:\xampp\htdocs\polubi-snack-ci\public\index.php(67): CodeIgniter\CodeIgniter->run()
#10 C:\xampp\htdocs\polubi-snack-ci\system\Commands\Server\rewrite.php(46): require_once('C:\\xampp\\htdocs...')
#11 {main}
CRITICAL - 2022-12-25 23:39:38 --> Duplicate entry 'TRS2512220002' for key 'PRIMARY'
in SYSTEMPATH\Database\MySQLi\Connection.php on line 292.
 1 SYSTEMPATH\Database\MySQLi\Connection.php(292): mysqli->query('INSERT INTO `transaksi` (`no_transaksi`, `id_perusahaan`, `catatan_transaksi`, `nominal_transaksi`, `tanggal_transaksi`, `status_aktif`) VALUES (\'TRS2512220002\', \'2\', \'Pembayaran utang pembelian\', \'25000\', \'2022-12-27\', 1)', 0)
 2 SYSTEMPATH\Database\BaseConnection.php(666): CodeIgniter\Database\MySQLi\Connection->execute('INSERT INTO `transaksi` (`no_transaksi`, `id_perusahaan`, `catatan_transaksi`, `nominal_transaksi`, `tanggal_transaksi`, `status_aktif`) VALUES (\'TRS2512220002\', \'2\', \'Pembayaran utang pembelian\', \'25000\', \'2022-12-27\', 1)')
 3 SYSTEMPATH\Database\BaseConnection.php(593): CodeIgniter\Database\BaseConnection->simpleQuery('INSERT INTO `transaksi` (`no_transaksi`, `id_perusahaan`, `catatan_transaksi`, `nominal_transaksi`, `tanggal_transaksi`, `status_aktif`) VALUES (\'TRS2512220002\', \'2\', \'Pembayaran utang pembelian\', \'25000\', \'2022-12-27\', 1)')
 4 SYSTEMPATH\Database\BaseBuilder.php(1916): CodeIgniter\Database\BaseConnection->query('INSERT INTO `transaksi` (`no_transaksi`, `id_perusahaan`, `catatan_transaksi`, `nominal_transaksi`, `tanggal_transaksi`, `status_aktif`) VALUES (:no_transaksi:, :id_perusahaan:, :catatan_transaksi:, :nominal_transaksi:, :tanggal_transaksi:, :status_aktif:)', [...], false)
 5 APPPATH\Models\PembayaranUtangPembelianModel.php(86): CodeIgniter\Database\BaseBuilder->insert([...])
 6 APPPATH\Controllers\PembayaranUtangPembelian.php(56): App\Models\PembayaranUtangPembelianModel->storePembayaranUtangPembelian('4')
 7 SYSTEMPATH\CodeIgniter.php(927): App\Controllers\PembayaranUtangPembelian->store('4')
 8 SYSTEMPATH\CodeIgniter.php(482): CodeIgniter\CodeIgniter->runController(Object(App\Controllers\PembayaranUtangPembelian))
 9 SYSTEMPATH\CodeIgniter.php(351): CodeIgniter\CodeIgniter->handleRequest(null, Object(Config\Cache), false)
10 FCPATH\index.php(67): CodeIgniter\CodeIgniter->run()
11 SYSTEMPATH\Commands\Server\rewrite.php(46): require_once('FCPATH\\index.php')
ERROR - 2022-12-25 23:44:32 --> mysqli_sql_exception: Duplicate entry 'TRS2512220002' for key 'PRIMARY' in C:\xampp\htdocs\polubi-snack-ci\system\Database\MySQLi\Connection.php:292
Stack trace:
#0 C:\xampp\htdocs\polubi-snack-ci\system\Database\MySQLi\Connection.php(292): mysqli->query('INSERT INTO `tr...', 0)
#1 C:\xampp\htdocs\polubi-snack-ci\system\Database\BaseConnection.php(666): CodeIgniter\Database\MySQLi\Connection->execute('INSERT INTO `tr...')
#2 C:\xampp\htdocs\polubi-snack-ci\system\Database\BaseConnection.php(593): CodeIgniter\Database\BaseConnection->simpleQuery('INSERT INTO `tr...')
#3 C:\xampp\htdocs\polubi-snack-ci\system\Database\BaseBuilder.php(1916): CodeIgniter\Database\BaseConnection->query('INSERT INTO `tr...', Array, false)
#4 C:\xampp\htdocs\polubi-snack-ci\app\Models\ReturPembelianModel.php(77): CodeIgniter\Database\BaseBuilder->insert(Array)
#5 C:\xampp\htdocs\polubi-snack-ci\app\Controllers\ReturPembelian.php(101): App\Models\ReturPembelianModel->storeReturPembelian()
#6 C:\xampp\htdocs\polubi-snack-ci\system\CodeIgniter.php(927): App\Controllers\ReturPembelian->store()
#7 C:\xampp\htdocs\polubi-snack-ci\system\CodeIgniter.php(482): CodeIgniter\CodeIgniter->runController(Object(App\Controllers\ReturPembelian))
#8 C:\xampp\htdocs\polubi-snack-ci\system\CodeIgniter.php(351): CodeIgniter\CodeIgniter->handleRequest(NULL, Object(Config\Cache), false)
#9 C:\xampp\htdocs\polubi-snack-ci\public\index.php(67): CodeIgniter\CodeIgniter->run()
#10 C:\xampp\htdocs\polubi-snack-ci\system\Commands\Server\rewrite.php(46): require_once('C:\\xampp\\htdocs...')
#11 {main}
CRITICAL - 2022-12-25 23:44:32 --> Duplicate entry 'TRS2512220002' for key 'PRIMARY'
in SYSTEMPATH\Database\MySQLi\Connection.php on line 292.
 1 SYSTEMPATH\Database\MySQLi\Connection.php(292): mysqli->query('INSERT INTO `transaksi` (`no_transaksi`, `id_perusahaan`, `catatan_transaksi`, `nominal_transaksi`, `tanggal_transaksi`, `status_aktif`) VALUES (\'TRS2512220002\', \'2\', \'Retur Pembelian\', 0, \'2022-12-25\', 1)', 0)
 2 SYSTEMPATH\Database\BaseConnection.php(666): CodeIgniter\Database\MySQLi\Connection->execute('INSERT INTO `transaksi` (`no_transaksi`, `id_perusahaan`, `catatan_transaksi`, `nominal_transaksi`, `tanggal_transaksi`, `status_aktif`) VALUES (\'TRS2512220002\', \'2\', \'Retur Pembelian\', 0, \'2022-12-25\', 1)')
 3 SYSTEMPATH\Database\BaseConnection.php(593): CodeIgniter\Database\BaseConnection->simpleQuery('INSERT INTO `transaksi` (`no_transaksi`, `id_perusahaan`, `catatan_transaksi`, `nominal_transaksi`, `tanggal_transaksi`, `status_aktif`) VALUES (\'TRS2512220002\', \'2\', \'Retur Pembelian\', 0, \'2022-12-25\', 1)')
 4 SYSTEMPATH\Database\BaseBuilder.php(1916): CodeIgniter\Database\BaseConnection->query('INSERT INTO `transaksi` (`no_transaksi`, `id_perusahaan`, `catatan_transaksi`, `nominal_transaksi`, `tanggal_transaksi`, `status_aktif`) VALUES (:no_transaksi:, :id_perusahaan:, :catatan_transaksi:, :nominal_transaksi:, :tanggal_transaksi:, :status_aktif:)', [...], false)
 5 APPPATH\Models\ReturPembelianModel.php(77): CodeIgniter\Database\BaseBuilder->insert([...])
 6 APPPATH\Controllers\ReturPembelian.php(101): App\Models\ReturPembelianModel->storeReturPembelian()
 7 SYSTEMPATH\CodeIgniter.php(927): App\Controllers\ReturPembelian->store()
 8 SYSTEMPATH\CodeIgniter.php(482): CodeIgniter\CodeIgniter->runController(Object(App\Controllers\ReturPembelian))
 9 SYSTEMPATH\CodeIgniter.php(351): CodeIgniter\CodeIgniter->handleRequest(null, Object(Config\Cache), false)
10 FCPATH\index.php(67): CodeIgniter\CodeIgniter->run()
11 SYSTEMPATH\Commands\Server\rewrite.php(46): require_once('FCPATH\\index.php')
ERROR - 2022-12-25 23:44:46 --> mysqli_sql_exception: Duplicate entry 'TRS2512220002' for key 'PRIMARY' in C:\xampp\htdocs\polubi-snack-ci\system\Database\MySQLi\Connection.php:292
Stack trace:
#0 C:\xampp\htdocs\polubi-snack-ci\system\Database\MySQLi\Connection.php(292): mysqli->query('INSERT INTO `tr...', 0)
#1 C:\xampp\htdocs\polubi-snack-ci\system\Database\BaseConnection.php(666): CodeIgniter\Database\MySQLi\Connection->execute('INSERT INTO `tr...')
#2 C:\xampp\htdocs\polubi-snack-ci\system\Database\BaseConnection.php(593): CodeIgniter\Database\BaseConnection->simpleQuery('INSERT INTO `tr...')
#3 C:\xampp\htdocs\polubi-snack-ci\system\Database\BaseBuilder.php(1916): CodeIgniter\Database\BaseConnection->query('INSERT INTO `tr...', Array, false)
#4 C:\xampp\htdocs\polubi-snack-ci\app\Models\ReturPembelianModel.php(77): CodeIgniter\Database\BaseBuilder->insert(Array)
#5 C:\xampp\htdocs\polubi-snack-ci\app\Controllers\ReturPembelian.php(101): App\Models\ReturPembelianModel->storeReturPembelian()
#6 C:\xampp\htdocs\polubi-snack-ci\system\CodeIgniter.php(927): App\Controllers\ReturPembelian->store()
#7 C:\xampp\htdocs\polubi-snack-ci\system\CodeIgniter.php(482): CodeIgniter\CodeIgniter->runController(Object(App\Controllers\ReturPembelian))
#8 C:\xampp\htdocs\polubi-snack-ci\system\CodeIgniter.php(351): CodeIgniter\CodeIgniter->handleRequest(NULL, Object(Config\Cache), false)
#9 C:\xampp\htdocs\polubi-snack-ci\public\index.php(67): CodeIgniter\CodeIgniter->run()
#10 C:\xampp\htdocs\polubi-snack-ci\system\Commands\Server\rewrite.php(46): require_once('C:\\xampp\\htdocs...')
#11 {main}
CRITICAL - 2022-12-25 23:44:46 --> Duplicate entry 'TRS2512220002' for key 'PRIMARY'
in SYSTEMPATH\Database\MySQLi\Connection.php on line 292.
 1 SYSTEMPATH\Database\MySQLi\Connection.php(292): mysqli->query('INSERT INTO `transaksi` (`no_transaksi`, `id_perusahaan`, `catatan_transaksi`, `nominal_transaksi`, `tanggal_transaksi`, `status_aktif`) VALUES (\'TRS2512220002\', \'2\', \'Retur Pembelian\', 0, \'2022-12-25\', 1)', 0)
 2 SYSTEMPATH\Database\BaseConnection.php(666): CodeIgniter\Database\MySQLi\Connection->execute('INSERT INTO `transaksi` (`no_transaksi`, `id_perusahaan`, `catatan_transaksi`, `nominal_transaksi`, `tanggal_transaksi`, `status_aktif`) VALUES (\'TRS2512220002\', \'2\', \'Retur Pembelian\', 0, \'2022-12-25\', 1)')
 3 SYSTEMPATH\Database\BaseConnection.php(593): CodeIgniter\Database\BaseConnection->simpleQuery('INSERT INTO `transaksi` (`no_transaksi`, `id_perusahaan`, `catatan_transaksi`, `nominal_transaksi`, `tanggal_transaksi`, `status_aktif`) VALUES (\'TRS2512220002\', \'2\', \'Retur Pembelian\', 0, \'2022-12-25\', 1)')
 4 SYSTEMPATH\Database\BaseBuilder.php(1916): CodeIgniter\Database\BaseConnection->query('INSERT INTO `transaksi` (`no_transaksi`, `id_perusahaan`, `catatan_transaksi`, `nominal_transaksi`, `tanggal_transaksi`, `status_aktif`) VALUES (:no_transaksi:, :id_perusahaan:, :catatan_transaksi:, :nominal_transaksi:, :tanggal_transaksi:, :status_aktif:)', [...], false)
 5 APPPATH\Models\ReturPembelianModel.php(77): CodeIgniter\Database\BaseBuilder->insert([...])
 6 APPPATH\Controllers\ReturPembelian.php(101): App\Models\ReturPembelianModel->storeReturPembelian()
 7 SYSTEMPATH\CodeIgniter.php(927): App\Controllers\ReturPembelian->store()
 8 SYSTEMPATH\CodeIgniter.php(482): CodeIgniter\CodeIgniter->runController(Object(App\Controllers\ReturPembelian))
 9 SYSTEMPATH\CodeIgniter.php(351): CodeIgniter\CodeIgniter->handleRequest(null, Object(Config\Cache), false)
10 FCPATH\index.php(67): CodeIgniter\CodeIgniter->run()
11 SYSTEMPATH\Commands\Server\rewrite.php(46): require_once('FCPATH\\index.php')
