ERROR - 2022-12-12 07:31:24 --> Error connecting to the database: mysqli_sql_exception: No connection could be made because the target machine actively refused it in C:\xampp\htdocs\polubi-snack\system\Database\MySQLi\Connection.php:171
Stack trace:
#0 C:\xampp\htdocs\polubi-snack\system\Database\MySQLi\Connection.php(171): mysqli->real_connect('localhost', 'root', '', 'polubi_snack', 3306, '', 0)
#1 C:\xampp\htdocs\polubi-snack\system\Database\BaseConnection.php(382): CodeIgniter\Database\MySQLi\Connection->connect(false)
#2 C:\xampp\htdocs\polubi-snack\system\Database\BaseConnection.php(561): CodeIgniter\Database\BaseConnection->initialize()
#3 C:\xampp\htdocs\polubi-snack\system\Database\BaseBuilder.php(1585): CodeIgniter\Database\BaseConnection->query('SELECT *\nFROM `...', Array, false)
#4 C:\xampp\htdocs\polubi-snack\app\Models\SupplierModel.php(12): CodeIgniter\Database\BaseBuilder->get()
#5 C:\xampp\htdocs\polubi-snack\app\Controllers\Pembelian.php(15): App\Models\SupplierModel->indexSupplier()
#6 C:\xampp\htdocs\polubi-snack\system\CodeIgniter.php(927): App\Controllers\Pembelian->create()
#7 C:\xampp\htdocs\polubi-snack\system\CodeIgniter.php(482): CodeIgniter\CodeIgniter->runController(Object(App\Controllers\Pembelian))
#8 C:\xampp\htdocs\polubi-snack\system\CodeIgniter.php(351): CodeIgniter\CodeIgniter->handleRequest(NULL, Object(Config\Cache), false)
#9 C:\xampp\htdocs\polubi-snack\public\index.php(67): CodeIgniter\CodeIgniter->run()
#10 C:\xampp\htdocs\polubi-snack\system\Commands\Server\rewrite.php(46): require_once('C:\\xampp\\htdocs...')
#11 {main}

Next CodeIgniter\Database\Exceptions\DatabaseException: No connection could be made because the target machine actively refused it in C:\xampp\htdocs\polubi-snack\system\Database\MySQLi\Connection.php:215
Stack trace:
#0 C:\xampp\htdocs\polubi-snack\system\Database\BaseConnection.php(382): CodeIgniter\Database\MySQLi\Connection->connect(false)
#1 C:\xampp\htdocs\polubi-snack\system\Database\BaseConnection.php(561): CodeIgniter\Database\BaseConnection->initialize()
#2 C:\xampp\htdocs\polubi-snack\system\Database\BaseBuilder.php(1585): CodeIgniter\Database\BaseConnection->query('SELECT *\nFROM `...', Array, false)
#3 C:\xampp\htdocs\polubi-snack\app\Models\SupplierModel.php(12): CodeIgniter\Database\BaseBuilder->get()
#4 C:\xampp\htdocs\polubi-snack\app\Controllers\Pembelian.php(15): App\Models\SupplierModel->indexSupplier()
#5 C:\xampp\htdocs\polubi-snack\system\CodeIgniter.php(927): App\Controllers\Pembelian->create()
#6 C:\xampp\htdocs\polubi-snack\system\CodeIgniter.php(482): CodeIgniter\CodeIgniter->runController(Object(App\Controllers\Pembelian))
#7 C:\xampp\htdocs\polubi-snack\system\CodeIgniter.php(351): CodeIgniter\CodeIgniter->handleRequest(NULL, Object(Config\Cache), false)
#8 C:\xampp\htdocs\polubi-snack\public\index.php(67): CodeIgniter\CodeIgniter->run()
#9 C:\xampp\htdocs\polubi-snack\system\Commands\Server\rewrite.php(46): require_once('C:\\xampp\\htdocs...')
#10 {main}
CRITICAL - 2022-12-12 07:31:24 --> Unable to connect to the database.
Main connection [MySQLi]: No connection could be made because the target machine actively refused it
in SYSTEMPATH\Database\BaseConnection.php on line 418.
 1 SYSTEMPATH\Database\BaseConnection.php(561): CodeIgniter\Database\BaseConnection->initialize()
 2 SYSTEMPATH\Database\BaseBuilder.php(1585): CodeIgniter\Database\BaseConnection->query('SELECT *
FROM `supplier`
WHERE `status_aktif` = :status_aktif:', [...], false)
 3 APPPATH\Models\SupplierModel.php(12): CodeIgniter\Database\BaseBuilder->get()
 4 APPPATH\Controllers\Pembelian.php(15): App\Models\SupplierModel->indexSupplier()
 5 SYSTEMPATH\CodeIgniter.php(927): App\Controllers\Pembelian->create()
 6 SYSTEMPATH\CodeIgniter.php(482): CodeIgniter\CodeIgniter->runController(Object(App\Controllers\Pembelian))
 7 SYSTEMPATH\CodeIgniter.php(351): CodeIgniter\CodeIgniter->handleRequest(null, Object(Config\Cache), false)
 8 FCPATH\index.php(67): CodeIgniter\CodeIgniter->run()
 9 SYSTEMPATH\Commands\Server\rewrite.php(46): require_once('FCPATH\\index.php')
CRITICAL - 2022-12-12 08:12:06 --> Undefined variable $dataBahan
in APPPATH\Views\transaksi\detail-pembelian\create.php on line 20.
 1 APPPATH\Views\transaksi\detail-pembelian\create.php(20): CodeIgniter\Debug\Exceptions->errorHandler(2, 'Undefined variable $dataBahan', 'APPPATH\\Views\\transaksi\\detail-pembelian\\create.php', 20)
 2 SYSTEMPATH\View\View.php(213): include('APPPATH\\Views\\transaksi\\detail-pembelian\\create.php')
 3 SYSTEMPATH\View\View.php(216): CodeIgniter\View\View->CodeIgniter\View\{closure}()
 4 SYSTEMPATH\Common.php(1134): CodeIgniter\View\View->render('transaksi/detail-pembelian/create', [], true)
 5 APPPATH\Controllers\DetailPembelian.php(38): view('transaksi/detail-pembelian/create', [...])
 6 SYSTEMPATH\CodeIgniter.php(927): App\Controllers\DetailPembelian->store()
 7 SYSTEMPATH\CodeIgniter.php(482): CodeIgniter\CodeIgniter->runController(Object(App\Controllers\DetailPembelian))
 8 SYSTEMPATH\CodeIgniter.php(351): CodeIgniter\CodeIgniter->handleRequest(null, Object(Config\Cache), false)
 9 FCPATH\index.php(67): CodeIgniter\CodeIgniter->run()
10 SYSTEMPATH\Commands\Server\rewrite.php(46): require_once('FCPATH\\index.php')
CRITICAL - 2022-12-12 10:25:53 --> Undefined variable $dataDetailPembelian
in APPPATH\Views\transaksi\detail-pembelian\create.php on line 68.
 1 APPPATH\Views\transaksi\detail-pembelian\create.php(68): CodeIgniter\Debug\Exceptions->errorHandler(2, 'Undefined variable $dataDetailPembelian', 'APPPATH\\Views\\transaksi\\detail-pembelian\\create.php', 68)
 2 SYSTEMPATH\View\View.php(213): include('APPPATH\\Views\\transaksi\\detail-pembelian\\create.php')
 3 SYSTEMPATH\View\View.php(216): CodeIgniter\View\View->CodeIgniter\View\{closure}()
 4 SYSTEMPATH\Common.php(1134): CodeIgniter\View\View->render('transaksi/detail-pembelian/create', [], true)
 5 APPPATH\Controllers\DetailPembelian.php(28): view('transaksi/detail-pembelian/create', [...])
 6 SYSTEMPATH\CodeIgniter.php(927): App\Controllers\DetailPembelian->create()
 7 SYSTEMPATH\CodeIgniter.php(482): CodeIgniter\CodeIgniter->runController(Object(App\Controllers\DetailPembelian))
 8 SYSTEMPATH\CodeIgniter.php(351): CodeIgniter\CodeIgniter->handleRequest(null, Object(Config\Cache), false)
 9 FCPATH\index.php(67): CodeIgniter\CodeIgniter->run()
10 SYSTEMPATH\Commands\Server\rewrite.php(46): require_once('FCPATH\\index.php')
CRITICAL - 2022-12-12 10:27:30 --> Undefined variable $dataDetailPembelian
in APPPATH\Views\transaksi\detail-pembelian\create.php on line 68.
 1 APPPATH\Views\transaksi\detail-pembelian\create.php(68): CodeIgniter\Debug\Exceptions->errorHandler(2, 'Undefined variable $dataDetailPembelian', 'APPPATH\\Views\\transaksi\\detail-pembelian\\create.php', 68)
 2 SYSTEMPATH\View\View.php(213): include('APPPATH\\Views\\transaksi\\detail-pembelian\\create.php')
 3 SYSTEMPATH\View\View.php(216): CodeIgniter\View\View->CodeIgniter\View\{closure}()
 4 SYSTEMPATH\Common.php(1134): CodeIgniter\View\View->render('transaksi/detail-pembelian/create', [], true)
 5 APPPATH\Controllers\DetailPembelian.php(28): view('transaksi/detail-pembelian/create', [...])
 6 SYSTEMPATH\CodeIgniter.php(927): App\Controllers\DetailPembelian->create()
 7 SYSTEMPATH\CodeIgniter.php(482): CodeIgniter\CodeIgniter->runController(Object(App\Controllers\DetailPembelian))
 8 SYSTEMPATH\CodeIgniter.php(351): CodeIgniter\CodeIgniter->handleRequest(null, Object(Config\Cache), false)
 9 FCPATH\index.php(67): CodeIgniter\CodeIgniter->run()
10 SYSTEMPATH\Commands\Server\rewrite.php(46): require_once('FCPATH\\index.php')
CRITICAL - 2022-12-12 10:27:34 --> Undefined variable $dataDetailPembelian
in APPPATH\Views\transaksi\detail-pembelian\create.php on line 68.
 1 APPPATH\Views\transaksi\detail-pembelian\create.php(68): CodeIgniter\Debug\Exceptions->errorHandler(2, 'Undefined variable $dataDetailPembelian', 'APPPATH\\Views\\transaksi\\detail-pembelian\\create.php', 68)
 2 SYSTEMPATH\View\View.php(213): include('APPPATH\\Views\\transaksi\\detail-pembelian\\create.php')
 3 SYSTEMPATH\View\View.php(216): CodeIgniter\View\View->CodeIgniter\View\{closure}()
 4 SYSTEMPATH\Common.php(1134): CodeIgniter\View\View->render('transaksi/detail-pembelian/create', [], true)
 5 APPPATH\Controllers\DetailPembelian.php(28): view('transaksi/detail-pembelian/create', [...])
 6 SYSTEMPATH\CodeIgniter.php(927): App\Controllers\DetailPembelian->create()
 7 SYSTEMPATH\CodeIgniter.php(482): CodeIgniter\CodeIgniter->runController(Object(App\Controllers\DetailPembelian))
 8 SYSTEMPATH\CodeIgniter.php(351): CodeIgniter\CodeIgniter->handleRequest(null, Object(Config\Cache), false)
 9 FCPATH\index.php(67): CodeIgniter\CodeIgniter->run()
10 SYSTEMPATH\Commands\Server\rewrite.php(46): require_once('FCPATH\\index.php')
CRITICAL - 2022-12-12 10:28:25 --> Undefined variable $dataDetailPembelian
in APPPATH\Views\transaksi\detail-pembelian\create.php on line 78.
 1 APPPATH\Views\transaksi\detail-pembelian\create.php(78): CodeIgniter\Debug\Exceptions->errorHandler(2, 'Undefined variable $dataDetailPembelian', 'APPPATH\\Views\\transaksi\\detail-pembelian\\create.php', 78)
 2 SYSTEMPATH\View\View.php(213): include('APPPATH\\Views\\transaksi\\detail-pembelian\\create.php')
 3 SYSTEMPATH\View\View.php(216): CodeIgniter\View\View->CodeIgniter\View\{closure}()
 4 SYSTEMPATH\Common.php(1134): CodeIgniter\View\View->render('transaksi/detail-pembelian/create', [], true)
 5 APPPATH\Controllers\DetailPembelian.php(28): view('transaksi/detail-pembelian/create', [...])
 6 SYSTEMPATH\CodeIgniter.php(927): App\Controllers\DetailPembelian->create()
 7 SYSTEMPATH\CodeIgniter.php(482): CodeIgniter\CodeIgniter->runController(Object(App\Controllers\DetailPembelian))
 8 SYSTEMPATH\CodeIgniter.php(351): CodeIgniter\CodeIgniter->handleRequest(null, Object(Config\Cache), false)
 9 FCPATH\index.php(67): CodeIgniter\CodeIgniter->run()
10 SYSTEMPATH\Commands\Server\rewrite.php(46): require_once('FCPATH\\index.php')
CRITICAL - 2022-12-12 10:29:01 --> Undefined variable $dataDetailPembelian
in APPPATH\Views\transaksi\detail-pembelian\create.php on line 78.
 1 APPPATH\Views\transaksi\detail-pembelian\create.php(78): CodeIgniter\Debug\Exceptions->errorHandler(2, 'Undefined variable $dataDetailPembelian', 'APPPATH\\Views\\transaksi\\detail-pembelian\\create.php', 78)
 2 SYSTEMPATH\View\View.php(213): include('APPPATH\\Views\\transaksi\\detail-pembelian\\create.php')
 3 SYSTEMPATH\View\View.php(216): CodeIgniter\View\View->CodeIgniter\View\{closure}()
 4 SYSTEMPATH\Common.php(1134): CodeIgniter\View\View->render('transaksi/detail-pembelian/create', [], true)
 5 APPPATH\Controllers\DetailPembelian.php(28): view('transaksi/detail-pembelian/create', [...])
 6 SYSTEMPATH\CodeIgniter.php(927): App\Controllers\DetailPembelian->create()
 7 SYSTEMPATH\CodeIgniter.php(482): CodeIgniter\CodeIgniter->runController(Object(App\Controllers\DetailPembelian))
 8 SYSTEMPATH\CodeIgniter.php(351): CodeIgniter\CodeIgniter->handleRequest(null, Object(Config\Cache), false)
 9 FCPATH\index.php(67): CodeIgniter\CodeIgniter->run()
10 SYSTEMPATH\Commands\Server\rewrite.php(46): require_once('FCPATH\\index.php')
CRITICAL - 2022-12-12 10:30:29 --> Undefined variable $dataDetailPembelian
in APPPATH\Views\transaksi\detail-pembelian\create.php on line 78.
 1 APPPATH\Views\transaksi\detail-pembelian\create.php(78): CodeIgniter\Debug\Exceptions->errorHandler(2, 'Undefined variable $dataDetailPembelian', 'APPPATH\\Views\\transaksi\\detail-pembelian\\create.php', 78)
 2 SYSTEMPATH\View\View.php(213): include('APPPATH\\Views\\transaksi\\detail-pembelian\\create.php')
 3 SYSTEMPATH\View\View.php(216): CodeIgniter\View\View->CodeIgniter\View\{closure}()
 4 SYSTEMPATH\Common.php(1134): CodeIgniter\View\View->render('transaksi/detail-pembelian/create', [], true)
 5 APPPATH\Controllers\DetailPembelian.php(28): view('transaksi/detail-pembelian/create', [...])
 6 SYSTEMPATH\CodeIgniter.php(927): App\Controllers\DetailPembelian->create()
 7 SYSTEMPATH\CodeIgniter.php(482): CodeIgniter\CodeIgniter->runController(Object(App\Controllers\DetailPembelian))
 8 SYSTEMPATH\CodeIgniter.php(351): CodeIgniter\CodeIgniter->handleRequest(null, Object(Config\Cache), false)
 9 FCPATH\index.php(67): CodeIgniter\CodeIgniter->run()
10 SYSTEMPATH\Commands\Server\rewrite.php(46): require_once('FCPATH\\index.php')
CRITICAL - 2022-12-12 10:34:05 --> Undefined variable $dataDetailPembelian
in APPPATH\Views\transaksi\detail-pembelian\create.php on line 78.
 1 APPPATH\Views\transaksi\detail-pembelian\create.php(78): CodeIgniter\Debug\Exceptions->errorHandler(2, 'Undefined variable $dataDetailPembelian', 'APPPATH\\Views\\transaksi\\detail-pembelian\\create.php', 78)
 2 SYSTEMPATH\View\View.php(213): include('APPPATH\\Views\\transaksi\\detail-pembelian\\create.php')
 3 SYSTEMPATH\View\View.php(216): CodeIgniter\View\View->CodeIgniter\View\{closure}()
 4 SYSTEMPATH\Common.php(1134): CodeIgniter\View\View->render('transaksi/detail-pembelian/create', [], true)
 5 APPPATH\Controllers\DetailPembelian.php(28): view('transaksi/detail-pembelian/create', [...])
 6 SYSTEMPATH\CodeIgniter.php(927): App\Controllers\DetailPembelian->create()
 7 SYSTEMPATH\CodeIgniter.php(482): CodeIgniter\CodeIgniter->runController(Object(App\Controllers\DetailPembelian))
 8 SYSTEMPATH\CodeIgniter.php(351): CodeIgniter\CodeIgniter->handleRequest(null, Object(Config\Cache), false)
 9 FCPATH\index.php(67): CodeIgniter\CodeIgniter->run()
10 SYSTEMPATH\Commands\Server\rewrite.php(46): require_once('FCPATH\\index.php')
CRITICAL - 2022-12-12 10:34:06 --> Undefined variable $dataDetailPembelian
in APPPATH\Views\transaksi\detail-pembelian\create.php on line 78.
 1 APPPATH\Views\transaksi\detail-pembelian\create.php(78): CodeIgniter\Debug\Exceptions->errorHandler(2, 'Undefined variable $dataDetailPembelian', 'APPPATH\\Views\\transaksi\\detail-pembelian\\create.php', 78)
 2 SYSTEMPATH\View\View.php(213): include('APPPATH\\Views\\transaksi\\detail-pembelian\\create.php')
 3 SYSTEMPATH\View\View.php(216): CodeIgniter\View\View->CodeIgniter\View\{closure}()
 4 SYSTEMPATH\Common.php(1134): CodeIgniter\View\View->render('transaksi/detail-pembelian/create', [], true)
 5 APPPATH\Controllers\DetailPembelian.php(28): view('transaksi/detail-pembelian/create', [...])
 6 SYSTEMPATH\CodeIgniter.php(927): App\Controllers\DetailPembelian->create()
 7 SYSTEMPATH\CodeIgniter.php(482): CodeIgniter\CodeIgniter->runController(Object(App\Controllers\DetailPembelian))
 8 SYSTEMPATH\CodeIgniter.php(351): CodeIgniter\CodeIgniter->handleRequest(null, Object(Config\Cache), false)
 9 FCPATH\index.php(67): CodeIgniter\CodeIgniter->run()
10 SYSTEMPATH\Commands\Server\rewrite.php(46): require_once('FCPATH\\index.php')
CRITICAL - 2022-12-12 10:34:07 --> Undefined variable $dataDetailPembelian
in APPPATH\Views\transaksi\detail-pembelian\create.php on line 78.
 1 APPPATH\Views\transaksi\detail-pembelian\create.php(78): CodeIgniter\Debug\Exceptions->errorHandler(2, 'Undefined variable $dataDetailPembelian', 'APPPATH\\Views\\transaksi\\detail-pembelian\\create.php', 78)
 2 SYSTEMPATH\View\View.php(213): include('APPPATH\\Views\\transaksi\\detail-pembelian\\create.php')
 3 SYSTEMPATH\View\View.php(216): CodeIgniter\View\View->CodeIgniter\View\{closure}()
 4 SYSTEMPATH\Common.php(1134): CodeIgniter\View\View->render('transaksi/detail-pembelian/create', [], true)
 5 APPPATH\Controllers\DetailPembelian.php(28): view('transaksi/detail-pembelian/create', [...])
 6 SYSTEMPATH\CodeIgniter.php(927): App\Controllers\DetailPembelian->create()
 7 SYSTEMPATH\CodeIgniter.php(482): CodeIgniter\CodeIgniter->runController(Object(App\Controllers\DetailPembelian))
 8 SYSTEMPATH\CodeIgniter.php(351): CodeIgniter\CodeIgniter->handleRequest(null, Object(Config\Cache), false)
 9 FCPATH\index.php(67): CodeIgniter\CodeIgniter->run()
10 SYSTEMPATH\Commands\Server\rewrite.php(46): require_once('FCPATH\\index.php')
CRITICAL - 2022-12-12 10:36:22 --> Undefined variable $dataDetailPembelian
in APPPATH\Views\transaksi\detail-pembelian\create.php on line 78.
 1 APPPATH\Views\transaksi\detail-pembelian\create.php(78): CodeIgniter\Debug\Exceptions->errorHandler(2, 'Undefined variable $dataDetailPembelian', 'APPPATH\\Views\\transaksi\\detail-pembelian\\create.php', 78)
 2 SYSTEMPATH\View\View.php(213): include('APPPATH\\Views\\transaksi\\detail-pembelian\\create.php')
 3 SYSTEMPATH\View\View.php(216): CodeIgniter\View\View->CodeIgniter\View\{closure}()
 4 SYSTEMPATH\Common.php(1134): CodeIgniter\View\View->render('transaksi/detail-pembelian/create', [], true)
 5 APPPATH\Controllers\DetailPembelian.php(28): view('transaksi/detail-pembelian/create', [...])
 6 SYSTEMPATH\CodeIgniter.php(927): App\Controllers\DetailPembelian->create()
 7 SYSTEMPATH\CodeIgniter.php(482): CodeIgniter\CodeIgniter->runController(Object(App\Controllers\DetailPembelian))
 8 SYSTEMPATH\CodeIgniter.php(351): CodeIgniter\CodeIgniter->handleRequest(null, Object(Config\Cache), false)
 9 FCPATH\index.php(67): CodeIgniter\CodeIgniter->run()
10 SYSTEMPATH\Commands\Server\rewrite.php(46): require_once('FCPATH\\index.php')
CRITICAL - 2022-12-12 10:36:25 --> Undefined variable $dataDetailPembelian
in APPPATH\Views\transaksi\detail-pembelian\create.php on line 78.
 1 APPPATH\Views\transaksi\detail-pembelian\create.php(78): CodeIgniter\Debug\Exceptions->errorHandler(2, 'Undefined variable $dataDetailPembelian', 'APPPATH\\Views\\transaksi\\detail-pembelian\\create.php', 78)
 2 SYSTEMPATH\View\View.php(213): include('APPPATH\\Views\\transaksi\\detail-pembelian\\create.php')
 3 SYSTEMPATH\View\View.php(216): CodeIgniter\View\View->CodeIgniter\View\{closure}()
 4 SYSTEMPATH\Common.php(1134): CodeIgniter\View\View->render('transaksi/detail-pembelian/create', [], true)
 5 APPPATH\Controllers\DetailPembelian.php(28): view('transaksi/detail-pembelian/create', [...])
 6 SYSTEMPATH\CodeIgniter.php(927): App\Controllers\DetailPembelian->create()
 7 SYSTEMPATH\CodeIgniter.php(482): CodeIgniter\CodeIgniter->runController(Object(App\Controllers\DetailPembelian))
 8 SYSTEMPATH\CodeIgniter.php(351): CodeIgniter\CodeIgniter->handleRequest(null, Object(Config\Cache), false)
 9 FCPATH\index.php(67): CodeIgniter\CodeIgniter->run()
10 SYSTEMPATH\Commands\Server\rewrite.php(46): require_once('FCPATH\\index.php')
CRITICAL - 2022-12-12 10:37:05 --> Undefined variable $dataDetailPembelian
in APPPATH\Views\transaksi\detail-pembelian\create.php on line 78.
 1 APPPATH\Views\transaksi\detail-pembelian\create.php(78): CodeIgniter\Debug\Exceptions->errorHandler(2, 'Undefined variable $dataDetailPembelian', 'APPPATH\\Views\\transaksi\\detail-pembelian\\create.php', 78)
 2 SYSTEMPATH\View\View.php(213): include('APPPATH\\Views\\transaksi\\detail-pembelian\\create.php')
 3 SYSTEMPATH\View\View.php(216): CodeIgniter\View\View->CodeIgniter\View\{closure}()
 4 SYSTEMPATH\Common.php(1134): CodeIgniter\View\View->render('transaksi/detail-pembelian/create', [], true)
 5 APPPATH\Controllers\DetailPembelian.php(28): view('transaksi/detail-pembelian/create', [...])
 6 SYSTEMPATH\CodeIgniter.php(927): App\Controllers\DetailPembelian->create()
 7 SYSTEMPATH\CodeIgniter.php(482): CodeIgniter\CodeIgniter->runController(Object(App\Controllers\DetailPembelian))
 8 SYSTEMPATH\CodeIgniter.php(351): CodeIgniter\CodeIgniter->handleRequest(null, Object(Config\Cache), false)
 9 FCPATH\index.php(67): CodeIgniter\CodeIgniter->run()
10 SYSTEMPATH\Commands\Server\rewrite.php(46): require_once('FCPATH\\index.php')
CRITICAL - 2022-12-12 10:37:10 --> Undefined variable $dataDetailPembelian
in APPPATH\Views\transaksi\detail-pembelian\create.php on line 78.
 1 APPPATH\Views\transaksi\detail-pembelian\create.php(78): CodeIgniter\Debug\Exceptions->errorHandler(2, 'Undefined variable $dataDetailPembelian', 'APPPATH\\Views\\transaksi\\detail-pembelian\\create.php', 78)
 2 SYSTEMPATH\View\View.php(213): include('APPPATH\\Views\\transaksi\\detail-pembelian\\create.php')
 3 SYSTEMPATH\View\View.php(216): CodeIgniter\View\View->CodeIgniter\View\{closure}()
 4 SYSTEMPATH\Common.php(1134): CodeIgniter\View\View->render('transaksi/detail-pembelian/create', [], true)
 5 APPPATH\Controllers\DetailPembelian.php(28): view('transaksi/detail-pembelian/create', [...])
 6 SYSTEMPATH\CodeIgniter.php(927): App\Controllers\DetailPembelian->create()
 7 SYSTEMPATH\CodeIgniter.php(482): CodeIgniter\CodeIgniter->runController(Object(App\Controllers\DetailPembelian))
 8 SYSTEMPATH\CodeIgniter.php(351): CodeIgniter\CodeIgniter->handleRequest(null, Object(Config\Cache), false)
 9 FCPATH\index.php(67): CodeIgniter\CodeIgniter->run()
10 SYSTEMPATH\Commands\Server\rewrite.php(46): require_once('FCPATH\\index.php')
CRITICAL - 2022-12-12 10:37:31 --> Undefined variable $dataDetailPembelian
in APPPATH\Views\transaksi\detail-pembelian\create.php on line 78.
 1 APPPATH\Views\transaksi\detail-pembelian\create.php(78): CodeIgniter\Debug\Exceptions->errorHandler(2, 'Undefined variable $dataDetailPembelian', 'APPPATH\\Views\\transaksi\\detail-pembelian\\create.php', 78)
 2 SYSTEMPATH\View\View.php(213): include('APPPATH\\Views\\transaksi\\detail-pembelian\\create.php')
 3 SYSTEMPATH\View\View.php(216): CodeIgniter\View\View->CodeIgniter\View\{closure}()
 4 SYSTEMPATH\Common.php(1134): CodeIgniter\View\View->render('transaksi/detail-pembelian/create', [], true)
 5 APPPATH\Controllers\DetailPembelian.php(28): view('transaksi/detail-pembelian/create', [...])
 6 SYSTEMPATH\CodeIgniter.php(927): App\Controllers\DetailPembelian->create()
 7 SYSTEMPATH\CodeIgniter.php(482): CodeIgniter\CodeIgniter->runController(Object(App\Controllers\DetailPembelian))
 8 SYSTEMPATH\CodeIgniter.php(351): CodeIgniter\CodeIgniter->handleRequest(null, Object(Config\Cache), false)
 9 FCPATH\index.php(67): CodeIgniter\CodeIgniter->run()
10 SYSTEMPATH\Commands\Server\rewrite.php(46): require_once('FCPATH\\index.php')
CRITICAL - 2022-12-12 10:37:34 --> Undefined variable $dataDetailPembelian
in APPPATH\Views\transaksi\detail-pembelian\create.php on line 78.
 1 APPPATH\Views\transaksi\detail-pembelian\create.php(78): CodeIgniter\Debug\Exceptions->errorHandler(2, 'Undefined variable $dataDetailPembelian', 'APPPATH\\Views\\transaksi\\detail-pembelian\\create.php', 78)
 2 SYSTEMPATH\View\View.php(213): include('APPPATH\\Views\\transaksi\\detail-pembelian\\create.php')
 3 SYSTEMPATH\View\View.php(216): CodeIgniter\View\View->CodeIgniter\View\{closure}()
 4 SYSTEMPATH\Common.php(1134): CodeIgniter\View\View->render('transaksi/detail-pembelian/create', [], true)
 5 APPPATH\Controllers\DetailPembelian.php(28): view('transaksi/detail-pembelian/create', [...])
 6 SYSTEMPATH\CodeIgniter.php(927): App\Controllers\DetailPembelian->create()
 7 SYSTEMPATH\CodeIgniter.php(482): CodeIgniter\CodeIgniter->runController(Object(App\Controllers\DetailPembelian))
 8 SYSTEMPATH\CodeIgniter.php(351): CodeIgniter\CodeIgniter->handleRequest(null, Object(Config\Cache), false)
 9 FCPATH\index.php(67): CodeIgniter\CodeIgniter->run()
10 SYSTEMPATH\Commands\Server\rewrite.php(46): require_once('FCPATH\\index.php')
CRITICAL - 2022-12-12 10:38:03 --> Undefined variable $dataDetailPembelian
in APPPATH\Views\transaksi\detail-pembelian\create.php on line 78.
 1 APPPATH\Views\transaksi\detail-pembelian\create.php(78): CodeIgniter\Debug\Exceptions->errorHandler(2, 'Undefined variable $dataDetailPembelian', 'APPPATH\\Views\\transaksi\\detail-pembelian\\create.php', 78)
 2 SYSTEMPATH\View\View.php(213): include('APPPATH\\Views\\transaksi\\detail-pembelian\\create.php')
 3 SYSTEMPATH\View\View.php(216): CodeIgniter\View\View->CodeIgniter\View\{closure}()
 4 SYSTEMPATH\Common.php(1134): CodeIgniter\View\View->render('transaksi/detail-pembelian/create', [], true)
 5 APPPATH\Controllers\DetailPembelian.php(28): view('transaksi/detail-pembelian/create', [...])
 6 SYSTEMPATH\CodeIgniter.php(927): App\Controllers\DetailPembelian->create()
 7 SYSTEMPATH\CodeIgniter.php(482): CodeIgniter\CodeIgniter->runController(Object(App\Controllers\DetailPembelian))
 8 SYSTEMPATH\CodeIgniter.php(351): CodeIgniter\CodeIgniter->handleRequest(null, Object(Config\Cache), false)
 9 FCPATH\index.php(67): CodeIgniter\CodeIgniter->run()
10 SYSTEMPATH\Commands\Server\rewrite.php(46): require_once('FCPATH\\index.php')
CRITICAL - 2022-12-12 11:01:18 --> Undefined array key "id_bahan"
in APPPATH\Controllers\DetailPembelian.php on line 40.
 1 APPPATH\Controllers\DetailPembelian.php(40): CodeIgniter\Debug\Exceptions->errorHandler(2, 'Undefined array key "id_bahan"', 'APPPATH\\Controllers\\DetailPembelian.php', 40)
 2 SYSTEMPATH\CodeIgniter.php(927): App\Controllers\DetailPembelian->item()
 3 SYSTEMPATH\CodeIgniter.php(482): CodeIgniter\CodeIgniter->runController(Object(App\Controllers\DetailPembelian))
 4 SYSTEMPATH\CodeIgniter.php(351): CodeIgniter\CodeIgniter->handleRequest(null, Object(Config\Cache), false)
 5 FCPATH\index.php(67): CodeIgniter\CodeIgniter->run()
 6 SYSTEMPATH\Commands\Server\rewrite.php(46): require_once('FCPATH\\index.php')
CRITICAL - 2022-12-12 11:31:38 --> Undefined variable $dataSupplier
in APPPATH\Views\transaksi\pembelian\create.php on line 21.
 1 APPPATH\Views\transaksi\pembelian\create.php(21): CodeIgniter\Debug\Exceptions->errorHandler(2, 'Undefined variable $dataSupplier', 'APPPATH\\Views\\transaksi\\pembelian\\create.php', 21)
 2 SYSTEMPATH\View\View.php(213): include('APPPATH\\Views\\transaksi\\pembelian\\create.php')
 3 SYSTEMPATH\View\View.php(216): CodeIgniter\View\View->CodeIgniter\View\{closure}()
 4 SYSTEMPATH\Common.php(1134): CodeIgniter\View\View->render('transaksi/pembelian/create', [], true)
 5 APPPATH\Controllers\Pembelian.php(34): view('transaksi/pembelian/create', [...])
 6 SYSTEMPATH\CodeIgniter.php(927): App\Controllers\Pembelian->create()
 7 SYSTEMPATH\CodeIgniter.php(482): CodeIgniter\CodeIgniter->runController(Object(App\Controllers\Pembelian))
 8 SYSTEMPATH\CodeIgniter.php(351): CodeIgniter\CodeIgniter->handleRequest(null, Object(Config\Cache), false)
 9 FCPATH\index.php(67): CodeIgniter\CodeIgniter->run()
10 SYSTEMPATH\Commands\Server\rewrite.php(46): require_once('FCPATH\\index.php')
CRITICAL - 2022-12-12 21:01:31 --> You must set the database table to be used with your query.
in SYSTEMPATH\Database\BaseConnection.php on line 845.
 1 SYSTEMPATH\Model.php(587): CodeIgniter\Database\BaseConnection->table(null)
 2 SYSTEMPATH\Model.php(764): CodeIgniter\Model->builder()
 3 APPPATH\Controllers\DetailPembelian.php(34): CodeIgniter\Model->__call('storeDetalPembelian', [])
 4 SYSTEMPATH\CodeIgniter.php(927): App\Controllers\DetailPembelian->store()
 5 SYSTEMPATH\CodeIgniter.php(482): CodeIgniter\CodeIgniter->runController(Object(App\Controllers\DetailPembelian))
 6 SYSTEMPATH\CodeIgniter.php(351): CodeIgniter\CodeIgniter->handleRequest(null, Object(Config\Cache), false)
 7 FCPATH\index.php(67): CodeIgniter\CodeIgniter->run()
 8 SYSTEMPATH\Commands\Server\rewrite.php(46): require_once('FCPATH\\index.php')
CRITICAL - 2022-12-12 21:01:54 --> You must set the database table to be used with your query.
in SYSTEMPATH\Database\BaseConnection.php on line 845.
 1 SYSTEMPATH\Model.php(587): CodeIgniter\Database\BaseConnection->table(null)
 2 SYSTEMPATH\Model.php(764): CodeIgniter\Model->builder()
 3 APPPATH\Controllers\DetailPembelian.php(34): CodeIgniter\Model->__call('storeDetalPembelian', [])
 4 SYSTEMPATH\CodeIgniter.php(927): App\Controllers\DetailPembelian->store()
 5 SYSTEMPATH\CodeIgniter.php(482): CodeIgniter\CodeIgniter->runController(Object(App\Controllers\DetailPembelian))
 6 SYSTEMPATH\CodeIgniter.php(351): CodeIgniter\CodeIgniter->handleRequest(null, Object(Config\Cache), false)
 7 FCPATH\index.php(67): CodeIgniter\CodeIgniter->run()
 8 SYSTEMPATH\Commands\Server\rewrite.php(46): require_once('FCPATH\\index.php')
CRITICAL - 2022-12-12 21:02:11 --> You must set the database table to be used with your query.
in SYSTEMPATH\Database\BaseConnection.php on line 845.
 1 SYSTEMPATH\Model.php(587): CodeIgniter\Database\BaseConnection->table(null)
 2 SYSTEMPATH\Model.php(764): CodeIgniter\Model->builder()
 3 APPPATH\Controllers\DetailPembelian.php(34): CodeIgniter\Model->__call('storeDetalPembelian', [])
 4 SYSTEMPATH\CodeIgniter.php(927): App\Controllers\DetailPembelian->store()
 5 SYSTEMPATH\CodeIgniter.php(482): CodeIgniter\CodeIgniter->runController(Object(App\Controllers\DetailPembelian))
 6 SYSTEMPATH\CodeIgniter.php(351): CodeIgniter\CodeIgniter->handleRequest(null, Object(Config\Cache), false)
 7 FCPATH\index.php(67): CodeIgniter\CodeIgniter->run()
 8 SYSTEMPATH\Commands\Server\rewrite.php(46): require_once('FCPATH\\index.php')
CRITICAL - 2022-12-12 21:02:28 --> You must set the database table to be used with your query.
in SYSTEMPATH\Database\BaseConnection.php on line 845.
 1 SYSTEMPATH\Model.php(587): CodeIgniter\Database\BaseConnection->table(null)
 2 SYSTEMPATH\Model.php(764): CodeIgniter\Model->builder()
 3 APPPATH\Controllers\DetailPembelian.php(34): CodeIgniter\Model->__call('storeDetalPembelian', [])
 4 SYSTEMPATH\CodeIgniter.php(927): App\Controllers\DetailPembelian->store()
 5 SYSTEMPATH\CodeIgniter.php(482): CodeIgniter\CodeIgniter->runController(Object(App\Controllers\DetailPembelian))
 6 SYSTEMPATH\CodeIgniter.php(351): CodeIgniter\CodeIgniter->handleRequest(null, Object(Config\Cache), false)
 7 FCPATH\index.php(67): CodeIgniter\CodeIgniter->run()
 8 SYSTEMPATH\Commands\Server\rewrite.php(46): require_once('FCPATH\\index.php')
CRITICAL - 2022-12-12 21:04:16 --> You must set the database table to be used with your query.
in SYSTEMPATH\Database\BaseConnection.php on line 845.
 1 SYSTEMPATH\Model.php(587): CodeIgniter\Database\BaseConnection->table(null)
 2 SYSTEMPATH\Model.php(764): CodeIgniter\Model->builder()
 3 APPPATH\Controllers\DetailPembelian.php(34): CodeIgniter\Model->__call('storeDetalPembelian', [])
 4 SYSTEMPATH\CodeIgniter.php(927): App\Controllers\DetailPembelian->store()
 5 SYSTEMPATH\CodeIgniter.php(482): CodeIgniter\CodeIgniter->runController(Object(App\Controllers\DetailPembelian))
 6 SYSTEMPATH\CodeIgniter.php(351): CodeIgniter\CodeIgniter->handleRequest(null, Object(Config\Cache), false)
 7 FCPATH\index.php(67): CodeIgniter\CodeIgniter->run()
 8 SYSTEMPATH\Commands\Server\rewrite.php(46): require_once('FCPATH\\index.php')
CRITICAL - 2022-12-12 21:05:25 --> You must set the database table to be used with your query.
in SYSTEMPATH\Database\BaseConnection.php on line 845.
 1 SYSTEMPATH\Model.php(587): CodeIgniter\Database\BaseConnection->table(null)
 2 SYSTEMPATH\Model.php(764): CodeIgniter\Model->builder()
 3 APPPATH\Controllers\DetailPembelian.php(34): CodeIgniter\Model->__call('storeDetalPembelian', [])
 4 SYSTEMPATH\CodeIgniter.php(927): App\Controllers\DetailPembelian->store()
 5 SYSTEMPATH\CodeIgniter.php(482): CodeIgniter\CodeIgniter->runController(Object(App\Controllers\DetailPembelian))
 6 SYSTEMPATH\CodeIgniter.php(351): CodeIgniter\CodeIgniter->handleRequest(null, Object(Config\Cache), false)
 7 FCPATH\index.php(67): CodeIgniter\CodeIgniter->run()
 8 SYSTEMPATH\Commands\Server\rewrite.php(46): require_once('FCPATH\\index.php')
CRITICAL - 2022-12-12 21:05:30 --> You must set the database table to be used with your query.
in SYSTEMPATH\Database\BaseConnection.php on line 845.
 1 SYSTEMPATH\Model.php(587): CodeIgniter\Database\BaseConnection->table(null)
 2 SYSTEMPATH\Model.php(764): CodeIgniter\Model->builder()
 3 APPPATH\Controllers\DetailPembelian.php(34): CodeIgniter\Model->__call('storeDetalPembelian', [])
 4 SYSTEMPATH\CodeIgniter.php(927): App\Controllers\DetailPembelian->store()
 5 SYSTEMPATH\CodeIgniter.php(482): CodeIgniter\CodeIgniter->runController(Object(App\Controllers\DetailPembelian))
 6 SYSTEMPATH\CodeIgniter.php(351): CodeIgniter\CodeIgniter->handleRequest(null, Object(Config\Cache), false)
 7 FCPATH\index.php(67): CodeIgniter\CodeIgniter->run()
 8 SYSTEMPATH\Commands\Server\rewrite.php(46): require_once('FCPATH\\index.php')
CRITICAL - 2022-12-12 21:05:30 --> You must set the database table to be used with your query.
in SYSTEMPATH\Database\BaseConnection.php on line 845.
 1 SYSTEMPATH\Model.php(587): CodeIgniter\Database\BaseConnection->table(null)
 2 SYSTEMPATH\Model.php(764): CodeIgniter\Model->builder()
 3 APPPATH\Controllers\DetailPembelian.php(34): CodeIgniter\Model->__call('storeDetalPembelian', [])
 4 SYSTEMPATH\CodeIgniter.php(927): App\Controllers\DetailPembelian->store()
 5 SYSTEMPATH\CodeIgniter.php(482): CodeIgniter\CodeIgniter->runController(Object(App\Controllers\DetailPembelian))
 6 SYSTEMPATH\CodeIgniter.php(351): CodeIgniter\CodeIgniter->handleRequest(null, Object(Config\Cache), false)
 7 FCPATH\index.php(67): CodeIgniter\CodeIgniter->run()
 8 SYSTEMPATH\Commands\Server\rewrite.php(46): require_once('FCPATH\\index.php')
CRITICAL - 2022-12-12 21:05:55 --> You must set the database table to be used with your query.
in SYSTEMPATH\Database\BaseConnection.php on line 845.
 1 SYSTEMPATH\Model.php(587): CodeIgniter\Database\BaseConnection->table(null)
 2 SYSTEMPATH\Model.php(764): CodeIgniter\Model->builder()
 3 APPPATH\Controllers\DetailPembelian.php(34): CodeIgniter\Model->__call('storeDetalPembelian', [])
 4 SYSTEMPATH\CodeIgniter.php(927): App\Controllers\DetailPembelian->store()
 5 SYSTEMPATH\CodeIgniter.php(482): CodeIgniter\CodeIgniter->runController(Object(App\Controllers\DetailPembelian))
 6 SYSTEMPATH\CodeIgniter.php(351): CodeIgniter\CodeIgniter->handleRequest(null, Object(Config\Cache), false)
 7 FCPATH\index.php(67): CodeIgniter\CodeIgniter->run()
 8 SYSTEMPATH\Commands\Server\rewrite.php(46): require_once('FCPATH\\index.php')
ERROR - 2022-12-12 21:11:26 --> mysqli_sql_exception: You have an error in your SQL syntax; check the manual that corresponds to your MariaDB server version for the right syntax to use near '{noPembelian} AND detail_pembelian.status_aktif = 1' at line 3 in C:\xampp\htdocs\polubi-snack\system\Database\MySQLi\Connection.php:292
Stack trace:
#0 C:\xampp\htdocs\polubi-snack\system\Database\MySQLi\Connection.php(292): mysqli->query('SELECT detail_p...', 0)
#1 C:\xampp\htdocs\polubi-snack\system\Database\BaseConnection.php(666): CodeIgniter\Database\MySQLi\Connection->execute('SELECT detail_p...')
#2 C:\xampp\htdocs\polubi-snack\system\Database\BaseConnection.php(593): CodeIgniter\Database\BaseConnection->simpleQuery('SELECT detail_p...')
#3 C:\xampp\htdocs\polubi-snack\app\Models\DetailPembelianModel.php(47): CodeIgniter\Database\BaseConnection->query('SELECT detail_p...')
#4 C:\xampp\htdocs\polubi-snack\app\Controllers\DetailPembelian.php(40): App\Models\DetailPembelianModel->itemDetailPembelianModel()
#5 C:\xampp\htdocs\polubi-snack\system\CodeIgniter.php(927): App\Controllers\DetailPembelian->item()
#6 C:\xampp\htdocs\polubi-snack\system\CodeIgniter.php(482): CodeIgniter\CodeIgniter->runController(Object(App\Controllers\DetailPembelian))
#7 C:\xampp\htdocs\polubi-snack\system\CodeIgniter.php(351): CodeIgniter\CodeIgniter->handleRequest(NULL, Object(Config\Cache), false)
#8 C:\xampp\htdocs\polubi-snack\public\index.php(67): CodeIgniter\CodeIgniter->run()
#9 C:\xampp\htdocs\polubi-snack\system\Commands\Server\rewrite.php(46): require_once('C:\\xampp\\htdocs...')
#10 {main}
CRITICAL - 2022-12-12 21:11:26 --> You have an error in your SQL syntax; check the manual that corresponds to your MariaDB server version for the right syntax to use near '{noPembelian} AND detail_pembelian.status_aktif = 1' at line 3
in SYSTEMPATH\Database\MySQLi\Connection.php on line 292.
 1 SYSTEMPATH\Database\MySQLi\Connection.php(292): mysqli->query('SELECT detail_pembelian.*, persediaan_bahan.nama_bahan FROM detail_pembelian JOIN persediaan_bahan 
            ON detail_pembelian.id_bahan = persediaan_bahan.id_bahan 
            WHERE detail_pembelian.no_transaksi_pembelian = ${noPembelian} AND detail_pembelian.status_aktif = 1', 0)
 2 SYSTEMPATH\Database\BaseConnection.php(666): CodeIgniter\Database\MySQLi\Connection->execute('SELECT detail_pembelian.*, persediaan_bahan.nama_bahan FROM detail_pembelian JOIN persediaan_bahan 
            ON detail_pembelian.id_bahan = persediaan_bahan.id_bahan 
            WHERE detail_pembelian.no_transaksi_pembelian = ${noPembelian} AND detail_pembelian.status_aktif = 1')
 3 SYSTEMPATH\Database\BaseConnection.php(593): CodeIgniter\Database\BaseConnection->simpleQuery('SELECT detail_pembelian.*, persediaan_bahan.nama_bahan FROM detail_pembelian JOIN persediaan_bahan 
            ON detail_pembelian.id_bahan = persediaan_bahan.id_bahan 
            WHERE detail_pembelian.no_transaksi_pembelian = ${noPembelian} AND detail_pembelian.status_aktif = 1')
 4 APPPATH\Models\DetailPembelianModel.php(47): CodeIgniter\Database\BaseConnection->query('SELECT detail_pembelian.*, persediaan_bahan.nama_bahan FROM detail_pembelian JOIN persediaan_bahan 
            ON detail_pembelian.id_bahan = persediaan_bahan.id_bahan 
            WHERE detail_pembelian.no_transaksi_pembelian = ${noPembelian} AND detail_pembelian.status_aktif = 1')
 5 APPPATH\Controllers\DetailPembelian.php(40): App\Models\DetailPembelianModel->itemDetailPembelianModel()
 6 SYSTEMPATH\CodeIgniter.php(927): App\Controllers\DetailPembelian->item()
 7 SYSTEMPATH\CodeIgniter.php(482): CodeIgniter\CodeIgniter->runController(Object(App\Controllers\DetailPembelian))
 8 SYSTEMPATH\CodeIgniter.php(351): CodeIgniter\CodeIgniter->handleRequest(null, Object(Config\Cache), false)
 9 FCPATH\index.php(67): CodeIgniter\CodeIgniter->run()
10 SYSTEMPATH\Commands\Server\rewrite.php(46): require_once('FCPATH\\index.php')
ERROR - 2022-12-12 21:11:35 --> mysqli_sql_exception: You have an error in your SQL syntax; check the manual that corresponds to your MariaDB server version for the right syntax to use near '{noPembelian} AND detail_pembelian.status_aktif = 1' at line 3 in C:\xampp\htdocs\polubi-snack\system\Database\MySQLi\Connection.php:292
Stack trace:
#0 C:\xampp\htdocs\polubi-snack\system\Database\MySQLi\Connection.php(292): mysqli->query('SELECT detail_p...', 0)
#1 C:\xampp\htdocs\polubi-snack\system\Database\BaseConnection.php(666): CodeIgniter\Database\MySQLi\Connection->execute('SELECT detail_p...')
#2 C:\xampp\htdocs\polubi-snack\system\Database\BaseConnection.php(593): CodeIgniter\Database\BaseConnection->simpleQuery('SELECT detail_p...')
#3 C:\xampp\htdocs\polubi-snack\app\Models\DetailPembelianModel.php(47): CodeIgniter\Database\BaseConnection->query('SELECT detail_p...')
#4 C:\xampp\htdocs\polubi-snack\app\Controllers\DetailPembelian.php(40): App\Models\DetailPembelianModel->itemDetailPembelianModel()
#5 C:\xampp\htdocs\polubi-snack\system\CodeIgniter.php(927): App\Controllers\DetailPembelian->item()
#6 C:\xampp\htdocs\polubi-snack\system\CodeIgniter.php(482): CodeIgniter\CodeIgniter->runController(Object(App\Controllers\DetailPembelian))
#7 C:\xampp\htdocs\polubi-snack\system\CodeIgniter.php(351): CodeIgniter\CodeIgniter->handleRequest(NULL, Object(Config\Cache), false)
#8 C:\xampp\htdocs\polubi-snack\public\index.php(67): CodeIgniter\CodeIgniter->run()
#9 C:\xampp\htdocs\polubi-snack\system\Commands\Server\rewrite.php(46): require_once('C:\\xampp\\htdocs...')
#10 {main}
CRITICAL - 2022-12-12 21:11:35 --> You have an error in your SQL syntax; check the manual that corresponds to your MariaDB server version for the right syntax to use near '{noPembelian} AND detail_pembelian.status_aktif = 1' at line 3
in SYSTEMPATH\Database\MySQLi\Connection.php on line 292.
 1 SYSTEMPATH\Database\MySQLi\Connection.php(292): mysqli->query('SELECT detail_pembelian.*, persediaan_bahan.nama_bahan FROM detail_pembelian JOIN persediaan_bahan 
            ON detail_pembelian.id_bahan = persediaan_bahan.id_bahan 
            WHERE detail_pembelian.no_transaksi_pembelian = ${noPembelian} AND detail_pembelian.status_aktif = 1', 0)
 2 SYSTEMPATH\Database\BaseConnection.php(666): CodeIgniter\Database\MySQLi\Connection->execute('SELECT detail_pembelian.*, persediaan_bahan.nama_bahan FROM detail_pembelian JOIN persediaan_bahan 
            ON detail_pembelian.id_bahan = persediaan_bahan.id_bahan 
            WHERE detail_pembelian.no_transaksi_pembelian = ${noPembelian} AND detail_pembelian.status_aktif = 1')
 3 SYSTEMPATH\Database\BaseConnection.php(593): CodeIgniter\Database\BaseConnection->simpleQuery('SELECT detail_pembelian.*, persediaan_bahan.nama_bahan FROM detail_pembelian JOIN persediaan_bahan 
            ON detail_pembelian.id_bahan = persediaan_bahan.id_bahan 
            WHERE detail_pembelian.no_transaksi_pembelian = ${noPembelian} AND detail_pembelian.status_aktif = 1')
 4 APPPATH\Models\DetailPembelianModel.php(47): CodeIgniter\Database\BaseConnection->query('SELECT detail_pembelian.*, persediaan_bahan.nama_bahan FROM detail_pembelian JOIN persediaan_bahan 
            ON detail_pembelian.id_bahan = persediaan_bahan.id_bahan 
            WHERE detail_pembelian.no_transaksi_pembelian = ${noPembelian} AND detail_pembelian.status_aktif = 1')
 5 APPPATH\Controllers\DetailPembelian.php(40): App\Models\DetailPembelianModel->itemDetailPembelianModel()
 6 SYSTEMPATH\CodeIgniter.php(927): App\Controllers\DetailPembelian->item()
 7 SYSTEMPATH\CodeIgniter.php(482): CodeIgniter\CodeIgniter->runController(Object(App\Controllers\DetailPembelian))
 8 SYSTEMPATH\CodeIgniter.php(351): CodeIgniter\CodeIgniter->handleRequest(null, Object(Config\Cache), false)
 9 FCPATH\index.php(67): CodeIgniter\CodeIgniter->run()
10 SYSTEMPATH\Commands\Server\rewrite.php(46): require_once('FCPATH\\index.php')
ERROR - 2022-12-12 21:12:02 --> mysqli_sql_exception: You have an error in your SQL syntax; check the manual that corresponds to your MariaDB server version for the right syntax to use near 'detail_pembelian.status_aktif = 1' at line 3 in C:\xampp\htdocs\polubi-snack\system\Database\MySQLi\Connection.php:292
Stack trace:
#0 C:\xampp\htdocs\polubi-snack\system\Database\MySQLi\Connection.php(292): mysqli->query('SELECT detail_p...', 0)
#1 C:\xampp\htdocs\polubi-snack\system\Database\BaseConnection.php(666): CodeIgniter\Database\MySQLi\Connection->execute('SELECT detail_p...')
#2 C:\xampp\htdocs\polubi-snack\system\Database\BaseConnection.php(593): CodeIgniter\Database\BaseConnection->simpleQuery('SELECT detail_p...')
#3 C:\xampp\htdocs\polubi-snack\app\Models\DetailPembelianModel.php(49): CodeIgniter\Database\BaseConnection->query('SELECT detail_p...')
#4 C:\xampp\htdocs\polubi-snack\app\Controllers\DetailPembelian.php(40): App\Models\DetailPembelianModel->itemDetailPembelianModel()
#5 C:\xampp\htdocs\polubi-snack\system\CodeIgniter.php(927): App\Controllers\DetailPembelian->item()
#6 C:\xampp\htdocs\polubi-snack\system\CodeIgniter.php(482): CodeIgniter\CodeIgniter->runController(Object(App\Controllers\DetailPembelian))
#7 C:\xampp\htdocs\polubi-snack\system\CodeIgniter.php(351): CodeIgniter\CodeIgniter->handleRequest(NULL, Object(Config\Cache), false)
#8 C:\xampp\htdocs\polubi-snack\public\index.php(67): CodeIgniter\CodeIgniter->run()
#9 C:\xampp\htdocs\polubi-snack\system\Commands\Server\rewrite.php(46): require_once('C:\\xampp\\htdocs...')
#10 {main}
CRITICAL - 2022-12-12 21:12:02 --> You have an error in your SQL syntax; check the manual that corresponds to your MariaDB server version for the right syntax to use near 'detail_pembelian.status_aktif = 1' at line 3
in SYSTEMPATH\Database\MySQLi\Connection.php on line 292.
 1 SYSTEMPATH\Database\MySQLi\Connection.php(292): mysqli->query('SELECT detail_pembelian.*, persediaan_bahan.nama_bahan FROM detail_pembelian JOIN persediaan_bahan 
            ON detail_pembelian.id_bahan = persediaan_bahan.id_bahan 
            WHERE detail_pembelian.no_transaksi_pembelian =1AND detail_pembelian.status_aktif = 1', 0)
 2 SYSTEMPATH\Database\BaseConnection.php(666): CodeIgniter\Database\MySQLi\Connection->execute('SELECT detail_pembelian.*, persediaan_bahan.nama_bahan FROM detail_pembelian JOIN persediaan_bahan 
            ON detail_pembelian.id_bahan = persediaan_bahan.id_bahan 
            WHERE detail_pembelian.no_transaksi_pembelian =1AND detail_pembelian.status_aktif = 1')
 3 SYSTEMPATH\Database\BaseConnection.php(593): CodeIgniter\Database\BaseConnection->simpleQuery('SELECT detail_pembelian.*, persediaan_bahan.nama_bahan FROM detail_pembelian JOIN persediaan_bahan 
            ON detail_pembelian.id_bahan = persediaan_bahan.id_bahan 
            WHERE detail_pembelian.no_transaksi_pembelian =1AND detail_pembelian.status_aktif = 1')
 4 APPPATH\Models\DetailPembelianModel.php(49): CodeIgniter\Database\BaseConnection->query('SELECT detail_pembelian.*, persediaan_bahan.nama_bahan FROM detail_pembelian JOIN persediaan_bahan 
            ON detail_pembelian.id_bahan = persediaan_bahan.id_bahan 
            WHERE detail_pembelian.no_transaksi_pembelian =1AND detail_pembelian.status_aktif = 1')
 5 APPPATH\Controllers\DetailPembelian.php(40): App\Models\DetailPembelianModel->itemDetailPembelianModel()
 6 SYSTEMPATH\CodeIgniter.php(927): App\Controllers\DetailPembelian->item()
 7 SYSTEMPATH\CodeIgniter.php(482): CodeIgniter\CodeIgniter->runController(Object(App\Controllers\DetailPembelian))
 8 SYSTEMPATH\CodeIgniter.php(351): CodeIgniter\CodeIgniter->handleRequest(null, Object(Config\Cache), false)
 9 FCPATH\index.php(67): CodeIgniter\CodeIgniter->run()
10 SYSTEMPATH\Commands\Server\rewrite.php(46): require_once('FCPATH\\index.php')
ERROR - 2022-12-12 21:12:14 --> mysqli_sql_exception: You have an error in your SQL syntax; check the manual that corresponds to your MariaDB server version for the right syntax to use near 'detail_pembelian.status_aktif = 1' at line 3 in C:\xampp\htdocs\polubi-snack\system\Database\MySQLi\Connection.php:292
Stack trace:
#0 C:\xampp\htdocs\polubi-snack\system\Database\MySQLi\Connection.php(292): mysqli->query('SELECT detail_p...', 0)
#1 C:\xampp\htdocs\polubi-snack\system\Database\BaseConnection.php(666): CodeIgniter\Database\MySQLi\Connection->execute('SELECT detail_p...')
#2 C:\xampp\htdocs\polubi-snack\system\Database\BaseConnection.php(593): CodeIgniter\Database\BaseConnection->simpleQuery('SELECT detail_p...')
#3 C:\xampp\htdocs\polubi-snack\app\Models\DetailPembelianModel.php(49): CodeIgniter\Database\BaseConnection->query('SELECT detail_p...')
#4 C:\xampp\htdocs\polubi-snack\app\Controllers\DetailPembelian.php(40): App\Models\DetailPembelianModel->itemDetailPembelianModel()
#5 C:\xampp\htdocs\polubi-snack\system\CodeIgniter.php(927): App\Controllers\DetailPembelian->item()
#6 C:\xampp\htdocs\polubi-snack\system\CodeIgniter.php(482): CodeIgniter\CodeIgniter->runController(Object(App\Controllers\DetailPembelian))
#7 C:\xampp\htdocs\polubi-snack\system\CodeIgniter.php(351): CodeIgniter\CodeIgniter->handleRequest(NULL, Object(Config\Cache), false)
#8 C:\xampp\htdocs\polubi-snack\public\index.php(67): CodeIgniter\CodeIgniter->run()
#9 C:\xampp\htdocs\polubi-snack\system\Commands\Server\rewrite.php(46): require_once('C:\\xampp\\htdocs...')
#10 {main}
CRITICAL - 2022-12-12 21:12:14 --> You have an error in your SQL syntax; check the manual that corresponds to your MariaDB server version for the right syntax to use near 'detail_pembelian.status_aktif = 1' at line 3
in SYSTEMPATH\Database\MySQLi\Connection.php on line 292.
 1 SYSTEMPATH\Database\MySQLi\Connection.php(292): mysqli->query('SELECT detail_pembelian.*, persediaan_bahan.nama_bahan FROM detail_pembelian JOIN persediaan_bahan 
            ON detail_pembelian.id_bahan = persediaan_bahan.id_bahan 
            WHERE detail_pembelian.no_transaksi_pembelian =1AND detail_pembelian.status_aktif = 1', 0)
 2 SYSTEMPATH\Database\BaseConnection.php(666): CodeIgniter\Database\MySQLi\Connection->execute('SELECT detail_pembelian.*, persediaan_bahan.nama_bahan FROM detail_pembelian JOIN persediaan_bahan 
            ON detail_pembelian.id_bahan = persediaan_bahan.id_bahan 
            WHERE detail_pembelian.no_transaksi_pembelian =1AND detail_pembelian.status_aktif = 1')
 3 SYSTEMPATH\Database\BaseConnection.php(593): CodeIgniter\Database\BaseConnection->simpleQuery('SELECT detail_pembelian.*, persediaan_bahan.nama_bahan FROM detail_pembelian JOIN persediaan_bahan 
            ON detail_pembelian.id_bahan = persediaan_bahan.id_bahan 
            WHERE detail_pembelian.no_transaksi_pembelian =1AND detail_pembelian.status_aktif = 1')
 4 APPPATH\Models\DetailPembelianModel.php(49): CodeIgniter\Database\BaseConnection->query('SELECT detail_pembelian.*, persediaan_bahan.nama_bahan FROM detail_pembelian JOIN persediaan_bahan 
            ON detail_pembelian.id_bahan = persediaan_bahan.id_bahan 
            WHERE detail_pembelian.no_transaksi_pembelian =1AND detail_pembelian.status_aktif = 1')
 5 APPPATH\Controllers\DetailPembelian.php(40): App\Models\DetailPembelianModel->itemDetailPembelianModel()
 6 SYSTEMPATH\CodeIgniter.php(927): App\Controllers\DetailPembelian->item()
 7 SYSTEMPATH\CodeIgniter.php(482): CodeIgniter\CodeIgniter->runController(Object(App\Controllers\DetailPembelian))
 8 SYSTEMPATH\CodeIgniter.php(351): CodeIgniter\CodeIgniter->handleRequest(null, Object(Config\Cache), false)
 9 FCPATH\index.php(67): CodeIgniter\CodeIgniter->run()
10 SYSTEMPATH\Commands\Server\rewrite.php(46): require_once('FCPATH\\index.php')
