ERROR - 2023-01-05 23:03:09 --> Error connecting to the database: mysqli_sql_exception: No connection could be made because the target machine actively refused it in C:\xampp\htdocs\polubi-snack-ci\system\Database\MySQLi\Connection.php:171
Stack trace:
#0 C:\xampp\htdocs\polubi-snack-ci\system\Database\MySQLi\Connection.php(171): mysqli->real_connect('localhost', 'root', '', 'polubi_snack_ci', 3306, '', 0)
#1 C:\xampp\htdocs\polubi-snack-ci\system\Database\BaseConnection.php(382): CodeIgniter\Database\MySQLi\Connection->connect(false)
#2 C:\xampp\htdocs\polubi-snack-ci\system\Database\BaseConnection.php(561): CodeIgniter\Database\BaseConnection->initialize()
#3 C:\xampp\htdocs\polubi-snack-ci\system\Database\BaseBuilder.php(1585): CodeIgniter\Database\BaseConnection->query('SELECT *\nFROM `...', Array, false)
#4 C:\xampp\htdocs\polubi-snack-ci\app\Models\PenggunaModel.php(17): CodeIgniter\Database\BaseBuilder->get()
#5 C:\xampp\htdocs\polubi-snack-ci\app\Controllers\Login.php(61): App\Models\PenggunaModel->login('adam@gmail.com')
#6 C:\xampp\htdocs\polubi-snack-ci\system\CodeIgniter.php(927): App\Controllers\Login->login()
#7 C:\xampp\htdocs\polubi-snack-ci\system\CodeIgniter.php(482): CodeIgniter\CodeIgniter->runController(Object(App\Controllers\Login))
#8 C:\xampp\htdocs\polubi-snack-ci\system\CodeIgniter.php(351): CodeIgniter\CodeIgniter->handleRequest(NULL, Object(Config\Cache), false)
#9 C:\xampp\htdocs\polubi-snack-ci\public\index.php(67): CodeIgniter\CodeIgniter->run()
#10 C:\xampp\htdocs\polubi-snack-ci\system\Commands\Server\rewrite.php(46): require_once('C:\\xampp\\htdocs...')
#11 {main}

Next CodeIgniter\Database\Exceptions\DatabaseException: No connection could be made because the target machine actively refused it in C:\xampp\htdocs\polubi-snack-ci\system\Database\MySQLi\Connection.php:215
Stack trace:
#0 C:\xampp\htdocs\polubi-snack-ci\system\Database\BaseConnection.php(382): CodeIgniter\Database\MySQLi\Connection->connect(false)
#1 C:\xampp\htdocs\polubi-snack-ci\system\Database\BaseConnection.php(561): CodeIgniter\Database\BaseConnection->initialize()
#2 C:\xampp\htdocs\polubi-snack-ci\system\Database\BaseBuilder.php(1585): CodeIgniter\Database\BaseConnection->query('SELECT *\nFROM `...', Array, false)
#3 C:\xampp\htdocs\polubi-snack-ci\app\Models\PenggunaModel.php(17): CodeIgniter\Database\BaseBuilder->get()
#4 C:\xampp\htdocs\polubi-snack-ci\app\Controllers\Login.php(61): App\Models\PenggunaModel->login('adam@gmail.com')
#5 C:\xampp\htdocs\polubi-snack-ci\system\CodeIgniter.php(927): App\Controllers\Login->login()
#6 C:\xampp\htdocs\polubi-snack-ci\system\CodeIgniter.php(482): CodeIgniter\CodeIgniter->runController(Object(App\Controllers\Login))
#7 C:\xampp\htdocs\polubi-snack-ci\system\CodeIgniter.php(351): CodeIgniter\CodeIgniter->handleRequest(NULL, Object(Config\Cache), false)
#8 C:\xampp\htdocs\polubi-snack-ci\public\index.php(67): CodeIgniter\CodeIgniter->run()
#9 C:\xampp\htdocs\polubi-snack-ci\system\Commands\Server\rewrite.php(46): require_once('C:\\xampp\\htdocs...')
#10 {main}
CRITICAL - 2023-01-05 23:03:09 --> Unable to connect to the database.
Main connection [MySQLi]: No connection could be made because the target machine actively refused it
in SYSTEMPATH\Database\BaseConnection.php on line 418.
 1 SYSTEMPATH\Database\BaseConnection.php(561): CodeIgniter\Database\BaseConnection->initialize()
 2 SYSTEMPATH\Database\BaseBuilder.php(1585): CodeIgniter\Database\BaseConnection->query('SELECT *
FROM `pengguna`
JOIN `perusahaan` ON `perusahaan`.`id_perusahaan` = `pengguna`.`id_perusahaan`
JOIN `tipe_pengguna` ON `tipe_pengguna`.`id_tipe_pengguna` = `pengguna`.`id_tipe_pengguna`
WHERE `pengguna`.`email_pengguna` = :pengguna.email_pengguna:', [...], false)
 3 APPPATH\Models\PenggunaModel.php(17): CodeIgniter\Database\BaseBuilder->get()
 4 APPPATH\Controllers\Login.php(61): App\Models\PenggunaModel->login('adam@gmail.com')
 5 SYSTEMPATH\CodeIgniter.php(927): App\Controllers\Login->login()
 6 SYSTEMPATH\CodeIgniter.php(482): CodeIgniter\CodeIgniter->runController(Object(App\Controllers\Login))
 7 SYSTEMPATH\CodeIgniter.php(351): CodeIgniter\CodeIgniter->handleRequest(null, Object(Config\Cache), false)
 8 FCPATH\index.php(67): CodeIgniter\CodeIgniter->run()
 9 SYSTEMPATH\Commands\Server\rewrite.php(46): require_once('FCPATH\\index.php')
CRITICAL - 2023-01-05 23:09:14 --> Call to a member function get_cellmap() on null
in VENDORPATH\dompdf\dompdf\src\FrameReflower\TableCell.php on line 40.
 1 VENDORPATH\dompdf\dompdf\src\FrameDecorator\AbstractFrameDecorator.php(913): Dompdf\FrameReflower\TableCell->reflow(null)
 2 VENDORPATH\dompdf\dompdf\src\FrameReflower\TableRow.php(56): Dompdf\FrameDecorator\AbstractFrameDecorator->reflow()
 3 VENDORPATH\dompdf\dompdf\src\FrameDecorator\AbstractFrameDecorator.php(913): Dompdf\FrameReflower\TableRow->reflow(Object(Dompdf\FrameDecorator\Block))
 4 VENDORPATH\dompdf\dompdf\src\FrameReflower\Block.php(866): Dompdf\FrameDecorator\AbstractFrameDecorator->reflow(Object(Dompdf\FrameDecorator\Block))
 5 VENDORPATH\dompdf\dompdf\src\FrameDecorator\AbstractFrameDecorator.php(913): Dompdf\FrameReflower\Block->reflow(Object(Dompdf\FrameDecorator\Block))
 6 VENDORPATH\dompdf\dompdf\src\FrameReflower\Block.php(866): Dompdf\FrameDecorator\AbstractFrameDecorator->reflow(Object(Dompdf\FrameDecorator\Block))
 7 VENDORPATH\dompdf\dompdf\src\FrameDecorator\AbstractFrameDecorator.php(913): Dompdf\FrameReflower\Block->reflow(null)
 8 VENDORPATH\dompdf\dompdf\src\FrameReflower\Page.php(142): Dompdf\FrameDecorator\AbstractFrameDecorator->reflow()
 9 VENDORPATH\dompdf\dompdf\src\FrameDecorator\AbstractFrameDecorator.php(913): Dompdf\FrameReflower\Page->reflow(null)
10 VENDORPATH\dompdf\dompdf\src\Dompdf.php(765): Dompdf\FrameDecorator\AbstractFrameDecorator->reflow()
11 APPPATH\Controllers\Pembelian.php(94): Dompdf\Dompdf->render()
12 SYSTEMPATH\CodeIgniter.php(927): App\Controllers\Pembelian->printInvoice('TRS202301040001')
13 SYSTEMPATH\CodeIgniter.php(482): CodeIgniter\CodeIgniter->runController(Object(App\Controllers\Pembelian))
14 SYSTEMPATH\CodeIgniter.php(351): CodeIgniter\CodeIgniter->handleRequest(null, Object(Config\Cache), false)
15 FCPATH\index.php(67): CodeIgniter\CodeIgniter->run()
16 SYSTEMPATH\Commands\Server\rewrite.php(46): require_once('FCPATH\\index.php')
CRITICAL - 2023-01-05 23:09:29 --> Allowed memory size of 536870912 bytes exhausted (tried to allocate 262148096 bytes)
in APPPATH\Views\errors\html\error_exception.php on line 96.
 1 [internal function]: CodeIgniter\Debug\Exceptions->shutdownHandler()
CRITICAL - 2023-01-05 23:09:30 --> Call to a member function get_cellmap() on null
in VENDORPATH\dompdf\dompdf\src\FrameReflower\TableCell.php on line 40.
 1 VENDORPATH\dompdf\dompdf\src\FrameDecorator\AbstractFrameDecorator.php(913): Dompdf\FrameReflower\TableCell->reflow(null)
 2 VENDORPATH\dompdf\dompdf\src\FrameReflower\TableRow.php(56): Dompdf\FrameDecorator\AbstractFrameDecorator->reflow()
 3 VENDORPATH\dompdf\dompdf\src\FrameDecorator\AbstractFrameDecorator.php(913): Dompdf\FrameReflower\TableRow->reflow(Object(Dompdf\FrameDecorator\Block))
 4 VENDORPATH\dompdf\dompdf\src\FrameReflower\Block.php(866): Dompdf\FrameDecorator\AbstractFrameDecorator->reflow(Object(Dompdf\FrameDecorator\Block))
 5 VENDORPATH\dompdf\dompdf\src\FrameDecorator\AbstractFrameDecorator.php(913): Dompdf\FrameReflower\Block->reflow(Object(Dompdf\FrameDecorator\Block))
 6 VENDORPATH\dompdf\dompdf\src\FrameReflower\Block.php(866): Dompdf\FrameDecorator\AbstractFrameDecorator->reflow(Object(Dompdf\FrameDecorator\Block))
 7 VENDORPATH\dompdf\dompdf\src\FrameDecorator\AbstractFrameDecorator.php(913): Dompdf\FrameReflower\Block->reflow(null)
 8 VENDORPATH\dompdf\dompdf\src\FrameReflower\Page.php(142): Dompdf\FrameDecorator\AbstractFrameDecorator->reflow()
 9 VENDORPATH\dompdf\dompdf\src\FrameDecorator\AbstractFrameDecorator.php(913): Dompdf\FrameReflower\Page->reflow(null)
10 VENDORPATH\dompdf\dompdf\src\Dompdf.php(765): Dompdf\FrameDecorator\AbstractFrameDecorator->reflow()
11 APPPATH\Controllers\Pembelian.php(94): Dompdf\Dompdf->render()
12 SYSTEMPATH\CodeIgniter.php(927): App\Controllers\Pembelian->printInvoice('TRS202301040001')
13 SYSTEMPATH\CodeIgniter.php(482): CodeIgniter\CodeIgniter->runController(Object(App\Controllers\Pembelian))
14 SYSTEMPATH\CodeIgniter.php(351): CodeIgniter\CodeIgniter->handleRequest(null, Object(Config\Cache), false)
15 FCPATH\index.php(67): CodeIgniter\CodeIgniter->run()
16 SYSTEMPATH\Commands\Server\rewrite.php(46): require_once('FCPATH\\index.php')
CRITICAL - 2023-01-05 23:09:44 --> Allowed memory size of 536870912 bytes exhausted (tried to allocate 262148096 bytes)
in APPPATH\Views\errors\html\error_exception.php on line 96.
 1 [internal function]: CodeIgniter\Debug\Exceptions->shutdownHandler()
CRITICAL - 2023-01-05 23:09:52 --> Call to a member function get_cellmap() on null
in VENDORPATH\dompdf\dompdf\src\FrameReflower\TableCell.php on line 40.
 1 VENDORPATH\dompdf\dompdf\src\FrameDecorator\AbstractFrameDecorator.php(913): Dompdf\FrameReflower\TableCell->reflow(null)
 2 VENDORPATH\dompdf\dompdf\src\FrameReflower\TableRow.php(56): Dompdf\FrameDecorator\AbstractFrameDecorator->reflow()
 3 VENDORPATH\dompdf\dompdf\src\FrameDecorator\AbstractFrameDecorator.php(913): Dompdf\FrameReflower\TableRow->reflow(Object(Dompdf\FrameDecorator\Block))
 4 VENDORPATH\dompdf\dompdf\src\FrameReflower\Block.php(866): Dompdf\FrameDecorator\AbstractFrameDecorator->reflow(Object(Dompdf\FrameDecorator\Block))
 5 VENDORPATH\dompdf\dompdf\src\FrameDecorator\AbstractFrameDecorator.php(913): Dompdf\FrameReflower\Block->reflow(Object(Dompdf\FrameDecorator\Block))
 6 VENDORPATH\dompdf\dompdf\src\FrameReflower\Block.php(866): Dompdf\FrameDecorator\AbstractFrameDecorator->reflow(Object(Dompdf\FrameDecorator\Block))
 7 VENDORPATH\dompdf\dompdf\src\FrameDecorator\AbstractFrameDecorator.php(913): Dompdf\FrameReflower\Block->reflow(null)
 8 VENDORPATH\dompdf\dompdf\src\FrameReflower\Page.php(142): Dompdf\FrameDecorator\AbstractFrameDecorator->reflow()
 9 VENDORPATH\dompdf\dompdf\src\FrameDecorator\AbstractFrameDecorator.php(913): Dompdf\FrameReflower\Page->reflow(null)
10 VENDORPATH\dompdf\dompdf\src\Dompdf.php(765): Dompdf\FrameDecorator\AbstractFrameDecorator->reflow()
11 APPPATH\Controllers\Pembelian.php(94): Dompdf\Dompdf->render()
12 SYSTEMPATH\CodeIgniter.php(927): App\Controllers\Pembelian->printInvoice('TRS202212310001')
13 SYSTEMPATH\CodeIgniter.php(482): CodeIgniter\CodeIgniter->runController(Object(App\Controllers\Pembelian))
14 SYSTEMPATH\CodeIgniter.php(351): CodeIgniter\CodeIgniter->handleRequest(null, Object(Config\Cache), false)
15 FCPATH\index.php(67): CodeIgniter\CodeIgniter->run()
16 SYSTEMPATH\Commands\Server\rewrite.php(46): require_once('FCPATH\\index.php')
CRITICAL - 2023-01-05 23:10:05 --> Allowed memory size of 536870912 bytes exhausted (tried to allocate 262148096 bytes)
in APPPATH\Views\errors\html\error_exception.php on line 96.
 1 [internal function]: CodeIgniter\Debug\Exceptions->shutdownHandler()
CRITICAL - 2023-01-05 23:25:56 --> The PHP GD extension is required, but is not installed.
in VENDORPATH\dompdf\dompdf\src\Renderer\AbstractRenderer.php on line 284.
 1 VENDORPATH\dompdf\dompdf\src\Renderer\AbstractRenderer.php(84): Dompdf\Renderer\AbstractRenderer->_background_image('http://michaeltruong.ca/images/invoicebg.jpg', 0.0, 0.0, 419.53, 262.5, Object(Dompdf\Css\Style))
 2 VENDORPATH\dompdf\dompdf\src\Renderer\Block.php(44): Dompdf\Renderer\AbstractRenderer->_render_background(Object(Dompdf\FrameDecorator\Block), [...])
 3 VENDORPATH\dompdf\dompdf\src\Renderer.php(289): Dompdf\Renderer\Block->render(Object(Dompdf\FrameDecorator\Block))
 4 VENDORPATH\dompdf\dompdf\src\Renderer.php(102): Dompdf\Renderer->_render_frame('block', Object(Dompdf\FrameDecorator\Block))
 5 VENDORPATH\dompdf\dompdf\src\Renderer.php(195): Dompdf\Renderer->render(Object(Dompdf\FrameDecorator\Block))
 6 VENDORPATH\dompdf\dompdf\src\Renderer.php(195): Dompdf\Renderer->render(Object(Dompdf\FrameDecorator\Block))
 7 VENDORPATH\dompdf\dompdf\src\FrameReflower\Page.php(149): Dompdf\Renderer->render(Object(Dompdf\FrameDecorator\Block))
 8 VENDORPATH\dompdf\dompdf\src\FrameDecorator\AbstractFrameDecorator.php(913): Dompdf\FrameReflower\Page->reflow(null)
 9 VENDORPATH\dompdf\dompdf\src\Dompdf.php(765): Dompdf\FrameDecorator\AbstractFrameDecorator->reflow()
10 APPPATH\Controllers\Pembelian.php(94): Dompdf\Dompdf->render()
11 SYSTEMPATH\CodeIgniter.php(927): App\Controllers\Pembelian->printInvoice('TRS202301040001')
12 SYSTEMPATH\CodeIgniter.php(482): CodeIgniter\CodeIgniter->runController(Object(App\Controllers\Pembelian))
13 SYSTEMPATH\CodeIgniter.php(351): CodeIgniter\CodeIgniter->handleRequest(null, Object(Config\Cache), false)
14 FCPATH\index.php(67): CodeIgniter\CodeIgniter->run()
15 SYSTEMPATH\Commands\Server\rewrite.php(46): require_once('FCPATH\\index.php')
CRITICAL - 2023-01-05 23:26:10 --> Allowed memory size of 536870912 bytes exhausted (tried to allocate 262148096 bytes)
in APPPATH\Views\errors\html\error_exception.php on line 96.
 1 [internal function]: CodeIgniter\Debug\Exceptions->shutdownHandler()
CRITICAL - 2023-01-05 23:28:45 --> Frame not found in cellmap
in VENDORPATH\dompdf\dompdf\src\Cellmap.php on line 341.
 1 VENDORPATH\dompdf\dompdf\src\FrameReflower\TableCell.php(42): Dompdf\Cellmap->get_frame_position(Object(Dompdf\FrameDecorator\TableCell))
 2 VENDORPATH\dompdf\dompdf\src\FrameDecorator\AbstractFrameDecorator.php(913): Dompdf\FrameReflower\TableCell->reflow(Object(Dompdf\FrameDecorator\Block))
 3 VENDORPATH\dompdf\dompdf\src\FrameReflower\Block.php(866): Dompdf\FrameDecorator\AbstractFrameDecorator->reflow(Object(Dompdf\FrameDecorator\Block))
 4 VENDORPATH\dompdf\dompdf\src\FrameDecorator\AbstractFrameDecorator.php(913): Dompdf\FrameReflower\Block->reflow(Object(Dompdf\FrameDecorator\TableCell))
 5 VENDORPATH\dompdf\dompdf\src\FrameReflower\TableCell.php(95): Dompdf\FrameDecorator\AbstractFrameDecorator->reflow(Object(Dompdf\FrameDecorator\TableCell))
 6 VENDORPATH\dompdf\dompdf\src\FrameDecorator\AbstractFrameDecorator.php(913): Dompdf\FrameReflower\TableCell->reflow(null)
 7 VENDORPATH\dompdf\dompdf\src\FrameReflower\TableRow.php(56): Dompdf\FrameDecorator\AbstractFrameDecorator->reflow()
 8 VENDORPATH\dompdf\dompdf\src\FrameDecorator\AbstractFrameDecorator.php(913): Dompdf\FrameReflower\TableRow->reflow(null)
 9 VENDORPATH\dompdf\dompdf\src\FrameReflower\TableRowGroup.php(47): Dompdf\FrameDecorator\AbstractFrameDecorator->reflow()
10 VENDORPATH\dompdf\dompdf\src\FrameDecorator\AbstractFrameDecorator.php(913): Dompdf\FrameReflower\TableRowGroup->reflow(null)
11 VENDORPATH\dompdf\dompdf\src\FrameReflower\Table.php(414): Dompdf\FrameDecorator\AbstractFrameDecorator->reflow()
12 VENDORPATH\dompdf\dompdf\src\FrameDecorator\AbstractFrameDecorator.php(913): Dompdf\FrameReflower\Table->reflow(Object(Dompdf\FrameDecorator\TableCell))
13 VENDORPATH\dompdf\dompdf\src\FrameReflower\TableCell.php(95): Dompdf\FrameDecorator\AbstractFrameDecorator->reflow(Object(Dompdf\FrameDecorator\TableCell))
14 VENDORPATH\dompdf\dompdf\src\FrameDecorator\AbstractFrameDecorator.php(913): Dompdf\FrameReflower\TableCell->reflow(null)
15 VENDORPATH\dompdf\dompdf\src\FrameReflower\TableRow.php(56): Dompdf\FrameDecorator\AbstractFrameDecorator->reflow()
16 VENDORPATH\dompdf\dompdf\src\FrameDecorator\AbstractFrameDecorator.php(913): Dompdf\FrameReflower\TableRow->reflow(null)
17 VENDORPATH\dompdf\dompdf\src\FrameReflower\TableRowGroup.php(47): Dompdf\FrameDecorator\AbstractFrameDecorator->reflow()
18 VENDORPATH\dompdf\dompdf\src\FrameDecorator\AbstractFrameDecorator.php(913): Dompdf\FrameReflower\TableRowGroup->reflow(null)
19 VENDORPATH\dompdf\dompdf\src\FrameReflower\Table.php(414): Dompdf\FrameDecorator\AbstractFrameDecorator->reflow()
20 VENDORPATH\dompdf\dompdf\src\FrameDecorator\AbstractFrameDecorator.php(913): Dompdf\FrameReflower\Table->reflow(Object(Dompdf\FrameDecorator\Block))
21 VENDORPATH\dompdf\dompdf\src\FrameReflower\Block.php(866): Dompdf\FrameDecorator\AbstractFrameDecorator->reflow(Object(Dompdf\FrameDecorator\Block))
22 VENDORPATH\dompdf\dompdf\src\FrameDecorator\AbstractFrameDecorator.php(913): Dompdf\FrameReflower\Block->reflow(null)
23 VENDORPATH\dompdf\dompdf\src\FrameReflower\Page.php(142): Dompdf\FrameDecorator\AbstractFrameDecorator->reflow()
24 VENDORPATH\dompdf\dompdf\src\FrameDecorator\AbstractFrameDecorator.php(913): Dompdf\FrameReflower\Page->reflow(null)
25 VENDORPATH\dompdf\dompdf\src\Dompdf.php(765): Dompdf\FrameDecorator\AbstractFrameDecorator->reflow()
26 APPPATH\Controllers\Pembelian.php(94): Dompdf\Dompdf->render()
27 SYSTEMPATH\CodeIgniter.php(927): App\Controllers\Pembelian->printInvoice('TRS202301040001')
28 SYSTEMPATH\CodeIgniter.php(482): CodeIgniter\CodeIgniter->runController(Object(App\Controllers\Pembelian))
29 SYSTEMPATH\CodeIgniter.php(351): CodeIgniter\CodeIgniter->handleRequest(null, Object(Config\Cache), false)
30 FCPATH\index.php(67): CodeIgniter\CodeIgniter->run()
31 SYSTEMPATH\Commands\Server\rewrite.php(46): require_once('FCPATH\\index.php')
CRITICAL - 2023-01-05 23:28:58 --> Allowed memory size of 536870912 bytes exhausted (tried to allocate 262148096 bytes)
in APPPATH\Views\errors\html\error_exception.php on line 96.
 1 [internal function]: CodeIgniter\Debug\Exceptions->shutdownHandler()
