CRITICAL - 2022-12-08 05:13:09 --> foreach() argument must be of type array|object, null given
in APPPATH\Views\master-data\supplier\index.php on line 29.
 1 APPPATH\Views\master-data\supplier\index.php(29): CodeIgniter\Debug\Exceptions->errorHandler(2, 'foreach() argument must be of type array|object, null given', 'APPPATH\\Views\\master-data\\supplier\\index.php', 29)
 2 SYSTEMPATH\View\View.php(213): include('APPPATH\\Views\\master-data\\supplier\\index.php')
 3 SYSTEMPATH\View\View.php(216): CodeIgniter\View\View->CodeIgniter\View\{closure}()
 4 SYSTEMPATH\Common.php(1134): CodeIgniter\View\View->render('master-data/supplier/index', [], true)
 5 APPPATH\Controllers\Supplier.php(16): view('master-data/supplier/index', [...])
 6 SYSTEMPATH\CodeIgniter.php(927): App\Controllers\Supplier->index()
 7 SYSTEMPATH\CodeIgniter.php(482): CodeIgniter\CodeIgniter->runController(Object(App\Controllers\Supplier))
 8 SYSTEMPATH\CodeIgniter.php(351): CodeIgniter\CodeIgniter->handleRequest(null, Object(Config\Cache), false)
 9 FCPATH\index.php(67): CodeIgniter\CodeIgniter->run()
10 SYSTEMPATH\Commands\Server\rewrite.php(46): require_once('FCPATH\\index.php')
CRITICAL - 2022-12-08 05:15:28 --> foreach() argument must be of type array|object, null given
in APPPATH\Views\master-data\supplier\index.php on line 29.
 1 APPPATH\Views\master-data\supplier\index.php(29): CodeIgniter\Debug\Exceptions->errorHandler(2, 'foreach() argument must be of type array|object, null given', 'APPPATH\\Views\\master-data\\supplier\\index.php', 29)
 2 SYSTEMPATH\View\View.php(213): include('APPPATH\\Views\\master-data\\supplier\\index.php')
 3 SYSTEMPATH\View\View.php(216): CodeIgniter\View\View->CodeIgniter\View\{closure}()
 4 SYSTEMPATH\Common.php(1134): CodeIgniter\View\View->render('master-data/supplier/index', [], true)
 5 APPPATH\Controllers\Supplier.php(16): view('master-data/supplier/index', [...])
 6 SYSTEMPATH\CodeIgniter.php(927): App\Controllers\Supplier->index()
 7 SYSTEMPATH\CodeIgniter.php(482): CodeIgniter\CodeIgniter->runController(Object(App\Controllers\Supplier))
 8 SYSTEMPATH\CodeIgniter.php(351): CodeIgniter\CodeIgniter->handleRequest(null, Object(Config\Cache), false)
 9 FCPATH\index.php(67): CodeIgniter\CodeIgniter->run()
10 SYSTEMPATH\Commands\Server\rewrite.php(46): require_once('FCPATH\\index.php')
CRITICAL - 2022-12-08 05:17:17 --> foreach() argument must be of type array|object, null given
in APPPATH\Views\master-data\supplier\index.php on line 29.
 1 APPPATH\Views\master-data\supplier\index.php(29): CodeIgniter\Debug\Exceptions->errorHandler(2, 'foreach() argument must be of type array|object, null given', 'APPPATH\\Views\\master-data\\supplier\\index.php', 29)
 2 SYSTEMPATH\View\View.php(213): include('APPPATH\\Views\\master-data\\supplier\\index.php')
 3 SYSTEMPATH\View\View.php(216): CodeIgniter\View\View->CodeIgniter\View\{closure}()
 4 SYSTEMPATH\Common.php(1134): CodeIgniter\View\View->render('master-data/supplier/index', [], true)
 5 APPPATH\Controllers\Supplier.php(16): view('master-data/supplier/index', [...])
 6 SYSTEMPATH\CodeIgniter.php(927): App\Controllers\Supplier->index()
 7 SYSTEMPATH\CodeIgniter.php(482): CodeIgniter\CodeIgniter->runController(Object(App\Controllers\Supplier))
 8 SYSTEMPATH\CodeIgniter.php(351): CodeIgniter\CodeIgniter->handleRequest(null, Object(Config\Cache), false)
 9 FCPATH\index.php(67): CodeIgniter\CodeIgniter->run()
10 SYSTEMPATH\Commands\Server\rewrite.php(46): require_once('FCPATH\\index.php')
CRITICAL - 2022-12-08 05:17:18 --> foreach() argument must be of type array|object, null given
in APPPATH\Views\master-data\supplier\index.php on line 29.
 1 APPPATH\Views\master-data\supplier\index.php(29): CodeIgniter\Debug\Exceptions->errorHandler(2, 'foreach() argument must be of type array|object, null given', 'APPPATH\\Views\\master-data\\supplier\\index.php', 29)
 2 SYSTEMPATH\View\View.php(213): include('APPPATH\\Views\\master-data\\supplier\\index.php')
 3 SYSTEMPATH\View\View.php(216): CodeIgniter\View\View->CodeIgniter\View\{closure}()
 4 SYSTEMPATH\Common.php(1134): CodeIgniter\View\View->render('master-data/supplier/index', [], true)
 5 APPPATH\Controllers\Supplier.php(16): view('master-data/supplier/index', [...])
 6 SYSTEMPATH\CodeIgniter.php(927): App\Controllers\Supplier->index()
 7 SYSTEMPATH\CodeIgniter.php(482): CodeIgniter\CodeIgniter->runController(Object(App\Controllers\Supplier))
 8 SYSTEMPATH\CodeIgniter.php(351): CodeIgniter\CodeIgniter->handleRequest(null, Object(Config\Cache), false)
 9 FCPATH\index.php(67): CodeIgniter\CodeIgniter->run()
10 SYSTEMPATH\Commands\Server\rewrite.php(46): require_once('FCPATH\\index.php')
CRITICAL - 2022-12-08 05:18:28 --> Call to a member function indexSupplier() on null
in APPPATH\Controllers\Supplier.php on line 12.
 1 SYSTEMPATH\CodeIgniter.php(927): App\Controllers\Supplier->index()
 2 SYSTEMPATH\CodeIgniter.php(482): CodeIgniter\CodeIgniter->runController(Object(App\Controllers\Supplier))
 3 SYSTEMPATH\CodeIgniter.php(351): CodeIgniter\CodeIgniter->handleRequest(null, Object(Config\Cache), false)
 4 FCPATH\index.php(67): CodeIgniter\CodeIgniter->run()
 5 SYSTEMPATH\Commands\Server\rewrite.php(46): require_once('FCPATH\\index.php')
CRITICAL - 2022-12-08 05:18:59 --> Call to a member function indexSupplier() on null
in APPPATH\Controllers\Supplier.php on line 12.
 1 SYSTEMPATH\CodeIgniter.php(927): App\Controllers\Supplier->index()
 2 SYSTEMPATH\CodeIgniter.php(482): CodeIgniter\CodeIgniter->runController(Object(App\Controllers\Supplier))
 3 SYSTEMPATH\CodeIgniter.php(351): CodeIgniter\CodeIgniter->handleRequest(null, Object(Config\Cache), false)
 4 FCPATH\index.php(67): CodeIgniter\CodeIgniter->run()
 5 SYSTEMPATH\Commands\Server\rewrite.php(46): require_once('FCPATH\\index.php')
CRITICAL - 2022-12-08 05:19:00 --> Call to a member function indexSupplier() on null
in APPPATH\Controllers\Supplier.php on line 12.
 1 SYSTEMPATH\CodeIgniter.php(927): App\Controllers\Supplier->index()
 2 SYSTEMPATH\CodeIgniter.php(482): CodeIgniter\CodeIgniter->runController(Object(App\Controllers\Supplier))
 3 SYSTEMPATH\CodeIgniter.php(351): CodeIgniter\CodeIgniter->handleRequest(null, Object(Config\Cache), false)
 4 FCPATH\index.php(67): CodeIgniter\CodeIgniter->run()
 5 SYSTEMPATH\Commands\Server\rewrite.php(46): require_once('FCPATH\\index.php')
CRITICAL - 2022-12-08 05:20:40 --> Call to a member function indexSupplier() on null
in APPPATH\Controllers\Supplier.php on line 12.
 1 SYSTEMPATH\CodeIgniter.php(927): App\Controllers\Supplier->index()
 2 SYSTEMPATH\CodeIgniter.php(482): CodeIgniter\CodeIgniter->runController(Object(App\Controllers\Supplier))
 3 SYSTEMPATH\CodeIgniter.php(351): CodeIgniter\CodeIgniter->handleRequest(null, Object(Config\Cache), false)
 4 FCPATH\index.php(67): CodeIgniter\CodeIgniter->run()
 5 SYSTEMPATH\Commands\Server\rewrite.php(46): require_once('FCPATH\\index.php')
CRITICAL - 2022-12-08 05:20:41 --> Call to a member function indexSupplier() on null
in APPPATH\Controllers\Supplier.php on line 12.
 1 SYSTEMPATH\CodeIgniter.php(927): App\Controllers\Supplier->index()
 2 SYSTEMPATH\CodeIgniter.php(482): CodeIgniter\CodeIgniter->runController(Object(App\Controllers\Supplier))
 3 SYSTEMPATH\CodeIgniter.php(351): CodeIgniter\CodeIgniter->handleRequest(null, Object(Config\Cache), false)
 4 FCPATH\index.php(67): CodeIgniter\CodeIgniter->run()
 5 SYSTEMPATH\Commands\Server\rewrite.php(46): require_once('FCPATH\\index.php')
CRITICAL - 2022-12-08 05:21:37 --> Class "App\Models\SupplierModel" not found
in APPPATH\Controllers\Supplier.php on line 11.
 1 SYSTEMPATH\CodeIgniter.php(927): App\Controllers\Supplier->index()
 2 SYSTEMPATH\CodeIgniter.php(482): CodeIgniter\CodeIgniter->runController(Object(App\Controllers\Supplier))
 3 SYSTEMPATH\CodeIgniter.php(351): CodeIgniter\CodeIgniter->handleRequest(null, Object(Config\Cache), false)
 4 FCPATH\index.php(67): CodeIgniter\CodeIgniter->run()
 5 SYSTEMPATH\Commands\Server\rewrite.php(46): require_once('FCPATH\\index.php')
CRITICAL - 2022-12-08 05:21:38 --> Class "App\Models\SupplierModel" not found
in APPPATH\Controllers\Supplier.php on line 11.
 1 SYSTEMPATH\CodeIgniter.php(927): App\Controllers\Supplier->index()
 2 SYSTEMPATH\CodeIgniter.php(482): CodeIgniter\CodeIgniter->runController(Object(App\Controllers\Supplier))
 3 SYSTEMPATH\CodeIgniter.php(351): CodeIgniter\CodeIgniter->handleRequest(null, Object(Config\Cache), false)
 4 FCPATH\index.php(67): CodeIgniter\CodeIgniter->run()
 5 SYSTEMPATH\Commands\Server\rewrite.php(46): require_once('FCPATH\\index.php')
CRITICAL - 2022-12-08 05:23:13 --> Class "App\Models\SupplierModel" not found
in APPPATH\Controllers\Supplier.php on line 12.
 1 SYSTEMPATH\CodeIgniter.php(927): App\Controllers\Supplier->index()
 2 SYSTEMPATH\CodeIgniter.php(482): CodeIgniter\CodeIgniter->runController(Object(App\Controllers\Supplier))
 3 SYSTEMPATH\CodeIgniter.php(351): CodeIgniter\CodeIgniter->handleRequest(null, Object(Config\Cache), false)
 4 FCPATH\index.php(67): CodeIgniter\CodeIgniter->run()
 5 SYSTEMPATH\Commands\Server\rewrite.php(46): require_once('FCPATH\\index.php')
CRITICAL - 2022-12-08 05:23:43 --> Undefined property: mysqli::$nama_supplier
in APPPATH\Views\master-data\supplier\index.php on line 32.
 1 APPPATH\Views\master-data\supplier\index.php(32): CodeIgniter\Debug\Exceptions->errorHandler(2, 'Undefined property: mysqli::$nama_supplier', 'APPPATH\\Views\\master-data\\supplier\\index.php', 32)
 2 SYSTEMPATH\View\View.php(213): include('APPPATH\\Views\\master-data\\supplier\\index.php')
 3 SYSTEMPATH\View\View.php(216): CodeIgniter\View\View->CodeIgniter\View\{closure}()
 4 SYSTEMPATH\Common.php(1134): CodeIgniter\View\View->render('master-data/supplier/index', [], true)
 5 APPPATH\Controllers\Supplier.php(17): view('master-data/supplier/index', [...])
 6 SYSTEMPATH\CodeIgniter.php(927): App\Controllers\Supplier->index()
 7 SYSTEMPATH\CodeIgniter.php(482): CodeIgniter\CodeIgniter->runController(Object(App\Controllers\Supplier))
 8 SYSTEMPATH\CodeIgniter.php(351): CodeIgniter\CodeIgniter->handleRequest(null, Object(Config\Cache), false)
 9 FCPATH\index.php(67): CodeIgniter\CodeIgniter->run()
10 SYSTEMPATH\Commands\Server\rewrite.php(46): require_once('FCPATH\\index.php')
CRITICAL - 2022-12-08 05:24:46 --> Undefined property: mysqli::$nama_supplier
in APPPATH\Views\master-data\supplier\index.php on line 32.
 1 APPPATH\Views\master-data\supplier\index.php(32): CodeIgniter\Debug\Exceptions->errorHandler(2, 'Undefined property: mysqli::$nama_supplier', 'APPPATH\\Views\\master-data\\supplier\\index.php', 32)
 2 SYSTEMPATH\View\View.php(213): include('APPPATH\\Views\\master-data\\supplier\\index.php')
 3 SYSTEMPATH\View\View.php(216): CodeIgniter\View\View->CodeIgniter\View\{closure}()
 4 SYSTEMPATH\Common.php(1134): CodeIgniter\View\View->render('master-data/supplier/index', [], true)
 5 APPPATH\Controllers\Supplier.php(17): view('master-data/supplier/index', [...])
 6 SYSTEMPATH\CodeIgniter.php(927): App\Controllers\Supplier->index()
 7 SYSTEMPATH\CodeIgniter.php(482): CodeIgniter\CodeIgniter->runController(Object(App\Controllers\Supplier))
 8 SYSTEMPATH\CodeIgniter.php(351): CodeIgniter\CodeIgniter->handleRequest(null, Object(Config\Cache), false)
 9 FCPATH\index.php(67): CodeIgniter\CodeIgniter->run()
10 SYSTEMPATH\Commands\Server\rewrite.php(46): require_once('FCPATH\\index.php')
CRITICAL - 2022-12-08 05:24:48 --> Undefined property: mysqli::$nama_supplier
in APPPATH\Views\master-data\supplier\index.php on line 32.
 1 APPPATH\Views\master-data\supplier\index.php(32): CodeIgniter\Debug\Exceptions->errorHandler(2, 'Undefined property: mysqli::$nama_supplier', 'APPPATH\\Views\\master-data\\supplier\\index.php', 32)
 2 SYSTEMPATH\View\View.php(213): include('APPPATH\\Views\\master-data\\supplier\\index.php')
 3 SYSTEMPATH\View\View.php(216): CodeIgniter\View\View->CodeIgniter\View\{closure}()
 4 SYSTEMPATH\Common.php(1134): CodeIgniter\View\View->render('master-data/supplier/index', [], true)
 5 APPPATH\Controllers\Supplier.php(17): view('master-data/supplier/index', [...])
 6 SYSTEMPATH\CodeIgniter.php(927): App\Controllers\Supplier->index()
 7 SYSTEMPATH\CodeIgniter.php(482): CodeIgniter\CodeIgniter->runController(Object(App\Controllers\Supplier))
 8 SYSTEMPATH\CodeIgniter.php(351): CodeIgniter\CodeIgniter->handleRequest(null, Object(Config\Cache), false)
 9 FCPATH\index.php(67): CodeIgniter\CodeIgniter->run()
10 SYSTEMPATH\Commands\Server\rewrite.php(46): require_once('FCPATH\\index.php')
CRITICAL - 2022-12-08 05:25:38 --> Object of class CodeIgniter\Database\MySQLi\Result could not be converted to string
in APPPATH\Views\master-data\supplier\index.php on line 15.
 1 SYSTEMPATH\View\View.php(213): include()
 2 SYSTEMPATH\View\View.php(216): CodeIgniter\View\View->CodeIgniter\View\{closure}()
 3 SYSTEMPATH\Common.php(1134): CodeIgniter\View\View->render('master-data/supplier/index', [], true)
 4 APPPATH\Controllers\Supplier.php(17): view('master-data/supplier/index', [...])
 5 SYSTEMPATH\CodeIgniter.php(927): App\Controllers\Supplier->index()
 6 SYSTEMPATH\CodeIgniter.php(482): CodeIgniter\CodeIgniter->runController(Object(App\Controllers\Supplier))
 7 SYSTEMPATH\CodeIgniter.php(351): CodeIgniter\CodeIgniter->handleRequest(null, Object(Config\Cache), false)
 8 FCPATH\index.php(67): CodeIgniter\CodeIgniter->run()
 9 SYSTEMPATH\Commands\Server\rewrite.php(46): require_once('FCPATH\\index.php')
CRITICAL - 2022-12-08 05:26:18 --> Object of class mysqli could not be converted to string
in APPPATH\Views\master-data\supplier\index.php on line 32.
 1 SYSTEMPATH\View\View.php(213): include()
 2 SYSTEMPATH\View\View.php(216): CodeIgniter\View\View->CodeIgniter\View\{closure}()
 3 SYSTEMPATH\Common.php(1134): CodeIgniter\View\View->render('master-data/supplier/index', [], true)
 4 APPPATH\Controllers\Supplier.php(17): view('master-data/supplier/index', [...])
 5 SYSTEMPATH\CodeIgniter.php(927): App\Controllers\Supplier->index()
 6 SYSTEMPATH\CodeIgniter.php(482): CodeIgniter\CodeIgniter->runController(Object(App\Controllers\Supplier))
 7 SYSTEMPATH\CodeIgniter.php(351): CodeIgniter\CodeIgniter->handleRequest(null, Object(Config\Cache), false)
 8 FCPATH\index.php(67): CodeIgniter\CodeIgniter->run()
 9 SYSTEMPATH\Commands\Server\rewrite.php(46): require_once('FCPATH\\index.php')
CRITICAL - 2022-12-08 05:28:33 --> Cannot use object of type mysqli as array
in APPPATH\Views\master-data\supplier\index.php on line 32.
 1 SYSTEMPATH\View\View.php(213): include()
 2 SYSTEMPATH\View\View.php(216): CodeIgniter\View\View->CodeIgniter\View\{closure}()
 3 SYSTEMPATH\Common.php(1134): CodeIgniter\View\View->render('master-data/supplier/index', [], true)
 4 APPPATH\Controllers\Supplier.php(17): view('master-data/supplier/index', [...])
 5 SYSTEMPATH\CodeIgniter.php(927): App\Controllers\Supplier->index()
 6 SYSTEMPATH\CodeIgniter.php(482): CodeIgniter\CodeIgniter->runController(Object(App\Controllers\Supplier))
 7 SYSTEMPATH\CodeIgniter.php(351): CodeIgniter\CodeIgniter->handleRequest(null, Object(Config\Cache), false)
 8 FCPATH\index.php(67): CodeIgniter\CodeIgniter->run()
 9 SYSTEMPATH\Commands\Server\rewrite.php(46): require_once('FCPATH\\index.php')
CRITICAL - 2022-12-08 05:29:21 --> Undefined property: stdClass::$email_supplier
in APPPATH\Views\master-data\supplier\index.php on line 34.
 1 APPPATH\Views\master-data\supplier\index.php(34): CodeIgniter\Debug\Exceptions->errorHandler(2, 'Undefined property: stdClass::$email_supplier', 'APPPATH\\Views\\master-data\\supplier\\index.php', 34)
 2 SYSTEMPATH\View\View.php(213): include('APPPATH\\Views\\master-data\\supplier\\index.php')
 3 SYSTEMPATH\View\View.php(216): CodeIgniter\View\View->CodeIgniter\View\{closure}()
 4 SYSTEMPATH\Common.php(1134): CodeIgniter\View\View->render('master-data/supplier/index', [], true)
 5 APPPATH\Controllers\Supplier.php(17): view('master-data/supplier/index', [...])
 6 SYSTEMPATH\CodeIgniter.php(927): App\Controllers\Supplier->index()
 7 SYSTEMPATH\CodeIgniter.php(482): CodeIgniter\CodeIgniter->runController(Object(App\Controllers\Supplier))
 8 SYSTEMPATH\CodeIgniter.php(351): CodeIgniter\CodeIgniter->handleRequest(null, Object(Config\Cache), false)
 9 FCPATH\index.php(67): CodeIgniter\CodeIgniter->run()
10 SYSTEMPATH\Commands\Server\rewrite.php(46): require_once('FCPATH\\index.php')
CRITICAL - 2022-12-08 06:17:59 --> Undefined variable $row
in APPPATH\Views\master-data\supplier\index.php on line 35.
 1 APPPATH\Views\master-data\supplier\index.php(35): CodeIgniter\Debug\Exceptions->errorHandler(2, 'Undefined variable $row', 'APPPATH\\Views\\master-data\\supplier\\index.php', 35)
 2 SYSTEMPATH\View\View.php(213): include('APPPATH\\Views\\master-data\\supplier\\index.php')
 3 SYSTEMPATH\View\View.php(216): CodeIgniter\View\View->CodeIgniter\View\{closure}()
 4 SYSTEMPATH\Common.php(1134): CodeIgniter\View\View->render('master-data/supplier/index', [], true)
 5 APPPATH\Controllers\Supplier.php(17): view('master-data/supplier/index', [...])
 6 SYSTEMPATH\CodeIgniter.php(927): App\Controllers\Supplier->index()
 7 SYSTEMPATH\CodeIgniter.php(482): CodeIgniter\CodeIgniter->runController(Object(App\Controllers\Supplier))
 8 SYSTEMPATH\CodeIgniter.php(351): CodeIgniter\CodeIgniter->handleRequest(null, Object(Config\Cache), false)
 9 FCPATH\index.php(67): CodeIgniter\CodeIgniter->run()
10 SYSTEMPATH\Commands\Server\rewrite.php(46): require_once('FCPATH\\index.php')
