ERROR - 2022-12-28 00:33:23 --> mysqli_sql_exception: You have an error in your SQL syntax; check the manual that corresponds to your MariaDB server version for the right syntax to use near '? AND jurnal.kode_akun = ? 
        AND DATE_FORMAT(jurnal.tanggal_jurnal, '%...' at line 3 in C:\xampp\htdocs\polubi-snack-ci\system\Database\MySQLi\Connection.php:292
Stack trace:
#0 C:\xampp\htdocs\polubi-snack-ci\system\Database\MySQLi\Connection.php(292): mysqli->query('SELECT jurnal.n...', 0)
#1 C:\xampp\htdocs\polubi-snack-ci\system\Database\BaseConnection.php(666): CodeIgniter\Database\MySQLi\Connection->execute('SELECT jurnal.n...')
#2 C:\xampp\htdocs\polubi-snack-ci\system\Database\BaseConnection.php(593): CodeIgniter\Database\BaseConnection->simpleQuery('SELECT jurnal.n...')
#3 C:\xampp\htdocs\polubi-snack-ci\app\Models\BukuBesarModel.php(101): CodeIgniter\Database\BaseConnection->query('SELECT jurnal.n...', Array)
#4 C:\xampp\htdocs\polubi-snack-ci\app\Controllers\BukuBesar.php(32): App\Models\BukuBesarModel->getNominalCredit('11111', '2022', '01')
#5 C:\xampp\htdocs\polubi-snack-ci\system\CodeIgniter.php(927): App\Controllers\BukuBesar->show('11111', '2022', '01')
#6 C:\xampp\htdocs\polubi-snack-ci\system\CodeIgniter.php(482): CodeIgniter\CodeIgniter->runController(Object(App\Controllers\BukuBesar))
#7 C:\xampp\htdocs\polubi-snack-ci\system\CodeIgniter.php(351): CodeIgniter\CodeIgniter->handleRequest(NULL, Object(Config\Cache), false)
#8 C:\xampp\htdocs\polubi-snack-ci\public\index.php(67): CodeIgniter\CodeIgniter->run()
#9 C:\xampp\htdocs\polubi-snack-ci\system\Commands\Server\rewrite.php(46): require_once('C:\\xampp\\htdocs...')
#10 {main}
CRITICAL - 2022-12-28 00:33:23 --> You have an error in your SQL syntax; check the manual that corresponds to your MariaDB server version for the right syntax to use near '? AND jurnal.kode_akun = ? 
        AND DATE_FORMAT(jurnal.tanggal_jurnal, '%...' at line 3
in SYSTEMPATH\Database\MySQLi\Connection.php on line 292.
 1 SYSTEMPATH\Database\MySQLi\Connection.php(292): mysqli->query('SELECT jurnal.nominal_jurnal FROM jurnal JOIN transaksi
        ON jurnal.no_transaksi = transaksi.no_transaksi
        WHERE transaksi.id_perusahaan = ? AND jurnal.kode_akun = ? 
        AND DATE_FORMAT(jurnal.tanggal_jurnal, \'%Y%m\') < \'2023-12\' AND jurnal.debit_kredit = \'Kredit\'', 0)
 2 SYSTEMPATH\Database\BaseConnection.php(666): CodeIgniter\Database\MySQLi\Connection->execute('SELECT jurnal.nominal_jurnal FROM jurnal JOIN transaksi
        ON jurnal.no_transaksi = transaksi.no_transaksi
        WHERE transaksi.id_perusahaan = ? AND jurnal.kode_akun = ? 
        AND DATE_FORMAT(jurnal.tanggal_jurnal, \'%Y%m\') < \'2023-12\' AND jurnal.debit_kredit = \'Kredit\'')
 3 SYSTEMPATH\Database\BaseConnection.php(593): CodeIgniter\Database\BaseConnection->simpleQuery('SELECT jurnal.nominal_jurnal FROM jurnal JOIN transaksi
        ON jurnal.no_transaksi = transaksi.no_transaksi
        WHERE transaksi.id_perusahaan = ? AND jurnal.kode_akun = ? 
        AND DATE_FORMAT(jurnal.tanggal_jurnal, \'%Y%m\') < \'2023-12\' AND jurnal.debit_kredit = \'Kredit\'')
 4 APPPATH\Models\BukuBesarModel.php(101): CodeIgniter\Database\BaseConnection->query('SELECT jurnal.nominal_jurnal FROM jurnal JOIN transaksi
        ON jurnal.no_transaksi = transaksi.no_transaksi
        WHERE transaksi.id_perusahaan = ? AND jurnal.kode_akun = ? 
        AND DATE_FORMAT(jurnal.tanggal_jurnal, \'%Y%m\') < \'2023-12\' AND jurnal.debit_kredit = \'Kredit\'', [...])
 5 APPPATH\Controllers\BukuBesar.php(32): App\Models\BukuBesarModel->getNominalCredit('11111', '2022', '01')
 6 SYSTEMPATH\CodeIgniter.php(927): App\Controllers\BukuBesar->show('11111', '2022', '01')
 7 SYSTEMPATH\CodeIgniter.php(482): CodeIgniter\CodeIgniter->runController(Object(App\Controllers\BukuBesar))
 8 SYSTEMPATH\CodeIgniter.php(351): CodeIgniter\CodeIgniter->handleRequest(null, Object(Config\Cache), false)
 9 FCPATH\index.php(67): CodeIgniter\CodeIgniter->run()
10 SYSTEMPATH\Commands\Server\rewrite.php(46): require_once('FCPATH\\index.php')
ERROR - 2022-12-28 00:34:00 --> mysqli_sql_exception: You have an error in your SQL syntax; check the manual that corresponds to your MariaDB server version for the right syntax to use near '? AND jurnal.kode_akun = ? 
        AND DATE_FORMAT(jurnal.tanggal_jurnal, '%...' at line 3 in C:\xampp\htdocs\polubi-snack-ci\system\Database\MySQLi\Connection.php:292
Stack trace:
#0 C:\xampp\htdocs\polubi-snack-ci\system\Database\MySQLi\Connection.php(292): mysqli->query('SELECT jurnal.n...', 0)
#1 C:\xampp\htdocs\polubi-snack-ci\system\Database\BaseConnection.php(666): CodeIgniter\Database\MySQLi\Connection->execute('SELECT jurnal.n...')
#2 C:\xampp\htdocs\polubi-snack-ci\system\Database\BaseConnection.php(593): CodeIgniter\Database\BaseConnection->simpleQuery('SELECT jurnal.n...')
#3 C:\xampp\htdocs\polubi-snack-ci\app\Models\BukuBesarModel.php(101): CodeIgniter\Database\BaseConnection->query('SELECT jurnal.n...', Array)
#4 C:\xampp\htdocs\polubi-snack-ci\app\Controllers\BukuBesar.php(32): App\Models\BukuBesarModel->getNominalCredit('11111', '2022', '01')
#5 C:\xampp\htdocs\polubi-snack-ci\system\CodeIgniter.php(927): App\Controllers\BukuBesar->show('11111', '2022', '01')
#6 C:\xampp\htdocs\polubi-snack-ci\system\CodeIgniter.php(482): CodeIgniter\CodeIgniter->runController(Object(App\Controllers\BukuBesar))
#7 C:\xampp\htdocs\polubi-snack-ci\system\CodeIgniter.php(351): CodeIgniter\CodeIgniter->handleRequest(NULL, Object(Config\Cache), false)
#8 C:\xampp\htdocs\polubi-snack-ci\public\index.php(67): CodeIgniter\CodeIgniter->run()
#9 C:\xampp\htdocs\polubi-snack-ci\system\Commands\Server\rewrite.php(46): require_once('C:\\xampp\\htdocs...')
#10 {main}
CRITICAL - 2022-12-28 00:34:00 --> You have an error in your SQL syntax; check the manual that corresponds to your MariaDB server version for the right syntax to use near '? AND jurnal.kode_akun = ? 
        AND DATE_FORMAT(jurnal.tanggal_jurnal, '%...' at line 3
in SYSTEMPATH\Database\MySQLi\Connection.php on line 292.
 1 SYSTEMPATH\Database\MySQLi\Connection.php(292): mysqli->query('SELECT jurnal.nominal_jurnal FROM jurnal JOIN transaksi
        ON jurnal.no_transaksi = transaksi.no_transaksi
        WHERE transaksi.id_perusahaan = ? AND jurnal.kode_akun = ? 
        AND DATE_FORMAT(jurnal.tanggal_jurnal, \'%Y%m\') <= \'2023-12\' AND jurnal.debit_kredit = \'Kredit\'', 0)
 2 SYSTEMPATH\Database\BaseConnection.php(666): CodeIgniter\Database\MySQLi\Connection->execute('SELECT jurnal.nominal_jurnal FROM jurnal JOIN transaksi
        ON jurnal.no_transaksi = transaksi.no_transaksi
        WHERE transaksi.id_perusahaan = ? AND jurnal.kode_akun = ? 
        AND DATE_FORMAT(jurnal.tanggal_jurnal, \'%Y%m\') <= \'2023-12\' AND jurnal.debit_kredit = \'Kredit\'')
 3 SYSTEMPATH\Database\BaseConnection.php(593): CodeIgniter\Database\BaseConnection->simpleQuery('SELECT jurnal.nominal_jurnal FROM jurnal JOIN transaksi
        ON jurnal.no_transaksi = transaksi.no_transaksi
        WHERE transaksi.id_perusahaan = ? AND jurnal.kode_akun = ? 
        AND DATE_FORMAT(jurnal.tanggal_jurnal, \'%Y%m\') <= \'2023-12\' AND jurnal.debit_kredit = \'Kredit\'')
 4 APPPATH\Models\BukuBesarModel.php(101): CodeIgniter\Database\BaseConnection->query('SELECT jurnal.nominal_jurnal FROM jurnal JOIN transaksi
        ON jurnal.no_transaksi = transaksi.no_transaksi
        WHERE transaksi.id_perusahaan = ? AND jurnal.kode_akun = ? 
        AND DATE_FORMAT(jurnal.tanggal_jurnal, \'%Y%m\') <= \'2023-12\' AND jurnal.debit_kredit = \'Kredit\'', [...])
 5 APPPATH\Controllers\BukuBesar.php(32): App\Models\BukuBesarModel->getNominalCredit('11111', '2022', '01')
 6 SYSTEMPATH\CodeIgniter.php(927): App\Controllers\BukuBesar->show('11111', '2022', '01')
 7 SYSTEMPATH\CodeIgniter.php(482): CodeIgniter\CodeIgniter->runController(Object(App\Controllers\BukuBesar))
 8 SYSTEMPATH\CodeIgniter.php(351): CodeIgniter\CodeIgniter->handleRequest(null, Object(Config\Cache), false)
 9 FCPATH\index.php(67): CodeIgniter\CodeIgniter->run()
10 SYSTEMPATH\Commands\Server\rewrite.php(46): require_once('FCPATH\\index.php')
ERROR - 2022-12-28 00:34:06 --> mysqli_sql_exception: You have an error in your SQL syntax; check the manual that corresponds to your MariaDB server version for the right syntax to use near '? AND jurnal.kode_akun = ? 
        AND DATE_FORMAT(jurnal.tanggal_jurnal, '%...' at line 3 in C:\xampp\htdocs\polubi-snack-ci\system\Database\MySQLi\Connection.php:292
Stack trace:
#0 C:\xampp\htdocs\polubi-snack-ci\system\Database\MySQLi\Connection.php(292): mysqli->query('SELECT jurnal.n...', 0)
#1 C:\xampp\htdocs\polubi-snack-ci\system\Database\BaseConnection.php(666): CodeIgniter\Database\MySQLi\Connection->execute('SELECT jurnal.n...')
#2 C:\xampp\htdocs\polubi-snack-ci\system\Database\BaseConnection.php(593): CodeIgniter\Database\BaseConnection->simpleQuery('SELECT jurnal.n...')
#3 C:\xampp\htdocs\polubi-snack-ci\app\Models\BukuBesarModel.php(101): CodeIgniter\Database\BaseConnection->query('SELECT jurnal.n...', Array)
#4 C:\xampp\htdocs\polubi-snack-ci\app\Controllers\BukuBesar.php(32): App\Models\BukuBesarModel->getNominalCredit('11111', '2022', '01')
#5 C:\xampp\htdocs\polubi-snack-ci\system\CodeIgniter.php(927): App\Controllers\BukuBesar->show('11111', '2022', '01')
#6 C:\xampp\htdocs\polubi-snack-ci\system\CodeIgniter.php(482): CodeIgniter\CodeIgniter->runController(Object(App\Controllers\BukuBesar))
#7 C:\xampp\htdocs\polubi-snack-ci\system\CodeIgniter.php(351): CodeIgniter\CodeIgniter->handleRequest(NULL, Object(Config\Cache), false)
#8 C:\xampp\htdocs\polubi-snack-ci\public\index.php(67): CodeIgniter\CodeIgniter->run()
#9 C:\xampp\htdocs\polubi-snack-ci\system\Commands\Server\rewrite.php(46): require_once('C:\\xampp\\htdocs...')
#10 {main}
CRITICAL - 2022-12-28 00:34:06 --> You have an error in your SQL syntax; check the manual that corresponds to your MariaDB server version for the right syntax to use near '? AND jurnal.kode_akun = ? 
        AND DATE_FORMAT(jurnal.tanggal_jurnal, '%...' at line 3
in SYSTEMPATH\Database\MySQLi\Connection.php on line 292.
 1 SYSTEMPATH\Database\MySQLi\Connection.php(292): mysqli->query('SELECT jurnal.nominal_jurnal FROM jurnal JOIN transaksi
        ON jurnal.no_transaksi = transaksi.no_transaksi
        WHERE transaksi.id_perusahaan = ? AND jurnal.kode_akun = ? 
        AND DATE_FORMAT(jurnal.tanggal_jurnal, \'%Y%m\') <= \'2023-12\' AND jurnal.debit_kredit = \'Kredit\'', 0)
 2 SYSTEMPATH\Database\BaseConnection.php(666): CodeIgniter\Database\MySQLi\Connection->execute('SELECT jurnal.nominal_jurnal FROM jurnal JOIN transaksi
        ON jurnal.no_transaksi = transaksi.no_transaksi
        WHERE transaksi.id_perusahaan = ? AND jurnal.kode_akun = ? 
        AND DATE_FORMAT(jurnal.tanggal_jurnal, \'%Y%m\') <= \'2023-12\' AND jurnal.debit_kredit = \'Kredit\'')
 3 SYSTEMPATH\Database\BaseConnection.php(593): CodeIgniter\Database\BaseConnection->simpleQuery('SELECT jurnal.nominal_jurnal FROM jurnal JOIN transaksi
        ON jurnal.no_transaksi = transaksi.no_transaksi
        WHERE transaksi.id_perusahaan = ? AND jurnal.kode_akun = ? 
        AND DATE_FORMAT(jurnal.tanggal_jurnal, \'%Y%m\') <= \'2023-12\' AND jurnal.debit_kredit = \'Kredit\'')
 4 APPPATH\Models\BukuBesarModel.php(101): CodeIgniter\Database\BaseConnection->query('SELECT jurnal.nominal_jurnal FROM jurnal JOIN transaksi
        ON jurnal.no_transaksi = transaksi.no_transaksi
        WHERE transaksi.id_perusahaan = ? AND jurnal.kode_akun = ? 
        AND DATE_FORMAT(jurnal.tanggal_jurnal, \'%Y%m\') <= \'2023-12\' AND jurnal.debit_kredit = \'Kredit\'', [...])
 5 APPPATH\Controllers\BukuBesar.php(32): App\Models\BukuBesarModel->getNominalCredit('11111', '2022', '01')
 6 SYSTEMPATH\CodeIgniter.php(927): App\Controllers\BukuBesar->show('11111', '2022', '01')
 7 SYSTEMPATH\CodeIgniter.php(482): CodeIgniter\CodeIgniter->runController(Object(App\Controllers\BukuBesar))
 8 SYSTEMPATH\CodeIgniter.php(351): CodeIgniter\CodeIgniter->handleRequest(null, Object(Config\Cache), false)
 9 FCPATH\index.php(67): CodeIgniter\CodeIgniter->run()
10 SYSTEMPATH\Commands\Server\rewrite.php(46): require_once('FCPATH\\index.php')
CRITICAL - 2022-12-28 19:05:32 --> Unclosed '{' on line 22
in APPPATH\Views\laporan\buku-besar\show.php on line 25.
 1 SYSTEMPATH\View\View.php(216): CodeIgniter\View\View->CodeIgniter\View\{closure}()
 2 SYSTEMPATH\Common.php(1134): CodeIgniter\View\View->render('laporan/buku-besar/show', [], true)
 3 APPPATH\Controllers\BukuBesar.php(45): view('laporan/buku-besar/show', [...])
 4 SYSTEMPATH\CodeIgniter.php(927): App\Controllers\BukuBesar->show('11111', '2022', '01')
 5 SYSTEMPATH\CodeIgniter.php(482): CodeIgniter\CodeIgniter->runController(Object(App\Controllers\BukuBesar))
 6 SYSTEMPATH\CodeIgniter.php(351): CodeIgniter\CodeIgniter->handleRequest(null, Object(Config\Cache), false)
 7 FCPATH\index.php(67): CodeIgniter\CodeIgniter->run()
 8 SYSTEMPATH\Commands\Server\rewrite.php(46): require_once('FCPATH\\index.php')
CRITICAL - 2022-12-28 19:05:39 --> Unclosed '{' on line 22
in APPPATH\Views\laporan\buku-besar\show.php on line 25.
 1 SYSTEMPATH\View\View.php(216): CodeIgniter\View\View->CodeIgniter\View\{closure}()
 2 SYSTEMPATH\Common.php(1134): CodeIgniter\View\View->render('laporan/buku-besar/show', [], true)
 3 APPPATH\Controllers\BukuBesar.php(45): view('laporan/buku-besar/show', [...])
 4 SYSTEMPATH\CodeIgniter.php(927): App\Controllers\BukuBesar->show('11111', '2022', '01')
 5 SYSTEMPATH\CodeIgniter.php(482): CodeIgniter\CodeIgniter->runController(Object(App\Controllers\BukuBesar))
 6 SYSTEMPATH\CodeIgniter.php(351): CodeIgniter\CodeIgniter->handleRequest(null, Object(Config\Cache), false)
 7 FCPATH\index.php(67): CodeIgniter\CodeIgniter->run()
 8 SYSTEMPATH\Commands\Server\rewrite.php(46): require_once('FCPATH\\index.php')
CRITICAL - 2022-12-28 20:24:37 --> Undefined variable $data
in APPPATH\Views\laporan\buku-besar\show.php on line 6.
 1 APPPATH\Views\laporan\buku-besar\show.php(6): CodeIgniter\Debug\Exceptions->errorHandler(2, 'Undefined variable $data', 'APPPATH\\Views\\laporan\\buku-besar\\show.php', 6)
 2 SYSTEMPATH\View\View.php(213): include('APPPATH\\Views\\laporan\\buku-besar\\show.php')
 3 SYSTEMPATH\View\View.php(216): CodeIgniter\View\View->CodeIgniter\View\{closure}()
 4 SYSTEMPATH\Common.php(1134): CodeIgniter\View\View->render('laporan/buku-besar/show', [], true)
 5 APPPATH\Controllers\BukuBesar.php(45): view('laporan/buku-besar/show', [...])
 6 SYSTEMPATH\CodeIgniter.php(927): App\Controllers\BukuBesar->show('11111', '2022', '01')
 7 SYSTEMPATH\CodeIgniter.php(482): CodeIgniter\CodeIgniter->runController(Object(App\Controllers\BukuBesar))
 8 SYSTEMPATH\CodeIgniter.php(351): CodeIgniter\CodeIgniter->handleRequest(null, Object(Config\Cache), false)
 9 FCPATH\index.php(67): CodeIgniter\CodeIgniter->run()
10 SYSTEMPATH\Commands\Server\rewrite.php(46): require_once('FCPATH\\index.php')
CRITICAL - 2022-12-28 21:29:28 --> Undefined property: mysqli::$nominal_jurnal
in APPPATH\Views\laporan\buku-besar\show.php on line 36.
 1 APPPATH\Views\laporan\buku-besar\show.php(36): CodeIgniter\Debug\Exceptions->errorHandler(2, 'Undefined property: mysqli::$nominal_jurnal', 'APPPATH\\Views\\laporan\\buku-besar\\show.php', 36)
 2 SYSTEMPATH\View\View.php(213): include('APPPATH\\Views\\laporan\\buku-besar\\show.php')
 3 SYSTEMPATH\View\View.php(216): CodeIgniter\View\View->CodeIgniter\View\{closure}()
 4 SYSTEMPATH\Common.php(1134): CodeIgniter\View\View->render('laporan/buku-besar/show', [], true)
 5 APPPATH\Controllers\BukuBesar.php(45): view('laporan/buku-besar/show', [...])
 6 SYSTEMPATH\CodeIgniter.php(927): App\Controllers\BukuBesar->show('11111', '2022', '01')
 7 SYSTEMPATH\CodeIgniter.php(482): CodeIgniter\CodeIgniter->runController(Object(App\Controllers\BukuBesar))
 8 SYSTEMPATH\CodeIgniter.php(351): CodeIgniter\CodeIgniter->handleRequest(null, Object(Config\Cache), false)
 9 FCPATH\index.php(67): CodeIgniter\CodeIgniter->run()
10 SYSTEMPATH\Commands\Server\rewrite.php(46): require_once('FCPATH\\index.php')
CRITICAL - 2022-12-28 21:30:54 --> Undefined property: mysqli::$nominal_jurnal
in APPPATH\Views\laporan\buku-besar\show.php on line 36.
 1 APPPATH\Views\laporan\buku-besar\show.php(36): CodeIgniter\Debug\Exceptions->errorHandler(2, 'Undefined property: mysqli::$nominal_jurnal', 'APPPATH\\Views\\laporan\\buku-besar\\show.php', 36)
 2 SYSTEMPATH\View\View.php(213): include('APPPATH\\Views\\laporan\\buku-besar\\show.php')
 3 SYSTEMPATH\View\View.php(216): CodeIgniter\View\View->CodeIgniter\View\{closure}()
 4 SYSTEMPATH\Common.php(1134): CodeIgniter\View\View->render('laporan/buku-besar/show', [], true)
 5 APPPATH\Controllers\BukuBesar.php(45): view('laporan/buku-besar/show', [...])
 6 SYSTEMPATH\CodeIgniter.php(927): App\Controllers\BukuBesar->show('11111', '2022', '12')
 7 SYSTEMPATH\CodeIgniter.php(482): CodeIgniter\CodeIgniter->runController(Object(App\Controllers\BukuBesar))
 8 SYSTEMPATH\CodeIgniter.php(351): CodeIgniter\CodeIgniter->handleRequest(null, Object(Config\Cache), false)
 9 FCPATH\index.php(67): CodeIgniter\CodeIgniter->run()
10 SYSTEMPATH\Commands\Server\rewrite.php(46): require_once('FCPATH\\index.php')
CRITICAL - 2022-12-28 21:31:41 --> Undefined property: mysqli::$nominal_jurnal
in APPPATH\Views\laporan\buku-besar\show.php on line 36.
 1 APPPATH\Views\laporan\buku-besar\show.php(36): CodeIgniter\Debug\Exceptions->errorHandler(2, 'Undefined property: mysqli::$nominal_jurnal', 'APPPATH\\Views\\laporan\\buku-besar\\show.php', 36)
 2 SYSTEMPATH\View\View.php(213): include('APPPATH\\Views\\laporan\\buku-besar\\show.php')
 3 SYSTEMPATH\View\View.php(216): CodeIgniter\View\View->CodeIgniter\View\{closure}()
 4 SYSTEMPATH\Common.php(1134): CodeIgniter\View\View->render('laporan/buku-besar/show', [], true)
 5 APPPATH\Controllers\BukuBesar.php(45): view('laporan/buku-besar/show', [...])
 6 SYSTEMPATH\CodeIgniter.php(927): App\Controllers\BukuBesar->show('11111', '2022', '12')
 7 SYSTEMPATH\CodeIgniter.php(482): CodeIgniter\CodeIgniter->runController(Object(App\Controllers\BukuBesar))
 8 SYSTEMPATH\CodeIgniter.php(351): CodeIgniter\CodeIgniter->handleRequest(null, Object(Config\Cache), false)
 9 FCPATH\index.php(67): CodeIgniter\CodeIgniter->run()
10 SYSTEMPATH\Commands\Server\rewrite.php(46): require_once('FCPATH\\index.php')
CRITICAL - 2022-12-28 21:32:07 --> Undefined property: mysqli::$nominal_jurnal
in APPPATH\Views\laporan\buku-besar\show.php on line 36.
 1 APPPATH\Views\laporan\buku-besar\show.php(36): CodeIgniter\Debug\Exceptions->errorHandler(2, 'Undefined property: mysqli::$nominal_jurnal', 'APPPATH\\Views\\laporan\\buku-besar\\show.php', 36)
 2 SYSTEMPATH\View\View.php(213): include('APPPATH\\Views\\laporan\\buku-besar\\show.php')
 3 SYSTEMPATH\View\View.php(216): CodeIgniter\View\View->CodeIgniter\View\{closure}()
 4 SYSTEMPATH\Common.php(1134): CodeIgniter\View\View->render('laporan/buku-besar/show', [], true)
 5 APPPATH\Controllers\BukuBesar.php(45): view('laporan/buku-besar/show', [...])
 6 SYSTEMPATH\CodeIgniter.php(927): App\Controllers\BukuBesar->show('11111', '2022', '12')
 7 SYSTEMPATH\CodeIgniter.php(482): CodeIgniter\CodeIgniter->runController(Object(App\Controllers\BukuBesar))
 8 SYSTEMPATH\CodeIgniter.php(351): CodeIgniter\CodeIgniter->handleRequest(null, Object(Config\Cache), false)
 9 FCPATH\index.php(67): CodeIgniter\CodeIgniter->run()
10 SYSTEMPATH\Commands\Server\rewrite.php(46): require_once('FCPATH\\index.php')
CRITICAL - 2022-12-28 22:50:11 --> Object of class CodeIgniter\Database\MySQLi\Result could not be converted to string
in APPPATH\Views\laporan\buku-besar\show.php on line 37.
 1 SYSTEMPATH\View\View.php(213): include()
 2 SYSTEMPATH\View\View.php(216): CodeIgniter\View\View->CodeIgniter\View\{closure}()
 3 SYSTEMPATH\Common.php(1134): CodeIgniter\View\View->render('laporan/buku-besar/show', [], true)
 4 APPPATH\Controllers\BukuBesar.php(45): view('laporan/buku-besar/show', [...])
 5 SYSTEMPATH\CodeIgniter.php(927): App\Controllers\BukuBesar->show('11111', '2022', '12')
 6 SYSTEMPATH\CodeIgniter.php(482): CodeIgniter\CodeIgniter->runController(Object(App\Controllers\BukuBesar))
 7 SYSTEMPATH\CodeIgniter.php(351): CodeIgniter\CodeIgniter->handleRequest(null, Object(Config\Cache), false)
 8 FCPATH\index.php(67): CodeIgniter\CodeIgniter->run()
 9 SYSTEMPATH\Commands\Server\rewrite.php(46): require_once('FCPATH\\index.php')
CRITICAL - 2022-12-28 22:50:25 --> Object of class CodeIgniter\Database\MySQLi\Result could not be converted to string
in APPPATH\Views\laporan\buku-besar\show.php on line 37.
 1 SYSTEMPATH\View\View.php(213): include()
 2 SYSTEMPATH\View\View.php(216): CodeIgniter\View\View->CodeIgniter\View\{closure}()
 3 SYSTEMPATH\Common.php(1134): CodeIgniter\View\View->render('laporan/buku-besar/show', [], true)
 4 APPPATH\Controllers\BukuBesar.php(45): view('laporan/buku-besar/show', [...])
 5 SYSTEMPATH\CodeIgniter.php(927): App\Controllers\BukuBesar->show('11111', '2022', '12')
 6 SYSTEMPATH\CodeIgniter.php(482): CodeIgniter\CodeIgniter->runController(Object(App\Controllers\BukuBesar))
 7 SYSTEMPATH\CodeIgniter.php(351): CodeIgniter\CodeIgniter->handleRequest(null, Object(Config\Cache), false)
 8 FCPATH\index.php(67): CodeIgniter\CodeIgniter->run()
 9 SYSTEMPATH\Commands\Server\rewrite.php(46): require_once('FCPATH\\index.php')
CRITICAL - 2022-12-28 22:53:30 --> Cannot use object of type mysqli as array
in APPPATH\Views\laporan\buku-besar\show.php on line 38.
 1 SYSTEMPATH\View\View.php(213): include()
 2 SYSTEMPATH\View\View.php(216): CodeIgniter\View\View->CodeIgniter\View\{closure}()
 3 SYSTEMPATH\Common.php(1134): CodeIgniter\View\View->render('laporan/buku-besar/show', [], true)
 4 APPPATH\Controllers\BukuBesar.php(45): view('laporan/buku-besar/show', [...])
 5 SYSTEMPATH\CodeIgniter.php(927): App\Controllers\BukuBesar->show('11111', '2022', '12')
 6 SYSTEMPATH\CodeIgniter.php(482): CodeIgniter\CodeIgniter->runController(Object(App\Controllers\BukuBesar))
 7 SYSTEMPATH\CodeIgniter.php(351): CodeIgniter\CodeIgniter->handleRequest(null, Object(Config\Cache), false)
 8 FCPATH\index.php(67): CodeIgniter\CodeIgniter->run()
 9 SYSTEMPATH\Commands\Server\rewrite.php(46): require_once('FCPATH\\index.php')
CRITICAL - 2022-12-28 22:53:38 --> Cannot use object of type mysqli as array
in APPPATH\Views\laporan\buku-besar\show.php on line 38.
 1 SYSTEMPATH\View\View.php(213): include()
 2 SYSTEMPATH\View\View.php(216): CodeIgniter\View\View->CodeIgniter\View\{closure}()
 3 SYSTEMPATH\Common.php(1134): CodeIgniter\View\View->render('laporan/buku-besar/show', [], true)
 4 APPPATH\Controllers\BukuBesar.php(45): view('laporan/buku-besar/show', [...])
 5 SYSTEMPATH\CodeIgniter.php(927): App\Controllers\BukuBesar->show('11111', '2022', '12')
 6 SYSTEMPATH\CodeIgniter.php(482): CodeIgniter\CodeIgniter->runController(Object(App\Controllers\BukuBesar))
 7 SYSTEMPATH\CodeIgniter.php(351): CodeIgniter\CodeIgniter->handleRequest(null, Object(Config\Cache), false)
 8 FCPATH\index.php(67): CodeIgniter\CodeIgniter->run()
 9 SYSTEMPATH\Commands\Server\rewrite.php(46): require_once('FCPATH\\index.php')
CRITICAL - 2022-12-28 23:07:34 --> Call to a member function getResult() on null
in APPPATH\Views\laporan\buku-besar\show.php on line 35.
 1 SYSTEMPATH\View\View.php(213): include()
 2 SYSTEMPATH\View\View.php(216): CodeIgniter\View\View->CodeIgniter\View\{closure}()
 3 SYSTEMPATH\Common.php(1134): CodeIgniter\View\View->render('laporan/buku-besar/show', [], true)
 4 APPPATH\Controllers\BukuBesar.php(45): view('laporan/buku-besar/show', [...])
 5 SYSTEMPATH\CodeIgniter.php(927): App\Controllers\BukuBesar->show('11111', '2022', '01')
 6 SYSTEMPATH\CodeIgniter.php(482): CodeIgniter\CodeIgniter->runController(Object(App\Controllers\BukuBesar))
 7 SYSTEMPATH\CodeIgniter.php(351): CodeIgniter\CodeIgniter->handleRequest(null, Object(Config\Cache), false)
 8 FCPATH\index.php(67): CodeIgniter\CodeIgniter->run()
 9 SYSTEMPATH\Commands\Server\rewrite.php(46): require_once('FCPATH\\index.php')
