CRITICAL - 2022-12-14 05:12:08 --> Undefined property: mysqli::$total_utang_pembelian
in APPPATH\Views\utang-pembelian\index.php on line 8.
 1 APPPATH\Views\utang-pembelian\index.php(8): CodeIgniter\Debug\Exceptions->errorHandler(2, 'Undefined property: mysqli::$total_utang_pembelian', 'APPPATH\\Views\\utang-pembelian\\index.php', 8)
 2 SYSTEMPATH\View\View.php(213): include('APPPATH\\Views\\utang-pembelian\\index.php')
 3 SYSTEMPATH\View\View.php(216): CodeIgniter\View\View->CodeIgniter\View\{closure}()
 4 SYSTEMPATH\Common.php(1134): CodeIgniter\View\View->render('utang-pembelian/index', [], true)
 5 APPPATH\Controllers\UtangPembelian.php(18): view('utang-pembelian/index', [...])
 6 SYSTEMPATH\CodeIgniter.php(927): App\Controllers\UtangPembelian->index()
 7 SYSTEMPATH\CodeIgniter.php(482): CodeIgniter\CodeIgniter->runController(Object(App\Controllers\UtangPembelian))
 8 SYSTEMPATH\CodeIgniter.php(351): CodeIgniter\CodeIgniter->handleRequest(null, Object(Config\Cache), false)
 9 FCPATH\index.php(67): CodeIgniter\CodeIgniter->run()
10 SYSTEMPATH\Commands\Server\rewrite.php(46): require_once('FCPATH\\index.php')
CRITICAL - 2022-12-14 08:22:09 --> Call to undefined method CodeIgniter\Database\MySQLi\Builder::getResult()
in APPPATH\Views\utang-pembelian\index.php on line 42.
 1 SYSTEMPATH\View\View.php(213): include()
 2 SYSTEMPATH\View\View.php(216): CodeIgniter\View\View->CodeIgniter\View\{closure}()
 3 SYSTEMPATH\Common.php(1134): CodeIgniter\View\View->render('utang-pembelian/index', [], true)
 4 APPPATH\Controllers\UtangPembelian.php(18): view('utang-pembelian/index', [...])
 5 SYSTEMPATH\CodeIgniter.php(927): App\Controllers\UtangPembelian->index()
 6 SYSTEMPATH\CodeIgniter.php(482): CodeIgniter\CodeIgniter->runController(Object(App\Controllers\UtangPembelian))
 7 SYSTEMPATH\CodeIgniter.php(351): CodeIgniter\CodeIgniter->handleRequest(null, Object(Config\Cache), false)
 8 FCPATH\index.php(67): CodeIgniter\CodeIgniter->run()
 9 SYSTEMPATH\Commands\Server\rewrite.php(46): require_once('FCPATH\\index.php')
CRITICAL - 2022-12-14 08:22:44 --> Attempt to read property "nama_supplier" on array
in APPPATH\Views\utang-pembelian\index.php on line 45.
 1 APPPATH\Views\utang-pembelian\index.php(45): CodeIgniter\Debug\Exceptions->errorHandler(2, 'Attempt to read property "nama_supplier" on array', 'APPPATH\\Views\\utang-pembelian\\index.php', 45)
 2 SYSTEMPATH\View\View.php(213): include('APPPATH\\Views\\utang-pembelian\\index.php')
 3 SYSTEMPATH\View\View.php(216): CodeIgniter\View\View->CodeIgniter\View\{closure}()
 4 SYSTEMPATH\Common.php(1134): CodeIgniter\View\View->render('utang-pembelian/index', [], true)
 5 APPPATH\Controllers\UtangPembelian.php(18): view('utang-pembelian/index', [...])
 6 SYSTEMPATH\CodeIgniter.php(927): App\Controllers\UtangPembelian->index()
 7 SYSTEMPATH\CodeIgniter.php(482): CodeIgniter\CodeIgniter->runController(Object(App\Controllers\UtangPembelian))
 8 SYSTEMPATH\CodeIgniter.php(351): CodeIgniter\CodeIgniter->handleRequest(null, Object(Config\Cache), false)
 9 FCPATH\index.php(67): CodeIgniter\CodeIgniter->run()
10 SYSTEMPATH\Commands\Server\rewrite.php(46): require_once('FCPATH\\index.php')
CRITICAL - 2022-12-14 08:23:05 --> Call to undefined method CodeIgniter\Database\MySQLi\Builder::getResult()
in APPPATH\Views\utang-pembelian\index.php on line 42.
 1 SYSTEMPATH\View\View.php(213): include()
 2 SYSTEMPATH\View\View.php(216): CodeIgniter\View\View->CodeIgniter\View\{closure}()
 3 SYSTEMPATH\Common.php(1134): CodeIgniter\View\View->render('utang-pembelian/index', [], true)
 4 APPPATH\Controllers\UtangPembelian.php(18): view('utang-pembelian/index', [...])
 5 SYSTEMPATH\CodeIgniter.php(927): App\Controllers\UtangPembelian->index()
 6 SYSTEMPATH\CodeIgniter.php(482): CodeIgniter\CodeIgniter->runController(Object(App\Controllers\UtangPembelian))
 7 SYSTEMPATH\CodeIgniter.php(351): CodeIgniter\CodeIgniter->handleRequest(null, Object(Config\Cache), false)
 8 FCPATH\index.php(67): CodeIgniter\CodeIgniter->run()
 9 SYSTEMPATH\Commands\Server\rewrite.php(46): require_once('FCPATH\\index.php')
CRITICAL - 2022-12-14 08:23:21 --> Call to undefined method CodeIgniter\Database\MySQLi\Builder::getResult()
in APPPATH\Views\utang-pembelian\index.php on line 42.
 1 SYSTEMPATH\View\View.php(213): include()
 2 SYSTEMPATH\View\View.php(216): CodeIgniter\View\View->CodeIgniter\View\{closure}()
 3 SYSTEMPATH\Common.php(1134): CodeIgniter\View\View->render('utang-pembelian/index', [], true)
 4 APPPATH\Controllers\UtangPembelian.php(18): view('utang-pembelian/index', [...])
 5 SYSTEMPATH\CodeIgniter.php(927): App\Controllers\UtangPembelian->index()
 6 SYSTEMPATH\CodeIgniter.php(482): CodeIgniter\CodeIgniter->runController(Object(App\Controllers\UtangPembelian))
 7 SYSTEMPATH\CodeIgniter.php(351): CodeIgniter\CodeIgniter->handleRequest(null, Object(Config\Cache), false)
 8 FCPATH\index.php(67): CodeIgniter\CodeIgniter->run()
 9 SYSTEMPATH\Commands\Server\rewrite.php(46): require_once('FCPATH\\index.php')
CRITICAL - 2022-12-14 08:24:17 --> Call to undefined method CodeIgniter\Database\MySQLi\Builder::getResult()
in APPPATH\Views\utang-pembelian\index.php on line 42.
 1 SYSTEMPATH\View\View.php(213): include()
 2 SYSTEMPATH\View\View.php(216): CodeIgniter\View\View->CodeIgniter\View\{closure}()
 3 SYSTEMPATH\Common.php(1134): CodeIgniter\View\View->render('utang-pembelian/index', [], true)
 4 APPPATH\Controllers\UtangPembelian.php(18): view('utang-pembelian/index', [...])
 5 SYSTEMPATH\CodeIgniter.php(927): App\Controllers\UtangPembelian->index()
 6 SYSTEMPATH\CodeIgniter.php(482): CodeIgniter\CodeIgniter->runController(Object(App\Controllers\UtangPembelian))
 7 SYSTEMPATH\CodeIgniter.php(351): CodeIgniter\CodeIgniter->handleRequest(null, Object(Config\Cache), false)
 8 FCPATH\index.php(67): CodeIgniter\CodeIgniter->run()
 9 SYSTEMPATH\Commands\Server\rewrite.php(46): require_once('FCPATH\\index.php')
CRITICAL - 2022-12-14 08:50:17 --> Undefined variable $messageValidation
in APPPATH\Views\transaksi\pembayaran-utang-pembelian\create.php on line 19.
 1 APPPATH\Views\transaksi\pembayaran-utang-pembelian\create.php(19): CodeIgniter\Debug\Exceptions->errorHandler(2, 'Undefined variable $messageValidation', 'APPPATH\\Views\\transaksi\\pembayaran-utang-pembelian\\create.php', 19)
 2 SYSTEMPATH\View\View.php(213): include('APPPATH\\Views\\transaksi\\pembayaran-utang-pembelian\\create.php')
 3 SYSTEMPATH\View\View.php(216): CodeIgniter\View\View->CodeIgniter\View\{closure}()
 4 SYSTEMPATH\Common.php(1134): CodeIgniter\View\View->render('transaksi/pembayaran-utang-pembelian/create', [], true)
 5 APPPATH\Controllers\PembayaranUtangPembelian.php(15): view('transaksi/pembayaran-utang-pembelian/create')
 6 SYSTEMPATH\CodeIgniter.php(927): App\Controllers\PembayaranUtangPembelian->create('1')
 7 SYSTEMPATH\CodeIgniter.php(482): CodeIgniter\CodeIgniter->runController(Object(App\Controllers\PembayaranUtangPembelian))
 8 SYSTEMPATH\CodeIgniter.php(351): CodeIgniter\CodeIgniter->handleRequest(null, Object(Config\Cache), false)
 9 FCPATH\index.php(67): CodeIgniter\CodeIgniter->run()
10 SYSTEMPATH\Commands\Server\rewrite.php(46): require_once('FCPATH\\index.php')
CRITICAL - 2022-12-14 11:31:23 --> You must set the database table to be used with your query.
in SYSTEMPATH\Database\BaseConnection.php on line 845.
 1 SYSTEMPATH\Model.php(587): CodeIgniter\Database\BaseConnection->table(null)
 2 SYSTEMPATH\Model.php(735): CodeIgniter\Model->builder()
 3 APPPATH\Models\PembayaranUtangPembelianModel.php(44): CodeIgniter\Model->__get('dataAI')
 4 APPPATH\Controllers\PembayaranUtangPembelian.php(56): App\Models\PembayaranUtangPembelianModel->storePembayaranUtangPembelian('1')
 5 SYSTEMPATH\CodeIgniter.php(927): App\Controllers\PembayaranUtangPembelian->store('1')
 6 SYSTEMPATH\CodeIgniter.php(482): CodeIgniter\CodeIgniter->runController(Object(App\Controllers\PembayaranUtangPembelian))
 7 SYSTEMPATH\CodeIgniter.php(351): CodeIgniter\CodeIgniter->handleRequest(null, Object(Config\Cache), false)
 8 FCPATH\index.php(67): CodeIgniter\CodeIgniter->run()
 9 SYSTEMPATH\Commands\Server\rewrite.php(46): require_once('FCPATH\\index.php')
CRITICAL - 2022-12-14 11:38:29 --> You must set the database table to be used with your query.
in SYSTEMPATH\Database\BaseConnection.php on line 845.
 1 SYSTEMPATH\Model.php(587): CodeIgniter\Database\BaseConnection->table(null)
 2 SYSTEMPATH\Model.php(735): CodeIgniter\Model->builder()
 3 APPPATH\Models\PembayaranUtangPembelianModel.php(44): CodeIgniter\Model->__get('dataAI')
 4 APPPATH\Controllers\PembayaranUtangPembelian.php(56): App\Models\PembayaranUtangPembelianModel->storePembayaranUtangPembelian('1')
 5 SYSTEMPATH\CodeIgniter.php(927): App\Controllers\PembayaranUtangPembelian->store('1')
 6 SYSTEMPATH\CodeIgniter.php(482): CodeIgniter\CodeIgniter->runController(Object(App\Controllers\PembayaranUtangPembelian))
 7 SYSTEMPATH\CodeIgniter.php(351): CodeIgniter\CodeIgniter->handleRequest(null, Object(Config\Cache), false)
 8 FCPATH\index.php(67): CodeIgniter\CodeIgniter->run()
 9 SYSTEMPATH\Commands\Server\rewrite.php(46): require_once('FCPATH\\index.php')
CRITICAL - 2022-12-14 11:39:42 --> You must set the database table to be used with your query.
in SYSTEMPATH\Database\BaseConnection.php on line 845.
 1 SYSTEMPATH\Model.php(587): CodeIgniter\Database\BaseConnection->table(null)
 2 SYSTEMPATH\Model.php(735): CodeIgniter\Model->builder()
 3 APPPATH\Models\PembayaranUtangPembelianModel.php(44): CodeIgniter\Model->__get('dataAI')
 4 APPPATH\Controllers\PembayaranUtangPembelian.php(56): App\Models\PembayaranUtangPembelianModel->storePembayaranUtangPembelian('1')
 5 SYSTEMPATH\CodeIgniter.php(927): App\Controllers\PembayaranUtangPembelian->store('1')
 6 SYSTEMPATH\CodeIgniter.php(482): CodeIgniter\CodeIgniter->runController(Object(App\Controllers\PembayaranUtangPembelian))
 7 SYSTEMPATH\CodeIgniter.php(351): CodeIgniter\CodeIgniter->handleRequest(null, Object(Config\Cache), false)
 8 FCPATH\index.php(67): CodeIgniter\CodeIgniter->run()
 9 SYSTEMPATH\Commands\Server\rewrite.php(46): require_once('FCPATH\\index.php')
CRITICAL - 2022-12-14 11:42:12 --> Undefined variable $dataAI
in APPPATH\Models\PembayaranUtangPembelianModel.php on line 45.
 1 APPPATH\Models\PembayaranUtangPembelianModel.php(45): CodeIgniter\Debug\Exceptions->errorHandler(2, 'Undefined variable $dataAI', 'APPPATH\\Models\\PembayaranUtangPembelianModel.php', 45)
 2 APPPATH\Controllers\PembayaranUtangPembelian.php(56): App\Models\PembayaranUtangPembelianModel->storePembayaranUtangPembelian('1')
 3 SYSTEMPATH\CodeIgniter.php(927): App\Controllers\PembayaranUtangPembelian->store('1')
 4 SYSTEMPATH\CodeIgniter.php(482): CodeIgniter\CodeIgniter->runController(Object(App\Controllers\PembayaranUtangPembelian))
 5 SYSTEMPATH\CodeIgniter.php(351): CodeIgniter\CodeIgniter->handleRequest(null, Object(Config\Cache), false)
 6 FCPATH\index.php(67): CodeIgniter\CodeIgniter->run()
 7 SYSTEMPATH\Commands\Server\rewrite.php(46): require_once('FCPATH\\index.php')
ERROR - 2022-12-14 11:43:02 --> mysqli_sql_exception: You have an error in your SQL syntax; check the manual that corresponds to your MariaDB server version for the right syntax to use near '0, 1) VALUES (:0:, :1:)' at line 1 in C:\xampp\htdocs\polubi-snack\system\Database\MySQLi\Connection.php:292
Stack trace:
#0 C:\xampp\htdocs\polubi-snack\system\Database\MySQLi\Connection.php(292): mysqli->query('INSERT INTO `ju...', 0)
#1 C:\xampp\htdocs\polubi-snack\system\Database\BaseConnection.php(666): CodeIgniter\Database\MySQLi\Connection->execute('INSERT INTO `ju...')
#2 C:\xampp\htdocs\polubi-snack\system\Database\BaseConnection.php(593): CodeIgniter\Database\BaseConnection->simpleQuery('INSERT INTO `ju...')
#3 C:\xampp\htdocs\polubi-snack\system\Database\BaseBuilder.php(1916): CodeIgniter\Database\BaseConnection->query('INSERT INTO `ju...', Array, false)
#4 C:\xampp\htdocs\polubi-snack\app\Models\PembayaranUtangPembelianModel.php(73): CodeIgniter\Database\BaseBuilder->insert(Array)
#5 C:\xampp\htdocs\polubi-snack\app\Controllers\PembayaranUtangPembelian.php(56): App\Models\PembayaranUtangPembelianModel->storePembayaranUtangPembelian('1')
#6 C:\xampp\htdocs\polubi-snack\system\CodeIgniter.php(927): App\Controllers\PembayaranUtangPembelian->store('1')
#7 C:\xampp\htdocs\polubi-snack\system\CodeIgniter.php(482): CodeIgniter\CodeIgniter->runController(Object(App\Controllers\PembayaranUtangPembelian))
#8 C:\xampp\htdocs\polubi-snack\system\CodeIgniter.php(351): CodeIgniter\CodeIgniter->handleRequest(NULL, Object(Config\Cache), false)
#9 C:\xampp\htdocs\polubi-snack\public\index.php(67): CodeIgniter\CodeIgniter->run()
#10 C:\xampp\htdocs\polubi-snack\system\Commands\Server\rewrite.php(46): require_once('C:\\xampp\\htdocs...')
#11 {main}
CRITICAL - 2022-12-14 11:43:02 --> You have an error in your SQL syntax; check the manual that corresponds to your MariaDB server version for the right syntax to use near '0, 1) VALUES (:0:, :1:)' at line 1
in SYSTEMPATH\Database\MySQLi\Connection.php on line 292.
 1 SYSTEMPATH\Database\MySQLi\Connection.php(292): mysqli->query('INSERT INTO `jurnal` (0, 1) VALUES (:0:, :1:)', 0)
 2 SYSTEMPATH\Database\BaseConnection.php(666): CodeIgniter\Database\MySQLi\Connection->execute('INSERT INTO `jurnal` (0, 1) VALUES (:0:, :1:)')
 3 SYSTEMPATH\Database\BaseConnection.php(593): CodeIgniter\Database\BaseConnection->simpleQuery('INSERT INTO `jurnal` (0, 1) VALUES (:0:, :1:)')
 4 SYSTEMPATH\Database\BaseBuilder.php(1916): CodeIgniter\Database\BaseConnection->query('INSERT INTO `jurnal` (0, 1) VALUES (:0:, :1:)', [...], false)
 5 APPPATH\Models\PembayaranUtangPembelianModel.php(73): CodeIgniter\Database\BaseBuilder->insert([...])
 6 APPPATH\Controllers\PembayaranUtangPembelian.php(56): App\Models\PembayaranUtangPembelianModel->storePembayaranUtangPembelian('1')
 7 SYSTEMPATH\CodeIgniter.php(927): App\Controllers\PembayaranUtangPembelian->store('1')
 8 SYSTEMPATH\CodeIgniter.php(482): CodeIgniter\CodeIgniter->runController(Object(App\Controllers\PembayaranUtangPembelian))
 9 SYSTEMPATH\CodeIgniter.php(351): CodeIgniter\CodeIgniter->handleRequest(null, Object(Config\Cache), false)
10 FCPATH\index.php(67): CodeIgniter\CodeIgniter->run()
11 SYSTEMPATH\Commands\Server\rewrite.php(46): require_once('FCPATH\\index.php')
ERROR - 2022-12-14 12:27:57 --> mysqli_sql_exception: You have an error in your SQL syntax; check the manual that corresponds to your MariaDB server version for the right syntax to use near '0, 1) VALUES (:0:, :1:)' at line 1 in C:\xampp\htdocs\polubi-snack\system\Database\MySQLi\Connection.php:292
Stack trace:
#0 C:\xampp\htdocs\polubi-snack\system\Database\MySQLi\Connection.php(292): mysqli->query('INSERT INTO `ju...', 0)
#1 C:\xampp\htdocs\polubi-snack\system\Database\BaseConnection.php(666): CodeIgniter\Database\MySQLi\Connection->execute('INSERT INTO `ju...')
#2 C:\xampp\htdocs\polubi-snack\system\Database\BaseConnection.php(593): CodeIgniter\Database\BaseConnection->simpleQuery('INSERT INTO `ju...')
#3 C:\xampp\htdocs\polubi-snack\system\Database\BaseBuilder.php(1916): CodeIgniter\Database\BaseConnection->query('INSERT INTO `ju...', Array, false)
#4 C:\xampp\htdocs\polubi-snack\app\Models\PembayaranUtangPembelianModel.php(72): CodeIgniter\Database\BaseBuilder->insert(Array)
#5 C:\xampp\htdocs\polubi-snack\app\Controllers\PembayaranUtangPembelian.php(56): App\Models\PembayaranUtangPembelianModel->storePembayaranUtangPembelian('1')
#6 C:\xampp\htdocs\polubi-snack\system\CodeIgniter.php(927): App\Controllers\PembayaranUtangPembelian->store('1')
#7 C:\xampp\htdocs\polubi-snack\system\CodeIgniter.php(482): CodeIgniter\CodeIgniter->runController(Object(App\Controllers\PembayaranUtangPembelian))
#8 C:\xampp\htdocs\polubi-snack\system\CodeIgniter.php(351): CodeIgniter\CodeIgniter->handleRequest(NULL, Object(Config\Cache), false)
#9 C:\xampp\htdocs\polubi-snack\public\index.php(67): CodeIgniter\CodeIgniter->run()
#10 C:\xampp\htdocs\polubi-snack\system\Commands\Server\rewrite.php(46): require_once('C:\\xampp\\htdocs...')
#11 {main}
CRITICAL - 2022-12-14 12:27:57 --> You have an error in your SQL syntax; check the manual that corresponds to your MariaDB server version for the right syntax to use near '0, 1) VALUES (:0:, :1:)' at line 1
in SYSTEMPATH\Database\MySQLi\Connection.php on line 292.
 1 SYSTEMPATH\Database\MySQLi\Connection.php(292): mysqli->query('INSERT INTO `jurnal` (0, 1) VALUES (:0:, :1:)', 0)
 2 SYSTEMPATH\Database\BaseConnection.php(666): CodeIgniter\Database\MySQLi\Connection->execute('INSERT INTO `jurnal` (0, 1) VALUES (:0:, :1:)')
 3 SYSTEMPATH\Database\BaseConnection.php(593): CodeIgniter\Database\BaseConnection->simpleQuery('INSERT INTO `jurnal` (0, 1) VALUES (:0:, :1:)')
 4 SYSTEMPATH\Database\BaseBuilder.php(1916): CodeIgniter\Database\BaseConnection->query('INSERT INTO `jurnal` (0, 1) VALUES (:0:, :1:)', [...], false)
 5 APPPATH\Models\PembayaranUtangPembelianModel.php(72): CodeIgniter\Database\BaseBuilder->insert([...])
 6 APPPATH\Controllers\PembayaranUtangPembelian.php(56): App\Models\PembayaranUtangPembelianModel->storePembayaranUtangPembelian('1')
 7 SYSTEMPATH\CodeIgniter.php(927): App\Controllers\PembayaranUtangPembelian->store('1')
 8 SYSTEMPATH\CodeIgniter.php(482): CodeIgniter\CodeIgniter->runController(Object(App\Controllers\PembayaranUtangPembelian))
 9 SYSTEMPATH\CodeIgniter.php(351): CodeIgniter\CodeIgniter->handleRequest(null, Object(Config\Cache), false)
10 FCPATH\index.php(67): CodeIgniter\CodeIgniter->run()
11 SYSTEMPATH\Commands\Server\rewrite.php(46): require_once('FCPATH\\index.php')
ERROR - 2022-12-14 12:28:47 --> mysqli_sql_exception: Unknown column 'no_transaksi_pembayaran_utang' in 'field list' in C:\xampp\htdocs\polubi-snack\system\Database\MySQLi\Connection.php:292
Stack trace:
#0 C:\xampp\htdocs\polubi-snack\system\Database\MySQLi\Connection.php(292): mysqli->query('INSERT INTO `pe...', 0)
#1 C:\xampp\htdocs\polubi-snack\system\Database\BaseConnection.php(666): CodeIgniter\Database\MySQLi\Connection->execute('INSERT INTO `pe...')
#2 C:\xampp\htdocs\polubi-snack\system\Database\BaseConnection.php(593): CodeIgniter\Database\BaseConnection->simpleQuery('INSERT INTO `pe...')
#3 C:\xampp\htdocs\polubi-snack\system\Database\BaseBuilder.php(1916): CodeIgniter\Database\BaseConnection->query('INSERT INTO `pe...', Array, false)
#4 C:\xampp\htdocs\polubi-snack\app\Models\PembayaranUtangPembelianModel.php(73): CodeIgniter\Database\BaseBuilder->insert(Array)
#5 C:\xampp\htdocs\polubi-snack\app\Controllers\PembayaranUtangPembelian.php(56): App\Models\PembayaranUtangPembelianModel->storePembayaranUtangPembelian('1')
#6 C:\xampp\htdocs\polubi-snack\system\CodeIgniter.php(927): App\Controllers\PembayaranUtangPembelian->store('1')
#7 C:\xampp\htdocs\polubi-snack\system\CodeIgniter.php(482): CodeIgniter\CodeIgniter->runController(Object(App\Controllers\PembayaranUtangPembelian))
#8 C:\xampp\htdocs\polubi-snack\system\CodeIgniter.php(351): CodeIgniter\CodeIgniter->handleRequest(NULL, Object(Config\Cache), false)
#9 C:\xampp\htdocs\polubi-snack\public\index.php(67): CodeIgniter\CodeIgniter->run()
#10 C:\xampp\htdocs\polubi-snack\system\Commands\Server\rewrite.php(46): require_once('C:\\xampp\\htdocs...')
#11 {main}
CRITICAL - 2022-12-14 12:28:47 --> Unknown column 'no_transaksi_pembayaran_utang' in 'field list'
in SYSTEMPATH\Database\MySQLi\Connection.php on line 292.
 1 SYSTEMPATH\Database\MySQLi\Connection.php(292): mysqli->query('INSERT INTO `pembayaran_utang_pembelian` (`no_transaksi_pembayaran_utang`, `id_utang_pembelian`, `jumlah_pembayaran_utang_pembelian`, `tanggal_pembayaran_utang_pembelian`, `status_aktif`) VALUES (\'8\', \'1\', \'100000\', \'2022-12-15\', 1)', 0)
 2 SYSTEMPATH\Database\BaseConnection.php(666): CodeIgniter\Database\MySQLi\Connection->execute('INSERT INTO `pembayaran_utang_pembelian` (`no_transaksi_pembayaran_utang`, `id_utang_pembelian`, `jumlah_pembayaran_utang_pembelian`, `tanggal_pembayaran_utang_pembelian`, `status_aktif`) VALUES (\'8\', \'1\', \'100000\', \'2022-12-15\', 1)')
 3 SYSTEMPATH\Database\BaseConnection.php(593): CodeIgniter\Database\BaseConnection->simpleQuery('INSERT INTO `pembayaran_utang_pembelian` (`no_transaksi_pembayaran_utang`, `id_utang_pembelian`, `jumlah_pembayaran_utang_pembelian`, `tanggal_pembayaran_utang_pembelian`, `status_aktif`) VALUES (\'8\', \'1\', \'100000\', \'2022-12-15\', 1)')
 4 SYSTEMPATH\Database\BaseBuilder.php(1916): CodeIgniter\Database\BaseConnection->query('INSERT INTO `pembayaran_utang_pembelian` (`no_transaksi_pembayaran_utang`, `id_utang_pembelian`, `jumlah_pembayaran_utang_pembelian`, `tanggal_pembayaran_utang_pembelian`, `status_aktif`) VALUES (:no_transaksi_pembayaran_utang:, :id_utang_pembelian:, :jumlah_pembayaran_utang_pembelian:, :tanggal_pembayaran_utang_pembelian:, :status_aktif:)', [...], false)
 5 APPPATH\Models\PembayaranUtangPembelianModel.php(73): CodeIgniter\Database\BaseBuilder->insert([...])
 6 APPPATH\Controllers\PembayaranUtangPembelian.php(56): App\Models\PembayaranUtangPembelianModel->storePembayaranUtangPembelian('1')
 7 SYSTEMPATH\CodeIgniter.php(927): App\Controllers\PembayaranUtangPembelian->store('1')
 8 SYSTEMPATH\CodeIgniter.php(482): CodeIgniter\CodeIgniter->runController(Object(App\Controllers\PembayaranUtangPembelian))
 9 SYSTEMPATH\CodeIgniter.php(351): CodeIgniter\CodeIgniter->handleRequest(null, Object(Config\Cache), false)
10 FCPATH\index.php(67): CodeIgniter\CodeIgniter->run()
11 SYSTEMPATH\Commands\Server\rewrite.php(46): require_once('FCPATH\\index.php')
