CRITICAL - 2023-01-20 22:02:33 --> Undefined variable $data
in APPPATH\Views\master-data\bill-of-material\index.php on line 46.
 1 APPPATH\Views\master-data\bill-of-material\index.php(46): CodeIgniter\Debug\Exceptions->errorHandler(2, 'Undefined variable $data', 'APPPATH\\Views\\master-data\\bill-of-material\\index.php', 46)
 2 SYSTEMPATH\View\View.php(213): include('APPPATH\\Views\\master-data\\bill-of-material\\index.php')
 3 SYSTEMPATH\View\View.php(216): CodeIgniter\View\View->CodeIgniter\View\{closure}()
 4 SYSTEMPATH\Common.php(1134): CodeIgniter\View\View->render('master-data/bill-of-material/index', [], true)
 5 APPPATH\Controllers\BillOfMaterial.php(29): view('master-data/bill-of-material/index', [...])
 6 SYSTEMPATH\CodeIgniter.php(927): App\Controllers\BillOfMaterial->index()
 7 SYSTEMPATH\CodeIgniter.php(482): CodeIgniter\CodeIgniter->runController(Object(App\Controllers\BillOfMaterial))
 8 SYSTEMPATH\CodeIgniter.php(351): CodeIgniter\CodeIgniter->handleRequest(null, Object(Config\Cache), false)
 9 FCPATH\index.php(67): CodeIgniter\CodeIgniter->run()
10 SYSTEMPATH\Commands\Server\rewrite.php(46): require_once('FCPATH\\index.php')
CRITICAL - 2023-01-20 22:02:50 --> Undefined variable $data
in APPPATH\Views\master-data\bill-of-material\index.php on line 46.
 1 APPPATH\Views\master-data\bill-of-material\index.php(46): CodeIgniter\Debug\Exceptions->errorHandler(2, 'Undefined variable $data', 'APPPATH\\Views\\master-data\\bill-of-material\\index.php', 46)
 2 SYSTEMPATH\View\View.php(213): include('APPPATH\\Views\\master-data\\bill-of-material\\index.php')
 3 SYSTEMPATH\View\View.php(216): CodeIgniter\View\View->CodeIgniter\View\{closure}()
 4 SYSTEMPATH\Common.php(1134): CodeIgniter\View\View->render('master-data/bill-of-material/index', [], true)
 5 APPPATH\Controllers\BillOfMaterial.php(29): view('master-data/bill-of-material/index', [...])
 6 SYSTEMPATH\CodeIgniter.php(927): App\Controllers\BillOfMaterial->index()
 7 SYSTEMPATH\CodeIgniter.php(482): CodeIgniter\CodeIgniter->runController(Object(App\Controllers\BillOfMaterial))
 8 SYSTEMPATH\CodeIgniter.php(351): CodeIgniter\CodeIgniter->handleRequest(null, Object(Config\Cache), false)
 9 FCPATH\index.php(67): CodeIgniter\CodeIgniter->run()
10 SYSTEMPATH\Commands\Server\rewrite.php(46): require_once('FCPATH\\index.php')
CRITICAL - 2023-01-20 22:10:51 --> Undefined variable $data
in APPPATH\Views\master-data\bill-of-material\index.php on line 46.
 1 APPPATH\Views\master-data\bill-of-material\index.php(46): CodeIgniter\Debug\Exceptions->errorHandler(2, 'Undefined variable $data', 'APPPATH\\Views\\master-data\\bill-of-material\\index.php', 46)
 2 SYSTEMPATH\View\View.php(213): include('APPPATH\\Views\\master-data\\bill-of-material\\index.php')
 3 SYSTEMPATH\View\View.php(216): CodeIgniter\View\View->CodeIgniter\View\{closure}()
 4 SYSTEMPATH\Common.php(1134): CodeIgniter\View\View->render('master-data/bill-of-material/index', [], true)
 5 APPPATH\Controllers\BillOfMaterial.php(40): view('master-data/bill-of-material/index', [...])
 6 SYSTEMPATH\CodeIgniter.php(927): App\Controllers\BillOfMaterial->create()
 7 SYSTEMPATH\CodeIgniter.php(482): CodeIgniter\CodeIgniter->runController(Object(App\Controllers\BillOfMaterial))
 8 SYSTEMPATH\CodeIgniter.php(351): CodeIgniter\CodeIgniter->handleRequest(null, Object(Config\Cache), false)
 9 FCPATH\index.php(67): CodeIgniter\CodeIgniter->run()
10 SYSTEMPATH\Commands\Server\rewrite.php(46): require_once('FCPATH\\index.php')
CRITICAL - 2023-01-20 22:11:16 --> Undefined variable $messageValidation
in APPPATH\Views\master-data\bill-of-material\create.php on line 18.
 1 APPPATH\Views\master-data\bill-of-material\create.php(18): CodeIgniter\Debug\Exceptions->errorHandler(2, 'Undefined variable $messageValidation', 'APPPATH\\Views\\master-data\\bill-of-material\\create.php', 18)
 2 SYSTEMPATH\View\View.php(213): include('APPPATH\\Views\\master-data\\bill-of-material\\create.php')
 3 SYSTEMPATH\View\View.php(216): CodeIgniter\View\View->CodeIgniter\View\{closure}()
 4 SYSTEMPATH\Common.php(1134): CodeIgniter\View\View->render('master-data/bill-of-material/create', [], true)
 5 APPPATH\Controllers\BillOfMaterial.php(40): view('master-data/bill-of-material/create')
 6 SYSTEMPATH\CodeIgniter.php(927): App\Controllers\BillOfMaterial->create()
 7 SYSTEMPATH\CodeIgniter.php(482): CodeIgniter\CodeIgniter->runController(Object(App\Controllers\BillOfMaterial))
 8 SYSTEMPATH\CodeIgniter.php(351): CodeIgniter\CodeIgniter->handleRequest(null, Object(Config\Cache), false)
 9 FCPATH\index.php(67): CodeIgniter\CodeIgniter->run()
10 SYSTEMPATH\Commands\Server\rewrite.php(46): require_once('FCPATH\\index.php')
CRITICAL - 2023-01-20 22:11:18 --> Undefined variable $data
in APPPATH\Views\master-data\bill-of-material\index.php on line 46.
 1 APPPATH\Views\master-data\bill-of-material\index.php(46): CodeIgniter\Debug\Exceptions->errorHandler(2, 'Undefined variable $data', 'APPPATH\\Views\\master-data\\bill-of-material\\index.php', 46)
 2 SYSTEMPATH\View\View.php(213): include('APPPATH\\Views\\master-data\\bill-of-material\\index.php')
 3 SYSTEMPATH\View\View.php(216): CodeIgniter\View\View->CodeIgniter\View\{closure}()
 4 SYSTEMPATH\Common.php(1134): CodeIgniter\View\View->render('master-data/bill-of-material/index', [], true)
 5 APPPATH\Controllers\BillOfMaterial.php(29): view('master-data/bill-of-material/index', [...])
 6 SYSTEMPATH\CodeIgniter.php(927): App\Controllers\BillOfMaterial->index()
 7 SYSTEMPATH\CodeIgniter.php(482): CodeIgniter\CodeIgniter->runController(Object(App\Controllers\BillOfMaterial))
 8 SYSTEMPATH\CodeIgniter.php(351): CodeIgniter\CodeIgniter->handleRequest(null, Object(Config\Cache), false)
 9 FCPATH\index.php(67): CodeIgniter\CodeIgniter->run()
10 SYSTEMPATH\Commands\Server\rewrite.php(46): require_once('FCPATH\\index.php')
CRITICAL - 2023-01-20 22:12:47 --> Undefined variable $data
in APPPATH\Views\master-data\bill-of-material\index.php on line 46.
 1 APPPATH\Views\master-data\bill-of-material\index.php(46): CodeIgniter\Debug\Exceptions->errorHandler(2, 'Undefined variable $data', 'APPPATH\\Views\\master-data\\bill-of-material\\index.php', 46)
 2 SYSTEMPATH\View\View.php(213): include('APPPATH\\Views\\master-data\\bill-of-material\\index.php')
 3 SYSTEMPATH\View\View.php(216): CodeIgniter\View\View->CodeIgniter\View\{closure}()
 4 SYSTEMPATH\Common.php(1134): CodeIgniter\View\View->render('master-data/bill-of-material/index', [], true)
 5 APPPATH\Controllers\BillOfMaterial.php(29): view('master-data/bill-of-material/index', [...])
 6 SYSTEMPATH\CodeIgniter.php(927): App\Controllers\BillOfMaterial->index()
 7 SYSTEMPATH\CodeIgniter.php(482): CodeIgniter\CodeIgniter->runController(Object(App\Controllers\BillOfMaterial))
 8 SYSTEMPATH\CodeIgniter.php(351): CodeIgniter\CodeIgniter->handleRequest(null, Object(Config\Cache), false)
 9 FCPATH\index.php(67): CodeIgniter\CodeIgniter->run()
10 SYSTEMPATH\Commands\Server\rewrite.php(46): require_once('FCPATH\\index.php')
