CRITICAL - 2022-12-23 20:18:54 --> Call to undefined function number_to_amount()
in APPPATH\Views\master-data\persediaan-bahan\index.php on line 35.
 1 SYSTEMPATH\View\View.php(213): include()
 2 SYSTEMPATH\View\View.php(216): CodeIgniter\View\View->CodeIgniter\View\{closure}()
 3 SYSTEMPATH\Common.php(1134): CodeIgniter\View\View->render('master-data/persediaan-bahan/index', [], true)
 4 APPPATH\Controllers\PersediaanBahan.php(19): view('master-data/persediaan-bahan/index', [...])
 5 SYSTEMPATH\CodeIgniter.php(927): App\Controllers\PersediaanBahan->index()
 6 SYSTEMPATH\CodeIgniter.php(482): CodeIgniter\CodeIgniter->runController(Object(App\Controllers\PersediaanBahan))
 7 SYSTEMPATH\CodeIgniter.php(351): CodeIgniter\CodeIgniter->handleRequest(null, Object(Config\Cache), false)
 8 FCPATH\index.php(67): CodeIgniter\CodeIgniter->run()
 9 SYSTEMPATH\Commands\Server\rewrite.php(46): require_once('FCPATH\\index.php')
CRITICAL - 2022-12-23 20:21:17 --> Call to undefined function number_to_amount()
in APPPATH\Views\master-data\persediaan-bahan\index.php on line 30.
 1 SYSTEMPATH\View\View.php(213): include()
 2 SYSTEMPATH\View\View.php(216): CodeIgniter\View\View->CodeIgniter\View\{closure}()
 3 SYSTEMPATH\Common.php(1134): CodeIgniter\View\View->render('master-data/persediaan-bahan/index', [], true)
 4 APPPATH\Controllers\PersediaanBahan.php(19): view('master-data/persediaan-bahan/index', [...])
 5 SYSTEMPATH\CodeIgniter.php(927): App\Controllers\PersediaanBahan->index()
 6 SYSTEMPATH\CodeIgniter.php(482): CodeIgniter\CodeIgniter->runController(Object(App\Controllers\PersediaanBahan))
 7 SYSTEMPATH\CodeIgniter.php(351): CodeIgniter\CodeIgniter->handleRequest(null, Object(Config\Cache), false)
 8 FCPATH\index.php(67): CodeIgniter\CodeIgniter->run()
 9 SYSTEMPATH\Commands\Server\rewrite.php(46): require_once('FCPATH\\index.php')
CRITICAL - 2022-12-23 20:23:47 --> Call to undefined function App\Controllers\number_to_amount()
in APPPATH\Controllers\PersediaanBahan.php on line 13.
 1 SYSTEMPATH\CodeIgniter.php(927): App\Controllers\PersediaanBahan->index()
 2 SYSTEMPATH\CodeIgniter.php(482): CodeIgniter\CodeIgniter->runController(Object(App\Controllers\PersediaanBahan))
 3 SYSTEMPATH\CodeIgniter.php(351): CodeIgniter\CodeIgniter->handleRequest(null, Object(Config\Cache), false)
 4 FCPATH\index.php(67): CodeIgniter\CodeIgniter->run()
 5 SYSTEMPATH\Commands\Server\rewrite.php(46): require_once('FCPATH\\index.php')
CRITICAL - 2022-12-23 20:23:52 --> Call to undefined function App\Controllers\number_to_amount()
in APPPATH\Controllers\PersediaanBahan.php on line 13.
 1 SYSTEMPATH\CodeIgniter.php(927): App\Controllers\PersediaanBahan->index()
 2 SYSTEMPATH\CodeIgniter.php(482): CodeIgniter\CodeIgniter->runController(Object(App\Controllers\PersediaanBahan))
 3 SYSTEMPATH\CodeIgniter.php(351): CodeIgniter\CodeIgniter->handleRequest(null, Object(Config\Cache), false)
 4 FCPATH\index.php(67): CodeIgniter\CodeIgniter->run()
 5 SYSTEMPATH\Commands\Server\rewrite.php(46): require_once('FCPATH\\index.php')
ERROR - 2022-12-23 20:35:36 --> mysqli_sql_exception: Unknown column 'utang.pembelian.id_utang_pembelian' in 'order clause' in C:\xampp\htdocs\polubi-snack-ci\system\Database\MySQLi\Connection.php:292
Stack trace:
#0 C:\xampp\htdocs\polubi-snack-ci\system\Database\MySQLi\Connection.php(292): mysqli->query('SELECT *\nFROM `...', 0)
#1 C:\xampp\htdocs\polubi-snack-ci\system\Database\BaseConnection.php(666): CodeIgniter\Database\MySQLi\Connection->execute('SELECT *\nFROM `...')
#2 C:\xampp\htdocs\polubi-snack-ci\system\Database\BaseConnection.php(593): CodeIgniter\Database\BaseConnection->simpleQuery('SELECT *\nFROM `...')
#3 C:\xampp\htdocs\polubi-snack-ci\system\Database\BaseBuilder.php(1585): CodeIgniter\Database\BaseConnection->query('SELECT *\nFROM `...', Array, false)
#4 C:\xampp\htdocs\polubi-snack-ci\app\Models\UtangPembelianModel.php(17): CodeIgniter\Database\BaseBuilder->get()
#5 C:\xampp\htdocs\polubi-snack-ci\app\Controllers\UtangPembelian.php(13): App\Models\UtangPembelianModel->indexUtangPembelian()
#6 C:\xampp\htdocs\polubi-snack-ci\system\CodeIgniter.php(927): App\Controllers\UtangPembelian->index()
#7 C:\xampp\htdocs\polubi-snack-ci\system\CodeIgniter.php(482): CodeIgniter\CodeIgniter->runController(Object(App\Controllers\UtangPembelian))
#8 C:\xampp\htdocs\polubi-snack-ci\system\CodeIgniter.php(351): CodeIgniter\CodeIgniter->handleRequest(NULL, Object(Config\Cache), false)
#9 C:\xampp\htdocs\polubi-snack-ci\public\index.php(67): CodeIgniter\CodeIgniter->run()
#10 C:\xampp\htdocs\polubi-snack-ci\system\Commands\Server\rewrite.php(46): require_once('C:\\xampp\\htdocs...')
#11 {main}
CRITICAL - 2022-12-23 20:35:36 --> Unknown column 'utang.pembelian.id_utang_pembelian' in 'order clause'
in SYSTEMPATH\Database\MySQLi\Connection.php on line 292.
 1 SYSTEMPATH\Database\MySQLi\Connection.php(292): mysqli->query('SELECT *
FROM `utang_pembelian`
JOIN `supplier` ON `supplier`.`id_supplier` = `utang_pembelian`.`id_supplier`
WHERE `utang_pembelian`.`status_aktif` = 1
ORDER BY `utang`.`pembelian`.`id_utang_pembelian` DESC', 0)
 2 SYSTEMPATH\Database\BaseConnection.php(666): CodeIgniter\Database\MySQLi\Connection->execute('SELECT *
FROM `utang_pembelian`
JOIN `supplier` ON `supplier`.`id_supplier` = `utang_pembelian`.`id_supplier`
WHERE `utang_pembelian`.`status_aktif` = 1
ORDER BY `utang`.`pembelian`.`id_utang_pembelian` DESC')
 3 SYSTEMPATH\Database\BaseConnection.php(593): CodeIgniter\Database\BaseConnection->simpleQuery('SELECT *
FROM `utang_pembelian`
JOIN `supplier` ON `supplier`.`id_supplier` = `utang_pembelian`.`id_supplier`
WHERE `utang_pembelian`.`status_aktif` = 1
ORDER BY `utang`.`pembelian`.`id_utang_pembelian` DESC')
 4 SYSTEMPATH\Database\BaseBuilder.php(1585): CodeIgniter\Database\BaseConnection->query('SELECT *
FROM `utang_pembelian`
JOIN `supplier` ON `supplier`.`id_supplier` = `utang_pembelian`.`id_supplier`
WHERE `utang_pembelian`.`status_aktif` = :utang_pembelian.status_aktif:
ORDER BY `utang`.`pembelian`.`id_utang_pembelian` DESC', [...], false)
 5 APPPATH\Models\UtangPembelianModel.php(17): CodeIgniter\Database\BaseBuilder->get()
 6 APPPATH\Controllers\UtangPembelian.php(13): App\Models\UtangPembelianModel->indexUtangPembelian()
 7 SYSTEMPATH\CodeIgniter.php(927): App\Controllers\UtangPembelian->index()
 8 SYSTEMPATH\CodeIgniter.php(482): CodeIgniter\CodeIgniter->runController(Object(App\Controllers\UtangPembelian))
 9 SYSTEMPATH\CodeIgniter.php(351): CodeIgniter\CodeIgniter->handleRequest(null, Object(Config\Cache), false)
10 FCPATH\index.php(67): CodeIgniter\CodeIgniter->run()
11 SYSTEMPATH\Commands\Server\rewrite.php(46): require_once('FCPATH\\index.php')
