ERROR - 2022-12-31 00:59:03 --> mysqli_sql_exception: Cannot add or update a child row: a foreign key constraint fails (`polubi_snack_ci`.`utang_pembelian`, CONSTRAINT `utang_pembelian_ibfk_1` FOREIGN KEY (`no_transaksi_pembelian`) REFERENCES `pembelian` (`no_transaksi_pembelian`)) in C:\xampp\htdocs\polubi-snack-ci\system\Database\MySQLi\Connection.php:292
Stack trace:
#0 C:\xampp\htdocs\polubi-snack-ci\system\Database\MySQLi\Connection.php(292): mysqli->query('INSERT INTO `ut...', 0)
#1 C:\xampp\htdocs\polubi-snack-ci\system\Database\BaseConnection.php(666): CodeIgniter\Database\MySQLi\Connection->execute('INSERT INTO `ut...')
#2 C:\xampp\htdocs\polubi-snack-ci\system\Database\BaseConnection.php(593): CodeIgniter\Database\BaseConnection->simpleQuery('INSERT INTO `ut...')
#3 C:\xampp\htdocs\polubi-snack-ci\system\Database\BaseBuilder.php(1916): CodeIgniter\Database\BaseConnection->query('INSERT INTO `ut...', Array, false)
#4 C:\xampp\htdocs\polubi-snack-ci\app\Models\PembelianModel.php(137): CodeIgniter\Database\BaseBuilder->insert(Array)
#5 C:\xampp\htdocs\polubi-snack-ci\app\Controllers\Pembelian.php(68): App\Models\PembelianModel->storePembelian()
#6 C:\xampp\htdocs\polubi-snack-ci\system\CodeIgniter.php(927): App\Controllers\Pembelian->store()
#7 C:\xampp\htdocs\polubi-snack-ci\system\CodeIgniter.php(482): CodeIgniter\CodeIgniter->runController(Object(App\Controllers\Pembelian))
#8 C:\xampp\htdocs\polubi-snack-ci\system\CodeIgniter.php(351): CodeIgniter\CodeIgniter->handleRequest(NULL, Object(Config\Cache), false)
#9 C:\xampp\htdocs\polubi-snack-ci\public\index.php(67): CodeIgniter\CodeIgniter->run()
#10 C:\xampp\htdocs\polubi-snack-ci\system\Commands\Server\rewrite.php(46): require_once('C:\\xampp\\htdocs...')
#11 {main}
CRITICAL - 2022-12-31 00:59:03 --> Cannot add or update a child row: a foreign key constraint fails (`polubi_snack_ci`.`utang_pembelian`, CONSTRAINT `utang_pembelian_ibfk_1` FOREIGN KEY (`no_transaksi_pembelian`) REFERENCES `pembelian` (`no_transaksi_pembelian`))
in SYSTEMPATH\Database\MySQLi\Connection.php on line 292.
 1 SYSTEMPATH\Database\MySQLi\Connection.php(292): mysqli->query('INSERT INTO `utang_pembelian` (`no_transaksi_pembelian`, `id_supplier`, `total_utang_pembelian`, `nilai_retur_pembelian`, `sisa_utang_pembelian`, `tanggal_utang_pembelian`, `status_utang_pembelian`, `status_aktif`) VALUES (\'TRS202212310001\', \'2\', 0, 0, 0, \'2022-12-31\', \'Belum Lunas\', 1)', 0)
 2 SYSTEMPATH\Database\BaseConnection.php(666): CodeIgniter\Database\MySQLi\Connection->execute('INSERT INTO `utang_pembelian` (`no_transaksi_pembelian`, `id_supplier`, `total_utang_pembelian`, `nilai_retur_pembelian`, `sisa_utang_pembelian`, `tanggal_utang_pembelian`, `status_utang_pembelian`, `status_aktif`) VALUES (\'TRS202212310001\', \'2\', 0, 0, 0, \'2022-12-31\', \'Belum Lunas\', 1)')
 3 SYSTEMPATH\Database\BaseConnection.php(593): CodeIgniter\Database\BaseConnection->simpleQuery('INSERT INTO `utang_pembelian` (`no_transaksi_pembelian`, `id_supplier`, `total_utang_pembelian`, `nilai_retur_pembelian`, `sisa_utang_pembelian`, `tanggal_utang_pembelian`, `status_utang_pembelian`, `status_aktif`) VALUES (\'TRS202212310001\', \'2\', 0, 0, 0, \'2022-12-31\', \'Belum Lunas\', 1)')
 4 SYSTEMPATH\Database\BaseBuilder.php(1916): CodeIgniter\Database\BaseConnection->query('INSERT INTO `utang_pembelian` (`no_transaksi_pembelian`, `id_supplier`, `total_utang_pembelian`, `nilai_retur_pembelian`, `sisa_utang_pembelian`, `tanggal_utang_pembelian`, `status_utang_pembelian`, `status_aktif`) VALUES (:no_transaksi_pembelian:, :id_supplier:, :total_utang_pembelian:, :nilai_retur_pembelian:, :sisa_utang_pembelian:, :tanggal_utang_pembelian:, :status_utang_pembelian:, :status_aktif:)', [...], false)
 5 APPPATH\Models\PembelianModel.php(137): CodeIgniter\Database\BaseBuilder->insert([...])
 6 APPPATH\Controllers\Pembelian.php(68): App\Models\PembelianModel->storePembelian()
 7 SYSTEMPATH\CodeIgniter.php(927): App\Controllers\Pembelian->store()
 8 SYSTEMPATH\CodeIgniter.php(482): CodeIgniter\CodeIgniter->runController(Object(App\Controllers\Pembelian))
 9 SYSTEMPATH\CodeIgniter.php(351): CodeIgniter\CodeIgniter->handleRequest(null, Object(Config\Cache), false)
10 FCPATH\index.php(67): CodeIgniter\CodeIgniter->run()
11 SYSTEMPATH\Commands\Server\rewrite.php(46): require_once('FCPATH\\index.php')
