CRITICAL - 2022-12-17 18:29:26 --> Undefined variable $messageValidation
in APPPATH\Views\transaksi\retur-pembelian\create.php on line 40.
 1 APPPATH\Views\transaksi\retur-pembelian\create.php(40): CodeIgniter\Debug\Exceptions->errorHandler(2, 'Undefined variable $messageValidation', 'APPPATH\\Views\\transaksi\\retur-pembelian\\create.php', 40)
 2 SYSTEMPATH\View\View.php(213): include('APPPATH\\Views\\transaksi\\retur-pembelian\\create.php')
 3 SYSTEMPATH\View\View.php(216): CodeIgniter\View\View->CodeIgniter\View\{closure}()
 4 SYSTEMPATH\Common.php(1134): CodeIgniter\View\View->render('transaksi/retur-pembelian/create', [], true)
 5 APPPATH\Controllers\ReturPembelian.php(29): view('transaksi/retur-pembelian/create')
 6 SYSTEMPATH\CodeIgniter.php(927): App\Controllers\ReturPembelian->create()
 7 SYSTEMPATH\CodeIgniter.php(482): CodeIgniter\CodeIgniter->runController(Object(App\Controllers\ReturPembelian))
 8 SYSTEMPATH\CodeIgniter.php(351): CodeIgniter\CodeIgniter->handleRequest(null, Object(Config\Cache), false)
 9 FCPATH\index.php(67): CodeIgniter\CodeIgniter->run()
10 SYSTEMPATH\Commands\Server\rewrite.php(46): require_once('FCPATH\\index.php')
ERROR - 2022-12-17 18:35:20 --> Error connecting to the database: mysqli_sql_exception: Unknown database 'polubi_snack_2' in C:\xampp\htdocs\polubi-snack-ci\system\Database\MySQLi\Connection.php:171
Stack trace:
#0 C:\xampp\htdocs\polubi-snack-ci\system\Database\MySQLi\Connection.php(171): mysqli->real_connect('localhost', 'root', '', 'polubi_snack_2', 3306, '', 0)
#1 C:\xampp\htdocs\polubi-snack-ci\system\Database\BaseConnection.php(382): CodeIgniter\Database\MySQLi\Connection->connect(false)
#2 C:\xampp\htdocs\polubi-snack-ci\system\Database\BaseConnection.php(561): CodeIgniter\Database\BaseConnection->initialize()
#3 C:\xampp\htdocs\polubi-snack-ci\system\Database\BaseBuilder.php(1585): CodeIgniter\Database\BaseConnection->query('SELECT *\nFROM `...', Array, false)
#4 C:\xampp\htdocs\polubi-snack-ci\app\Models\SupplierModel.php(12): CodeIgniter\Database\BaseBuilder->get()
#5 C:\xampp\htdocs\polubi-snack-ci\app\Controllers\Supplier.php(13): App\Models\SupplierModel->indexSupplier()
#6 C:\xampp\htdocs\polubi-snack-ci\system\CodeIgniter.php(927): App\Controllers\Supplier->index()
#7 C:\xampp\htdocs\polubi-snack-ci\system\CodeIgniter.php(482): CodeIgniter\CodeIgniter->runController(Object(App\Controllers\Supplier))
#8 C:\xampp\htdocs\polubi-snack-ci\system\CodeIgniter.php(351): CodeIgniter\CodeIgniter->handleRequest(NULL, Object(Config\Cache), false)
#9 C:\xampp\htdocs\polubi-snack-ci\public\index.php(67): CodeIgniter\CodeIgniter->run()
#10 C:\xampp\htdocs\polubi-snack-ci\system\Commands\Server\rewrite.php(46): require_once('C:\\xampp\\htdocs...')
#11 {main}

Next CodeIgniter\Database\Exceptions\DatabaseException: Unknown database 'polubi_snack_2' in C:\xampp\htdocs\polubi-snack-ci\system\Database\MySQLi\Connection.php:215
Stack trace:
#0 C:\xampp\htdocs\polubi-snack-ci\system\Database\BaseConnection.php(382): CodeIgniter\Database\MySQLi\Connection->connect(false)
#1 C:\xampp\htdocs\polubi-snack-ci\system\Database\BaseConnection.php(561): CodeIgniter\Database\BaseConnection->initialize()
#2 C:\xampp\htdocs\polubi-snack-ci\system\Database\BaseBuilder.php(1585): CodeIgniter\Database\BaseConnection->query('SELECT *\nFROM `...', Array, false)
#3 C:\xampp\htdocs\polubi-snack-ci\app\Models\SupplierModel.php(12): CodeIgniter\Database\BaseBuilder->get()
#4 C:\xampp\htdocs\polubi-snack-ci\app\Controllers\Supplier.php(13): App\Models\SupplierModel->indexSupplier()
#5 C:\xampp\htdocs\polubi-snack-ci\system\CodeIgniter.php(927): App\Controllers\Supplier->index()
#6 C:\xampp\htdocs\polubi-snack-ci\system\CodeIgniter.php(482): CodeIgniter\CodeIgniter->runController(Object(App\Controllers\Supplier))
#7 C:\xampp\htdocs\polubi-snack-ci\system\CodeIgniter.php(351): CodeIgniter\CodeIgniter->handleRequest(NULL, Object(Config\Cache), false)
#8 C:\xampp\htdocs\polubi-snack-ci\public\index.php(67): CodeIgniter\CodeIgniter->run()
#9 C:\xampp\htdocs\polubi-snack-ci\system\Commands\Server\rewrite.php(46): require_once('C:\\xampp\\htdocs...')
#10 {main}
CRITICAL - 2022-12-17 18:35:20 --> Unable to connect to the database.
Main connection [MySQLi]: Unknown database 'polubi_snack_2'
in SYSTEMPATH\Database\BaseConnection.php on line 418.
 1 SYSTEMPATH\Database\BaseConnection.php(561): CodeIgniter\Database\BaseConnection->initialize()
 2 SYSTEMPATH\Database\BaseBuilder.php(1585): CodeIgniter\Database\BaseConnection->query('SELECT *
FROM `supplier`
WHERE `status_aktif` = :status_aktif:', [...], false)
 3 APPPATH\Models\SupplierModel.php(12): CodeIgniter\Database\BaseBuilder->get()
 4 APPPATH\Controllers\Supplier.php(13): App\Models\SupplierModel->indexSupplier()
 5 SYSTEMPATH\CodeIgniter.php(927): App\Controllers\Supplier->index()
 6 SYSTEMPATH\CodeIgniter.php(482): CodeIgniter\CodeIgniter->runController(Object(App\Controllers\Supplier))
 7 SYSTEMPATH\CodeIgniter.php(351): CodeIgniter\CodeIgniter->handleRequest(null, Object(Config\Cache), false)
 8 FCPATH\index.php(67): CodeIgniter\CodeIgniter->run()
 9 SYSTEMPATH\Commands\Server\rewrite.php(46): require_once('FCPATH\\index.php')
CRITICAL - 2022-12-17 18:47:22 --> Undefined property: App\Controllers\ReturPembelian::$idPembelian
in APPPATH\Controllers\ReturPembelian.php on line 31.
 1 APPPATH\Controllers\ReturPembelian.php(31): CodeIgniter\Debug\Exceptions->errorHandler(2, 'Undefined property: App\\Controllers\\ReturPembelian::$idPembelian', 'APPPATH\\Controllers\\ReturPembelian.php', 31)
 2 SYSTEMPATH\CodeIgniter.php(927): App\Controllers\ReturPembelian->create()
 3 SYSTEMPATH\CodeIgniter.php(482): CodeIgniter\CodeIgniter->runController(Object(App\Controllers\ReturPembelian))
 4 SYSTEMPATH\CodeIgniter.php(351): CodeIgniter\CodeIgniter->handleRequest(null, Object(Config\Cache), false)
 5 FCPATH\index.php(67): CodeIgniter\CodeIgniter->run()
 6 SYSTEMPATH\Commands\Server\rewrite.php(46): require_once('FCPATH\\index.php')
CRITICAL - 2022-12-17 18:47:27 --> Undefined property: App\Controllers\ReturPembelian::$idPembelian
in APPPATH\Controllers\ReturPembelian.php on line 31.
 1 APPPATH\Controllers\ReturPembelian.php(31): CodeIgniter\Debug\Exceptions->errorHandler(2, 'Undefined property: App\\Controllers\\ReturPembelian::$idPembelian', 'APPPATH\\Controllers\\ReturPembelian.php', 31)
 2 SYSTEMPATH\CodeIgniter.php(927): App\Controllers\ReturPembelian->create()
 3 SYSTEMPATH\CodeIgniter.php(482): CodeIgniter\CodeIgniter->runController(Object(App\Controllers\ReturPembelian))
 4 SYSTEMPATH\CodeIgniter.php(351): CodeIgniter\CodeIgniter->handleRequest(null, Object(Config\Cache), false)
 5 FCPATH\index.php(67): CodeIgniter\CodeIgniter->run()
 6 SYSTEMPATH\Commands\Server\rewrite.php(46): require_once('FCPATH\\index.php')
CRITICAL - 2022-12-17 19:15:39 --> Undefined variable $dataPembelian
in APPPATH\Views\transaksi\retur-pembelian\create.php on line 14.
 1 APPPATH\Views\transaksi\retur-pembelian\create.php(14): CodeIgniter\Debug\Exceptions->errorHandler(2, 'Undefined variable $dataPembelian', 'APPPATH\\Views\\transaksi\\retur-pembelian\\create.php', 14)
 2 SYSTEMPATH\View\View.php(213): include('APPPATH\\Views\\transaksi\\retur-pembelian\\create.php')
 3 SYSTEMPATH\View\View.php(216): CodeIgniter\View\View->CodeIgniter\View\{closure}()
 4 SYSTEMPATH\Common.php(1134): CodeIgniter\View\View->render('transaksi/retur-pembelian/create', [], true)
 5 APPPATH\Controllers\ReturPembelian.php(51): view('transaksi/retur-pembelian/create', [...])
 6 SYSTEMPATH\CodeIgniter.php(927): App\Controllers\ReturPembelian->create('TRS1612220001')
 7 SYSTEMPATH\CodeIgniter.php(482): CodeIgniter\CodeIgniter->runController(Object(App\Controllers\ReturPembelian))
 8 SYSTEMPATH\CodeIgniter.php(351): CodeIgniter\CodeIgniter->handleRequest(null, Object(Config\Cache), false)
 9 FCPATH\index.php(67): CodeIgniter\CodeIgniter->run()
10 SYSTEMPATH\Commands\Server\rewrite.php(46): require_once('FCPATH\\index.php')
CRITICAL - 2022-12-17 19:16:44 --> Undefined variable $isNew
in APPPATH\Views\transaksi\retur-pembelian\create.php on line 13.
 1 APPPATH\Views\transaksi\retur-pembelian\create.php(13): CodeIgniter\Debug\Exceptions->errorHandler(2, 'Undefined variable $isNew', 'APPPATH\\Views\\transaksi\\retur-pembelian\\create.php', 13)
 2 SYSTEMPATH\View\View.php(213): include('APPPATH\\Views\\transaksi\\retur-pembelian\\create.php')
 3 SYSTEMPATH\View\View.php(216): CodeIgniter\View\View->CodeIgniter\View\{closure}()
 4 SYSTEMPATH\Common.php(1134): CodeIgniter\View\View->render('transaksi/retur-pembelian/create', [], true)
 5 APPPATH\Controllers\ReturPembelian.php(54): view('transaksi/retur-pembelian/create', [...])
 6 SYSTEMPATH\CodeIgniter.php(927): App\Controllers\ReturPembelian->create('TRS1612220001')
 7 SYSTEMPATH\CodeIgniter.php(482): CodeIgniter\CodeIgniter->runController(Object(App\Controllers\ReturPembelian))
 8 SYSTEMPATH\CodeIgniter.php(351): CodeIgniter\CodeIgniter->handleRequest(null, Object(Config\Cache), false)
 9 FCPATH\index.php(67): CodeIgniter\CodeIgniter->run()
10 SYSTEMPATH\Commands\Server\rewrite.php(46): require_once('FCPATH\\index.php')
CRITICAL - 2022-12-17 19:17:19 --> Undefined variable $namaSupplier
in APPPATH\Views\transaksi\retur-pembelian\create.php on line 27.
 1 APPPATH\Views\transaksi\retur-pembelian\create.php(27): CodeIgniter\Debug\Exceptions->errorHandler(2, 'Undefined variable $namaSupplier', 'APPPATH\\Views\\transaksi\\retur-pembelian\\create.php', 27)
 2 SYSTEMPATH\View\View.php(213): include('APPPATH\\Views\\transaksi\\retur-pembelian\\create.php')
 3 SYSTEMPATH\View\View.php(216): CodeIgniter\View\View->CodeIgniter\View\{closure}()
 4 SYSTEMPATH\Common.php(1134): CodeIgniter\View\View->render('transaksi/retur-pembelian/create', [], true)
 5 APPPATH\Controllers\ReturPembelian.php(55): view('transaksi/retur-pembelian/create', [...])
 6 SYSTEMPATH\CodeIgniter.php(927): App\Controllers\ReturPembelian->create('TRS1612220001')
 7 SYSTEMPATH\CodeIgniter.php(482): CodeIgniter\CodeIgniter->runController(Object(App\Controllers\ReturPembelian))
 8 SYSTEMPATH\CodeIgniter.php(351): CodeIgniter\CodeIgniter->handleRequest(null, Object(Config\Cache), false)
 9 FCPATH\index.php(67): CodeIgniter\CodeIgniter->run()
10 SYSTEMPATH\Commands\Server\rewrite.php(46): require_once('FCPATH\\index.php')
CRITICAL - 2022-12-17 19:17:45 --> Undefined variable $namaSupplier
in APPPATH\Views\transaksi\retur-pembelian\create.php on line 27.
 1 APPPATH\Views\transaksi\retur-pembelian\create.php(27): CodeIgniter\Debug\Exceptions->errorHandler(2, 'Undefined variable $namaSupplier', 'APPPATH\\Views\\transaksi\\retur-pembelian\\create.php', 27)
 2 SYSTEMPATH\View\View.php(213): include('APPPATH\\Views\\transaksi\\retur-pembelian\\create.php')
 3 SYSTEMPATH\View\View.php(216): CodeIgniter\View\View->CodeIgniter\View\{closure}()
 4 SYSTEMPATH\Common.php(1134): CodeIgniter\View\View->render('transaksi/retur-pembelian/create', [], true)
 5 APPPATH\Controllers\ReturPembelian.php(55): view('transaksi/retur-pembelian/create', [...])
 6 SYSTEMPATH\CodeIgniter.php(927): App\Controllers\ReturPembelian->create('TRS1612220001')
 7 SYSTEMPATH\CodeIgniter.php(482): CodeIgniter\CodeIgniter->runController(Object(App\Controllers\ReturPembelian))
 8 SYSTEMPATH\CodeIgniter.php(351): CodeIgniter\CodeIgniter->handleRequest(null, Object(Config\Cache), false)
 9 FCPATH\index.php(67): CodeIgniter\CodeIgniter->run()
10 SYSTEMPATH\Commands\Server\rewrite.php(46): require_once('FCPATH\\index.php')
CRITICAL - 2022-12-17 19:25:17 --> Undefined variable $namaSupplier
in APPPATH\Views\transaksi\retur-pembelian\create.php on line 27.
 1 APPPATH\Views\transaksi\retur-pembelian\create.php(27): CodeIgniter\Debug\Exceptions->errorHandler(2, 'Undefined variable $namaSupplier', 'APPPATH\\Views\\transaksi\\retur-pembelian\\create.php', 27)
 2 SYSTEMPATH\View\View.php(213): include('APPPATH\\Views\\transaksi\\retur-pembelian\\create.php')
 3 SYSTEMPATH\View\View.php(216): CodeIgniter\View\View->CodeIgniter\View\{closure}()
 4 SYSTEMPATH\Common.php(1134): CodeIgniter\View\View->render('transaksi/retur-pembelian/create', [], true)
 5 APPPATH\Controllers\ReturPembelian.php(55): view('transaksi/retur-pembelian/create', [...])
 6 SYSTEMPATH\CodeIgniter.php(927): App\Controllers\ReturPembelian->create('TRS16122200012')
 7 SYSTEMPATH\CodeIgniter.php(482): CodeIgniter\CodeIgniter->runController(Object(App\Controllers\ReturPembelian))
 8 SYSTEMPATH\CodeIgniter.php(351): CodeIgniter\CodeIgniter->handleRequest(null, Object(Config\Cache), false)
 9 FCPATH\index.php(67): CodeIgniter\CodeIgniter->run()
10 SYSTEMPATH\Commands\Server\rewrite.php(46): require_once('FCPATH\\index.php')
CRITICAL - 2022-12-17 19:29:38 --> Undefined variable $namaSupplier
in APPPATH\Views\transaksi\retur-pembelian\create.php on line 28.
 1 APPPATH\Views\transaksi\retur-pembelian\create.php(28): CodeIgniter\Debug\Exceptions->errorHandler(2, 'Undefined variable $namaSupplier', 'APPPATH\\Views\\transaksi\\retur-pembelian\\create.php', 28)
 2 SYSTEMPATH\View\View.php(213): include('APPPATH\\Views\\transaksi\\retur-pembelian\\create.php')
 3 SYSTEMPATH\View\View.php(216): CodeIgniter\View\View->CodeIgniter\View\{closure}()
 4 SYSTEMPATH\Common.php(1134): CodeIgniter\View\View->render('transaksi/retur-pembelian/create', [], true)
 5 APPPATH\Controllers\ReturPembelian.php(55): view('transaksi/retur-pembelian/create', [...])
 6 SYSTEMPATH\CodeIgniter.php(927): App\Controllers\ReturPembelian->create('TRS16122200012')
 7 SYSTEMPATH\CodeIgniter.php(482): CodeIgniter\CodeIgniter->runController(Object(App\Controllers\ReturPembelian))
 8 SYSTEMPATH\CodeIgniter.php(351): CodeIgniter\CodeIgniter->handleRequest(null, Object(Config\Cache), false)
 9 FCPATH\index.php(67): CodeIgniter\CodeIgniter->run()
10 SYSTEMPATH\Commands\Server\rewrite.php(46): require_once('FCPATH\\index.php')
CRITICAL - 2022-12-17 19:30:04 --> Undefined variable $namaSupplier
in APPPATH\Views\transaksi\retur-pembelian\create.php on line 28.
 1 APPPATH\Views\transaksi\retur-pembelian\create.php(28): CodeIgniter\Debug\Exceptions->errorHandler(2, 'Undefined variable $namaSupplier', 'APPPATH\\Views\\transaksi\\retur-pembelian\\create.php', 28)
 2 SYSTEMPATH\View\View.php(213): include('APPPATH\\Views\\transaksi\\retur-pembelian\\create.php')
 3 SYSTEMPATH\View\View.php(216): CodeIgniter\View\View->CodeIgniter\View\{closure}()
 4 SYSTEMPATH\Common.php(1134): CodeIgniter\View\View->render('transaksi/retur-pembelian/create', [], true)
 5 APPPATH\Controllers\ReturPembelian.php(55): view('transaksi/retur-pembelian/create', [...])
 6 SYSTEMPATH\CodeIgniter.php(927): App\Controllers\ReturPembelian->create('TRS16122200012')
 7 SYSTEMPATH\CodeIgniter.php(482): CodeIgniter\CodeIgniter->runController(Object(App\Controllers\ReturPembelian))
 8 SYSTEMPATH\CodeIgniter.php(351): CodeIgniter\CodeIgniter->handleRequest(null, Object(Config\Cache), false)
 9 FCPATH\index.php(67): CodeIgniter\CodeIgniter->run()
10 SYSTEMPATH\Commands\Server\rewrite.php(46): require_once('FCPATH\\index.php')
CRITICAL - 2022-12-17 19:31:17 --> Undefined variable $namaSupplier
in APPPATH\Views\transaksi\retur-pembelian\create.php on line 18.
 1 APPPATH\Views\transaksi\retur-pembelian\create.php(18): CodeIgniter\Debug\Exceptions->errorHandler(2, 'Undefined variable $namaSupplier', 'APPPATH\\Views\\transaksi\\retur-pembelian\\create.php', 18)
 2 SYSTEMPATH\View\View.php(213): include('APPPATH\\Views\\transaksi\\retur-pembelian\\create.php')
 3 SYSTEMPATH\View\View.php(216): CodeIgniter\View\View->CodeIgniter\View\{closure}()
 4 SYSTEMPATH\Common.php(1134): CodeIgniter\View\View->render('transaksi/retur-pembelian/create', [], true)
 5 APPPATH\Controllers\ReturPembelian.php(55): view('transaksi/retur-pembelian/create', [...])
 6 SYSTEMPATH\CodeIgniter.php(927): App\Controllers\ReturPembelian->create('TRS16122200012')
 7 SYSTEMPATH\CodeIgniter.php(482): CodeIgniter\CodeIgniter->runController(Object(App\Controllers\ReturPembelian))
 8 SYSTEMPATH\CodeIgniter.php(351): CodeIgniter\CodeIgniter->handleRequest(null, Object(Config\Cache), false)
 9 FCPATH\index.php(67): CodeIgniter\CodeIgniter->run()
10 SYSTEMPATH\Commands\Server\rewrite.php(46): require_once('FCPATH\\index.php')
CRITICAL - 2022-12-17 19:32:33 --> Undefined variable $namaSupplier
in APPPATH\Views\transaksi\retur-pembelian\create.php on line 28.
 1 APPPATH\Views\transaksi\retur-pembelian\create.php(28): CodeIgniter\Debug\Exceptions->errorHandler(2, 'Undefined variable $namaSupplier', 'APPPATH\\Views\\transaksi\\retur-pembelian\\create.php', 28)
 2 SYSTEMPATH\View\View.php(213): include('APPPATH\\Views\\transaksi\\retur-pembelian\\create.php')
 3 SYSTEMPATH\View\View.php(216): CodeIgniter\View\View->CodeIgniter\View\{closure}()
 4 SYSTEMPATH\Common.php(1134): CodeIgniter\View\View->render('transaksi/retur-pembelian/create', [], true)
 5 APPPATH\Controllers\ReturPembelian.php(55): view('transaksi/retur-pembelian/create', [...])
 6 SYSTEMPATH\CodeIgniter.php(927): App\Controllers\ReturPembelian->create('TRS16122200012')
 7 SYSTEMPATH\CodeIgniter.php(482): CodeIgniter\CodeIgniter->runController(Object(App\Controllers\ReturPembelian))
 8 SYSTEMPATH\CodeIgniter.php(351): CodeIgniter\CodeIgniter->handleRequest(null, Object(Config\Cache), false)
 9 FCPATH\index.php(67): CodeIgniter\CodeIgniter->run()
10 SYSTEMPATH\Commands\Server\rewrite.php(46): require_once('FCPATH\\index.php')
CRITICAL - 2022-12-17 19:34:59 --> Object of class CodeIgniter\Database\MySQLi\Result could not be converted to int
in APPPATH\Views\transaksi\retur-pembelian\create.php on line 12.
 1 APPPATH\Views\transaksi\retur-pembelian\create.php(12): CodeIgniter\Debug\Exceptions->errorHandler(8, 'Object of class CodeIgniter\\Database\\MySQLi\\Result could not be converted to int', 'APPPATH\\Views\\transaksi\\retur-pembelian\\create.php', 12)
 2 SYSTEMPATH\View\View.php(213): include('APPPATH\\Views\\transaksi\\retur-pembelian\\create.php')
 3 SYSTEMPATH\View\View.php(216): CodeIgniter\View\View->CodeIgniter\View\{closure}()
 4 SYSTEMPATH\Common.php(1134): CodeIgniter\View\View->render('transaksi/retur-pembelian/create', [], true)
 5 APPPATH\Controllers\ReturPembelian.php(55): view('transaksi/retur-pembelian/create', [...])
 6 SYSTEMPATH\CodeIgniter.php(927): App\Controllers\ReturPembelian->create('TRS1612220001')
 7 SYSTEMPATH\CodeIgniter.php(482): CodeIgniter\CodeIgniter->runController(Object(App\Controllers\ReturPembelian))
 8 SYSTEMPATH\CodeIgniter.php(351): CodeIgniter\CodeIgniter->handleRequest(null, Object(Config\Cache), false)
 9 FCPATH\index.php(67): CodeIgniter\CodeIgniter->run()
10 SYSTEMPATH\Commands\Server\rewrite.php(46): require_once('FCPATH\\index.php')
CRITICAL - 2022-12-17 19:36:22 --> count(): Argument #1 ($value) must be of type Countable|array, CodeIgniter\Database\MySQLi\Result given
in APPPATH\Views\transaksi\retur-pembelian\create.php on line 12.
 1 SYSTEMPATH\View\View.php(213): include()
 2 SYSTEMPATH\View\View.php(216): CodeIgniter\View\View->CodeIgniter\View\{closure}()
 3 SYSTEMPATH\Common.php(1134): CodeIgniter\View\View->render('transaksi/retur-pembelian/create', [], true)
 4 APPPATH\Controllers\ReturPembelian.php(55): view('transaksi/retur-pembelian/create', [...])
 5 SYSTEMPATH\CodeIgniter.php(927): App\Controllers\ReturPembelian->create('TRS16122200012')
 6 SYSTEMPATH\CodeIgniter.php(482): CodeIgniter\CodeIgniter->runController(Object(App\Controllers\ReturPembelian))
 7 SYSTEMPATH\CodeIgniter.php(351): CodeIgniter\CodeIgniter->handleRequest(null, Object(Config\Cache), false)
 8 FCPATH\index.php(67): CodeIgniter\CodeIgniter->run()
 9 SYSTEMPATH\Commands\Server\rewrite.php(46): require_once('FCPATH\\index.php')
CRITICAL - 2022-12-17 19:38:04 --> Undefined variable $namaSupplier
in APPPATH\Views\transaksi\retur-pembelian\create.php on line 28.
 1 APPPATH\Views\transaksi\retur-pembelian\create.php(28): CodeIgniter\Debug\Exceptions->errorHandler(2, 'Undefined variable $namaSupplier', 'APPPATH\\Views\\transaksi\\retur-pembelian\\create.php', 28)
 2 SYSTEMPATH\View\View.php(213): include('APPPATH\\Views\\transaksi\\retur-pembelian\\create.php')
 3 SYSTEMPATH\View\View.php(216): CodeIgniter\View\View->CodeIgniter\View\{closure}()
 4 SYSTEMPATH\Common.php(1134): CodeIgniter\View\View->render('transaksi/retur-pembelian/create', [], true)
 5 APPPATH\Controllers\ReturPembelian.php(55): view('transaksi/retur-pembelian/create', [...])
 6 SYSTEMPATH\CodeIgniter.php(927): App\Controllers\ReturPembelian->create('TRS16122200012')
 7 SYSTEMPATH\CodeIgniter.php(482): CodeIgniter\CodeIgniter->runController(Object(App\Controllers\ReturPembelian))
 8 SYSTEMPATH\CodeIgniter.php(351): CodeIgniter\CodeIgniter->handleRequest(null, Object(Config\Cache), false)
 9 FCPATH\index.php(67): CodeIgniter\CodeIgniter->run()
10 SYSTEMPATH\Commands\Server\rewrite.php(46): require_once('FCPATH\\index.php')
CRITICAL - 2022-12-17 19:38:46 --> Undefined variable $namaSupplier
in APPPATH\Views\transaksi\retur-pembelian\create.php on line 28.
 1 APPPATH\Views\transaksi\retur-pembelian\create.php(28): CodeIgniter\Debug\Exceptions->errorHandler(2, 'Undefined variable $namaSupplier', 'APPPATH\\Views\\transaksi\\retur-pembelian\\create.php', 28)
 2 SYSTEMPATH\View\View.php(213): include('APPPATH\\Views\\transaksi\\retur-pembelian\\create.php')
 3 SYSTEMPATH\View\View.php(216): CodeIgniter\View\View->CodeIgniter\View\{closure}()
 4 SYSTEMPATH\Common.php(1134): CodeIgniter\View\View->render('transaksi/retur-pembelian/create', [], true)
 5 APPPATH\Controllers\ReturPembelian.php(55): view('transaksi/retur-pembelian/create', [...])
 6 SYSTEMPATH\CodeIgniter.php(927): App\Controllers\ReturPembelian->create('TRS16122200012')
 7 SYSTEMPATH\CodeIgniter.php(482): CodeIgniter\CodeIgniter->runController(Object(App\Controllers\ReturPembelian))
 8 SYSTEMPATH\CodeIgniter.php(351): CodeIgniter\CodeIgniter->handleRequest(null, Object(Config\Cache), false)
 9 FCPATH\index.php(67): CodeIgniter\CodeIgniter->run()
10 SYSTEMPATH\Commands\Server\rewrite.php(46): require_once('FCPATH\\index.php')
CRITICAL - 2022-12-17 19:41:19 --> Undefined variable $namaSupplier
in APPPATH\Views\transaksi\retur-pembelian\create.php on line 18.
 1 APPPATH\Views\transaksi\retur-pembelian\create.php(18): CodeIgniter\Debug\Exceptions->errorHandler(2, 'Undefined variable $namaSupplier', 'APPPATH\\Views\\transaksi\\retur-pembelian\\create.php', 18)
 2 SYSTEMPATH\View\View.php(213): include('APPPATH\\Views\\transaksi\\retur-pembelian\\create.php')
 3 SYSTEMPATH\View\View.php(216): CodeIgniter\View\View->CodeIgniter\View\{closure}()
 4 SYSTEMPATH\Common.php(1134): CodeIgniter\View\View->render('transaksi/retur-pembelian/create', [], true)
 5 APPPATH\Controllers\ReturPembelian.php(55): view('transaksi/retur-pembelian/create', [...])
 6 SYSTEMPATH\CodeIgniter.php(927): App\Controllers\ReturPembelian->create('TRS16122200012')
 7 SYSTEMPATH\CodeIgniter.php(482): CodeIgniter\CodeIgniter->runController(Object(App\Controllers\ReturPembelian))
 8 SYSTEMPATH\CodeIgniter.php(351): CodeIgniter\CodeIgniter->handleRequest(null, Object(Config\Cache), false)
 9 FCPATH\index.php(67): CodeIgniter\CodeIgniter->run()
10 SYSTEMPATH\Commands\Server\rewrite.php(46): require_once('FCPATH\\index.php')
CRITICAL - 2022-12-17 21:30:40 --> Undefined variable $tipe_pembayaran
in APPPATH\Views\transaksi\retur-pembelian\create.php on line 24.
 1 APPPATH\Views\transaksi\retur-pembelian\create.php(24): CodeIgniter\Debug\Exceptions->errorHandler(2, 'Undefined variable $tipe_pembayaran', 'APPPATH\\Views\\transaksi\\retur-pembelian\\create.php', 24)
 2 SYSTEMPATH\View\View.php(213): include('APPPATH\\Views\\transaksi\\retur-pembelian\\create.php')
 3 SYSTEMPATH\View\View.php(216): CodeIgniter\View\View->CodeIgniter\View\{closure}()
 4 SYSTEMPATH\Common.php(1134): CodeIgniter\View\View->render('transaksi/retur-pembelian/create', [], true)
 5 APPPATH\Controllers\ReturPembelian.php(55): view('transaksi/retur-pembelian/create', [...])
 6 SYSTEMPATH\CodeIgniter.php(927): App\Controllers\ReturPembelian->create('TRS1612220001')
 7 SYSTEMPATH\CodeIgniter.php(482): CodeIgniter\CodeIgniter->runController(Object(App\Controllers\ReturPembelian))
 8 SYSTEMPATH\CodeIgniter.php(351): CodeIgniter\CodeIgniter->handleRequest(null, Object(Config\Cache), false)
 9 FCPATH\index.php(67): CodeIgniter\CodeIgniter->run()
10 SYSTEMPATH\Commands\Server\rewrite.php(46): require_once('FCPATH\\index.php')
