ERROR - 2022-12-26 23:52:18 --> mysqli_sql_exception: You have an error in your SQL syntax; check the manual that corresponds to your MariaDB server version for the right syntax to use near '? ORDER BY 1' at line 3 in C:\xampp\htdocs\polubi-snack-ci\system\Database\MySQLi\Connection.php:292
Stack trace:
#0 C:\xampp\htdocs\polubi-snack-ci\system\Database\MySQLi\Connection.php(292): mysqli->query('SELECT DISTINCT...', 0)
#1 C:\xampp\htdocs\polubi-snack-ci\system\Database\BaseConnection.php(666): CodeIgniter\Database\MySQLi\Connection->execute('SELECT DISTINCT...')
#2 C:\xampp\htdocs\polubi-snack-ci\system\Database\BaseConnection.php(593): CodeIgniter\Database\BaseConnection->simpleQuery('SELECT DISTINCT...')
#3 C:\xampp\htdocs\polubi-snack-ci\app\Models\JurnalUmumModel.php(14): CodeIgniter\Database\BaseConnection->query('SELECT DISTINCT...', NULL)
#4 C:\xampp\htdocs\polubi-snack-ci\app\Controllers\JurnalUmum.php(12): App\Models\JurnalUmumModel->getPeriodeTahun()
#5 C:\xampp\htdocs\polubi-snack-ci\system\CodeIgniter.php(927): App\Controllers\JurnalUmum->index()
#6 C:\xampp\htdocs\polubi-snack-ci\system\CodeIgniter.php(482): CodeIgniter\CodeIgniter->runController(Object(App\Controllers\JurnalUmum))
#7 C:\xampp\htdocs\polubi-snack-ci\system\CodeIgniter.php(351): CodeIgniter\CodeIgniter->handleRequest(NULL, Object(Config\Cache), false)
#8 C:\xampp\htdocs\polubi-snack-ci\public\index.php(67): CodeIgniter\CodeIgniter->run()
#9 C:\xampp\htdocs\polubi-snack-ci\system\Commands\Server\rewrite.php(46): require_once('C:\\xampp\\htdocs...')
#10 {main}
CRITICAL - 2022-12-26 23:52:18 --> You have an error in your SQL syntax; check the manual that corresponds to your MariaDB server version for the right syntax to use near '? ORDER BY 1' at line 3
in SYSTEMPATH\Database\MySQLi\Connection.php on line 292.
 1 SYSTEMPATH\Database\MySQLi\Connection.php(292): mysqli->query('SELECT DISTINCT(YEAR(jurnal.tanggal_jurnal)) as tahun FROM jurnal 
        JOIN transaksi ON jurnal.no_transaksi = transaksi.no_transaksi 
        WHERE transaksi.id_perusahaan = ? ORDER BY 1', 0)
 2 SYSTEMPATH\Database\BaseConnection.php(666): CodeIgniter\Database\MySQLi\Connection->execute('SELECT DISTINCT(YEAR(jurnal.tanggal_jurnal)) as tahun FROM jurnal 
        JOIN transaksi ON jurnal.no_transaksi = transaksi.no_transaksi 
        WHERE transaksi.id_perusahaan = ? ORDER BY 1')
 3 SYSTEMPATH\Database\BaseConnection.php(593): CodeIgniter\Database\BaseConnection->simpleQuery('SELECT DISTINCT(YEAR(jurnal.tanggal_jurnal)) as tahun FROM jurnal 
        JOIN transaksi ON jurnal.no_transaksi = transaksi.no_transaksi 
        WHERE transaksi.id_perusahaan = ? ORDER BY 1')
 4 APPPATH\Models\JurnalUmumModel.php(14): CodeIgniter\Database\BaseConnection->query('SELECT DISTINCT(YEAR(jurnal.tanggal_jurnal)) as tahun FROM jurnal 
        JOIN transaksi ON jurnal.no_transaksi = transaksi.no_transaksi 
        WHERE transaksi.id_perusahaan = ? ORDER BY 1', null)
 5 APPPATH\Controllers\JurnalUmum.php(12): App\Models\JurnalUmumModel->getPeriodeTahun()
 6 SYSTEMPATH\CodeIgniter.php(927): App\Controllers\JurnalUmum->index()
 7 SYSTEMPATH\CodeIgniter.php(482): CodeIgniter\CodeIgniter->runController(Object(App\Controllers\JurnalUmum))
 8 SYSTEMPATH\CodeIgniter.php(351): CodeIgniter\CodeIgniter->handleRequest(null, Object(Config\Cache), false)
 9 FCPATH\index.php(67): CodeIgniter\CodeIgniter->run()
10 SYSTEMPATH\Commands\Server\rewrite.php(46): require_once('FCPATH\\index.php')
ERROR - 2022-12-26 23:52:45 --> mysqli_sql_exception: You have an error in your SQL syntax; check the manual that corresponds to your MariaDB server version for the right syntax to use near '? ORDER BY jurnal.tanggal_jurnal ASC' at line 3 in C:\xampp\htdocs\polubi-snack-ci\system\Database\MySQLi\Connection.php:292
Stack trace:
#0 C:\xampp\htdocs\polubi-snack-ci\system\Database\MySQLi\Connection.php(292): mysqli->query('SELECT DISTINCT...', 0)
#1 C:\xampp\htdocs\polubi-snack-ci\system\Database\BaseConnection.php(666): CodeIgniter\Database\MySQLi\Connection->execute('SELECT DISTINCT...')
#2 C:\xampp\htdocs\polubi-snack-ci\system\Database\BaseConnection.php(593): CodeIgniter\Database\BaseConnection->simpleQuery('SELECT DISTINCT...')
#3 C:\xampp\htdocs\polubi-snack-ci\app\Models\JurnalUmumModel.php(14): CodeIgniter\Database\BaseConnection->query('SELECT DISTINCT...', NULL)
#4 C:\xampp\htdocs\polubi-snack-ci\app\Controllers\JurnalUmum.php(12): App\Models\JurnalUmumModel->getPeriodeTahun()
#5 C:\xampp\htdocs\polubi-snack-ci\system\CodeIgniter.php(927): App\Controllers\JurnalUmum->index()
#6 C:\xampp\htdocs\polubi-snack-ci\system\CodeIgniter.php(482): CodeIgniter\CodeIgniter->runController(Object(App\Controllers\JurnalUmum))
#7 C:\xampp\htdocs\polubi-snack-ci\system\CodeIgniter.php(351): CodeIgniter\CodeIgniter->handleRequest(NULL, Object(Config\Cache), false)
#8 C:\xampp\htdocs\polubi-snack-ci\public\index.php(67): CodeIgniter\CodeIgniter->run()
#9 C:\xampp\htdocs\polubi-snack-ci\system\Commands\Server\rewrite.php(46): require_once('C:\\xampp\\htdocs...')
#10 {main}
CRITICAL - 2022-12-26 23:52:45 --> You have an error in your SQL syntax; check the manual that corresponds to your MariaDB server version for the right syntax to use near '? ORDER BY jurnal.tanggal_jurnal ASC' at line 3
in SYSTEMPATH\Database\MySQLi\Connection.php on line 292.
 1 SYSTEMPATH\Database\MySQLi\Connection.php(292): mysqli->query('SELECT DISTINCT(YEAR(jurnal.tanggal_jurnal)) as tahun FROM jurnal 
        JOIN transaksi ON jurnal.no_transaksi = transaksi.no_transaksi 
        WHERE transaksi.id_perusahaan = ? ORDER BY jurnal.tanggal_jurnal ASC', 0)
 2 SYSTEMPATH\Database\BaseConnection.php(666): CodeIgniter\Database\MySQLi\Connection->execute('SELECT DISTINCT(YEAR(jurnal.tanggal_jurnal)) as tahun FROM jurnal 
        JOIN transaksi ON jurnal.no_transaksi = transaksi.no_transaksi 
        WHERE transaksi.id_perusahaan = ? ORDER BY jurnal.tanggal_jurnal ASC')
 3 SYSTEMPATH\Database\BaseConnection.php(593): CodeIgniter\Database\BaseConnection->simpleQuery('SELECT DISTINCT(YEAR(jurnal.tanggal_jurnal)) as tahun FROM jurnal 
        JOIN transaksi ON jurnal.no_transaksi = transaksi.no_transaksi 
        WHERE transaksi.id_perusahaan = ? ORDER BY jurnal.tanggal_jurnal ASC')
 4 APPPATH\Models\JurnalUmumModel.php(14): CodeIgniter\Database\BaseConnection->query('SELECT DISTINCT(YEAR(jurnal.tanggal_jurnal)) as tahun FROM jurnal 
        JOIN transaksi ON jurnal.no_transaksi = transaksi.no_transaksi 
        WHERE transaksi.id_perusahaan = ? ORDER BY jurnal.tanggal_jurnal ASC', null)
 5 APPPATH\Controllers\JurnalUmum.php(12): App\Models\JurnalUmumModel->getPeriodeTahun()
 6 SYSTEMPATH\CodeIgniter.php(927): App\Controllers\JurnalUmum->index()
 7 SYSTEMPATH\CodeIgniter.php(482): CodeIgniter\CodeIgniter->runController(Object(App\Controllers\JurnalUmum))
 8 SYSTEMPATH\CodeIgniter.php(351): CodeIgniter\CodeIgniter->handleRequest(null, Object(Config\Cache), false)
 9 FCPATH\index.php(67): CodeIgniter\CodeIgniter->run()
10 SYSTEMPATH\Commands\Server\rewrite.php(46): require_once('FCPATH\\index.php')
ERROR - 2022-12-26 23:52:47 --> mysqli_sql_exception: You have an error in your SQL syntax; check the manual that corresponds to your MariaDB server version for the right syntax to use near '? ORDER BY jurnal.tanggal_jurnal ASC' at line 3 in C:\xampp\htdocs\polubi-snack-ci\system\Database\MySQLi\Connection.php:292
Stack trace:
#0 C:\xampp\htdocs\polubi-snack-ci\system\Database\MySQLi\Connection.php(292): mysqli->query('SELECT DISTINCT...', 0)
#1 C:\xampp\htdocs\polubi-snack-ci\system\Database\BaseConnection.php(666): CodeIgniter\Database\MySQLi\Connection->execute('SELECT DISTINCT...')
#2 C:\xampp\htdocs\polubi-snack-ci\system\Database\BaseConnection.php(593): CodeIgniter\Database\BaseConnection->simpleQuery('SELECT DISTINCT...')
#3 C:\xampp\htdocs\polubi-snack-ci\app\Models\JurnalUmumModel.php(14): CodeIgniter\Database\BaseConnection->query('SELECT DISTINCT...', NULL)
#4 C:\xampp\htdocs\polubi-snack-ci\app\Controllers\JurnalUmum.php(12): App\Models\JurnalUmumModel->getPeriodeTahun()
#5 C:\xampp\htdocs\polubi-snack-ci\system\CodeIgniter.php(927): App\Controllers\JurnalUmum->index()
#6 C:\xampp\htdocs\polubi-snack-ci\system\CodeIgniter.php(482): CodeIgniter\CodeIgniter->runController(Object(App\Controllers\JurnalUmum))
#7 C:\xampp\htdocs\polubi-snack-ci\system\CodeIgniter.php(351): CodeIgniter\CodeIgniter->handleRequest(NULL, Object(Config\Cache), false)
#8 C:\xampp\htdocs\polubi-snack-ci\public\index.php(67): CodeIgniter\CodeIgniter->run()
#9 C:\xampp\htdocs\polubi-snack-ci\system\Commands\Server\rewrite.php(46): require_once('C:\\xampp\\htdocs...')
#10 {main}
CRITICAL - 2022-12-26 23:52:47 --> You have an error in your SQL syntax; check the manual that corresponds to your MariaDB server version for the right syntax to use near '? ORDER BY jurnal.tanggal_jurnal ASC' at line 3
in SYSTEMPATH\Database\MySQLi\Connection.php on line 292.
 1 SYSTEMPATH\Database\MySQLi\Connection.php(292): mysqli->query('SELECT DISTINCT(YEAR(jurnal.tanggal_jurnal)) as tahun FROM jurnal 
        JOIN transaksi ON jurnal.no_transaksi = transaksi.no_transaksi 
        WHERE transaksi.id_perusahaan = ? ORDER BY jurnal.tanggal_jurnal ASC', 0)
 2 SYSTEMPATH\Database\BaseConnection.php(666): CodeIgniter\Database\MySQLi\Connection->execute('SELECT DISTINCT(YEAR(jurnal.tanggal_jurnal)) as tahun FROM jurnal 
        JOIN transaksi ON jurnal.no_transaksi = transaksi.no_transaksi 
        WHERE transaksi.id_perusahaan = ? ORDER BY jurnal.tanggal_jurnal ASC')
 3 SYSTEMPATH\Database\BaseConnection.php(593): CodeIgniter\Database\BaseConnection->simpleQuery('SELECT DISTINCT(YEAR(jurnal.tanggal_jurnal)) as tahun FROM jurnal 
        JOIN transaksi ON jurnal.no_transaksi = transaksi.no_transaksi 
        WHERE transaksi.id_perusahaan = ? ORDER BY jurnal.tanggal_jurnal ASC')
 4 APPPATH\Models\JurnalUmumModel.php(14): CodeIgniter\Database\BaseConnection->query('SELECT DISTINCT(YEAR(jurnal.tanggal_jurnal)) as tahun FROM jurnal 
        JOIN transaksi ON jurnal.no_transaksi = transaksi.no_transaksi 
        WHERE transaksi.id_perusahaan = ? ORDER BY jurnal.tanggal_jurnal ASC', null)
 5 APPPATH\Controllers\JurnalUmum.php(12): App\Models\JurnalUmumModel->getPeriodeTahun()
 6 SYSTEMPATH\CodeIgniter.php(927): App\Controllers\JurnalUmum->index()
 7 SYSTEMPATH\CodeIgniter.php(482): CodeIgniter\CodeIgniter->runController(Object(App\Controllers\JurnalUmum))
 8 SYSTEMPATH\CodeIgniter.php(351): CodeIgniter\CodeIgniter->handleRequest(null, Object(Config\Cache), false)
 9 FCPATH\index.php(67): CodeIgniter\CodeIgniter->run()
10 SYSTEMPATH\Commands\Server\rewrite.php(46): require_once('FCPATH\\index.php')
